#
# A fatal error has been detected by the Java Runtime Environment:
#
#  EXCEPTION_ACCESS_VIOLATION (0xc0000005) at pc=0x00007fff6b712347, pid=9372, tid=0x0000000000001260
#
# JRE version: Java(TM) SE Runtime Environment (8.0_121-b13) (build 1.8.0_121-b13)
# Java VM: Java HotSpot(TM) 64-Bit Server VM (25.121-b13 mixed mode windows-amd64 compressed oops)
# Problematic frame:
# C  [lwjgl_opengl.dll+0x12347]
#
# Failed to write core dump. Minidumps are not enabled by default on client versions of Windows
#
# If you would like to submit a bug report, please visit:
#   http://bugreport.java.com/bugreport/crash.jsp
# The crash happened outside the Java Virtual Machine in native code.
# See problematic frame for where to report the bug.
#

---------------  T H R E A D  ---------------

Current thread (0x000000001a14d000):  JavaThread "_THREAD_GAME_LOOP" [_thread_in_native, id=4704, stack(0x000000005f4e0000,0x000000005f5e0000)]

siginfo: ExceptionCode=0xc0000005, reading address 0x0000000000000850

Registers:
RAX=0x000000007529fd50, RBX=0x0000000017910b18, RCX=0x0000000000000000, RDX=0x000000005f5deff0
RSP=0x000000005f5def78, RBP=0x000000005f5defe0, RSI=0x0000000000200021, RDI=0x00000000ffffffff
R8 =0x0000000000000006, R9 =0x0000000019f6b8d0, R10=0x00000000031b7f48, R11=0x0000000074d2b820
R12=0x0000000000000000, R13=0x0000000017910b18, R14=0x000000005f5deff8, R15=0x000000001a14d000
RIP=0x00007fff6b712347, EFLAGS=0x0000000000010202

Top of Stack: (sp=0x000000005f5def78)
0x000000005f5def78:   00000000031b7f74 0000000000200021
0x000000005f5def88:   000000001a14d000 000000005f5df048
0x000000005f5def98:   00000000031b7ca2 000000005f5defa0
0x000000005f5defa8:   0000000017910b18 000000005f5deff8
0x000000005f5defb8:   000000001791dea8 0000000000000000
0x000000005f5defc8:   0000000017910b18 0000000000000000
0x000000005f5defd8:   000000005f5df000 000000005f5df040
0x000000005f5defe8:   00000000031a7da0 00000000d648ee78
0x000000005f5deff8:   00000000031b19d6 000000005f5df000
0x000000005f5df008:   0000000017910bb0 000000005f5df048
0x000000005f5df018:   000000001791dea8 0000000000000000
0x000000005f5df028:   0000000017910bc0 000000005f5df000
0x000000005f5df038:   000000005f5df050 000000005f5df098
0x000000005f5df048:   00000000031a7da0 00000000d6a565b8
0x000000005f5df058:   000000005f5df058 0000000017ae8cd5
0x000000005f5df068:   000000005f5df0a8 0000000017ae9638 

Instructions: (pc=0x00007fff6b712347)
0x00007fff6b712327:   8b 44 24 28 41 8b d1 41 8b cb 4c 8b 50 18 49 ff
0x00007fff6b712337:   a2 58 15 00 00 cc cc cc cc 48 8b 01 48 8b 48 18
0x00007fff6b712347:   48 8b 81 50 08 00 00 48 ff e0 cc cc cc cc cc cc
0x00007fff6b712357:   cc cc cc cc cc cc cc cc cc 48 8b 01 41 8b c8 48 


Register to memory mapping:

RAX=0x000000007529fd50 is an unknown value
RBX={method} {0x0000000017910b20} 'nglCreateProgram' '()I' in 'org/lwjgl/opengl/GL20'
RCX=0x0000000000000000 is an unknown value
RDX=0x000000005f5deff0 is pointing into the stack for thread: 0x000000001a14d000
RSP=0x000000005f5def78 is pointing into the stack for thread: 0x000000001a14d000
RBP=0x000000005f5defe0 is pointing into the stack for thread: 0x000000001a14d000
RSI=0x0000000000200021 is an unknown value
RDI=0x00000000ffffffff is an unallocated location in the heap
R8 =0x0000000000000006 is an unknown value
R9 =0x0000000019f6b8d0 is an unknown value
R10=0x00000000031b7f48 is at code_begin+840 in an Interpreter codelet
method entry point (kind = native)  [0x00000000031b7c00, 0x00000000031b8560]  2400 bytes
R11=0x0000000074d2b820 is an unknown value
R12=0x0000000000000000 is an unknown value
R13={method} {0x0000000017910b20} 'nglCreateProgram' '()I' in 'org/lwjgl/opengl/GL20'
R14=0x000000005f5deff8 is pointing into the stack for thread: 0x000000001a14d000
R15=0x000000001a14d000 is a thread


Stack: [0x000000005f4e0000,0x000000005f5e0000],  sp=0x000000005f5def78,  free space=1019k
Native frames: (J=compiled Java code, j=interpreted, Vv=VM code, C=native code)
C  [lwjgl_opengl.dll+0x12347]

Java frames: (J=compiled Java code, j=interpreted, Vv=VM code)
j  org.lwjgl.opengl.GL20.nglCreateProgram()I+0
j  org.lwjgl.opengl.GL20.glCreateProgram()I+0
j  bomber.renderer.shaders.ShaderProgram.<init>()V+5
j  bomber.renderer.Renderer.init(Lbomber/renderer/Screen;)V+5
j  bomber.renderer.Graphics.init()V+8
j  bomber.renderer.Graphics.run()V+1
j  java.lang.Thread.run()V+11
v  ~StubRoutines::call_stub

---------------  P R O C E S S  ---------------

Java Threads: ( => current thread )
  0x0000000002ece000 JavaThread "DestroyJavaVM" [_thread_blocked, id=8220, stack(0x0000000002fa0000,0x00000000030a0000)]
=>0x000000001a14d000 JavaThread "_THREAD_GAME_LOOP" [_thread_in_native, id=4704, stack(0x000000005f4e0000,0x000000005f5e0000)]
  0x0000000017d6d800 JavaThread "Service Thread" daemon [_thread_blocked, id=10436, stack(0x0000000019a70000,0x0000000019b70000)]
  0x0000000017d3a000 JavaThread "C1 CompilerThread2" daemon [_thread_blocked, id=6460, stack(0x0000000019570000,0x0000000019670000)]
  0x0000000017d16800 JavaThread "C2 CompilerThread1" daemon [_thread_blocked, id=10988, stack(0x0000000019470000,0x0000000019570000)]
  0x0000000017d0f000 JavaThread "C2 CompilerThread0" daemon [_thread_blocked, id=10456, stack(0x0000000019370000,0x0000000019470000)]
  0x0000000017d0b800 JavaThread "Attach Listener" daemon [_thread_blocked, id=2540, stack(0x0000000019270000,0x0000000019370000)]
  0x0000000017d0a800 JavaThread "Signal Dispatcher" daemon [_thread_blocked, id=8688, stack(0x0000000019170000,0x0000000019270000)]
  0x0000000017cfa800 JavaThread "Finalizer" daemon [_thread_blocked, id=2664, stack(0x0000000018f80000,0x0000000019080000)]
  0x0000000003190000 JavaThread "Reference Handler" daemon [_thread_blocked, id=6328, stack(0x0000000018e80000,0x0000000018f80000)]

Other Threads:
  0x0000000017cd7800 VMThread [stack: 0x0000000018d80000,0x0000000018e80000] [id=8628]
  0x00000000196ac800 WatcherThread [stack: 0x0000000019b70000,0x0000000019c70000] [id=9880]

VM state:not at safepoint (normal execution)

VM Mutex/Monitor currently owned by a thread: None

Heap:
 PSYoungGen      total 38400K, used 15333K [0x00000000d5c00000, 0x00000000d8680000, 0x0000000100000000)
  eden space 33280K, 46% used [0x00000000d5c00000,0x00000000d6af96b0,0x00000000d7c80000)
  from space 5120K, 0% used [0x00000000d8180000,0x00000000d8180000,0x00000000d8680000)
  to   space 5120K, 0% used [0x00000000d7c80000,0x00000000d7c80000,0x00000000d8180000)
 ParOldGen       total 87552K, used 0K [0x0000000081400000, 0x0000000086980000, 0x00000000d5c00000)
  object space 87552K, 0% used [0x0000000081400000,0x0000000081400000,0x0000000086980000)
 Metaspace       used 8358K, capacity 8549K, committed 8832K, reserved 1056768K
  class space    used 764K, capacity 836K, committed 896K, reserved 1048576K

Card table byte_map: [0x0000000012560000,0x0000000012960000] byte_map_base: 0x0000000012156000

Marking Bits: (ParMarkBitMap*) 0x000000007531b6d0
 Begin Bits: [0x0000000013010000, 0x0000000014fc0000)
 End Bits:   [0x0000000014fc0000, 0x0000000016f70000)

Polling page: 0x0000000001730000

CodeCache: size=245760Kb used=2658Kb max_used=2658Kb free=243101Kb
 bounds [0x00000000031a0000, 0x0000000003440000, 0x00000000121a0000]
 total_blobs=1395 nmethods=593 adapters=715
 compilation: enabled

Compilation events (10 events):
Event: 0.837 Thread 0x0000000017d3a000  589       3       java.io.FilterInputStream::<init> (10 bytes)
Event: 0.837 Thread 0x0000000017d3a000 nmethod 589 0x000000000342c2d0 code [0x000000000342c440, 0x000000000342c690]
Event: 0.841 Thread 0x0000000017d3a000  590       3       java.lang.Character::isSurrogate (18 bytes)
Event: 0.841 Thread 0x0000000017d3a000 nmethod 590 0x000000000342bf50 code [0x000000000342c0a0, 0x000000000342c270]
Event: 0.845 Thread 0x0000000017d3a000  591       3       java.io.File::<init> (113 bytes)
Event: 0.845 Thread 0x0000000017d0f000  592       4       java.lang.String::substring (79 bytes)
Event: 0.846 Thread 0x0000000017d3a000 nmethod 591 0x000000000342f9d0 code [0x000000000342fc40, 0x0000000003430968]
Event: 0.850 Thread 0x0000000017d0f000 nmethod 592 0x0000000003433f90 code [0x0000000003434100, 0x0000000003434518]
Event: 0.853 Thread 0x0000000017d16800 nmethod 540 0x0000000003437650 code [0x0000000003437940, 0x0000000003438ff0]
Event: 0.862 Thread 0x0000000017d3a000  593   !   3       java.lang.ClassLoader::getPackage (118 bytes)

GC Heap History (0 events):
No events

Deoptimization events (0 events):
No events

Internal exceptions (10 events):
Event: 0.360 Thread 0x0000000002ece000 Exception <a 'java/security/PrivilegedActionException'> (0x00000000d5f777b8) thrown at [C:\re\workspace\8-2-build-windows-amd64-cygwin\jdk8u121\8372\hotspot\src\share\vm\prims\jvm.cpp, line 1390]
Event: 0.360 Thread 0x0000000002ece000 Exception <a 'java/security/PrivilegedActionException'> (0x00000000d5f779c8) thrown at [C:\re\workspace\8-2-build-windows-amd64-cygwin\jdk8u121\8372\hotspot\src\share\vm\prims\jvm.cpp, line 1390]
Event: 0.362 Thread 0x0000000002ece000 Exception <a 'java/security/PrivilegedActionException'> (0x00000000d5f7b638) thrown at [C:\re\workspace\8-2-build-windows-amd64-cygwin\jdk8u121\8372\hotspot\src\share\vm\prims\jvm.cpp, line 1390]
Event: 0.362 Thread 0x0000000002ece000 Exception <a 'java/security/PrivilegedActionException'> (0x00000000d5f7b848) thrown at [C:\re\workspace\8-2-build-windows-amd64-cygwin\jdk8u121\8372\hotspot\src\share\vm\prims\jvm.cpp, line 1390]
Event: 0.615 Thread 0x0000000002ece000 Exception <a 'sun/nio/fs/WindowsException'> (0x00000000d6308138) thrown at [C:\re\workspace\8-2-build-windows-amd64-cygwin\jdk8u121\8372\hotspot\src\share\vm\prims\jni.cpp, line 709]
Event: 0.616 Thread 0x0000000002ece000 Exception <a 'sun/nio/fs/WindowsException'> (0x00000000d6308908) thrown at [C:\re\workspace\8-2-build-windows-amd64-cygwin\jdk8u121\8372\hotspot\src\share\vm\prims\jni.cpp, line 709]
Event: 0.617 Thread 0x0000000002ece000 Exception <a 'sun/nio/fs/WindowsException'> (0x00000000d630a958) thrown at [C:\re\workspace\8-2-build-windows-amd64-cygwin\jdk8u121\8372\hotspot\src\share\vm\prims\jni.cpp, line 709]
Event: 0.617 Thread 0x0000000002ece000 Exception <a 'sun/nio/fs/WindowsException'> (0x00000000d630ae80) thrown at [C:\re\workspace\8-2-build-windows-amd64-cygwin\jdk8u121\8372\hotspot\src\share\vm\prims\jni.cpp, line 709]
Event: 0.617 Thread 0x0000000002ece000 Exception <a 'sun/nio/fs/WindowsException'> (0x00000000d630b858) thrown at [C:\re\workspace\8-2-build-windows-amd64-cygwin\jdk8u121\8372\hotspot\src\share\vm\prims\jni.cpp, line 709]
Event: 0.617 Thread 0x0000000002ece000 Exception <a 'sun/nio/fs/WindowsException'> (0x00000000d630bce8) thrown at [C:\re\workspace\8-2-build-windows-amd64-cygwin\jdk8u121\8372\hotspot\src\share\vm\prims\jni.cpp, line 709]

Events (10 events):
Event: 0.860 loading class java/text/DecimalFormat done
Event: 0.861 loading class bomber/renderer/Timer
Event: 0.861 loading class bomber/renderer/Timer done
Event: 0.862 loading class bomber/renderer/interfaces/TimerInterface
Event: 0.862 loading class bomber/renderer/interfaces/TimerInterface done
Event: 0.862 Thread 0x000000001a14d000 Thread added: 0x000000001a14d000
Event: 0.862 Thread 0x0000000002ece000 Thread exited: 0x0000000002ece000
Event: 0.862 Thread 0x0000000002ece000 Thread added: 0x0000000002ece000
Event: 0.862 loading class bomber/renderer/shaders/ShaderProgram
Event: 0.862 loading class bomber/renderer/shaders/ShaderProgram done


Dynamic libraries:
0x00007ff68d8d0000 - 0x00007ff68d907000 	C:\Program Files\Java\jre1.8.0_121\bin\javaw.exe
0x00007fff8b880000 - 0x00007fff8ba51000 	C:\WINDOWS\SYSTEM32\ntdll.dll
0x00007fff8b380000 - 0x00007fff8b42b000 	C:\WINDOWS\System32\KERNEL32.DLL
0x00007fff88890000 - 0x00007fff88aad000 	C:\WINDOWS\System32\KERNELBASE.dll
0x00007fff88e20000 - 0x00007fff88ec2000 	C:\WINDOWS\System32\ADVAPI32.dll
0x00007fff897c0000 - 0x00007fff8985e000 	C:\WINDOWS\System32\msvcrt.dll
0x00007fff8b460000 - 0x00007fff8b4b9000 	C:\WINDOWS\System32\sechost.dll
0x00007fff8b040000 - 0x00007fff8b161000 	C:\WINDOWS\System32\RPCRT4.dll
0x00007fff8b5c0000 - 0x00007fff8b725000 	C:\WINDOWS\System32\USER32.dll
0x00007fff88df0000 - 0x00007fff88e0e000 	C:\WINDOWS\System32\win32u.dll
0x00007fff88fa0000 - 0x00007fff88fd4000 	C:\WINDOWS\System32\GDI32.dll
0x00007fff884f0000 - 0x00007fff88672000 	C:\WINDOWS\System32\gdi32full.dll
0x00007fff7ba30000 - 0x00007fff7bca9000 	C:\WINDOWS\WinSxS\amd64_microsoft.windows.common-controls_6595b64144ccf1df_6.0.14393.447_none_42191651c6827bb3\COMCTL32.dll
0x00007fff8ad70000 - 0x00007fff8b038000 	C:\WINDOWS\System32\combase.dll
0x00007fff88b20000 - 0x00007fff88c15000 	C:\WINDOWS\System32\ucrtbase.dll
0x00007fff88ab0000 - 0x00007fff88b1a000 	C:\WINDOWS\System32\bcryptPrimitives.dll
0x00007fff8b430000 - 0x00007fff8b45e000 	C:\WINDOWS\System32\IMM32.DLL
0x0000000074a20000 - 0x0000000074af2000 	C:\Program Files\Java\jre1.8.0_121\bin\msvcr100.dll
0x0000000074b00000 - 0x000000007539b000 	C:\Program Files\Java\jre1.8.0_121\bin\server\jvm.dll
0x00007fff88ed0000 - 0x00007fff88ed8000 	C:\WINDOWS\System32\PSAPI.DLL
0x00007fff850a0000 - 0x00007fff850a9000 	C:\WINDOWS\SYSTEM32\WSOCK32.dll
0x00007fff8b170000 - 0x00007fff8b1da000 	C:\WINDOWS\System32\WS2_32.dll
0x00007fff86190000 - 0x00007fff861b3000 	C:\WINDOWS\SYSTEM32\WINMM.dll
0x00007fff76c00000 - 0x00007fff76c0a000 	C:\WINDOWS\SYSTEM32\VERSION.dll
0x00007fff86160000 - 0x00007fff8618b000 	C:\WINDOWS\SYSTEM32\WINMMBASE.dll
0x00007fff88730000 - 0x00007fff88772000 	C:\WINDOWS\System32\cfgmgr32.dll
0x0000000074a10000 - 0x0000000074a1f000 	C:\Program Files\Java\jre1.8.0_121\bin\verify.dll
0x00000000749e0000 - 0x0000000074a09000 	C:\Program Files\Java\jre1.8.0_121\bin\java.dll
0x00000000749c0000 - 0x00000000749d6000 	C:\Program Files\Java\jre1.8.0_121\bin\zip.dll
0x00007fff89860000 - 0x00007fff8ad69000 	C:\WINDOWS\System32\SHELL32.dll
0x00007fff87d70000 - 0x00007fff8844a000 	C:\WINDOWS\System32\windows.storage.dll
0x00007fff87d10000 - 0x00007fff87d5c000 	C:\WINDOWS\System32\powrprof.dll
0x00007fff89590000 - 0x00007fff895e2000 	C:\WINDOWS\System32\shlwapi.dll
0x00007fff87d00000 - 0x00007fff87d0f000 	C:\WINDOWS\System32\kernel.appcore.dll
0x00007fff88780000 - 0x00007fff88829000 	C:\WINDOWS\System32\shcore.dll
0x00007fff87ce0000 - 0x00007fff87cf4000 	C:\WINDOWS\System32\profapi.dll
0x00000000749a0000 - 0x00000000749ba000 	C:\Program Files\Java\jre1.8.0_121\bin\net.dll
0x00007fff875b0000 - 0x00007fff8760c000 	C:\WINDOWS\system32\mswsock.dll
0x0000000074980000 - 0x0000000074991000 	C:\Program Files\Java\jre1.8.0_121\bin\nio.dll
0x00007fff746e0000 - 0x00007fff74737000 	C:\Users\Owen\AppData\Local\Temp\lwjglOwen\3.1.1-build-16\lwjgl.dll
0x00007fff87770000 - 0x00007fff8777b000 	C:\WINDOWS\SYSTEM32\CRYPTBASE.DLL
0x00007fff7b6f0000 - 0x00007fff7b72e000 	C:\Users\Owen\AppData\Local\Temp\lwjglOwen\3.1.1-build-16\jemalloc.dll
0x00007fff76d30000 - 0x00007fff76d6c000 	C:\Users\Owen\AppData\Local\Temp\lwjglOwen\3.1.1-build-16\glfw.dll
0x00007fff864f0000 - 0x00007fff86585000 	C:\WINDOWS\system32\uxtheme.dll
0x00007fff73cc0000 - 0x00007fff73d00000 	C:\WINDOWS\SYSTEM32\dinput8.dll
0x00007fff84d60000 - 0x00007fff84d6e000 	C:\WINDOWS\SYSTEM32\xinput1_4.dll
0x00007fff86920000 - 0x00007fff86948000 	C:\WINDOWS\SYSTEM32\DEVOBJ.dll
0x00007fff85b50000 - 0x00007fff85b76000 	C:\WINDOWS\SYSTEM32\dwmapi.dll
0x00007fff86bd0000 - 0x00007fff86bdc000 	C:\WINDOWS\SYSTEM32\HID.DLL
0x00007fff89160000 - 0x00007fff89589000 	C:\WINDOWS\System32\SETUPAPI.DLL
0x00007fff88830000 - 0x00007fff88885000 	C:\WINDOWS\System32\WINTRUST.dll
0x00007fff87d60000 - 0x00007fff87d70000 	C:\WINDOWS\System32\MSASN1.dll
0x00007fff88c20000 - 0x00007fff88de9000 	C:\WINDOWS\System32\CRYPT32.dll
0x00007fff89660000 - 0x00007fff897bb000 	C:\WINDOWS\System32\MSCTF.dll
0x00007fff88ee0000 - 0x00007fff88f9f000 	C:\WINDOWS\System32\OLEAUT32.dll
0x00007fff88450000 - 0x00007fff884ec000 	C:\WINDOWS\System32\msvcp_win.dll
0x00007fff7b5b0000 - 0x00007fff7b6d3000 	C:\WINDOWS\SYSTEM32\opengl32.dll
0x00007fff7d5e0000 - 0x00007fff7d60d000 	C:\WINDOWS\SYSTEM32\GLU32.dll
0x00007fff78070000 - 0x00007fff78167000 	C:\WINDOWS\SYSTEM32\DDRAW.dll
0x00007fff80980000 - 0x00007fff80988000 	C:\WINDOWS\SYSTEM32\DCIMAN32.dll
0x00007fff59040000 - 0x00007fff59d57000 	C:\WINDOWS\SYSTEM32\ig8icd64.dll
0x00007fff81b60000 - 0x00007fff825a0000 	C:\WINDOWS\SYSTEM32\igdusc64.dll
0x00007fff85a80000 - 0x00007fff85a93000 	C:\WINDOWS\SYSTEM32\WTSAPI32.dll
0x00007fff6b700000 - 0x00007fff6b75f000 	C:\Users\Owen\AppData\Local\Temp\lwjglOwen\3.1.1-build-16\lwjgl_opengl.dll
0x00007fff7a040000 - 0x00007fff7a1d2000 	C:\WINDOWS\SYSTEM32\dbghelp.dll

VM Arguments:
jvm_args: -Dfile.encoding=Cp1252 
java_command: bomber.game.main
java_class_path (initial): C:\Users\Owen\Dropbox\CompSci\year_2\teamproject\Git\b1\bin;C:\Users\Owen\Dropbox\lwjgl3\lwjgl.jar;C:\Users\Owen\Dropbox\lwjgl3\lwjgl-assimp.jar;C:\Users\Owen\Dropbox\lwjgl3\lwjgl-assimp-natives-windows.jar;C:\Users\Owen\Dropbox\lwjgl3\lwjgl-bgfx.jar;C:\Users\Owen\Dropbox\lwjgl3\lwjgl-bgfx-natives-windows.jar;C:\Users\Owen\Dropbox\lwjgl3\lwjgl-egl.jar;C:\Users\Owen\Dropbox\lwjgl3\lwjgl-glfw.jar;C:\Users\Owen\Dropbox\lwjgl3\lwjgl-glfw-natives-windows.jar;C:\Users\Owen\Dropbox\lwjgl3\lwjgl-jawt.jar;C:\Users\Owen\Dropbox\lwjgl3\lwjgl-jemalloc.jar;C:\Users\Owen\Dropbox\lwjgl3\lwjgl-jemalloc-natives-windows.jar;C:\Users\Owen\Dropbox\lwjgl3\lwjgl-lmdb.jar;C:\Users\Owen\Dropbox\lwjgl3\lwjgl-lmdb-natives-windows.jar;C:\Users\Owen\Dropbox\lwjgl3\lwjgl-nanovg.jar;C:\Users\Owen\Dropbox\lwjgl3\lwjgl-nanovg-natives-windows.jar;C:\Users\Owen\Dropbox\lwjgl3\lwjgl-natives-windows.jar;C:\Users\Owen\Dropbox\lwjgl3\lwjgl-nfd.jar;C:\Users\Owen\Dropbox\lwjgl3\lwjgl-nfd-natives-windows.jar;C:\Users\Owen\Dropbox\lwjgl3\lwjgl-nuklear.jar;C:\Users\Owen\Dropbox\lwjgl3\lwjgl-nuklear-natives-windows.jar;C:\Users\Owen\Dropbox\lwjgl3\lwjgl-openal.jar;C:\Users\Owen\Dropbox\lwjgl3\lwjgl-openal-natives-windows.jar;C:\Users\Owen\Dropbox\lwjgl3\lwjgl-opencl.jar;C:\Users\Owen\Dropbox\lwjgl3\lwjgl-opengl.jar;C:\Users\Owen\Dropbox\lwjgl3\lwjgl-opengles.jar;C:\Users\Owen\Dropbox\lwjgl3\lwjgl-opengles-natives-windows.jar;C:\Users\Owen\Dropbox\lwjgl3\lwjgl-opengl-natives-windows.jar;C:\Users\Owen\Dropbox\lwjgl3\lwjgl-ovr.jar;C:\Users\Owen\Dropbox\lwjgl3\lwjgl-ovr-natives-windows.jar;C:\Users\Owen\Dropbox\lwjgl3\lwjgl-par.jar;C:\Users\Owen\Dropbox\lwjgl3\lwjgl-par-natives-windows.jar;C:\Users\Owen\Dropbox\lwjgl3\lwjgl-sse.jar;C:\Users\Owen\Dropbox\lwjgl3\lwjgl-sse-natives-windows.jar;C:\Users\Owen\Dropbox\lwjgl3\lwjgl-stb.jar;C:\Users\Owen\Dropbox\lwjgl3\lwjgl-stb-natives-windows.jar;C:\Users\Owen\Dropbox\lwjgl3\lwjgl-tinyfd.jar;C:\Users\Owen\Dropbox\lwjgl3\lwjgl-tinyfd-natives-
Launcher Type: SUN_STANDARD

Environment Variables:
PATH=C:/Program Files/Java/jre1.8.0_121/bin/server;C:/Program Files/Java/jre1.8.0_121/bin;C:/Program Files/Java/jre1.8.0_121/lib/amd64;C:\ProgramData\Oracle\Java\javapath;C:\WINDOWS\system32;C:\WINDOWS;C:\WINDOWS\System32\Wbem;C:\WINDOWS\System32\WindowsPowerShell\v1.0\;C:\Program Files\Git\cmd;C:\Program Files (x86)\Windows Kits\10\Windows Performance Toolkit\;C:\Program Files (x86)\GNU\GnuPG\pub;C:\Program Files (x86)\PuTTY\;C:\Users\Owen\AppData\Local\Microsoft\WindowsApps;;C:\Users\Owen\Downloads\eclipse-java-luna-R-win32-x86_64\eclipse;
USERNAME=Owen
OS=Windows_NT
PROCESSOR_IDENTIFIER=Intel64 Family 6 Model 61 Stepping 4, GenuineIntel



---------------  S Y S T E M  ---------------

OS: Windows 10.0 , 64 bit Build 14393 (10.0.14393.0)

CPU:total 4 (2 cores per cpu, 2 threads per core) family 6 model 61 stepping 4, cmov, cx8, fxsr, mmx, sse, sse2, sse3, ssse3, sse4.1, sse4.2, popcnt, avx, avx2, aes, clmul, erms, 3dnowpref, lzcnt, ht, tsc, tscinvbit, bmi1, bmi2, adx

Memory: 4k page, physical 8300384k(5155768k free), swap 9611104k(6012916k free)

vm_info: Java HotSpot(TM) 64-Bit Server VM (25.121-b13) for windows-amd64 JRE (1.8.0_121-b13), built on Dec 12 2016 18:21:36 by "java_re" with MS VC++ 10.0 (VS2010)

time: Thu Feb 09 19:43:07 2017
elapsed time: 0 seconds (0d 0h 0m 0s)

