#
# A fatal error has been detected by the Java Runtime Environment:
#
#  EXCEPTION_ACCESS_VIOLATION (0xc0000005) at pc=0x00007fff6ec12347, pid=8524, tid=0x000000000000244c
#
# JRE version: Java(TM) SE Runtime Environment (8.0_121-b13) (build 1.8.0_121-b13)
# Java VM: Java HotSpot(TM) 64-Bit Server VM (25.121-b13 mixed mode windows-amd64 compressed oops)
# Problematic frame:
# C  [lwjgl_opengl.dll+0x12347]
#
# Failed to write core dump. Minidumps are not enabled by default on client versions of Windows
#
# If you would like to submit a bug report, please visit:
#   http://bugreport.java.com/bugreport/crash.jsp
# The crash happened outside the Java Virtual Machine in native code.
# See problematic frame for where to report the bug.
#

---------------  T H R E A D  ---------------

Current thread (0x00000000197a6800):  JavaThread "_THREAD_GAME_LOOP" [_thread_in_native, id=9292, stack(0x000000005edb0000,0x000000005eeb0000)]

siginfo: ExceptionCode=0xc0000005, reading address 0x0000000000000850

Registers:
RAX=0x000000007529fd50, RBX=0x000000001715c168, RCX=0x0000000000000000, RDX=0x000000005eeaf0d0
RSP=0x000000005eeaf058, RBP=0x000000005eeaf0c0, RSI=0x0000000000200021, RDI=0x00000000ffffffff
R8 =0x0000000000000006, R9 =0x0000000019ba9d30, R10=0x0000000002a17f48, R11=0x0000000074d2b820
R12=0x0000000000000000, R13=0x000000001715c168, R14=0x000000005eeaf0d8, R15=0x00000000197a6800
RIP=0x00007fff6ec12347, EFLAGS=0x0000000000010202

Top of Stack: (sp=0x000000005eeaf058)
0x000000005eeaf058:   0000000002a17f74 0000000000200021
0x000000005eeaf068:   00000000197a6800 000000005eeaf128
0x000000005eeaf078:   0000000002a17ca2 000000005eeaf080
0x000000005eeaf088:   000000001715c168 000000005eeaf0d8
0x000000005eeaf098:   00000000171694f0 0000000000000000
0x000000005eeaf0a8:   000000001715c168 0000000000000000
0x000000005eeaf0b8:   000000005eeaf0e0 000000005eeaf120
0x000000005eeaf0c8:   0000000002a07da0 00000000d64772b8
0x000000005eeaf0d8:   0000000002a119d6 000000005eeaf0e0
0x000000005eeaf0e8:   000000001715c200 000000005eeaf128
0x000000005eeaf0f8:   00000000171694f0 0000000000000000
0x000000005eeaf108:   000000001715c210 000000005eeaf0e0
0x000000005eeaf118:   000000005eeaf130 000000005eeaf178
0x000000005eeaf128:   0000000002a07da0 00000000d6b58d70
0x000000005eeaf138:   000000005eeaf138 0000000017337d2d
0x000000005eeaf148:   000000005eeaf188 0000000017338698 

Instructions: (pc=0x00007fff6ec12347)
0x00007fff6ec12327:   8b 44 24 28 41 8b d1 41 8b cb 4c 8b 50 18 49 ff
0x00007fff6ec12337:   a2 58 15 00 00 cc cc cc cc 48 8b 01 48 8b 48 18
0x00007fff6ec12347:   48 8b 81 50 08 00 00 48 ff e0 cc cc cc cc cc cc
0x00007fff6ec12357:   cc cc cc cc cc cc cc cc cc 48 8b 01 41 8b c8 48 


Register to memory mapping:

RAX=0x000000007529fd50 is an unknown value
RBX={method} {0x000000001715c170} 'nglCreateProgram' '()I' in 'org/lwjgl/opengl/GL20'
RCX=0x0000000000000000 is an unknown value
RDX=0x000000005eeaf0d0 is pointing into the stack for thread: 0x00000000197a6800
RSP=0x000000005eeaf058 is pointing into the stack for thread: 0x00000000197a6800
RBP=0x000000005eeaf0c0 is pointing into the stack for thread: 0x00000000197a6800
RSI=0x0000000000200021 is an unknown value
RDI=0x00000000ffffffff is an unallocated location in the heap
R8 =0x0000000000000006 is an unknown value
R9 =0x0000000019ba9d30 is an unknown value
R10=0x0000000002a17f48 is at code_begin+840 in an Interpreter codelet
method entry point (kind = native)  [0x0000000002a17c00, 0x0000000002a18560]  2400 bytes
R11=0x0000000074d2b820 is an unknown value
R12=0x0000000000000000 is an unknown value
R13={method} {0x000000001715c170} 'nglCreateProgram' '()I' in 'org/lwjgl/opengl/GL20'
R14=0x000000005eeaf0d8 is pointing into the stack for thread: 0x00000000197a6800
R15=0x00000000197a6800 is a thread


Stack: [0x000000005edb0000,0x000000005eeb0000],  sp=0x000000005eeaf058,  free space=1020k
Native frames: (J=compiled Java code, j=interpreted, Vv=VM code, C=native code)
C  [lwjgl_opengl.dll+0x12347]

Java frames: (J=compiled Java code, j=interpreted, Vv=VM code)
j  org.lwjgl.opengl.GL20.nglCreateProgram()I+0
j  org.lwjgl.opengl.GL20.glCreateProgram()I+0
j  bomber.renderer.shaders.ShaderProgram.<init>()V+5
j  bomber.renderer.Renderer.init(Lbomber/renderer/Screen;)V+5
j  bomber.renderer.Graphics.init()V+8
j  bomber.renderer.Graphics.run()V+1
j  java.lang.Thread.run()V+11
v  ~StubRoutines::call_stub

---------------  P R O C E S S  ---------------

Java Threads: ( => current thread )
  0x00000000028fe000 JavaThread "DestroyJavaVM" [_thread_blocked, id=4104, stack(0x0000000002790000,0x0000000002890000)]
=>0x00000000197a6800 JavaThread "_THREAD_GAME_LOOP" [_thread_in_native, id=9292, stack(0x000000005edb0000,0x000000005eeb0000)]
  0x0000000019893000 JavaThread "Keyboard Updater" [_thread_blocked, id=6232, stack(0x000000005ecb0000,0x000000005edb0000)]
  0x0000000018f03800 JavaThread "Service Thread" daemon [_thread_blocked, id=2660, stack(0x00000000192d0000,0x00000000193d0000)]
  0x0000000017576800 JavaThread "C1 CompilerThread2" daemon [_thread_blocked, id=9488, stack(0x0000000018dd0000,0x0000000018ed0000)]
  0x0000000017572800 JavaThread "C2 CompilerThread1" daemon [_thread_blocked, id=4220, stack(0x0000000018cd0000,0x0000000018dd0000)]
  0x000000001756f000 JavaThread "C2 CompilerThread0" daemon [_thread_blocked, id=9576, stack(0x0000000018bd0000,0x0000000018cd0000)]
  0x000000001756b800 JavaThread "Attach Listener" daemon [_thread_blocked, id=1996, stack(0x0000000018ad0000,0x0000000018bd0000)]
  0x000000001756a000 JavaThread "Signal Dispatcher" daemon [_thread_blocked, id=4868, stack(0x00000000189d0000,0x0000000018ad0000)]
  0x000000001755a800 JavaThread "Finalizer" daemon [_thread_blocked, id=5904, stack(0x00000000187d0000,0x00000000188d0000)]
  0x00000000029f0000 JavaThread "Reference Handler" daemon [_thread_blocked, id=6156, stack(0x00000000186d0000,0x00000000187d0000)]

Other Threads:
  0x0000000017537800 VMThread [stack: 0x00000000185d0000,0x00000000186d0000] [id=5052]
  0x0000000018f30800 WatcherThread [stack: 0x00000000193d0000,0x00000000194d0000] [id=7804]

VM state:not at safepoint (normal execution)

VM Mutex/Monitor currently owned by a thread: None

Heap:
 PSYoungGen      total 38400K, used 16367K [0x00000000d5c00000, 0x00000000d8680000, 0x0000000100000000)
  eden space 33280K, 49% used [0x00000000d5c00000,0x00000000d6bfbe40,0x00000000d7c80000)
  from space 5120K, 0% used [0x00000000d8180000,0x00000000d8180000,0x00000000d8680000)
  to   space 5120K, 0% used [0x00000000d7c80000,0x00000000d7c80000,0x00000000d8180000)
 ParOldGen       total 87552K, used 0K [0x0000000081400000, 0x0000000086980000, 0x00000000d5c00000)
  object space 87552K, 0% used [0x0000000081400000,0x0000000081400000,0x0000000086980000)
 Metaspace       used 8337K, capacity 8493K, committed 8576K, reserved 1056768K
  class space    used 765K, capacity 836K, committed 896K, reserved 1048576K

Card table byte_map: [0x0000000011dc0000,0x00000000121c0000] byte_map_base: 0x00000000119b6000

Marking Bits: (ParMarkBitMap*) 0x000000007531b6d0
 Begin Bits: [0x0000000012870000, 0x0000000014820000)
 End Bits:   [0x0000000014820000, 0x00000000167d0000)

Polling page: 0x0000000002890000

CodeCache: size=245760Kb used=2592Kb max_used=2592Kb free=243167Kb
 bounds [0x0000000002a00000, 0x0000000002c90000, 0x0000000011a00000]
 total_blobs=1362 nmethods=561 adapters=714
 compilation: enabled

Compilation events (10 events):
Event: 0.498 Thread 0x0000000017576800 nmethod 556 0x0000000002c7a2d0 code [0x0000000002c7a440, 0x0000000002c7a688]
Event: 0.501 Thread 0x0000000017576800  557       3       java.io.FilterInputStream::<init> (10 bytes)
Event: 0.502 Thread 0x0000000017576800 nmethod 557 0x0000000002c7c110 code [0x0000000002c7c280, 0x0000000002c7c4d0]
Event: 0.504 Thread 0x0000000017576800  558       3       java.lang.Character::isSurrogate (18 bytes)
Event: 0.505 Thread 0x0000000017576800 nmethod 558 0x0000000002c73350 code [0x0000000002c734a0, 0x0000000002c73670]
Event: 0.506 Thread 0x0000000017576800  559       3       java.io.File::<init> (113 bytes)
Event: 0.507 Thread 0x0000000017576800 nmethod 559 0x0000000002c7d790 code [0x0000000002c7da00, 0x0000000002c7e728]
Event: 0.516 Thread 0x0000000017572800 nmethod 500 0x0000000002c85750 code [0x0000000002c85a40, 0x0000000002c870f0]
Event: 0.523 Thread 0x0000000017576800  560   !   3       java.lang.ClassLoader::getPackage (118 bytes)
Event: 0.524 Thread 0x0000000017576800 nmethod 560 0x0000000002c81b50 code [0x0000000002c81d20, 0x0000000002c82828]

GC Heap History (0 events):
No events

Deoptimization events (0 events):
No events

Internal exceptions (10 events):
Event: 0.172 Thread 0x00000000028fe000 Exception <a 'java/security/PrivilegedActionException'> (0x00000000d5f777b8) thrown at [C:\re\workspace\8-2-build-windows-amd64-cygwin\jdk8u121\8372\hotspot\src\share\vm\prims\jvm.cpp, line 1390]
Event: 0.172 Thread 0x00000000028fe000 Exception <a 'java/security/PrivilegedActionException'> (0x00000000d5f779c8) thrown at [C:\re\workspace\8-2-build-windows-amd64-cygwin\jdk8u121\8372\hotspot\src\share\vm\prims\jvm.cpp, line 1390]
Event: 0.173 Thread 0x00000000028fe000 Exception <a 'java/security/PrivilegedActionException'> (0x00000000d5f7b638) thrown at [C:\re\workspace\8-2-build-windows-amd64-cygwin\jdk8u121\8372\hotspot\src\share\vm\prims\jvm.cpp, line 1390]
Event: 0.173 Thread 0x00000000028fe000 Exception <a 'java/security/PrivilegedActionException'> (0x00000000d5f7b848) thrown at [C:\re\workspace\8-2-build-windows-amd64-cygwin\jdk8u121\8372\hotspot\src\share\vm\prims\jvm.cpp, line 1390]
Event: 0.312 Thread 0x00000000028fe000 Exception <a 'sun/nio/fs/WindowsException'> (0x00000000d63026c8) thrown at [C:\re\workspace\8-2-build-windows-amd64-cygwin\jdk8u121\8372\hotspot\src\share\vm\prims\jni.cpp, line 709]
Event: 0.313 Thread 0x00000000028fe000 Exception <a 'sun/nio/fs/WindowsException'> (0x00000000d6302e98) thrown at [C:\re\workspace\8-2-build-windows-amd64-cygwin\jdk8u121\8372\hotspot\src\share\vm\prims\jni.cpp, line 709]
Event: 0.314 Thread 0x00000000028fe000 Exception <a 'sun/nio/fs/WindowsException'> (0x00000000d6304ee8) thrown at [C:\re\workspace\8-2-build-windows-amd64-cygwin\jdk8u121\8372\hotspot\src\share\vm\prims\jni.cpp, line 709]
Event: 0.314 Thread 0x00000000028fe000 Exception <a 'sun/nio/fs/WindowsException'> (0x00000000d6305410) thrown at [C:\re\workspace\8-2-build-windows-amd64-cygwin\jdk8u121\8372\hotspot\src\share\vm\prims\jni.cpp, line 709]
Event: 0.314 Thread 0x00000000028fe000 Exception <a 'sun/nio/fs/WindowsException'> (0x00000000d6305de8) thrown at [C:\re\workspace\8-2-build-windows-amd64-cygwin\jdk8u121\8372\hotspot\src\share\vm\prims\jni.cpp, line 709]
Event: 0.314 Thread 0x00000000028fe000 Exception <a 'sun/nio/fs/WindowsException'> (0x00000000d6306278) thrown at [C:\re\workspace\8-2-build-windows-amd64-cygwin\jdk8u121\8372\hotspot\src\share\vm\prims\jni.cpp, line 709]

Events (10 events):
Event: 0.521 loading class java/text/DecimalFormat done
Event: 0.523 loading class bomber/renderer/Timer
Event: 0.523 loading class bomber/renderer/Timer done
Event: 0.523 loading class bomber/renderer/interfaces/TimerInterface
Event: 0.523 loading class bomber/renderer/interfaces/TimerInterface done
Event: 0.524 Thread 0x00000000197a6800 Thread added: 0x00000000197a6800
Event: 0.524 Thread 0x00000000028fe000 Thread exited: 0x00000000028fe000
Event: 0.524 Thread 0x00000000028fe000 Thread added: 0x00000000028fe000
Event: 0.524 loading class bomber/renderer/shaders/ShaderProgram
Event: 0.524 loading class bomber/renderer/shaders/ShaderProgram done


Dynamic libraries:
0x00007ff68d8d0000 - 0x00007ff68d907000 	C:\Program Files\Java\jre1.8.0_121\bin\javaw.exe
0x00007fff8b880000 - 0x00007fff8ba51000 	C:\WINDOWS\SYSTEM32\ntdll.dll
0x00007fff8b380000 - 0x00007fff8b42b000 	C:\WINDOWS\System32\KERNEL32.DLL
0x00007fff88890000 - 0x00007fff88aad000 	C:\WINDOWS\System32\KERNELBASE.dll
0x00007fff88e20000 - 0x00007fff88ec2000 	C:\WINDOWS\System32\ADVAPI32.dll
0x00007fff897c0000 - 0x00007fff8985e000 	C:\WINDOWS\System32\msvcrt.dll
0x00007fff8b460000 - 0x00007fff8b4b9000 	C:\WINDOWS\System32\sechost.dll
0x00007fff8b040000 - 0x00007fff8b161000 	C:\WINDOWS\System32\RPCRT4.dll
0x00007fff8b5c0000 - 0x00007fff8b725000 	C:\WINDOWS\System32\USER32.dll
0x00007fff88df0000 - 0x00007fff88e0e000 	C:\WINDOWS\System32\win32u.dll
0x00007fff88fa0000 - 0x00007fff88fd4000 	C:\WINDOWS\System32\GDI32.dll
0x00007fff884f0000 - 0x00007fff88672000 	C:\WINDOWS\System32\gdi32full.dll
0x00007fff7ba30000 - 0x00007fff7bca9000 	C:\WINDOWS\WinSxS\amd64_microsoft.windows.common-controls_6595b64144ccf1df_6.0.14393.447_none_42191651c6827bb3\COMCTL32.dll
0x00007fff8ad70000 - 0x00007fff8b038000 	C:\WINDOWS\System32\combase.dll
0x00007fff88b20000 - 0x00007fff88c15000 	C:\WINDOWS\System32\ucrtbase.dll
0x00007fff88ab0000 - 0x00007fff88b1a000 	C:\WINDOWS\System32\bcryptPrimitives.dll
0x00007fff8b430000 - 0x00007fff8b45e000 	C:\WINDOWS\System32\IMM32.DLL
0x0000000074a20000 - 0x0000000074af2000 	C:\Program Files\Java\jre1.8.0_121\bin\msvcr100.dll
0x0000000074b00000 - 0x000000007539b000 	C:\Program Files\Java\jre1.8.0_121\bin\server\jvm.dll
0x00007fff88ed0000 - 0x00007fff88ed8000 	C:\WINDOWS\System32\PSAPI.DLL
0x00007fff850a0000 - 0x00007fff850a9000 	C:\WINDOWS\SYSTEM32\WSOCK32.dll
0x00007fff86190000 - 0x00007fff861b3000 	C:\WINDOWS\SYSTEM32\WINMM.dll
0x00007fff8b170000 - 0x00007fff8b1da000 	C:\WINDOWS\System32\WS2_32.dll
0x00007fff76c00000 - 0x00007fff76c0a000 	C:\WINDOWS\SYSTEM32\VERSION.dll
0x00007fff86160000 - 0x00007fff8618b000 	C:\WINDOWS\SYSTEM32\WINMMBASE.dll
0x00007fff88730000 - 0x00007fff88772000 	C:\WINDOWS\System32\cfgmgr32.dll
0x0000000074a10000 - 0x0000000074a1f000 	C:\Program Files\Java\jre1.8.0_121\bin\verify.dll
0x00000000749e0000 - 0x0000000074a09000 	C:\Program Files\Java\jre1.8.0_121\bin\java.dll
0x00000000749c0000 - 0x00000000749d6000 	C:\Program Files\Java\jre1.8.0_121\bin\zip.dll
0x00007fff89860000 - 0x00007fff8ad69000 	C:\WINDOWS\System32\SHELL32.dll
0x00007fff87d70000 - 0x00007fff8844a000 	C:\WINDOWS\System32\windows.storage.dll
0x00007fff87d10000 - 0x00007fff87d5c000 	C:\WINDOWS\System32\powrprof.dll
0x00007fff89590000 - 0x00007fff895e2000 	C:\WINDOWS\System32\shlwapi.dll
0x00007fff87d00000 - 0x00007fff87d0f000 	C:\WINDOWS\System32\kernel.appcore.dll
0x00007fff88780000 - 0x00007fff88829000 	C:\WINDOWS\System32\shcore.dll
0x00007fff87ce0000 - 0x00007fff87cf4000 	C:\WINDOWS\System32\profapi.dll
0x00000000749a0000 - 0x00000000749ba000 	C:\Program Files\Java\jre1.8.0_121\bin\net.dll
0x00007fff875b0000 - 0x00007fff8760c000 	C:\WINDOWS\system32\mswsock.dll
0x0000000074980000 - 0x0000000074991000 	C:\Program Files\Java\jre1.8.0_121\bin\nio.dll
0x00007fff746e0000 - 0x00007fff74737000 	C:\Users\Owen\AppData\Local\Temp\lwjglOwen\3.1.1-build-16\lwjgl.dll
0x00007fff87770000 - 0x00007fff8777b000 	C:\WINDOWS\SYSTEM32\CRYPTBASE.DLL
0x00007fff80350000 - 0x00007fff8038e000 	C:\Users\Owen\AppData\Local\Temp\lwjglOwen\3.1.1-build-16\jemalloc.dll
0x00007fff7f410000 - 0x00007fff7f44c000 	C:\Users\Owen\AppData\Local\Temp\lwjglOwen\3.1.1-build-16\glfw.dll
0x00007fff864f0000 - 0x00007fff86585000 	C:\WINDOWS\system32\uxtheme.dll
0x00007fff7c1f0000 - 0x00007fff7c230000 	C:\WINDOWS\SYSTEM32\dinput8.dll
0x00007fff84d60000 - 0x00007fff84d6e000 	C:\WINDOWS\SYSTEM32\xinput1_4.dll
0x00007fff86920000 - 0x00007fff86948000 	C:\WINDOWS\SYSTEM32\DEVOBJ.dll
0x00007fff85b50000 - 0x00007fff85b76000 	C:\WINDOWS\SYSTEM32\dwmapi.dll
0x00007fff86bd0000 - 0x00007fff86bdc000 	C:\WINDOWS\SYSTEM32\HID.DLL
0x00007fff89160000 - 0x00007fff89589000 	C:\WINDOWS\System32\SETUPAPI.DLL
0x00007fff88830000 - 0x00007fff88885000 	C:\WINDOWS\System32\WINTRUST.dll
0x00007fff87d60000 - 0x00007fff87d70000 	C:\WINDOWS\System32\MSASN1.dll
0x00007fff88c20000 - 0x00007fff88de9000 	C:\WINDOWS\System32\CRYPT32.dll
0x00007fff89660000 - 0x00007fff897bb000 	C:\WINDOWS\System32\MSCTF.dll
0x00007fff88ee0000 - 0x00007fff88f9f000 	C:\WINDOWS\System32\OLEAUT32.dll
0x00007fff88450000 - 0x00007fff884ec000 	C:\WINDOWS\System32\msvcp_win.dll
0x00007fff7b5b0000 - 0x00007fff7b6d3000 	C:\WINDOWS\SYSTEM32\opengl32.dll
0x00007fff7d5e0000 - 0x00007fff7d60d000 	C:\WINDOWS\SYSTEM32\GLU32.dll
0x00007fff78070000 - 0x00007fff78167000 	C:\WINDOWS\SYSTEM32\DDRAW.dll
0x00007fff80980000 - 0x00007fff80988000 	C:\WINDOWS\SYSTEM32\DCIMAN32.dll
0x00007fff59040000 - 0x00007fff59d57000 	C:\WINDOWS\SYSTEM32\ig8icd64.dll
0x00007fff81b60000 - 0x00007fff825a0000 	C:\WINDOWS\SYSTEM32\igdusc64.dll
0x00007fff85a80000 - 0x00007fff85a93000 	C:\WINDOWS\SYSTEM32\WTSAPI32.dll
0x00007fff6ec00000 - 0x00007fff6ec5f000 	C:\Users\Owen\AppData\Local\Temp\lwjglOwen\3.1.1-build-16\lwjgl_opengl.dll
0x00007fff7a040000 - 0x00007fff7a1d2000 	C:\WINDOWS\SYSTEM32\dbghelp.dll

VM Arguments:
jvm_args: -Dfile.encoding=Cp1252 
java_command: bomber.game.main
java_class_path (initial): C:\Users\Owen\Dropbox\CompSci\year_2\teamproject\Git\b1\bin;C:\Users\Owen\Dropbox\lwjgl3\lwjgl.jar;C:\Users\Owen\Dropbox\lwjgl3\lwjgl-assimp.jar;C:\Users\Owen\Dropbox\lwjgl3\lwjgl-assimp-natives-windows.jar;C:\Users\Owen\Dropbox\lwjgl3\lwjgl-bgfx.jar;C:\Users\Owen\Dropbox\lwjgl3\lwjgl-bgfx-natives-windows.jar;C:\Users\Owen\Dropbox\lwjgl3\lwjgl-egl.jar;C:\Users\Owen\Dropbox\lwjgl3\lwjgl-glfw.jar;C:\Users\Owen\Dropbox\lwjgl3\lwjgl-glfw-natives-windows.jar;C:\Users\Owen\Dropbox\lwjgl3\lwjgl-jawt.jar;C:\Users\Owen\Dropbox\lwjgl3\lwjgl-jemalloc.jar;C:\Users\Owen\Dropbox\lwjgl3\lwjgl-jemalloc-natives-windows.jar;C:\Users\Owen\Dropbox\lwjgl3\lwjgl-lmdb.jar;C:\Users\Owen\Dropbox\lwjgl3\lwjgl-lmdb-natives-windows.jar;C:\Users\Owen\Dropbox\lwjgl3\lwjgl-nanovg.jar;C:\Users\Owen\Dropbox\lwjgl3\lwjgl-nanovg-natives-windows.jar;C:\Users\Owen\Dropbox\lwjgl3\lwjgl-natives-windows.jar;C:\Users\Owen\Dropbox\lwjgl3\lwjgl-nfd.jar;C:\Users\Owen\Dropbox\lwjgl3\lwjgl-nfd-natives-windows.jar;C:\Users\Owen\Dropbox\lwjgl3\lwjgl-nuklear.jar;C:\Users\Owen\Dropbox\lwjgl3\lwjgl-nuklear-natives-windows.jar;C:\Users\Owen\Dropbox\lwjgl3\lwjgl-openal.jar;C:\Users\Owen\Dropbox\lwjgl3\lwjgl-openal-natives-windows.jar;C:\Users\Owen\Dropbox\lwjgl3\lwjgl-opencl.jar;C:\Users\Owen\Dropbox\lwjgl3\lwjgl-opengl.jar;C:\Users\Owen\Dropbox\lwjgl3\lwjgl-opengles.jar;C:\Users\Owen\Dropbox\lwjgl3\lwjgl-opengles-natives-windows.jar;C:\Users\Owen\Dropbox\lwjgl3\lwjgl-opengl-natives-windows.jar;C:\Users\Owen\Dropbox\lwjgl3\lwjgl-ovr.jar;C:\Users\Owen\Dropbox\lwjgl3\lwjgl-ovr-natives-windows.jar;C:\Users\Owen\Dropbox\lwjgl3\lwjgl-par.jar;C:\Users\Owen\Dropbox\lwjgl3\lwjgl-par-natives-windows.jar;C:\Users\Owen\Dropbox\lwjgl3\lwjgl-sse.jar;C:\Users\Owen\Dropbox\lwjgl3\lwjgl-sse-natives-windows.jar;C:\Users\Owen\Dropbox\lwjgl3\lwjgl-stb.jar;C:\Users\Owen\Dropbox\lwjgl3\lwjgl-stb-natives-windows.jar;C:\Users\Owen\Dropbox\lwjgl3\lwjgl-tinyfd.jar;C:\Users\Owen\Dropbox\lwjgl3\lwjgl-tinyfd-natives-
Launcher Type: SUN_STANDARD

Environment Variables:
PATH=C:/Program Files/Java/jre1.8.0_121/bin/server;C:/Program Files/Java/jre1.8.0_121/bin;C:/Program Files/Java/jre1.8.0_121/lib/amd64;C:\ProgramData\Oracle\Java\javapath;C:\WINDOWS\system32;C:\WINDOWS;C:\WINDOWS\System32\Wbem;C:\WINDOWS\System32\WindowsPowerShell\v1.0\;C:\Program Files\Git\cmd;C:\Program Files (x86)\Windows Kits\10\Windows Performance Toolkit\;C:\Program Files (x86)\GNU\GnuPG\pub;C:\Program Files (x86)\PuTTY\;C:\Users\Owen\AppData\Local\Microsoft\WindowsApps;;C:\Users\Owen\Downloads\eclipse-java-luna-R-win32-x86_64\eclipse;
USERNAME=Owen
OS=Windows_NT
PROCESSOR_IDENTIFIER=Intel64 Family 6 Model 61 Stepping 4, GenuineIntel



---------------  S Y S T E M  ---------------

OS: Windows 10.0 , 64 bit Build 14393 (10.0.14393.0)

CPU:total 4 (2 cores per cpu, 2 threads per core) family 6 model 61 stepping 4, cmov, cx8, fxsr, mmx, sse, sse2, sse3, ssse3, sse4.1, sse4.2, popcnt, avx, avx2, aes, clmul, erms, 3dnowpref, lzcnt, ht, tsc, tscinvbit, bmi1, bmi2, adx

Memory: 4k page, physical 8300384k(5214612k free), swap 9611104k(6044068k free)

vm_info: Java HotSpot(TM) 64-Bit Server VM (25.121-b13) for windows-amd64 JRE (1.8.0_121-b13), built on Dec 12 2016 18:21:36 by "java_re" with MS VC++ 10.0 (VS2010)

time: Thu Feb 09 19:21:28 2017
elapsed time: 0 seconds (0d 0h 0m 0s)

