#
# A fatal error has been detected by the Java Runtime Environment:
#
#  SIGSEGV (0xb) at pc=0x00007fcef1e5fccc, pid=12146, tid=140527795894016
#
# JRE version: Java(TM) SE Runtime Environment (8.0_91-b14) (build 1.8.0_91-b14)
# Java VM: Java HotSpot(TM) 64-Bit Server VM (25.91-b14 mixed mode linux-amd64 compressed oops)
# Problematic frame:
# C  [liblwjgl_opengl.so+0x46ccc]  Java_org_lwjgl_opengl_GL30_nglGenVertexArrays__IJ+0xc
#
# Failed to write core dump. Core dumps have been disabled. To enable core dumping, try "ulimit -c unlimited" before starting Java again
#
# If you would like to submit a bug report, please visit:
#   http://bugreport.java.com/bugreport/crash.jsp
# The crash happened outside the Java Virtual Machine in native code.
# See problematic frame for where to report the bug.
#

---------------  T H R E A D  ---------------

Current thread (0x00007fcf2400a800):  JavaThread "main" [_thread_in_native, id=12152, stack(0x00007fcf2d4af000,0x00007fcf2d5b0000)]

siginfo: si_signo: 11 (SIGSEGV), si_code: 1 (SEGV_MAPERR), si_addr: 0x0000000000000f18

Registers:
RAX=0x0000000000000000, RBX=0x00007fcf28d968c8, RCX=0x00007fcf24348b3c, RDX=0x0000000000000001
RSP=0x00007fcf2d5ad368, RBP=0x00007fcf2d5ad3d0, RSI=0x00007fcf24348b3c, RDI=0x0000000000000001
R8 =0x0000000000000000, R9 =0x0000000000000009, R10=0x00007fcf150179e8, R11=0x00007fcf2c38f850
R12=0x0000000000000000, R13=0x00007fcf28d968c8, R14=0x00007fcf2d5ad400, R15=0x00007fcf2400a800
RIP=0x00007fcef1e5fccc, EFLAGS=0x0000000000010283, CSGSFS=0x0000000000000033, ERR=0x0000000000000004
  TRAPNO=0x000000000000000e

Top of Stack: (sp=0x00007fcf2d5ad368)
0x00007fcf2d5ad368:   00007fcf15017a14 00007fcf2d5ad3d0
0x00007fcf2d5ad378:   00007fcf15017799 00007fcf2400a800
0x00007fcf2d5ad388:   00007fcf15017762 00007fcf2d5ad390
0x00007fcf2d5ad398:   00007fcf28d968c8 00007fcf2d5ad400
0x00007fcf2d5ad3a8:   00007fcf28d9f018 0000000000000000
0x00007fcf2d5ad3b8:   00007fcf28d968c8 0000000000000000
0x00007fcf2d5ad3c8:   00007fcf2d5ad3f0 00007fcf2d5ad448
0x00007fcf2d5ad3d8:   00007fcf150082bd 00000000d77ed7e8
0x00007fcf2d5ad3e8:   00007fcf15011538 00007fcf24348b3c
0x00007fcf2d5ad3f8:   00000000d7a8c418 0000000000000001
0x00007fcf2d5ad408:   00007fcf2d5ad408 00007fcf28d96a1c
0x00007fcf2d5ad418:   00007fcf2d5ad478 00007fcf28d9f018
0x00007fcf2d5ad428:   0000000000000000 00007fcf28d96a80
0x00007fcf2d5ad438:   00007fcf2d5ad3f0 00007fcf2d5ad480
0x00007fcf2d5ad448:   00007fcf2d5ad4c8 00007fcf15007d00
0x00007fcf2d5ad458:   0000000000000000 0000000000000000
0x00007fcf2d5ad468:   00000000d7a8c418 0000000000008000
0x00007fcf2d5ad478:   00000000d7a41f98 00000000d77c4200
0x00007fcf2d5ad488:   00007fcf2d5ad488 00007fcf28d78bbd
0x00007fcf2d5ad498:   00007fcf2d5ad4d8 00007fcf28d78ec0
0x00007fcf2d5ad4a8:   0000000000000000 00007fcf28d78bd8
0x00007fcf2d5ad4b8:   00007fcf2d5ad480 00007fcf2d5ad4d8
0x00007fcf2d5ad4c8:   00007fcf2d5ad530 00007fcf150082bd
0x00007fcf2d5ad4d8:   00000000d77c4200 00000000d77c4200
0x00007fcf2d5ad4e8:   00000000d77c2640 00007fcf2d5ad4f0
0x00007fcf2d5ad4f8:   00007fcf28d7802d 00007fcf2d5ad598
0x00007fcf2d5ad508:   00007fcf28d785a8 0000000000000000
0x00007fcf2d5ad518:   00007fcf28d78210 00007fcf2d5ad4d8
0x00007fcf2d5ad528:   00007fcf2d5ad570 00007fcf2d5ad5f0
0x00007fcf2d5ad538:   00007fcf150082bd 0000000000000000
0x00007fcf2d5ad548:   0000000000000000 0000000000000000
0x00007fcf2d5ad558:   0000000000000000 00000000d77c2688 

Instructions: (pc=0x00007fcef1e5fccc)
0x00007fcef1e5fcac:   c0 1b 00 00 ff e0 66 66 66 66 66 2e 0f 1f 84 00
0x00007fcef1e5fcbc:   00 00 00 00 48 8b 07 48 89 ce 89 d7 48 8b 40 18
0x00007fcef1e5fccc:   48 8b 80 18 0f 00 00 ff e0 66 66 2e 0f 1f 84 00
0x00007fcef1e5fcdc:   00 00 00 00 48 8b 07 48 89 ce 89 d7 48 8b 40 18 

Register to memory mapping:

RAX=0x0000000000000000 is an unknown value
RBX={method} {0x00007fcf28d968c8} 'nglGenVertexArrays' '(IJ)V' in 'org/lwjgl/opengl/GL30'
RCX=0x00007fcf24348b3c is an unknown value
RDX=0x0000000000000001 is an unknown value
RSP=0x00007fcf2d5ad368 is pointing into the stack for thread: 0x00007fcf2400a800
RBP=0x00007fcf2d5ad3d0 is pointing into the stack for thread: 0x00007fcf2400a800
RSI=0x00007fcf24348b3c is an unknown value
RDI=0x0000000000000001 is an unknown value
R8 =0x0000000000000000 is an unknown value
R9 =0x0000000000000009 is an unknown value
R10=0x00007fcf150179e8 is at code_begin+808 in an Interpreter codelet
method entry point (kind = native)  [0x00007fcf150176c0, 0x00007fcf15017fc0]  2304 bytes
R11=0x00007fcf2c38f850: <offset 0x9bb850> in /usr/lib/jvm/java-8-oracle/jre/lib/amd64/server/libjvm.so at 0x00007fcf2b9d4000
R12=0x0000000000000000 is an unknown value
R13={method} {0x00007fcf28d968c8} 'nglGenVertexArrays' '(IJ)V' in 'org/lwjgl/opengl/GL30'
R14=0x00007fcf2d5ad400 is pointing into the stack for thread: 0x00007fcf2400a800
R15=0x00007fcf2400a800 is a thread


Stack: [0x00007fcf2d4af000,0x00007fcf2d5b0000],  sp=0x00007fcf2d5ad368,  free space=1016k
Native frames: (J=compiled Java code, j=interpreted, Vv=VM code, C=native code)
C  [liblwjgl_opengl.so+0x46ccc]  Java_org_lwjgl_opengl_GL30_nglGenVertexArrays__IJ+0xc
j  org.lwjgl.opengl.GL30.glGenVertexArrays()I+20
j  bomber.renderer.shaders.VertexArrayObject.<init>()V+5
j  bomber.renderer.shaders.Mesh.<init>(IIII[F)V+93
j  bomber.game.Bomb.<init>(Ljava/lang/String;Ljava/awt/Point;II)V+124
j  bomber.AI.tests.MainTestTemplate.setUp()V+1266
v  ~StubRoutines::call_stub
V  [libjvm.so+0x68dbc6]  JavaCalls::call_helper(JavaValue*, methodHandle*, JavaCallArguments*, Thread*)+0x1056
V  [libjvm.so+0x994487]  Reflection::invoke(instanceKlassHandle, methodHandle, Handle, bool, objArrayHandle, BasicType, objArrayHandle, bool, Thread*)+0x5d7
V  [libjvm.so+0x997b97]  Reflection::invoke_method(oopDesc*, Handle, objArrayHandle, Thread*)+0x147
V  [libjvm.so+0x71c7db]  JVM_InvokeMethod+0x26b
j  sun.reflect.NativeMethodAccessorImpl.invoke0(Ljava/lang/reflect/Method;Ljava/lang/Object;[Ljava/lang/Object;)Ljava/lang/Object;+0
j  sun.reflect.NativeMethodAccessorImpl.invoke(Ljava/lang/Object;[Ljava/lang/Object;)Ljava/lang/Object;+100
j  sun.reflect.DelegatingMethodAccessorImpl.invoke(Ljava/lang/Object;[Ljava/lang/Object;)Ljava/lang/Object;+6
j  java.lang.reflect.Method.invoke(Ljava/lang/Object;[Ljava/lang/Object;)Ljava/lang/Object;+56
j  org.junit.runners.model.FrameworkMethod$1.runReflectiveCall()Ljava/lang/Object;+15
j  org.junit.internal.runners.model.ReflectiveCallable.run()Ljava/lang/Object;+1
j  org.junit.runners.model.FrameworkMethod.invokeExplosively(Ljava/lang/Object;[Ljava/lang/Object;)Ljava/lang/Object;+10
j  org.junit.internal.runners.statements.RunBefores.evaluate()V+38
j  org.junit.runners.ParentRunner.runLeaf(Lorg/junit/runners/model/Statement;Lorg/junit/runner/Description;Lorg/junit/runner/notification/RunNotifier;)V+17
j  org.junit.runners.BlockJUnit4ClassRunner.runChild(Lorg/junit/runners/model/FrameworkMethod;Lorg/junit/runner/notification/RunNotifier;)V+30
j  org.junit.runners.BlockJUnit4ClassRunner.runChild(Ljava/lang/Object;Lorg/junit/runner/notification/RunNotifier;)V+6
j  org.junit.runners.ParentRunner$3.run()V+12
j  org.junit.runners.ParentRunner$1.schedule(Ljava/lang/Runnable;)V+1
j  org.junit.runners.ParentRunner.runChildren(Lorg/junit/runner/notification/RunNotifier;)V+44
j  org.junit.runners.ParentRunner.access$000(Lorg/junit/runners/ParentRunner;Lorg/junit/runner/notification/RunNotifier;)V+2
j  org.junit.runners.ParentRunner$2.evaluate()V+8
j  org.junit.runners.ParentRunner.run(Lorg/junit/runner/notification/RunNotifier;)V+20
j  org.junit.runners.Suite.runChild(Lorg/junit/runner/Runner;Lorg/junit/runner/notification/RunNotifier;)V+2
j  org.junit.runners.Suite.runChild(Ljava/lang/Object;Lorg/junit/runner/notification/RunNotifier;)V+6
j  org.junit.runners.ParentRunner$3.run()V+12
j  org.junit.runners.ParentRunner$1.schedule(Ljava/lang/Runnable;)V+1
j  org.junit.runners.ParentRunner.runChildren(Lorg/junit/runner/notification/RunNotifier;)V+44
j  org.junit.runners.ParentRunner.access$000(Lorg/junit/runners/ParentRunner;Lorg/junit/runner/notification/RunNotifier;)V+2
j  org.junit.runners.ParentRunner$2.evaluate()V+8
j  org.junit.runners.ParentRunner.run(Lorg/junit/runner/notification/RunNotifier;)V+20
j  org.eclipse.jdt.internal.junit4.runner.JUnit4TestReference.run(Lorg/eclipse/jdt/internal/junit/runner/TestExecution;)V+72
j  org.eclipse.jdt.internal.junit.runner.TestExecution.run([Lorg/eclipse/jdt/internal/junit/runner/ITestReference;)V+17
j  org.eclipse.jdt.internal.junit.runner.RemoteTestRunner.runTests([Ljava/lang/String;Ljava/lang/String;Lorg/eclipse/jdt/internal/junit/runner/TestExecution;)V+61
j  org.eclipse.jdt.internal.junit.runner.RemoteTestRunner.runTests(Lorg/eclipse/jdt/internal/junit/runner/TestExecution;)V+10
j  org.eclipse.jdt.internal.junit.runner.RemoteTestRunner.run()V+70
j  org.eclipse.jdt.internal.junit.runner.RemoteTestRunner.main([Ljava/lang/String;)V+14
v  ~StubRoutines::call_stub
V  [libjvm.so+0x68dbc6]  JavaCalls::call_helper(JavaValue*, methodHandle*, JavaCallArguments*, Thread*)+0x1056
V  [libjvm.so+0x6cf232]  jni_invoke_static(JNIEnv_*, JavaValue*, _jobject*, JNICallType, _jmethodID*, JNI_ArgumentPusher*, Thread*)+0x362
V  [libjvm.so+0x6eba9a]  jni_CallStaticVoidMethod+0x17a
C  [libjli.so+0x7bcc]  JavaMain+0x80c
C  [libpthread.so.0+0x76ba]  start_thread+0xca

Java frames: (J=compiled Java code, j=interpreted, Vv=VM code)
j  org.lwjgl.opengl.GL30.nglGenVertexArrays(IJ)V+0
j  org.lwjgl.opengl.GL30.glGenVertexArrays()I+20
j  bomber.renderer.shaders.VertexArrayObject.<init>()V+5
j  bomber.renderer.shaders.Mesh.<init>(IIII[F)V+93
j  bomber.game.Bomb.<init>(Ljava/lang/String;Ljava/awt/Point;II)V+124
j  bomber.AI.tests.MainTestTemplate.setUp()V+1266
v  ~StubRoutines::call_stub
j  sun.reflect.NativeMethodAccessorImpl.invoke0(Ljava/lang/reflect/Method;Ljava/lang/Object;[Ljava/lang/Object;)Ljava/lang/Object;+0
j  sun.reflect.NativeMethodAccessorImpl.invoke(Ljava/lang/Object;[Ljava/lang/Object;)Ljava/lang/Object;+100
j  sun.reflect.DelegatingMethodAccessorImpl.invoke(Ljava/lang/Object;[Ljava/lang/Object;)Ljava/lang/Object;+6
j  java.lang.reflect.Method.invoke(Ljava/lang/Object;[Ljava/lang/Object;)Ljava/lang/Object;+56
j  org.junit.runners.model.FrameworkMethod$1.runReflectiveCall()Ljava/lang/Object;+15
j  org.junit.internal.runners.model.ReflectiveCallable.run()Ljava/lang/Object;+1
j  org.junit.runners.model.FrameworkMethod.invokeExplosively(Ljava/lang/Object;[Ljava/lang/Object;)Ljava/lang/Object;+10
j  org.junit.internal.runners.statements.RunBefores.evaluate()V+38
j  org.junit.runners.ParentRunner.runLeaf(Lorg/junit/runners/model/Statement;Lorg/junit/runner/Description;Lorg/junit/runner/notification/RunNotifier;)V+17
j  org.junit.runners.BlockJUnit4ClassRunner.runChild(Lorg/junit/runners/model/FrameworkMethod;Lorg/junit/runner/notification/RunNotifier;)V+30
j  org.junit.runners.BlockJUnit4ClassRunner.runChild(Ljava/lang/Object;Lorg/junit/runner/notification/RunNotifier;)V+6
j  org.junit.runners.ParentRunner$3.run()V+12
j  org.junit.runners.ParentRunner$1.schedule(Ljava/lang/Runnable;)V+1
j  org.junit.runners.ParentRunner.runChildren(Lorg/junit/runner/notification/RunNotifier;)V+44
j  org.junit.runners.ParentRunner.access$000(Lorg/junit/runners/ParentRunner;Lorg/junit/runner/notification/RunNotifier;)V+2
j  org.junit.runners.ParentRunner$2.evaluate()V+8
j  org.junit.runners.ParentRunner.run(Lorg/junit/runner/notification/RunNotifier;)V+20
j  org.junit.runners.Suite.runChild(Lorg/junit/runner/Runner;Lorg/junit/runner/notification/RunNotifier;)V+2
j  org.junit.runners.Suite.runChild(Ljava/lang/Object;Lorg/junit/runner/notification/RunNotifier;)V+6
j  org.junit.runners.ParentRunner$3.run()V+12
j  org.junit.runners.ParentRunner$1.schedule(Ljava/lang/Runnable;)V+1
j  org.junit.runners.ParentRunner.runChildren(Lorg/junit/runner/notification/RunNotifier;)V+44
j  org.junit.runners.ParentRunner.access$000(Lorg/junit/runners/ParentRunner;Lorg/junit/runner/notification/RunNotifier;)V+2
j  org.junit.runners.ParentRunner$2.evaluate()V+8
j  org.junit.runners.ParentRunner.run(Lorg/junit/runner/notification/RunNotifier;)V+20
j  org.eclipse.jdt.internal.junit4.runner.JUnit4TestReference.run(Lorg/eclipse/jdt/internal/junit/runner/TestExecution;)V+72
j  org.eclipse.jdt.internal.junit.runner.TestExecution.run([Lorg/eclipse/jdt/internal/junit/runner/ITestReference;)V+17
j  org.eclipse.jdt.internal.junit.runner.RemoteTestRunner.runTests([Ljava/lang/String;Ljava/lang/String;Lorg/eclipse/jdt/internal/junit/runner/TestExecution;)V+61
j  org.eclipse.jdt.internal.junit.runner.RemoteTestRunner.runTests(Lorg/eclipse/jdt/internal/junit/runner/TestExecution;)V+10
j  org.eclipse.jdt.internal.junit.runner.RemoteTestRunner.run()V+70
j  org.eclipse.jdt.internal.junit.runner.RemoteTestRunner.main([Ljava/lang/String;)V+14
v  ~StubRoutines::call_stub

---------------  P R O C E S S  ---------------

Java Threads: ( => current thread )
  0x00007fcf241f4000 JavaThread "ReaderThread" [_thread_in_native, id=12171, stack(0x00007fcef271d000,0x00007fcef281e000)]
  0x00007fcf240cb800 JavaThread "Service Thread" daemon [_thread_blocked, id=12169, stack(0x00007fcef2e37000,0x00007fcef2f38000)]
  0x00007fcf240c8800 JavaThread "C1 CompilerThread3" daemon [_thread_blocked, id=12168, stack(0x00007fcef2f38000,0x00007fcef3039000)]
  0x00007fcf240c6800 JavaThread "C2 CompilerThread2" daemon [_thread_blocked, id=12167, stack(0x00007fcef3039000,0x00007fcef313a000)]
  0x00007fcf240c4800 JavaThread "C2 CompilerThread1" daemon [_thread_blocked, id=12166, stack(0x00007fcef313a000,0x00007fcef323b000)]
  0x00007fcf240c1800 JavaThread "C2 CompilerThread0" daemon [_thread_blocked, id=12165, stack(0x00007fcef323b000,0x00007fcef333c000)]
  0x00007fcf240c0000 JavaThread "Signal Dispatcher" daemon [_thread_blocked, id=12164, stack(0x00007fcef333c000,0x00007fcef343d000)]
  0x00007fcf2408d000 JavaThread "Finalizer" daemon [_thread_blocked, id=12163, stack(0x00007fcef3846000,0x00007fcef3947000)]
  0x00007fcf24088800 JavaThread "Reference Handler" daemon [_thread_blocked, id=12162, stack(0x00007fcef3947000,0x00007fcef3a48000)]
=>0x00007fcf2400a800 JavaThread "main" [_thread_in_native, id=12152, stack(0x00007fcf2d4af000,0x00007fcf2d5b0000)]

Other Threads:
  0x00007fcf24080800 VMThread [stack: 0x00007fcef3a48000,0x00007fcef3b49000] [id=12161]
  0x00007fcf240ce800 WatcherThread [stack: 0x00007fcef2d36000,0x00007fcef2e37000] [id=12170]

VM state:not at safepoint (normal execution)

VM Mutex/Monitor currently owned by a thread: None

Heap:
 PSYoungGen      total 36864K, used 13365K [0x00000000d6e00000, 0x00000000d9700000, 0x0000000100000000)
  eden space 31744K, 42% used [0x00000000d6e00000,0x00000000d7b0d520,0x00000000d8d00000)
  from space 5120K, 0% used [0x00000000d9200000,0x00000000d9200000,0x00000000d9700000)
  to   space 5120K, 0% used [0x00000000d8d00000,0x00000000d8d00000,0x00000000d9200000)
 ParOldGen       total 84992K, used 0K [0x0000000084a00000, 0x0000000089d00000, 0x00000000d6e00000)
  object space 84992K, 0% used [0x0000000084a00000,0x0000000084a00000,0x0000000089d00000)
 Metaspace       used 7990K, capacity 8194K, committed 8448K, reserved 1056768K
  class space    used 902K, capacity 987K, committed 1024K, reserved 1048576K

Card table byte_map: [0x00007fcf29e91000,0x00007fcf2a26d000] byte_map_base: 0x00007fcf29a6c000

Marking Bits: (ParMarkBitMap*) 0x00007fcf2c98ad60
 Begin Bits: [0x00007fcef4250000, 0x00007fcef6128000)
 End Bits:   [0x00007fcef6128000, 0x00007fcef8000000)

Polling page: 0x00007fcf2d5d9000

CodeCache: size=245760Kb used=2433Kb max_used=2433Kb free=243326Kb
 bounds [0x00007fcf15000000, 0x00007fcf15270000, 0x00007fcf24000000]
 total_blobs=912 nmethods=567 adapters=259
 compilation: enabled

Compilation events (10 events):
Event: 0.322 Thread 0x00007fcf240c8800 nmethod 555 0x00007fcf15257210 code [0x00007fcf152573e0, 0x00007fcf15257ee8]
Event: 0.323 Thread 0x00007fcf240c8800  557       3       java.nio.Buffer::limit (62 bytes)
Event: 0.324 Thread 0x00007fcf240c8800 nmethod 557 0x00007fcf15258a90 code [0x00007fcf15258c00, 0x00007fcf15258f08]
Event: 0.325 Thread 0x00007fcf240c8800  559       3       java.net.URLClassLoader$1::run (5 bytes)
Event: 0.325 Thread 0x00007fcf240c8800 nmethod 559 0x00007fcf15259710 code [0x00007fcf15259880, 0x00007fcf15259a28]
Event: 0.325 Thread 0x00007fcf240c8800  560   !   3       java.net.URLClassLoader$1::run (63 bytes)
Event: 0.325 Thread 0x00007fcf240c8800 nmethod 560 0x00007fcf1525a1d0 code [0x00007fcf1525a3a0, 0x00007fcf1525a8c8]
Event: 0.325 Thread 0x00007fcf240c8800  564       3       java.net.URL::toExternalForm (9 bytes)
Event: 0.325 Thread 0x00007fcf240c8800 nmethod 564 0x00007fcf1525ab90 code [0x00007fcf1525ad00, 0x00007fcf1525af28]
Event: 0.325 Thread 0x00007fcf240c8800  565       3       java.net.URLStreamHandler::toExternalForm (219 bytes)

GC Heap History (0 events):
No events

Deoptimization events (1 events):
Event: 0.224 Thread 0x00007fcf2400a800 Uncommon trap: reason=unstable_if action=reinterpret pc=0x00007fcf151b82b4 method=java.lang.String.replace(CC)Ljava/lang/String; @ 26

Internal exceptions (10 events):
Event: 0.219 Thread 0x00007fcf2400a800 Exception <a 'java/security/PrivilegedActionException'> (0x00000000d7474a20) thrown at [/HUDSON/workspace/8-2-build-linux-amd64/jdk8u91/6644/hotspot/src/share/vm/prims/jvm.cpp, line 1386]
Event: 0.219 Thread 0x00007fcf2400a800 Exception <a 'java/security/PrivilegedActionException'> (0x00000000d7474e18) thrown at [/HUDSON/workspace/8-2-build-linux-amd64/jdk8u91/6644/hotspot/src/share/vm/prims/jvm.cpp, line 1386]
Event: 0.296 Thread 0x00007fcf2400a800 Exception <a 'java/lang/NoSuchFieldError': method resolution failed> (0x00000000d7958348) thrown at [/HUDSON/workspace/8-2-build-linux-amd64/jdk8u91/6644/hotspot/src/share/vm/prims/methodHandles.cpp, line 1146]
Event: 0.297 Thread 0x00007fcf2400a800 Exception <a 'java/lang/NoSuchFieldError': method resolution failed> (0x00000000d7965e08) thrown at [/HUDSON/workspace/8-2-build-linux-amd64/jdk8u91/6644/hotspot/src/share/vm/prims/methodHandles.cpp, line 1146]
Event: 0.317 Thread 0x00007fcf2400a800 Exception <a 'sun/nio/fs/UnixException'> (0x00000000d7a101c0) thrown at [/HUDSON/workspace/8-2-build-linux-amd64/jdk8u91/6644/hotspot/src/share/vm/prims/jni.cpp, line 709]
Event: 0.317 Thread 0x00007fcf2400a800 Exception <a 'sun/nio/fs/UnixException'> (0x00000000d7a11a88) thrown at [/HUDSON/workspace/8-2-build-linux-amd64/jdk8u91/6644/hotspot/src/share/vm/prims/jni.cpp, line 709]
Event: 0.317 Thread 0x00007fcf2400a800 Exception <a 'sun/nio/fs/UnixException'> (0x00000000d7a12578) thrown at [/HUDSON/workspace/8-2-build-linux-amd64/jdk8u91/6644/hotspot/src/share/vm/prims/jni.cpp, line 709]
Event: 0.317 Thread 0x00007fcf2400a800 Exception <a 'sun/nio/fs/UnixException'> (0x00000000d7a13030) thrown at [/HUDSON/workspace/8-2-build-linux-amd64/jdk8u91/6644/hotspot/src/share/vm/prims/jni.cpp, line 709]
Event: 0.317 Thread 0x00007fcf2400a800 Exception <a 'sun/nio/fs/UnixException'> (0x00000000d7a13a68) thrown at [/HUDSON/workspace/8-2-build-linux-amd64/jdk8u91/6644/hotspot/src/share/vm/prims/jni.cpp, line 709]
Event: 0.317 Thread 0x00007fcf2400a800 Exception <a 'sun/nio/fs/UnixException'> (0x00000000d7a14518) thrown at [/HUDSON/workspace/8-2-build-linux-amd64/jdk8u91/6644/hotspot/src/share/vm/prims/jni.cpp, line 709]

Events (10 events):
Event: 0.323 loading class java/nio/DirectDoubleBufferU
Event: 0.323 loading class java/nio/DirectDoubleBufferU done
Event: 0.324 loading class org/lwjgl/system/linux/DynamicLinkLoader
Event: 0.324 loading class org/lwjgl/system/linux/DynamicLinkLoader done
Event: 0.325 loading class org/lwjgl/opengl/GL$2
Event: 0.325 loading class org/lwjgl/opengl/GL$2 done
Event: 0.325 loading class org/lwjgl/opengl/GL$SharedLibraryGL
Event: 0.325 loading class org/lwjgl/opengl/GL$SharedLibraryGL done
Event: 0.325 loading class org/lwjgl/system/SharedLibrary$Delegate
Event: 0.325 loading class org/lwjgl/system/SharedLibrary$Delegate done


Dynamic libraries:
00400000-00401000 r-xp 00000000 08:02 30280100                           /usr/lib/jvm/java-8-oracle/bin/java
00600000-00601000 rw-p 00000000 08:02 30280100                           /usr/lib/jvm/java-8-oracle/bin/java
01e6c000-01e8d000 rw-p 00000000 00:00 0                                  [heap]
84a00000-89d00000 rw-p 00000000 00:00 0 
89d00000-d6e00000 ---p 00000000 00:00 0 
d6e00000-d9700000 rw-p 00000000 00:00 0 
d9700000-100000000 ---p 00000000 00:00 0 
100000000-100100000 rw-p 00000000 00:00 0 
100100000-140000000 ---p 00000000 00:00 0 
7fcebc000000-7fcebc021000 rw-p 00000000 00:00 0 
7fcebc021000-7fcec0000000 ---p 00000000 00:00 0 
7fcec33b8000-7fcec33bd000 r-xp 00000000 08:02 29361085                   /usr/lib/x86_64-linux-gnu/libXdmcp.so.6.0.0
7fcec33bd000-7fcec35bc000 ---p 00005000 08:02 29361085                   /usr/lib/x86_64-linux-gnu/libXdmcp.so.6.0.0
7fcec35bc000-7fcec35bd000 r--p 00004000 08:02 29361085                   /usr/lib/x86_64-linux-gnu/libXdmcp.so.6.0.0
7fcec35bd000-7fcec35be000 rw-p 00005000 08:02 29361085                   /usr/lib/x86_64-linux-gnu/libXdmcp.so.6.0.0
7fcec35be000-7fcec35c0000 r-xp 00000000 08:02 29367690                   /usr/lib/x86_64-linux-gnu/libXau.so.6.0.0
7fcec35c0000-7fcec37c0000 ---p 00002000 08:02 29367690                   /usr/lib/x86_64-linux-gnu/libXau.so.6.0.0
7fcec37c0000-7fcec37c1000 r--p 00002000 08:02 29367690                   /usr/lib/x86_64-linux-gnu/libXau.so.6.0.0
7fcec37c1000-7fcec37c2000 rw-p 00003000 08:02 29367690                   /usr/lib/x86_64-linux-gnu/libXau.so.6.0.0
7fcec37c2000-7fcec37d2000 r-xp 00000000 08:02 29363311                   /usr/lib/x86_64-linux-gnu/libdrm.so.2.4.0
7fcec37d2000-7fcec39d1000 ---p 00010000 08:02 29363311                   /usr/lib/x86_64-linux-gnu/libdrm.so.2.4.0
7fcec39d1000-7fcec39d2000 r--p 0000f000 08:02 29363311                   /usr/lib/x86_64-linux-gnu/libdrm.so.2.4.0
7fcec39d2000-7fcec39d3000 rw-p 00010000 08:02 29363311                   /usr/lib/x86_64-linux-gnu/libdrm.so.2.4.0
7fcec39d3000-7fcec39d8000 r-xp 00000000 08:02 29369388                   /usr/lib/x86_64-linux-gnu/libXxf86vm.so.1.0.0
7fcec39d8000-7fcec3bd7000 ---p 00005000 08:02 29369388                   /usr/lib/x86_64-linux-gnu/libXxf86vm.so.1.0.0
7fcec3bd7000-7fcec3bd8000 r--p 00004000 08:02 29369388                   /usr/lib/x86_64-linux-gnu/libXxf86vm.so.1.0.0
7fcec3bd8000-7fcec3bd9000 rw-p 00005000 08:02 29369388                   /usr/lib/x86_64-linux-gnu/libXxf86vm.so.1.0.0
7fcec3bd9000-7fcec3bfa000 r-xp 00000000 08:02 29362315                   /usr/lib/x86_64-linux-gnu/libxcb.so.1.1.0
7fcec3bfa000-7fcec3df9000 ---p 00021000 08:02 29362315                   /usr/lib/x86_64-linux-gnu/libxcb.so.1.1.0
7fcec3df9000-7fcec3dfa000 r--p 00020000 08:02 29362315                   /usr/lib/x86_64-linux-gnu/libxcb.so.1.1.0
7fcec3dfa000-7fcec3dfb000 rw-p 00021000 08:02 29362315                   /usr/lib/x86_64-linux-gnu/libxcb.so.1.1.0
7fcec3dfb000-7fcec3dff000 r-xp 00000000 08:02 29369373                   /usr/lib/x86_64-linux-gnu/libxcb-dri2.so.0.0.0
7fcec3dff000-7fcec3ffe000 ---p 00004000 08:02 29369373                   /usr/lib/x86_64-linux-gnu/libxcb-dri2.so.0.0.0
7fcec3ffe000-7fcec3fff000 r--p 00003000 08:02 29369373                   /usr/lib/x86_64-linux-gnu/libxcb-dri2.so.0.0.0
7fcec3fff000-7fcec4000000 rw-p 00004000 08:02 29369373                   /usr/lib/x86_64-linux-gnu/libxcb-dri2.so.0.0.0
7fcec4000000-7fcec4021000 rw-p 00000000 00:00 0 
7fcec4021000-7fcec8000000 ---p 00000000 00:00 0 
7fcec8000000-7fcec8021000 rw-p 00000000 00:00 0 
7fcec8021000-7fcecc000000 ---p 00000000 00:00 0 
7fcecc000000-7fcecc04e000 rw-p 00000000 00:00 0 
7fcecc04e000-7fced0000000 ---p 00000000 00:00 0 
7fced0000000-7fced029b000 rw-p 00000000 00:00 0 
7fced029b000-7fced4000000 ---p 00000000 00:00 0 
7fced4000000-7fced4142000 rw-p 00000000 00:00 0 
7fced4142000-7fced8000000 ---p 00000000 00:00 0 
7fced8000000-7fced807c000 rw-p 00000000 00:00 0 
7fced807c000-7fcedc000000 ---p 00000000 00:00 0 
7fcedc000000-7fcedc021000 rw-p 00000000 00:00 0 
7fcedc021000-7fcee0000000 ---p 00000000 00:00 0 
7fcee0000000-7fcee0021000 rw-p 00000000 00:00 0 
7fcee0021000-7fcee4000000 ---p 00000000 00:00 0 
7fcee4000000-7fcee4021000 rw-p 00000000 00:00 0 
7fcee4021000-7fcee8000000 ---p 00000000 00:00 0 
7fcee8000000-7fcee8021000 rw-p 00000000 00:00 0 
7fcee8021000-7fceec000000 ---p 00000000 00:00 0 
7fceec000000-7fceec021000 rw-p 00000000 00:00 0 
7fceec021000-7fcef0000000 ---p 00000000 00:00 0 
7fcef01d0000-7fcef01e7000 r-xp 00000000 08:02 29369376                   /usr/lib/x86_64-linux-gnu/libxcb-glx.so.0.0.0
7fcef01e7000-7fcef03e6000 ---p 00017000 08:02 29369376                   /usr/lib/x86_64-linux-gnu/libxcb-glx.so.0.0.0
7fcef03e6000-7fcef03e8000 r--p 00016000 08:02 29369376                   /usr/lib/x86_64-linux-gnu/libxcb-glx.so.0.0.0
7fcef03e8000-7fcef03e9000 rw-p 00018000 08:02 29369376                   /usr/lib/x86_64-linux-gnu/libxcb-glx.so.0.0.0
7fcef03e9000-7fcef051e000 r-xp 00000000 08:02 29362333                   /usr/lib/x86_64-linux-gnu/libX11.so.6.3.0
7fcef051e000-7fcef071e000 ---p 00135000 08:02 29362333                   /usr/lib/x86_64-linux-gnu/libX11.so.6.3.0
7fcef071e000-7fcef071f000 r--p 00135000 08:02 29362333                   /usr/lib/x86_64-linux-gnu/libX11.so.6.3.0
7fcef071f000-7fcef0723000 rw-p 00136000 08:02 29362333                   /usr/lib/x86_64-linux-gnu/libX11.so.6.3.0
7fcef0723000-7fcef0724000 r-xp 00000000 08:02 29369344                   /usr/lib/x86_64-linux-gnu/libX11-xcb.so.1.0.0
7fcef0724000-7fcef0923000 ---p 00001000 08:02 29369344                   /usr/lib/x86_64-linux-gnu/libX11-xcb.so.1.0.0
7fcef0923000-7fcef0924000 r--p 00000000 08:02 29369344                   /usr/lib/x86_64-linux-gnu/libX11-xcb.so.1.0.0
7fcef0924000-7fcef0925000 rw-p 00001000 08:02 29369344                   /usr/lib/x86_64-linux-gnu/libX11-xcb.so.1.0.0
7fcef0925000-7fcef092a000 r-xp 00000000 08:02 29364516                   /usr/lib/x86_64-linux-gnu/libXfixes.so.3.1.0
7fcef092a000-7fcef0b29000 ---p 00005000 08:02 29364516                   /usr/lib/x86_64-linux-gnu/libXfixes.so.3.1.0
7fcef0b29000-7fcef0b2a000 r--p 00004000 08:02 29364516                   /usr/lib/x86_64-linux-gnu/libXfixes.so.3.1.0
7fcef0b2a000-7fcef0b2b000 rw-p 00005000 08:02 29364516                   /usr/lib/x86_64-linux-gnu/libXfixes.so.3.1.0
7fcef0b2b000-7fcef0b2d000 r-xp 00000000 08:02 29362374                   /usr/lib/x86_64-linux-gnu/libXdamage.so.1.1.0
7fcef0b2d000-7fcef0d2c000 ---p 00002000 08:02 29362374                   /usr/lib/x86_64-linux-gnu/libXdamage.so.1.1.0
7fcef0d2c000-7fcef0d2d000 r--p 00001000 08:02 29362374                   /usr/lib/x86_64-linux-gnu/libXdamage.so.1.1.0
7fcef0d2d000-7fcef0d2e000 rw-p 00002000 08:02 29362374                   /usr/lib/x86_64-linux-gnu/libXdamage.so.1.1.0
7fcef0d2e000-7fcef0d3f000 r-xp 00000000 08:02 29362034                   /usr/lib/x86_64-linux-gnu/libXext.so.6.4.0
7fcef0d3f000-7fcef0f3e000 ---p 00011000 08:02 29362034                   /usr/lib/x86_64-linux-gnu/libXext.so.6.4.0
7fcef0f3e000-7fcef0f3f000 r--p 00010000 08:02 29362034                   /usr/lib/x86_64-linux-gnu/libXext.so.6.4.0
7fcef0f3f000-7fcef0f40000 rw-p 00011000 08:02 29362034                   /usr/lib/x86_64-linux-gnu/libXext.so.6.4.0
7fcef0f40000-7fcef0f6b000 r-xp 00000000 08:02 29366680                   /usr/lib/x86_64-linux-gnu/libglapi.so.0.0.0
7fcef0f6b000-7fcef116a000 ---p 0002b000 08:02 29366680                   /usr/lib/x86_64-linux-gnu/libglapi.so.0.0.0
7fcef116a000-7fcef116e000 r--p 0002a000 08:02 29366680                   /usr/lib/x86_64-linux-gnu/libglapi.so.0.0.0
7fcef116e000-7fcef116f000 rw-p 0002e000 08:02 29366680                   /usr/lib/x86_64-linux-gnu/libglapi.so.0.0.0
7fcef116f000-7fcef1170000 rw-p 00000000 00:00 0 
7fcef1170000-7fcef1171000 r-xp 00000000 08:02 29369369                   /usr/lib/x86_64-linux-gnu/libxshmfence.so.1.0.0
7fcef1171000-7fcef1371000 ---p 00001000 08:02 29369369                   /usr/lib/x86_64-linux-gnu/libxshmfence.so.1.0.0
7fcef1371000-7fcef1372000 r--p 00001000 08:02 29369369                   /usr/lib/x86_64-linux-gnu/libxshmfence.so.1.0.0
7fcef1372000-7fcef1373000 rw-p 00002000 08:02 29369369                   /usr/lib/x86_64-linux-gnu/libxshmfence.so.1.0.0
7fcef1373000-7fcef1378000 r-xp 00000000 08:02 29369363                   /usr/lib/x86_64-linux-gnu/libxcb-sync.so.1.0.0
7fcef1378000-7fcef1578000 ---p 00005000 08:02 29369363                   /usr/lib/x86_64-linux-gnu/libxcb-sync.so.1.0.0
7fcef1578000-7fcef1579000 r--p 00005000 08:02 29369363                   /usr/lib/x86_64-linux-gnu/libxcb-sync.so.1.0.0
7fcef1579000-7fcef157a000 rw-p 00006000 08:02 29369363                   /usr/lib/x86_64-linux-gnu/libxcb-sync.so.1.0.0
7fcef157a000-7fcef157c000 r-xp 00000000 08:02 29369366                   /usr/lib/x86_64-linux-gnu/libxcb-present.so.0.0.0
7fcef157c000-7fcef177b000 ---p 00002000 08:02 29369366                   /usr/lib/x86_64-linux-gnu/libxcb-present.so.0.0.0
7fcef177b000-7fcef177c000 r--p 00001000 08:02 29369366                   /usr/lib/x86_64-linux-gnu/libxcb-present.so.0.0.0
7fcef177c000-7fcef177d000 rw-p 00002000 08:02 29369366                   /usr/lib/x86_64-linux-gnu/libxcb-present.so.0.0.0
7fcef177d000-7fcef177f000 r-xp 00000000 08:02 29369348                   /usr/lib/x86_64-linux-gnu/libxcb-dri3.so.0.0.0
7fcef177f000-7fcef197e000 ---p 00002000 08:02 29369348                   /usr/lib/x86_64-linux-gnu/libxcb-dri3.so.0.0.0
7fcef197e000-7fcef197f000 r--p 00001000 08:02 29369348                   /usr/lib/x86_64-linux-gnu/libxcb-dri3.so.0.0.0
7fcef197f000-7fcef1980000 rw-p 00002000 08:02 29369348                   /usr/lib/x86_64-linux-gnu/libxcb-dri3.so.0.0.0
7fcef1980000-7fcef19a6000 r-xp 00000000 08:02 30670951                   /lib/x86_64-linux-gnu/libexpat.so.1.6.0
7fcef19a6000-7fcef1ba6000 ---p 00026000 08:02 30670951                   /lib/x86_64-linux-gnu/libexpat.so.1.6.0
7fcef1ba6000-7fcef1ba8000 r--p 00026000 08:02 30670951                   /lib/x86_64-linux-gnu/libexpat.so.1.6.0
7fcef1ba8000-7fcef1ba9000 rw-p 00028000 08:02 30670951                   /lib/x86_64-linux-gnu/libexpat.so.1.6.0
7fcef1ba9000-7fcef1c15000 r-xp 00000000 08:02 29753609                   /usr/lib/x86_64-linux-gnu/mesa/libGL.so.1.2.0
7fcef1c15000-7fcef1e14000 ---p 0006c000 08:02 29753609                   /usr/lib/x86_64-linux-gnu/mesa/libGL.so.1.2.0
7fcef1e14000-7fcef1e17000 r--p 0006b000 08:02 29753609                   /usr/lib/x86_64-linux-gnu/mesa/libGL.so.1.2.0
7fcef1e17000-7fcef1e18000 rw-p 0006e000 08:02 29753609                   /usr/lib/x86_64-linux-gnu/mesa/libGL.so.1.2.0
7fcef1e18000-7fcef1e19000 rw-p 00000000 00:00 0 
7fcef1e19000-7fcef1e82000 r-xp 00000000 08:02 40108664                   /tmp/lwjgljokl/3.1.1-build-16/liblwjgl_opengl.so
7fcef1e82000-7fcef2081000 ---p 00069000 08:02 40108664                   /tmp/lwjgljokl/3.1.1-build-16/liblwjgl_opengl.so
7fcef2081000-7fcef2082000 r--p 00068000 08:02 40108664                   /tmp/lwjgljokl/3.1.1-build-16/liblwjgl_opengl.so
7fcef2082000-7fcef2083000 rw-p 00069000 08:02 40108664                   /tmp/lwjgljokl/3.1.1-build-16/liblwjgl_opengl.so
7fcef2083000-7fcef2099000 r-xp 00000000 08:02 30675021                   /lib/x86_64-linux-gnu/libgcc_s.so.1
7fcef2099000-7fcef2298000 ---p 00016000 08:02 30675021                   /lib/x86_64-linux-gnu/libgcc_s.so.1
7fcef2298000-7fcef2299000 rw-p 00015000 08:02 30675021                   /lib/x86_64-linux-gnu/libgcc_s.so.1
7fcef22bf000-7fcef230a000 r-xp 00000000 08:02 40108661                   /tmp/lwjgljokl/3.1.1-build-16/liblwjgl.so
7fcef230a000-7fcef250a000 ---p 0004b000 08:02 40108661                   /tmp/lwjgljokl/3.1.1-build-16/liblwjgl.so
7fcef250a000-7fcef250b000 r--p 0004b000 08:02 40108661                   /tmp/lwjgljokl/3.1.1-build-16/liblwjgl.so
7fcef250b000-7fcef250c000 rw-p 0004c000 08:02 40108661                   /tmp/lwjgljokl/3.1.1-build-16/liblwjgl.so
7fcef250c000-7fcef251d000 r-xp 00000000 08:02 30671266                   /usr/lib/jvm/java-8-oracle/jre/lib/amd64/libnio.so
7fcef251d000-7fcef271c000 ---p 00011000 08:02 30671266                   /usr/lib/jvm/java-8-oracle/jre/lib/amd64/libnio.so
7fcef271c000-7fcef271d000 rw-p 00010000 08:02 30671266                   /usr/lib/jvm/java-8-oracle/jre/lib/amd64/libnio.so
7fcef271d000-7fcef2720000 ---p 00000000 00:00 0 
7fcef2720000-7fcef2b1f000 rw-p 00000000 00:00 0 
7fcef2b1f000-7fcef2b35000 r-xp 00000000 08:02 30671319                   /usr/lib/jvm/java-8-oracle/jre/lib/amd64/libnet.so
7fcef2b35000-7fcef2d35000 ---p 00016000 08:02 30671319                   /usr/lib/jvm/java-8-oracle/jre/lib/amd64/libnet.so
7fcef2d35000-7fcef2d36000 rw-p 00016000 08:02 30671319                   /usr/lib/jvm/java-8-oracle/jre/lib/amd64/libnet.so
7fcef2d36000-7fcef2d37000 ---p 00000000 00:00 0 
7fcef2d37000-7fcef2e37000 rw-p 00000000 00:00 0 
7fcef2e37000-7fcef2e3a000 ---p 00000000 00:00 0 
7fcef2e3a000-7fcef2f38000 rw-p 00000000 00:00 0 
7fcef2f38000-7fcef2f3b000 ---p 00000000 00:00 0 
7fcef2f3b000-7fcef3039000 rw-p 00000000 00:00 0 
7fcef3039000-7fcef303c000 ---p 00000000 00:00 0 
7fcef303c000-7fcef313a000 rw-p 00000000 00:00 0 
7fcef313a000-7fcef313d000 ---p 00000000 00:00 0 
7fcef313d000-7fcef323b000 rw-p 00000000 00:00 0 
7fcef323b000-7fcef323e000 ---p 00000000 00:00 0 
7fcef323e000-7fcef333c000 rw-p 00000000 00:00 0 
7fcef333c000-7fcef333f000 ---p 00000000 00:00 0 
7fcef333f000-7fcef343d000 rw-p 00000000 00:00 0 
7fcef343d000-7fcef3846000 r--p 00000000 08:02 29361958                   /usr/lib/locale/locale-archive
7fcef3846000-7fcef3849000 ---p 00000000 00:00 0 
7fcef3849000-7fcef3947000 rw-p 00000000 00:00 0 
7fcef3947000-7fcef394a000 ---p 00000000 00:00 0 
7fcef394a000-7fcef3a48000 rw-p 00000000 00:00 0 
7fcef3a48000-7fcef3a49000 ---p 00000000 00:00 0 
7fcef3a49000-7fcef8000000 rw-p 00000000 00:00 0 
7fcef8000000-7fcef8021000 rw-p 00000000 00:00 0 
7fcef8021000-7fcefc000000 ---p 00000000 00:00 0 
7fcefc000000-7fcefc021000 rw-p 00000000 00:00 0 
7fcefc021000-7fcf00000000 ---p 00000000 00:00 0 
7fcf00000000-7fcf00021000 rw-p 00000000 00:00 0 
7fcf00021000-7fcf04000000 ---p 00000000 00:00 0 
7fcf04000000-7fcf04021000 rw-p 00000000 00:00 0 
7fcf04021000-7fcf08000000 ---p 00000000 00:00 0 
7fcf08000000-7fcf08021000 rw-p 00000000 00:00 0 
7fcf08021000-7fcf0c000000 ---p 00000000 00:00 0 
7fcf0c000000-7fcf0c021000 rw-p 00000000 00:00 0 
7fcf0c021000-7fcf10000000 ---p 00000000 00:00 0 
7fcf10000000-7fcf10021000 rw-p 00000000 00:00 0 
7fcf10021000-7fcf14000000 ---p 00000000 00:00 0 
7fcf1401f000-7fcf14022000 r--s 0001a000 08:02 30280401                   /usr/lib/jvm/java-8-oracle/jre/lib/jce.jar
7fcf14022000-7fcf14026000 r--s 00097000 08:02 30280400                   /usr/lib/jvm/java-8-oracle/jre/lib/jsse.jar
7fcf14026000-7fcf1402a000 r--s 0002a000 08:02 4066773                    /home/jokl/lwjgl3/lwjgl-assimp.jar
7fcf1402a000-7fcf1402d000 r--s 0001f000 08:02 4066780                    /home/jokl/lwjgl3/lwjgl-bgfx.jar
7fcf1402d000-7fcf14031000 r--s 0001b000 08:02 4066791                    /home/jokl/lwjgl3/lwjgl-egl.jar
7fcf14031000-7fcf14034000 r--s 00015000 08:02 4066802                    /home/jokl/lwjgl3/lwjgl-glfw.jar
7fcf14034000-7fcf14035000 r--s 002ae000 08:02 4066805                    /home/jokl/lwjgl3/lwjgl-assimp-natives-linux.jar
7fcf14035000-7fcf14036000 r--s 00042000 08:02 4066806                    /home/jokl/lwjgl3/lwjgl-bgfx-natives-linux.jar
7fcf14036000-7fcf14037000 r--s 0000e000 08:02 4066808                    /home/jokl/lwjgl3/lwjgl-glfw-natives-linux.jar
7fcf14037000-7fcf14038000 r--s 00005000 08:02 4066811                    /home/jokl/lwjgl3/lwjgl-jawt.jar
7fcf14038000-7fcf1403a000 r--s 00007000 08:02 4066815                    /home/jokl/lwjgl3/lwjgl-jemalloc.jar
7fcf1403a000-7fcf1403b000 r--s 00019000 08:02 4066819                    /home/jokl/lwjgl3/lwjgl-jemalloc-natives-linux.jar
7fcf1403b000-7fcf1403d000 r--s 00005000 08:02 4066820                    /home/jokl/lwjgl3/lwjgl-lmdb.jar
7fcf1403d000-7fcf1403f000 r--s 00008000 08:02 4066823                    /home/jokl/lwjgl3/lwjgl-nanovg.jar
7fcf1403f000-7fcf14040000 r--s 0000d000 08:02 4066825                    /home/jokl/lwjgl3/lwjgl-lmdb-natives-linux.jar
7fcf14040000-7fcf14041000 r--s 00001000 08:02 4066828                    /home/jokl/lwjgl3/lwjgl-nfd.jar
7fcf14041000-7fcf14042000 r--s 0001f000 08:02 4066831                    /home/jokl/lwjgl3/lwjgl-nanovg-natives-linux.jar
7fcf14042000-7fcf14047000 r--s 00054000 08:02 4066833                    /home/jokl/lwjgl3/lwjgl-nuklear.jar
7fcf14047000-7fcf14048000 r--s 00001000 08:02 4066835                    /home/jokl/lwjgl3/lwjgl-nfd-natives-linux.jar
7fcf14048000-7fcf1404a000 r--s 00010000 08:02 4066837                    /home/jokl/lwjgl3/lwjgl-openal.jar
7fcf1404a000-7fcf1404b000 r--s 0001f000 08:02 4066838                    /home/jokl/lwjgl3/lwjgl-nuklear-natives-linux.jar
7fcf1404b000-7fcf1404c000 r--s 0004a000 08:02 4066840                    /home/jokl/lwjgl3/lwjgl-openal-natives-linux.jar
7fcf1404c000-7fcf15000000 rw-p 00000000 00:00 0 
7fcf15000000-7fcf15270000 rwxp 00000000 00:00 0 
7fcf15270000-7fcf24000000 ---p 00000000 00:00 0 
7fcf24000000-7fcf245f1000 rw-p 00000000 00:00 0 
7fcf245f1000-7fcf28000000 ---p 00000000 00:00 0 
7fcf28000000-7fcf28003000 r--s 00023000 08:02 4066843                    /home/jokl/lwjgl3/lwjgl-opencl.jar
7fcf28003000-7fcf28004000 r--s 00015000 08:02 4066846                    /home/jokl/lwjgl3/lwjgl-opengl-natives-linux.jar
7fcf28004000-7fcf28005000 r--s 00007000 08:02 4066848                    /home/jokl/lwjgl3/lwjgl-opengles-natives-linux.jar
7fcf28005000-7fcf2800e000 r--s 000ba000 08:02 4066849                    /home/jokl/lwjgl3/lwjgl-opengl.jar
7fcf2800e000-7fcf28014000 r--s 00048000 08:02 4066851                    /home/jokl/lwjgl3/lwjgl-opengles.jar
7fcf28014000-7fcf28016000 r--s 00001000 08:02 4066854                    /home/jokl/lwjgl3/lwjgl-par.jar
7fcf28016000-7fcf285cd000 rw-p 00000000 00:00 0 
7fcf285cd000-7fcf287a6000 r--s 03d1f000 08:02 30280120                   /usr/lib/jvm/java-8-oracle/jre/lib/rt.jar
7fcf287a6000-7fcf28f5c000 rw-p 00000000 00:00 0 
7fcf28f5c000-7fcf2901c000 ---p 00000000 00:00 0 
7fcf2901c000-7fcf293f7000 rw-p 00000000 00:00 0 
7fcf293f7000-7fcf293f8000 ---p 00000000 00:00 0 
7fcf293f8000-7fcf294f8000 rw-p 00000000 00:00 0 
7fcf294f8000-7fcf294f9000 ---p 00000000 00:00 0 
7fcf294f9000-7fcf295f9000 rw-p 00000000 00:00 0 
7fcf295f9000-7fcf295fa000 ---p 00000000 00:00 0 
7fcf295fa000-7fcf296fa000 rw-p 00000000 00:00 0 
7fcf296fa000-7fcf296fb000 ---p 00000000 00:00 0 
7fcf296fb000-7fcf297fb000 rw-p 00000000 00:00 0 
7fcf297fb000-7fcf297fc000 ---p 00000000 00:00 0 
7fcf297fc000-7fcf298fc000 rw-p 00000000 00:00 0 
7fcf298fc000-7fcf298fd000 ---p 00000000 00:00 0 
7fcf298fd000-7fcf299fd000 rw-p 00000000 00:00 0 
7fcf299fd000-7fcf299fe000 ---p 00000000 00:00 0 
7fcf299fe000-7fcf29afe000 rw-p 00000000 00:00 0 
7fcf29afe000-7fcf29aff000 ---p 00000000 00:00 0 
7fcf29aff000-7fcf29c29000 rw-p 00000000 00:00 0 
7fcf29c29000-7fcf29e91000 ---p 00000000 00:00 0 
7fcf29e91000-7fcf29ebb000 rw-p 00000000 00:00 0 
7fcf29ebb000-7fcf2a123000 ---p 00000000 00:00 0 
7fcf2a123000-7fcf2a138000 rw-p 00000000 00:00 0 
7fcf2a138000-7fcf2a26c000 ---p 00000000 00:00 0 
7fcf2a26c000-7fcf2a277000 rw-p 00000000 00:00 0 
7fcf2a277000-7fcf2a62d000 ---p 00000000 00:00 0 
7fcf2a62d000-7fcf2a647000 r-xp 00000000 08:02 30671331                   /usr/lib/jvm/java-8-oracle/jre/lib/amd64/libzip.so
7fcf2a647000-7fcf2a847000 ---p 0001a000 08:02 30671331                   /usr/lib/jvm/java-8-oracle/jre/lib/amd64/libzip.so
7fcf2a847000-7fcf2a848000 rw-p 0001a000 08:02 30671331                   /usr/lib/jvm/java-8-oracle/jre/lib/amd64/libzip.so
7fcf2a848000-7fcf2a853000 r-xp 00000000 08:02 30679080                   /lib/x86_64-linux-gnu/libnss_files-2.23.so
7fcf2a853000-7fcf2aa52000 ---p 0000b000 08:02 30679080                   /lib/x86_64-linux-gnu/libnss_files-2.23.so
7fcf2aa52000-7fcf2aa53000 r--p 0000a000 08:02 30679080                   /lib/x86_64-linux-gnu/libnss_files-2.23.so
7fcf2aa53000-7fcf2aa54000 rw-p 0000b000 08:02 30679080                   /lib/x86_64-linux-gnu/libnss_files-2.23.so
7fcf2aa54000-7fcf2aa5a000 rw-p 00000000 00:00 0 
7fcf2aa5a000-7fcf2aa65000 r-xp 00000000 08:02 30679053                   /lib/x86_64-linux-gnu/libnss_nis-2.23.so
7fcf2aa65000-7fcf2ac64000 ---p 0000b000 08:02 30679053                   /lib/x86_64-linux-gnu/libnss_nis-2.23.so
7fcf2ac64000-7fcf2ac65000 r--p 0000a000 08:02 30679053                   /lib/x86_64-linux-gnu/libnss_nis-2.23.so
7fcf2ac65000-7fcf2ac66000 rw-p 0000b000 08:02 30679053                   /lib/x86_64-linux-gnu/libnss_nis-2.23.so
7fcf2ac66000-7fcf2ac7c000 r-xp 00000000 08:02 30679073                   /lib/x86_64-linux-gnu/libnsl-2.23.so
7fcf2ac7c000-7fcf2ae7b000 ---p 00016000 08:02 30679073                   /lib/x86_64-linux-gnu/libnsl-2.23.so
7fcf2ae7b000-7fcf2ae7c000 r--p 00015000 08:02 30679073                   /lib/x86_64-linux-gnu/libnsl-2.23.so
7fcf2ae7c000-7fcf2ae7d000 rw-p 00016000 08:02 30679073                   /lib/x86_64-linux-gnu/libnsl-2.23.so
7fcf2ae7d000-7fcf2ae7f000 rw-p 00000000 00:00 0 
7fcf2ae7f000-7fcf2ae87000 r-xp 00000000 08:02 30679075                   /lib/x86_64-linux-gnu/libnss_compat-2.23.so
7fcf2ae87000-7fcf2b086000 ---p 00008000 08:02 30679075                   /lib/x86_64-linux-gnu/libnss_compat-2.23.so
7fcf2b086000-7fcf2b087000 r--p 00007000 08:02 30679075                   /lib/x86_64-linux-gnu/libnss_compat-2.23.so
7fcf2b087000-7fcf2b088000 rw-p 00008000 08:02 30679075                   /lib/x86_64-linux-gnu/libnss_compat-2.23.so
7fcf2b088000-7fcf2b0b2000 r-xp 00000000 08:02 30671299                   /usr/lib/jvm/java-8-oracle/jre/lib/amd64/libjava.so
7fcf2b0b2000-7fcf2b2b2000 ---p 0002a000 08:02 30671299                   /usr/lib/jvm/java-8-oracle/jre/lib/amd64/libjava.so
7fcf2b2b2000-7fcf2b2b4000 rw-p 0002a000 08:02 30671299                   /usr/lib/jvm/java-8-oracle/jre/lib/amd64/libjava.so
7fcf2b2b4000-7fcf2b2c1000 r-xp 00000000 08:02 30671316                   /usr/lib/jvm/java-8-oracle/jre/lib/amd64/libverify.so
7fcf2b2c1000-7fcf2b4c1000 ---p 0000d000 08:02 30671316                   /usr/lib/jvm/java-8-oracle/jre/lib/amd64/libverify.so
7fcf2b4c1000-7fcf2b4c3000 rw-p 0000d000 08:02 30671316                   /usr/lib/jvm/java-8-oracle/jre/lib/amd64/libverify.so
7fcf2b4c3000-7fcf2b4ca000 r-xp 00000000 08:02 30679052                   /lib/x86_64-linux-gnu/librt-2.23.so
7fcf2b4ca000-7fcf2b6c9000 ---p 00007000 08:02 30679052                   /lib/x86_64-linux-gnu/librt-2.23.so
7fcf2b6c9000-7fcf2b6ca000 r--p 00006000 08:02 30679052                   /lib/x86_64-linux-gnu/librt-2.23.so
7fcf2b6ca000-7fcf2b6cb000 rw-p 00007000 08:02 30679052                   /lib/x86_64-linux-gnu/librt-2.23.so
7fcf2b6cb000-7fcf2b7d3000 r-xp 00000000 08:02 30679069                   /lib/x86_64-linux-gnu/libm-2.23.so
7fcf2b7d3000-7fcf2b9d2000 ---p 00108000 08:02 30679069                   /lib/x86_64-linux-gnu/libm-2.23.so
7fcf2b9d2000-7fcf2b9d3000 r--p 00107000 08:02 30679069                   /lib/x86_64-linux-gnu/libm-2.23.so
7fcf2b9d3000-7fcf2b9d4000 rw-p 00108000 08:02 30679069                   /lib/x86_64-linux-gnu/libm-2.23.so
7fcf2b9d4000-7fcf2c694000 r-xp 00000000 08:02 30671329                   /usr/lib/jvm/java-8-oracle/jre/lib/amd64/server/libjvm.so
7fcf2c694000-7fcf2c894000 ---p 00cc0000 08:02 30671329                   /usr/lib/jvm/java-8-oracle/jre/lib/amd64/server/libjvm.so
7fcf2c894000-7fcf2c96c000 rw-p 00cc0000 08:02 30671329                   /usr/lib/jvm/java-8-oracle/jre/lib/amd64/server/libjvm.so
7fcf2c96c000-7fcf2c9b7000 rw-p 00000000 00:00 0 
7fcf2c9b7000-7fcf2cb76000 r-xp 00000000 08:02 30679059                   /lib/x86_64-linux-gnu/libc-2.23.so
7fcf2cb76000-7fcf2cd76000 ---p 001bf000 08:02 30679059                   /lib/x86_64-linux-gnu/libc-2.23.so
7fcf2cd76000-7fcf2cd7a000 r--p 001bf000 08:02 30679059                   /lib/x86_64-linux-gnu/libc-2.23.so
7fcf2cd7a000-7fcf2cd7c000 rw-p 001c3000 08:02 30679059                   /lib/x86_64-linux-gnu/libc-2.23.so
7fcf2cd7c000-7fcf2cd80000 rw-p 00000000 00:00 0 
7fcf2cd80000-7fcf2cd83000 r-xp 00000000 08:02 30679057                   /lib/x86_64-linux-gnu/libdl-2.23.so
7fcf2cd83000-7fcf2cf82000 ---p 00003000 08:02 30679057                   /lib/x86_64-linux-gnu/libdl-2.23.so
7fcf2cf82000-7fcf2cf83000 r--p 00002000 08:02 30679057                   /lib/x86_64-linux-gnu/libdl-2.23.so
7fcf2cf83000-7fcf2cf84000 rw-p 00003000 08:02 30679057                   /lib/x86_64-linux-gnu/libdl-2.23.so
7fcf2cf84000-7fcf2cf99000 r-xp 00000000 08:02 30148990                   /usr/lib/jvm/java-8-oracle/lib/amd64/jli/libjli.so
7fcf2cf99000-7fcf2d199000 ---p 00015000 08:02 30148990                   /usr/lib/jvm/java-8-oracle/lib/amd64/jli/libjli.so
7fcf2d199000-7fcf2d19a000 rw-p 00015000 08:02 30148990                   /usr/lib/jvm/java-8-oracle/lib/amd64/jli/libjli.so
7fcf2d19a000-7fcf2d1b2000 r-xp 00000000 08:02 30679071                   /lib/x86_64-linux-gnu/libpthread-2.23.so
7fcf2d1b2000-7fcf2d3b1000 ---p 00018000 08:02 30679071                   /lib/x86_64-linux-gnu/libpthread-2.23.so
7fcf2d3b1000-7fcf2d3b2000 r--p 00017000 08:02 30679071                   /lib/x86_64-linux-gnu/libpthread-2.23.so
7fcf2d3b2000-7fcf2d3b3000 rw-p 00018000 08:02 30679071                   /lib/x86_64-linux-gnu/libpthread-2.23.so
7fcf2d3b3000-7fcf2d3b7000 rw-p 00000000 00:00 0 
7fcf2d3b7000-7fcf2d3dd000 r-xp 00000000 08:02 30676128                   /lib/x86_64-linux-gnu/ld-2.23.so
7fcf2d3dd000-7fcf2d3de000 r--s 00005000 08:02 4066856                    /home/jokl/lwjgl3/lwjgl-par-natives-linux.jar
7fcf2d3de000-7fcf2d3df000 r--s 00000000 08:02 4066858                    /home/jokl/lwjgl3/lwjgl-sse.jar
7fcf2d3df000-7fcf2d3e0000 r--s 00000000 08:02 4066859                    /home/jokl/lwjgl3/lwjgl-sse-natives-linux.jar
7fcf2d3e0000-7fcf2d3e3000 r--s 00012000 08:02 4066862                    /home/jokl/lwjgl3/lwjgl-stb.jar
7fcf2d3e3000-7fcf2d3e4000 r--s 00001000 08:02 4066865                    /home/jokl/lwjgl3/lwjgl-tinyfd.jar
7fcf2d3e4000-7fcf2d4af000 rw-p 00000000 00:00 0 
7fcf2d4af000-7fcf2d4b2000 ---p 00000000 00:00 0 
7fcf2d4b2000-7fcf2d5b4000 rw-p 00000000 00:00 0 
7fcf2d5b4000-7fcf2d5b5000 r--s 00007000 08:02 4066866                    /home/jokl/lwjgl3/lwjgl-tinyfd-natives-linux.jar
7fcf2d5b5000-7fcf2d5b6000 r--s 0002c000 08:02 4066867                    /home/jokl/lwjgl3/lwjgl-stb-natives-linux.jar
7fcf2d5b6000-7fcf2d5bf000 r--s 000a6000 08:02 4066871                    /home/jokl/lwjgl3/lwjgl-vulkan.jar
7fcf2d5bf000-7fcf2d5c0000 r--s 00004000 08:02 4066874                    /home/jokl/lwjgl3/lwjgl-xxhash.jar
7fcf2d5c0000-7fcf2d5c1000 r--s 00001000 08:02 4066876                    /home/jokl/lwjgl3/lwjgl-xxhash-natives-linux.jar
7fcf2d5c1000-7fcf2d5c5000 r--s 0003d000 08:02 4066880                    /home/jokl/lwjgl3/lwjgl.jar
7fcf2d5c5000-7fcf2d5c6000 r--s 00011000 08:02 4066881                    /home/jokl/lwjgl3/lwjgl-natives-linux.jar
7fcf2d5c6000-7fcf2d5c8000 r--s 0000c000 08:02 3801877                    /home/jokl/.p2/pool/plugins/org.hamcrest.core_1.3.0.v201303031735.jar
7fcf2d5c8000-7fcf2d5d0000 r--s 00045000 08:02 3802761                    /home/jokl/.p2/pool/plugins/org.junit_4.12.0.v201504281640/junit.jar
7fcf2d5d0000-7fcf2d5d8000 rw-s 00000000 08:02 32508614                   /tmp/hsperfdata_jokl/12146
7fcf2d5d8000-7fcf2d5d9000 rw-p 00000000 00:00 0 
7fcf2d5d9000-7fcf2d5da000 r--p 00000000 00:00 0 
7fcf2d5da000-7fcf2d5dc000 rw-p 00000000 00:00 0 
7fcf2d5dc000-7fcf2d5dd000 r--p 00025000 08:02 30676128                   /lib/x86_64-linux-gnu/ld-2.23.so
7fcf2d5dd000-7fcf2d5de000 rw-p 00026000 08:02 30676128                   /lib/x86_64-linux-gnu/ld-2.23.so
7fcf2d5de000-7fcf2d5df000 rw-p 00000000 00:00 0 
7fffad06b000-7fffad08d000 rw-p 00000000 00:00 0                          [stack]
7fffad1db000-7fffad1dd000 r--p 00000000 00:00 0                          [vvar]
7fffad1dd000-7fffad1df000 r-xp 00000000 00:00 0                          [vdso]
ffffffffff600000-ffffffffff601000 r-xp 00000000 00:00 0                  [vsyscall]

VM Arguments:
jvm_args: -ea -Dfile.encoding=UTF-8 
java_command: org.eclipse.jdt.internal.junit.runner.RemoteTestRunner -version 3 -port 38635 -testLoaderClass org.eclipse.jdt.internal.junit4.runner.JUnit4TestLoader -loaderpluginname org.eclipse.jdt.junit4.runtime -classNames bomber.AI.tests.AITestSuite
java_class_path (initial): /home/jokl/newWorkspace/b1/bin:/home/jokl/.p2/pool/plugins/org.junit_4.12.0.v201504281640/junit.jar:/home/jokl/.p2/pool/plugins/org.hamcrest.core_1.3.0.v201303031735.jar:/home/jokl/lwjgl3/lwjgl-natives-linux.jar:/home/jokl/lwjgl3/lwjgl.jar:/home/jokl/lwjgl3/lwjgl-xxhash-natives-linux.jar:/home/jokl/lwjgl3/lwjgl-xxhash.jar:/home/jokl/lwjgl3/lwjgl-vulkan.jar:/home/jokl/lwjgl3/lwjgl-stb-natives-linux.jar:/home/jokl/lwjgl3/lwjgl-tinyfd-natives-linux.jar:/home/jokl/lwjgl3/lwjgl-tinyfd.jar:/home/jokl/lwjgl3/lwjgl-stb.jar:/home/jokl/lwjgl3/lwjgl-sse-natives-linux.jar:/home/jokl/lwjgl3/lwjgl-sse.jar:/home/jokl/lwjgl3/lwjgl-par-natives-linux.jar:/home/jokl/lwjgl3/lwjgl-par.jar:/home/jokl/lwjgl3/lwjgl-opengles.jar:/home/jokl/lwjgl3/lwjgl-opengl.jar:/home/jokl/lwjgl3/lwjgl-opengles-natives-linux.jar:/home/jokl/lwjgl3/lwjgl-opengl-natives-linux.jar:/home/jokl/lwjgl3/lwjgl-opencl.jar:/home/jokl/lwjgl3/lwjgl-openal-natives-linux.jar:/home/jokl/lwjgl3/lwjgl-nuklear-natives-linux.jar:/home/jokl/lwjgl3/lwjgl-openal.jar:/home/jokl/lwjgl3/lwjgl-nfd-natives-linux.jar:/home/jokl/lwjgl3/lwjgl-nuklear.jar:/home/jokl/lwjgl3/lwjgl-nanovg-natives-linux.jar:/home/jokl/lwjgl3/lwjgl-nfd.jar:/home/jokl/lwjgl3/lwjgl-lmdb-natives-linux.jar:/home/jokl/lwjgl3/lwjgl-nanovg.jar:/home/jokl/lwjgl3/lwjgl-lmdb.jar:/home/jokl/lwjgl3/lwjgl-jemalloc-natives-linux.jar:/home/jokl/lwjgl3/lwjgl-jemalloc.jar:/home/jokl/lwjgl3/lwjgl-jawt.jar:/home/jokl/lwjgl3/lwjgl-glfw-natives-linux.jar:/home/jokl/lwjgl3/lwjgl-bgfx-natives-linux.jar:/home/jokl/lwjgl3/lwjgl-assimp-natives-linux.jar:/home/jokl/lwjgl3/lwjgl-glfw.jar:/home/jokl/lwjgl3/lwjgl-egl.jar:/home/jokl/lwjgl3/lwjgl-bgfx.jar:/home/jokl/lwjgl3/lwjgl-assimp.jar:/home/jokl/eclipse/java-neon/eclipse/configuration/org.eclipse.osgi/212/0/.cp/:/home/jokl/eclipse/java-neon/eclipse/configuration/org.eclipse.osgi/211/0/.cp/
Launcher Type: SUN_STANDARD

Environment Variables:
PATH=/home/jokl/.opam/4.01.0/bin:/usr/local/sbin:/usr/local/bin:/usr/sbin:/usr/bin:/sbin:/bin:/usr/games:/usr/local/games:/snap/bin:/opt/clion-2016.3.2/bin:/opt/idea-IU-163.10154.41/bin:/home/jokl/eclipse/java-neon/eclipse
SHELL=/bin/bash
DISPLAY=:0

Signal Handlers:
SIGSEGV: [libjvm.so+0xabca10], sa_mask[0]=11111111011111111101111111111110, sa_flags=SA_RESTART|SA_SIGINFO
SIGBUS: [libjvm.so+0xabca10], sa_mask[0]=11111111011111111101111111111110, sa_flags=SA_RESTART|SA_SIGINFO
SIGFPE: [libjvm.so+0x919a20], sa_mask[0]=11111111011111111101111111111110, sa_flags=SA_RESTART|SA_SIGINFO
SIGPIPE: [libjvm.so+0x919a20], sa_mask[0]=11111111011111111101111111111110, sa_flags=SA_RESTART|SA_SIGINFO
SIGXFSZ: [libjvm.so+0x919a20], sa_mask[0]=11111111011111111101111111111110, sa_flags=SA_RESTART|SA_SIGINFO
SIGILL: [libjvm.so+0x919a20], sa_mask[0]=11111111011111111101111111111110, sa_flags=SA_RESTART|SA_SIGINFO
SIGUSR1: SIG_DFL, sa_mask[0]=00000000000000000000000000000000, sa_flags=none
SIGUSR2: [libjvm.so+0x91b050], sa_mask[0]=00100000000000000000000000000000, sa_flags=SA_RESTART|SA_SIGINFO
SIGHUP: [libjvm.so+0x91c450], sa_mask[0]=11111111011111111101111111111110, sa_flags=SA_RESTART|SA_SIGINFO
SIGINT: [libjvm.so+0x91c450], sa_mask[0]=11111111011111111101111111111110, sa_flags=SA_RESTART|SA_SIGINFO
SIGTERM: [libjvm.so+0x91c450], sa_mask[0]=11111111011111111101111111111110, sa_flags=SA_RESTART|SA_SIGINFO
SIGQUIT: [libjvm.so+0x91c450], sa_mask[0]=11111111011111111101111111111110, sa_flags=SA_RESTART|SA_SIGINFO


---------------  S Y S T E M  ---------------

OS:DISTRIB_ID=Ubuntu
DISTRIB_RELEASE=16.04
DISTRIB_CODENAME=xenial
DISTRIB_DESCRIPTION="Ubuntu 16.04.1 LTS"

uname:Linux 4.4.0-62-generic #83-Ubuntu SMP Wed Jan 18 14:10:15 UTC 2017 x86_64
libc:glibc 2.23 NPTL 2.23 
rlimit: STACK 8192k, CORE 0k, NPROC 31026, NOFILE 65536, AS infinity
load average:0.84 1.41 1.26

/proc/meminfo:
MemTotal:        8084940 kB
MemFree:          821756 kB
MemAvailable:    2129732 kB
Buffers:          125680 kB
Cached:          1894624 kB
SwapCached:         1304 kB
Active:          5290700 kB
Inactive:        1687896 kB
Active(anon):    4386824 kB
Inactive(anon):  1115492 kB
Active(file):     903876 kB
Inactive(file):   572404 kB
Unevictable:           0 kB
Mlocked:               0 kB
SwapTotal:       8298492 kB
SwapFree:        8280984 kB
Dirty:               296 kB
Writeback:             0 kB
AnonPages:       4956976 kB
Mapped:           472956 kB
Shmem:            544024 kB
Slab:             154420 kB
SReclaimable:     110236 kB
SUnreclaim:        44184 kB
KernelStack:       11936 kB
PageTables:        43088 kB
NFS_Unstable:          0 kB
Bounce:                0 kB
WritebackTmp:          0 kB
CommitLimit:    12340960 kB
Committed_AS:    7860168 kB
VmallocTotal:   34359738367 kB
VmallocUsed:           0 kB
VmallocChunk:          0 kB
HardwareCorrupted:     0 kB
AnonHugePages:   3670016 kB
CmaTotal:              0 kB
CmaFree:               0 kB
HugePages_Total:       0
HugePages_Free:        0
HugePages_Rsvd:        0
HugePages_Surp:        0
Hugepagesize:       2048 kB
DirectMap4k:      166656 kB
DirectMap2M:     4986880 kB
DirectMap1G:     4194304 kB


CPU:total 8 (4 cores per cpu, 2 threads per core) family 6 model 60 stepping 3, cmov, cx8, fxsr, mmx, sse, sse2, sse3, ssse3, sse4.1, sse4.2, popcnt, avx, avx2, aes, clmul, erms, lzcnt, ht, tsc, tscinvbit, bmi1, bmi2

/proc/cpuinfo:
processor	: 0
vendor_id	: GenuineIntel
cpu family	: 6
model		: 60
model name	: Intel(R) Core(TM) i7-4710HQ CPU @ 2.50GHz
stepping	: 3
microcode	: 0x1c
cpu MHz		: 3317.285
cache size	: 6144 KB
physical id	: 0
siblings	: 8
core id		: 0
cpu cores	: 4
apicid		: 0
initial apicid	: 0
fpu		: yes
fpu_exception	: yes
cpuid level	: 13
wp		: yes
flags		: fpu vme de pse tsc msr pae mce cx8 apic sep mtrr pge mca cmov pat pse36 clflush dts acpi mmx fxsr sse sse2 ss ht tm pbe syscall nx pdpe1gb rdtscp lm constant_tsc arch_perfmon pebs bts rep_good nopl xtopology nonstop_tsc aperfmperf eagerfpu pni pclmulqdq dtes64 monitor ds_cpl vmx est tm2 ssse3 sdbg fma cx16 xtpr pdcm pcid sse4_1 sse4_2 x2apic movbe popcnt tsc_deadline_timer aes xsave avx f16c rdrand lahf_lm abm epb tpr_shadow vnmi flexpriority ept vpid fsgsbase tsc_adjust bmi1 avx2 smep bmi2 erms invpcid xsaveopt dtherm ida arat pln pts
bugs		:
bogomips	: 4988.73
clflush size	: 64
cache_alignment	: 64
address sizes	: 39 bits physical, 48 bits virtual
power management:

processor	: 1
vendor_id	: GenuineIntel
cpu family	: 6
model		: 60
model name	: Intel(R) Core(TM) i7-4710HQ CPU @ 2.50GHz
stepping	: 3
microcode	: 0x1c
cpu MHz		: 3325.878
cache size	: 6144 KB
physical id	: 0
siblings	: 8
core id		: 0
cpu cores	: 4
apicid		: 1
initial apicid	: 1
fpu		: yes
fpu_exception	: yes
cpuid level	: 13
wp		: yes
flags		: fpu vme de pse tsc msr pae mce cx8 apic sep mtrr pge mca cmov pat pse36 clflush dts acpi mmx fxsr sse sse2 ss ht tm pbe syscall nx pdpe1gb rdtscp lm constant_tsc arch_perfmon pebs bts rep_good nopl xtopology nonstop_tsc aperfmperf eagerfpu pni pclmulqdq dtes64 monitor ds_cpl vmx est tm2 ssse3 sdbg fma cx16 xtpr pdcm pcid sse4_1 sse4_2 x2apic movbe popcnt tsc_deadline_timer aes xsave avx f16c rdrand lahf_lm abm epb tpr_shadow vnmi flexpriority ept vpid fsgsbase tsc_adjust bmi1 avx2 smep bmi2 erms invpcid xsaveopt dtherm ida arat pln pts
bugs		:
bogomips	: 4988.73
clflush size	: 64
cache_alignment	: 64
address sizes	: 39 bits physical, 48 bits virtual
power management:

processor	: 2
vendor_id	: GenuineIntel
cpu family	: 6
model		: 60
model name	: Intel(R) Core(TM) i7-4710HQ CPU @ 2.50GHz
stepping	: 3
microcode	: 0x1c
cpu MHz		: 3379.687
cache size	: 6144 KB
physical id	: 0
siblings	: 8
core id		: 1
cpu cores	: 4
apicid		: 2
initial apicid	: 2
fpu		: yes
fpu_exception	: yes
cpuid level	: 13
wp		: yes
flags		: fpu vme de pse tsc msr pae mce cx8 apic sep mtrr pge mca cmov pat pse36 clflush dts acpi mmx fxsr sse sse2 ss ht tm pbe syscall nx pdpe1gb rdtscp lm constant_tsc arch_perfmon pebs bts rep_good nopl xtopology nonstop_tsc aperfmperf eagerfpu pni pclmulqdq dtes64 monitor ds_cpl vmx est tm2 ssse3 sdbg fma cx16 xtpr pdcm pcid sse4_1 sse4_2 x2apic movbe popcnt tsc_deadline_timer aes xsave avx f16c rdrand lahf_lm abm epb tpr_shadow vnmi flexpriority ept vpid fsgsbase tsc_adjust bmi1 avx2 smep bmi2 erms invpcid xsaveopt dtherm ida arat pln pts
bugs		:
bogomips	: 4988.73
clflush size	: 64
cache_alignment	: 64
address sizes	: 39 bits physical, 48 bits virtual
power management:

processor	: 3
vendor_id	: GenuineIntel
cpu family	: 6
model		: 60
model name	: Intel(R) Core(TM) i7-4710HQ CPU @ 2.50GHz
stepping	: 3
microcode	: 0x1c
cpu MHz		: 3299.902
cache size	: 6144 KB
physical id	: 0
siblings	: 8
core id		: 1
cpu cores	: 4
apicid		: 3
initial apicid	: 3
fpu		: yes
fpu_exception	: yes
cpuid level	: 13
wp		: yes
flags		: fpu vme de pse tsc msr pae mce cx8 apic sep mtrr pge mca cmov pat pse36 clflush dts acpi mmx fxsr sse sse2 ss ht tm pbe syscall nx pdpe1gb rdtscp lm constant_tsc arch_perfmon pebs bts rep_good nopl xtopology nonstop_tsc aperfmperf eagerfpu pni pclmulqdq dtes64 monitor ds_cpl vmx est tm2 ssse3 sdbg fma cx16 xtpr pdcm pcid sse4_1 sse4_2 x2apic movbe popcnt tsc_deadline_timer aes xsave avx f16c rdrand lahf_lm abm epb tpr_shadow vnmi flexpriority ept vpid fsgsbase tsc_adjust bmi1 avx2 smep bmi2 erms invpcid xsaveopt dtherm ida arat pln pts
bugs		:
bogomips	: 4988.73
clflush size	: 64
cache_alignment	: 64
address sizes	: 39 bits physical, 48 bits virtual
power management:

processor	: 4
vendor_id	: GenuineIntel
cpu family	: 6
model		: 60
model name	: Intel(R) Core(TM) i7-4710HQ CPU @ 2.50GHz
stepping	: 3
microcode	: 0x1c
cpu MHz		: 3300.000
cache size	: 6144 KB
physical id	: 0
siblings	: 8
core id		: 2
cpu cores	: 4
apicid		: 4
initial apicid	: 4
fpu		: yes
fpu_exception	: yes
cpuid level	: 13
wp		: yes
flags		: fpu vme de pse tsc msr pae mce cx8 apic sep mtrr pge mca cmov pat pse36 clflush dts acpi mmx fxsr sse sse2 ss ht tm pbe syscall nx pdpe1gb rdtscp lm constant_tsc arch_perfmon pebs bts rep_good nopl xtopology nonstop_tsc aperfmperf eagerfpu pni pclmulqdq dtes64 monitor ds_cpl vmx est tm2 ssse3 sdbg fma cx16 xtpr pdcm pcid sse4_1 sse4_2 x2apic movbe popcnt tsc_deadline_timer aes xsave avx f16c rdrand lahf_lm abm epb tpr_shadow vnmi flexpriority ept vpid fsgsbase tsc_adjust bmi1 avx2 smep bmi2 erms invpcid xsaveopt dtherm ida arat pln pts
bugs		:
bogomips	: 4988.73
clflush size	: 64
cache_alignment	: 64
address sizes	: 39 bits physical, 48 bits virtual
power management:

processor	: 5
vendor_id	: GenuineIntel
cpu family	: 6
model		: 60
model name	: Intel(R) Core(TM) i7-4710HQ CPU @ 2.50GHz
stepping	: 3
microcode	: 0x1c
cpu MHz		: 3301.757
cache size	: 6144 KB
physical id	: 0
siblings	: 8
core id		: 2
cpu cores	: 4
apicid		: 5
initial apicid	: 5
fpu		: yes
fpu_exception	: yes
cpuid level	: 13
wp		: yes
flags		: fpu vme de pse tsc msr pae mce cx8 apic sep mtrr pge mca cmov pat pse36 clflush dts acpi mmx fxsr sse sse2 ss ht tm pbe syscall nx pdpe1gb rdtscp lm constant_tsc arch_perfmon pebs bts rep_good nopl xtopology nonstop_tsc aperfmperf eagerfpu pni pclmulqdq dtes64 monitor ds_cpl vmx est tm2 ssse3 sdbg fma cx16 xtpr pdcm pcid sse4_1 sse4_2 x2apic movbe popcnt tsc_deadline_timer aes xsave avx f16c rdrand lahf_lm abm epb tpr_shadow vnmi flexpriority ept vpid fsgsbase tsc_adjust bmi1 avx2 smep bmi2 erms invpcid xsaveopt dtherm ida arat pln pts
bugs		:
bogomips	: 4988.73
clflush size	: 64
cache_alignment	: 64
address sizes	: 39 bits physical, 48 bits virtual
power management:

processor	: 6
vendor_id	: GenuineIntel
cpu family	: 6
model		: 60
model name	: Intel(R) Core(TM) i7-4710HQ CPU @ 2.50GHz
stepping	: 3
microcode	: 0x1c
cpu MHz		: 3303.125
cache size	: 6144 KB
physical id	: 0
siblings	: 8
core id		: 3
cpu cores	: 4
apicid		: 6
initial apicid	: 6
fpu		: yes
fpu_exception	: yes
cpuid level	: 13
wp		: yes
flags		: fpu vme de pse tsc msr pae mce cx8 apic sep mtrr pge mca cmov pat pse36 clflush dts acpi mmx fxsr sse sse2 ss ht tm pbe syscall nx pdpe1gb rdtscp lm constant_tsc arch_perfmon pebs bts rep_good nopl xtopology nonstop_tsc aperfmperf eagerfpu pni pclmulqdq dtes64 monitor ds_cpl vmx est tm2 ssse3 sdbg fma cx16 xtpr pdcm pcid sse4_1 sse4_2 x2apic movbe popcnt tsc_deadline_timer aes xsave avx f16c rdrand lahf_lm abm epb tpr_shadow vnmi flexpriority ept vpid fsgsbase tsc_adjust bmi1 avx2 smep bmi2 erms invpcid xsaveopt dtherm ida arat pln pts
bugs		:
bogomips	: 4988.73
clflush size	: 64
cache_alignment	: 64
address sizes	: 39 bits physical, 48 bits virtual
power management:

processor	: 7
vendor_id	: GenuineIntel
cpu family	: 6
model		: 60
model name	: Intel(R) Core(TM) i7-4710HQ CPU @ 2.50GHz
stepping	: 3
microcode	: 0x1c
cpu MHz		: 3344.726
cache size	: 6144 KB
physical id	: 0
siblings	: 8
core id		: 3
cpu cores	: 4
apicid		: 7
initial apicid	: 7
fpu		: yes
fpu_exception	: yes
cpuid level	: 13
wp		: yes
flags		: fpu vme de pse tsc msr pae mce cx8 apic sep mtrr pge mca cmov pat pse36 clflush dts acpi mmx fxsr sse sse2 ss ht tm pbe syscall nx pdpe1gb rdtscp lm constant_tsc arch_perfmon pebs bts rep_good nopl xtopology nonstop_tsc aperfmperf eagerfpu pni pclmulqdq dtes64 monitor ds_cpl vmx est tm2 ssse3 sdbg fma cx16 xtpr pdcm pcid sse4_1 sse4_2 x2apic movbe popcnt tsc_deadline_timer aes xsave avx f16c rdrand lahf_lm abm epb tpr_shadow vnmi flexpriority ept vpid fsgsbase tsc_adjust bmi1 avx2 smep bmi2 erms invpcid xsaveopt dtherm ida arat pln pts
bugs		:
bogomips	: 4988.73
clflush size	: 64
cache_alignment	: 64
address sizes	: 39 bits physical, 48 bits virtual
power management:



Memory: 4k page, physical 8084940k(821756k free), swap 8298492k(8280984k free)

vm_info: Java HotSpot(TM) 64-Bit Server VM (25.91-b14) for linux-amd64 JRE (1.8.0_91-b14), built on Apr  1 2016 00:57:21 by "java_re" with gcc 4.3.0 20080428 (Red Hat 4.3.0-8)

time: Thu Feb  9 21:30:06 2017
elapsed time: 0 seconds (0d 0h 0m 0s)

