#
# A fatal error has been detected by the Java Runtime Environment:
#
#  EXCEPTION_ACCESS_VIOLATION (0xc0000005) at pc=0x00007fff7c21862d, pid=4108, tid=0x0000000000002a70
#
# JRE version: Java(TM) SE Runtime Environment (8.0_121-b13) (build 1.8.0_121-b13)
# Java VM: Java HotSpot(TM) 64-Bit Server VM (25.121-b13 mixed mode windows-amd64 compressed oops)
# Problematic frame:
# C  [lwjgl_opengl.dll+0x862d]
#
# Failed to write core dump. Minidumps are not enabled by default on client versions of Windows
#
# If you would like to submit a bug report, please visit:
#   http://bugreport.java.com/bugreport/crash.jsp
# The crash happened outside the Java Virtual Machine in native code.
# See problematic frame for where to report the bug.
#

---------------  T H R E A D  ---------------

Current thread (0x000000000291e000):  JavaThread "main" [_thread_in_native, id=10864, stack(0x00000000027f0000,0x00000000028f0000)]

siginfo: ExceptionCode=0xc0000005, reading address 0x0000000000000f18

Registers:
RAX=0x000000007529fd50, RBX=0x0000000017181a18, RCX=0x0000000000000001, RDX=0x00000000193b35ec
RSP=0x00000000028ef028, RBP=0x00000000028ef0a8, RSI=0x0000000000000188, RDI=0x0000000002af7e70
R8 =0x0000000000000001, R9 =0x00000000193b35ec, R10=0x0000000000000000, R11=0x0000000074d2b820
R12=0x0000000000000000, R13=0x0000000017181a18, R14=0x00000000028ef0d8, R15=0x000000000291e000
RIP=0x00007fff7c21862d, EFLAGS=0x0000000000010206

Top of Stack: (sp=0x00000000028ef028)
0x00000000028ef028:   0000000002b07f74 0000000002af7e70
0x00000000028ef038:   0000000002b07ceb 000000000291e000
0x00000000028ef048:   0000000017181a18 0000000000000188
0x00000000028ef058:   000000000291e000 0000000002b07ca2
0x00000000028ef068:   00000000028ef068 0000000017181a18
0x00000000028ef078:   00000000028ef0d8 0000000017184128
0x00000000028ef088:   0000000000000000 0000000017181a18
0x00000000028ef098:   0000000000000000 00000000028ef0c8
0x00000000028ef0a8:   00000000028ef120 0000000002af835d
0x00000000028ef0b8:   00000000d62aceb8 0000000002b019d8
0x00000000028ef0c8:   00000000193b35ec 00000000d62f98a0
0x00000000028ef0d8:   0000000000000001 00000000028ef0e0
0x00000000028ef0e8:   0000000017181b6c 00000000028ef150
0x00000000028ef0f8:   0000000017184128 0000000000000000
0x00000000028ef108:   0000000017181bd0 00000000028ef0c8
0x00000000028ef118:   00000000028ef158 00000000028ef1a0 

Instructions: (pc=0x00007fff7c21862d)
0x00007fff7c21860d:   49 ff a2 f0 09 00 00 cc cc cc cc cc cc cc cc cc
0x00007fff7c21861d:   cc cc cc 48 8b 01 49 8b d1 41 8b c8 4c 8b 50 18
0x00007fff7c21862d:   49 ff a2 18 0f 00 00 cc cc cc cc cc cc cc cc cc
0x00007fff7c21863d:   cc cc cc 48 8b 01 48 8b 48 18 48 8b 81 c0 1b 00 


Register to memory mapping:

RAX=0x000000007529fd50 is an unknown value
RBX={method} {0x0000000017181a20} 'nglGenVertexArrays' '(IJ)V' in 'org/lwjgl/opengl/GL30'
RCX=0x0000000000000001 is an unknown value
RDX=0x00000000193b35ec is an unknown value
RSP=0x00000000028ef028 is pointing into the stack for thread: 0x000000000291e000
RBP=0x00000000028ef0a8 is pointing into the stack for thread: 0x000000000291e000
RSI=0x0000000000000188 is an unknown value
RDI=0x0000000002af7e70 is at code_begin+1040 in an Interpreter codelet
invoke return entry points  [0x0000000002af7a60, 0x0000000002af8440]  2528 bytes
R8 =0x0000000000000001 is an unknown value
R9 =0x00000000193b35ec is an unknown value
R10=0x0000000000000000 is an unknown value
R11=0x0000000074d2b820 is an unknown value
R12=0x0000000000000000 is an unknown value
R13={method} {0x0000000017181a20} 'nglGenVertexArrays' '(IJ)V' in 'org/lwjgl/opengl/GL30'
R14=0x00000000028ef0d8 is pointing into the stack for thread: 0x000000000291e000
R15=0x000000000291e000 is a thread


Stack: [0x00000000027f0000,0x00000000028f0000],  sp=0x00000000028ef028,  free space=1020k
Native frames: (J=compiled Java code, j=interpreted, Vv=VM code, C=native code)
C  [lwjgl_opengl.dll+0x862d]

Java frames: (J=compiled Java code, j=interpreted, Vv=VM code)
j  org.lwjgl.opengl.GL30.nglGenVertexArrays(IJ)V+0
j  org.lwjgl.opengl.GL30.glGenVertexArrays()I+20
j  bomber.renderer.shaders.VertexArrayObject.<init>()V+5
j  bomber.renderer.shaders.Mesh.<init>(IIII[F)V+93
j  bomber.game.Game.init()V+100
j  bomber.game.Game.<init>(Lbomber/game/Map;Ljava/lang/String;Ljava/util/HashMap;)V+20
j  bomber.game.main.main([Ljava/lang/String;)V+664
v  ~StubRoutines::call_stub

---------------  P R O C E S S  ---------------

Java Threads: ( => current thread )
  0x0000000018fe9800 JavaThread "Service Thread" daemon [_thread_blocked, id=10684, stack(0x00000000193c0000,0x00000000194c0000)]
  0x0000000017668800 JavaThread "C1 CompilerThread2" daemon [_thread_blocked, id=4144, stack(0x0000000018ec0000,0x0000000018fc0000)]
  0x0000000017663000 JavaThread "C2 CompilerThread1" daemon [_thread_blocked, id=6412, stack(0x0000000018dc0000,0x0000000018ec0000)]
  0x000000001765f800 JavaThread "C2 CompilerThread0" daemon [_thread_blocked, id=5656, stack(0x0000000018cc0000,0x0000000018dc0000)]
  0x000000001765c800 JavaThread "Attach Listener" daemon [_thread_blocked, id=8648, stack(0x0000000018bc0000,0x0000000018cc0000)]
  0x000000001765b800 JavaThread "Signal Dispatcher" daemon [_thread_blocked, id=9340, stack(0x0000000018ac0000,0x0000000018bc0000)]
  0x0000000002aec800 JavaThread "Finalizer" daemon [_thread_blocked, id=8056, stack(0x00000000188d0000,0x00000000189d0000)]
  0x0000000002ae2000 JavaThread "Reference Handler" daemon [_thread_blocked, id=10540, stack(0x00000000187d0000,0x00000000188d0000)]
=>0x000000000291e000 JavaThread "main" [_thread_in_native, id=10864, stack(0x00000000027f0000,0x00000000028f0000)]

Other Threads:
  0x0000000017627000 VMThread [stack: 0x00000000186d0000,0x00000000187d0000] [id=280]
  0x000000001900a000 WatcherThread [stack: 0x00000000194c0000,0x00000000195c0000] [id=8036]

VM state:not at safepoint (normal execution)

VM Mutex/Monitor currently owned by a thread: None

Heap:
 PSYoungGen      total 38400K, used 7341K [0x00000000d5c00000, 0x00000000d8680000, 0x0000000100000000)
  eden space 33280K, 22% used [0x00000000d5c00000,0x00000000d632b4c0,0x00000000d7c80000)
  from space 5120K, 0% used [0x00000000d8180000,0x00000000d8180000,0x00000000d8680000)
  to   space 5120K, 0% used [0x00000000d7c80000,0x00000000d7c80000,0x00000000d8180000)
 ParOldGen       total 87552K, used 0K [0x0000000081400000, 0x0000000086980000, 0x00000000d5c00000)
  object space 87552K, 0% used [0x0000000081400000,0x0000000081400000,0x0000000086980000)
 Metaspace       used 5491K, capacity 5676K, committed 5888K, reserved 1056768K
  class space    used 631K, capacity 700K, committed 768K, reserved 1048576K

Card table byte_map: [0x0000000011eb0000,0x00000000122b0000] byte_map_base: 0x0000000011aa6000

Marking Bits: (ParMarkBitMap*) 0x000000007531b6d0
 Begin Bits: [0x0000000012960000, 0x0000000014910000)
 End Bits:   [0x0000000014910000, 0x00000000168c0000)

Polling page: 0x0000000001030000

CodeCache: size=245760Kb used=1888Kb max_used=1888Kb free=243871Kb
 bounds [0x0000000002af0000, 0x0000000002d60000, 0x0000000011af0000]
 total_blobs=737 nmethods=401 adapters=249
 compilation: enabled

Compilation events (10 events):
Event: 0.291 Thread 0x0000000017668800  397       3       sun.misc.URLClassPath$JarLoader::findResource (18 bytes)
Event: 0.291 Thread 0x0000000017668800 nmethod 397 0x0000000002cc57d0 code [0x0000000002cc5940, 0x0000000002cc5bd8]
Event: 0.293 Thread 0x0000000017668800  398       1       java.lang.System::getSecurityManager (4 bytes)
Event: 0.293 Thread 0x0000000017668800 nmethod 398 0x0000000002cc5cd0 code [0x0000000002cc5e20, 0x0000000002cc5f10]
Event: 0.294 Thread 0x0000000017668800  399       3       sun.misc.JarIndex::get (49 bytes)
Event: 0.294 Thread 0x0000000017668800 nmethod 399 0x0000000002cc5f50 code [0x0000000002cc6120, 0x0000000002cc6998]
Event: 0.294 Thread 0x0000000017668800  400       3       java.lang.ClassLoader::loadClass (7 bytes)
Event: 0.294 Thread 0x0000000017668800 nmethod 400 0x0000000002cc6cd0 code [0x0000000002cc6e40, 0x0000000002cc7068]
Event: 0.294 Thread 0x0000000017668800  401       3       sun.misc.Launcher$AppClassLoader::loadClass (85 bytes)
Event: 0.295 Thread 0x0000000017668800 nmethod 401 0x0000000002cc7110 code [0x0000000002cc7340, 0x0000000002cc8068]

GC Heap History (0 events):
No events

Deoptimization events (0 events):
No events

Internal exceptions (10 events):
Event: 0.203 Thread 0x000000000291e000 Exception <a 'java/security/PrivilegedActionException'> (0x00000000d5f777b8) thrown at [C:\re\workspace\8-2-build-windows-amd64-cygwin\jdk8u121\8372\hotspot\src\share\vm\prims\jvm.cpp, line 1390]
Event: 0.204 Thread 0x000000000291e000 Exception <a 'java/security/PrivilegedActionException'> (0x00000000d5f779c8) thrown at [C:\re\workspace\8-2-build-windows-amd64-cygwin\jdk8u121\8372\hotspot\src\share\vm\prims\jvm.cpp, line 1390]
Event: 0.204 Thread 0x000000000291e000 Exception <a 'java/security/PrivilegedActionException'> (0x00000000d5f7b638) thrown at [C:\re\workspace\8-2-build-windows-amd64-cygwin\jdk8u121\8372\hotspot\src\share\vm\prims\jvm.cpp, line 1390]
Event: 0.204 Thread 0x000000000291e000 Exception <a 'java/security/PrivilegedActionException'> (0x00000000d5f7b848) thrown at [C:\re\workspace\8-2-build-windows-amd64-cygwin\jdk8u121\8372\hotspot\src\share\vm\prims\jvm.cpp, line 1390]
Event: 0.292 Thread 0x000000000291e000 Exception <a 'sun/nio/fs/WindowsException'> (0x00000000d62e5cb8) thrown at [C:\re\workspace\8-2-build-windows-amd64-cygwin\jdk8u121\8372\hotspot\src\share\vm\prims\jni.cpp, line 709]
Event: 0.292 Thread 0x000000000291e000 Exception <a 'sun/nio/fs/WindowsException'> (0x00000000d62e6488) thrown at [C:\re\workspace\8-2-build-windows-amd64-cygwin\jdk8u121\8372\hotspot\src\share\vm\prims\jni.cpp, line 709]
Event: 0.292 Thread 0x000000000291e000 Exception <a 'sun/nio/fs/WindowsException'> (0x00000000d62e84d8) thrown at [C:\re\workspace\8-2-build-windows-amd64-cygwin\jdk8u121\8372\hotspot\src\share\vm\prims\jni.cpp, line 709]
Event: 0.292 Thread 0x000000000291e000 Exception <a 'sun/nio/fs/WindowsException'> (0x00000000d62e8a00) thrown at [C:\re\workspace\8-2-build-windows-amd64-cygwin\jdk8u121\8372\hotspot\src\share\vm\prims\jni.cpp, line 709]
Event: 0.293 Thread 0x000000000291e000 Exception <a 'sun/nio/fs/WindowsException'> (0x00000000d62e93d8) thrown at [C:\re\workspace\8-2-build-windows-amd64-cygwin\jdk8u121\8372\hotspot\src\share\vm\prims\jni.cpp, line 709]
Event: 0.293 Thread 0x000000000291e000 Exception <a 'sun/nio/fs/WindowsException'> (0x00000000d62e9868) thrown at [C:\re\workspace\8-2-build-windows-amd64-cygwin\jdk8u121\8372\hotspot\src\share\vm\prims\jni.cpp, line 709]

Events (10 events):
Event: 0.292 loading class java/util/ArrayList$SubList
Event: 0.292 loading class java/util/ArrayList$SubList done
Event: 0.292 loading class java/util/ArrayList$SubList$1
Event: 0.292 loading class java/util/ArrayList$SubList$1 done
Event: 0.294 loading class org/lwjgl/opengl/GL$1
Event: 0.294 loading class org/lwjgl/opengl/GL$1 done
Event: 0.294 loading class org/lwjgl/opengl/GL$SharedLibraryGL
Event: 0.294 loading class org/lwjgl/opengl/GL$SharedLibraryGL done
Event: 0.294 loading class org/lwjgl/system/SharedLibrary$Delegate
Event: 0.294 loading class org/lwjgl/system/SharedLibrary$Delegate done


Dynamic libraries:
0x00007ff68d8d0000 - 0x00007ff68d907000 	C:\Program Files\Java\jre1.8.0_121\bin\javaw.exe
0x00007fff8b880000 - 0x00007fff8ba51000 	C:\WINDOWS\SYSTEM32\ntdll.dll
0x00007fff8b380000 - 0x00007fff8b42b000 	C:\WINDOWS\System32\KERNEL32.DLL
0x00007fff88890000 - 0x00007fff88aad000 	C:\WINDOWS\System32\KERNELBASE.dll
0x00007fff88e20000 - 0x00007fff88ec2000 	C:\WINDOWS\System32\ADVAPI32.dll
0x00007fff897c0000 - 0x00007fff8985e000 	C:\WINDOWS\System32\msvcrt.dll
0x00007fff8b460000 - 0x00007fff8b4b9000 	C:\WINDOWS\System32\sechost.dll
0x00007fff8b040000 - 0x00007fff8b161000 	C:\WINDOWS\System32\RPCRT4.dll
0x00007fff8b5c0000 - 0x00007fff8b725000 	C:\WINDOWS\System32\USER32.dll
0x00007fff88df0000 - 0x00007fff88e0e000 	C:\WINDOWS\System32\win32u.dll
0x00007fff88fa0000 - 0x00007fff88fd4000 	C:\WINDOWS\System32\GDI32.dll
0x00007fff884f0000 - 0x00007fff88672000 	C:\WINDOWS\System32\gdi32full.dll
0x00007fff7ba30000 - 0x00007fff7bca9000 	C:\WINDOWS\WinSxS\amd64_microsoft.windows.common-controls_6595b64144ccf1df_6.0.14393.447_none_42191651c6827bb3\COMCTL32.dll
0x00007fff8ad70000 - 0x00007fff8b038000 	C:\WINDOWS\System32\combase.dll
0x00007fff88b20000 - 0x00007fff88c15000 	C:\WINDOWS\System32\ucrtbase.dll
0x00007fff88ab0000 - 0x00007fff88b1a000 	C:\WINDOWS\System32\bcryptPrimitives.dll
0x00007fff8b430000 - 0x00007fff8b45e000 	C:\WINDOWS\System32\IMM32.DLL
0x0000000074a20000 - 0x0000000074af2000 	C:\Program Files\Java\jre1.8.0_121\bin\msvcr100.dll
0x0000000074b00000 - 0x000000007539b000 	C:\Program Files\Java\jre1.8.0_121\bin\server\jvm.dll
0x00007fff88ed0000 - 0x00007fff88ed8000 	C:\WINDOWS\System32\PSAPI.DLL
0x00007fff850a0000 - 0x00007fff850a9000 	C:\WINDOWS\SYSTEM32\WSOCK32.dll
0x00007fff8b170000 - 0x00007fff8b1da000 	C:\WINDOWS\System32\WS2_32.dll
0x00007fff86190000 - 0x00007fff861b3000 	C:\WINDOWS\SYSTEM32\WINMM.dll
0x00007fff76c00000 - 0x00007fff76c0a000 	C:\WINDOWS\SYSTEM32\VERSION.dll
0x00007fff86160000 - 0x00007fff8618b000 	C:\WINDOWS\SYSTEM32\WINMMBASE.dll
0x00007fff88730000 - 0x00007fff88772000 	C:\WINDOWS\System32\cfgmgr32.dll
0x0000000074a10000 - 0x0000000074a1f000 	C:\Program Files\Java\jre1.8.0_121\bin\verify.dll
0x00000000749e0000 - 0x0000000074a09000 	C:\Program Files\Java\jre1.8.0_121\bin\java.dll
0x00000000749c0000 - 0x00000000749d6000 	C:\Program Files\Java\jre1.8.0_121\bin\zip.dll
0x00007fff89860000 - 0x00007fff8ad69000 	C:\WINDOWS\System32\SHELL32.dll
0x00007fff87d70000 - 0x00007fff8844a000 	C:\WINDOWS\System32\windows.storage.dll
0x00007fff87d10000 - 0x00007fff87d5c000 	C:\WINDOWS\System32\powrprof.dll
0x00007fff89590000 - 0x00007fff895e2000 	C:\WINDOWS\System32\shlwapi.dll
0x00007fff87d00000 - 0x00007fff87d0f000 	C:\WINDOWS\System32\kernel.appcore.dll
0x00007fff88780000 - 0x00007fff88829000 	C:\WINDOWS\System32\shcore.dll
0x00007fff87ce0000 - 0x00007fff87cf4000 	C:\WINDOWS\System32\profapi.dll
0x00000000749a0000 - 0x00000000749ba000 	C:\Program Files\Java\jre1.8.0_121\bin\net.dll
0x00007fff875b0000 - 0x00007fff8760c000 	C:\WINDOWS\system32\mswsock.dll
0x0000000074980000 - 0x0000000074991000 	C:\Program Files\Java\jre1.8.0_121\bin\nio.dll
0x00007fff7c270000 - 0x00007fff7c2c7000 	C:\Users\Owen\AppData\Local\Temp\lwjglOwen\3.1.1-build-16\lwjgl.dll
0x00007fff87770000 - 0x00007fff8777b000 	C:\WINDOWS\SYSTEM32\CRYPTBASE.DLL
0x00007fff80350000 - 0x00007fff8038e000 	C:\Users\Owen\AppData\Local\Temp\lwjglOwen\3.1.1-build-16\jemalloc.dll
0x00007fff7f410000 - 0x00007fff7f44c000 	C:\Users\Owen\AppData\Local\Temp\lwjglOwen\3.1.1-build-16\glfw.dll
0x00007fff7c210000 - 0x00007fff7c26f000 	C:\Users\Owen\AppData\Local\Temp\lwjglOwen\3.1.1-build-16\lwjgl_opengl.dll
0x00007fff7b5b0000 - 0x00007fff7b6d3000 	C:\WINDOWS\system32\opengl32.dll
0x00007fff78070000 - 0x00007fff78167000 	C:\WINDOWS\SYSTEM32\DDRAW.dll
0x00007fff7d5e0000 - 0x00007fff7d60d000 	C:\WINDOWS\SYSTEM32\GLU32.dll
0x00007fff80980000 - 0x00007fff80988000 	C:\WINDOWS\SYSTEM32\DCIMAN32.dll
0x00007fff7a040000 - 0x00007fff7a1d2000 	C:\WINDOWS\SYSTEM32\dbghelp.dll

VM Arguments:
jvm_args: -Dfile.encoding=Cp1252 
java_command: bomber.game.main
java_class_path (initial): C:\Users\Owen\Dropbox\CompSci\year_2\teamproject\Git\b1\bin;C:\Users\Owen\Dropbox\lwjgl3\lwjgl.jar;C:\Users\Owen\Dropbox\lwjgl3\lwjgl-assimp.jar;C:\Users\Owen\Dropbox\lwjgl3\lwjgl-assimp-natives-windows.jar;C:\Users\Owen\Dropbox\lwjgl3\lwjgl-bgfx.jar;C:\Users\Owen\Dropbox\lwjgl3\lwjgl-bgfx-natives-windows.jar;C:\Users\Owen\Dropbox\lwjgl3\lwjgl-egl.jar;C:\Users\Owen\Dropbox\lwjgl3\lwjgl-glfw.jar;C:\Users\Owen\Dropbox\lwjgl3\lwjgl-glfw-natives-windows.jar;C:\Users\Owen\Dropbox\lwjgl3\lwjgl-jawt.jar;C:\Users\Owen\Dropbox\lwjgl3\lwjgl-jemalloc.jar;C:\Users\Owen\Dropbox\lwjgl3\lwjgl-jemalloc-natives-windows.jar;C:\Users\Owen\Dropbox\lwjgl3\lwjgl-lmdb.jar;C:\Users\Owen\Dropbox\lwjgl3\lwjgl-lmdb-natives-windows.jar;C:\Users\Owen\Dropbox\lwjgl3\lwjgl-nanovg.jar;C:\Users\Owen\Dropbox\lwjgl3\lwjgl-nanovg-natives-windows.jar;C:\Users\Owen\Dropbox\lwjgl3\lwjgl-natives-windows.jar;C:\Users\Owen\Dropbox\lwjgl3\lwjgl-nfd.jar;C:\Users\Owen\Dropbox\lwjgl3\lwjgl-nfd-natives-windows.jar;C:\Users\Owen\Dropbox\lwjgl3\lwjgl-nuklear.jar;C:\Users\Owen\Dropbox\lwjgl3\lwjgl-nuklear-natives-windows.jar;C:\Users\Owen\Dropbox\lwjgl3\lwjgl-openal.jar;C:\Users\Owen\Dropbox\lwjgl3\lwjgl-openal-natives-windows.jar;C:\Users\Owen\Dropbox\lwjgl3\lwjgl-opencl.jar;C:\Users\Owen\Dropbox\lwjgl3\lwjgl-opengl.jar;C:\Users\Owen\Dropbox\lwjgl3\lwjgl-opengles.jar;C:\Users\Owen\Dropbox\lwjgl3\lwjgl-opengles-natives-windows.jar;C:\Users\Owen\Dropbox\lwjgl3\lwjgl-opengl-natives-windows.jar;C:\Users\Owen\Dropbox\lwjgl3\lwjgl-ovr.jar;C:\Users\Owen\Dropbox\lwjgl3\lwjgl-ovr-natives-windows.jar;C:\Users\Owen\Dropbox\lwjgl3\lwjgl-par.jar;C:\Users\Owen\Dropbox\lwjgl3\lwjgl-par-natives-windows.jar;C:\Users\Owen\Dropbox\lwjgl3\lwjgl-sse.jar;C:\Users\Owen\Dropbox\lwjgl3\lwjgl-sse-natives-windows.jar;C:\Users\Owen\Dropbox\lwjgl3\lwjgl-stb.jar;C:\Users\Owen\Dropbox\lwjgl3\lwjgl-stb-natives-windows.jar;C:\Users\Owen\Dropbox\lwjgl3\lwjgl-tinyfd.jar;C:\Users\Owen\Dropbox\lwjgl3\lwjgl-tinyfd-natives-
Launcher Type: SUN_STANDARD

Environment Variables:
PATH=C:/Program Files/Java/jre1.8.0_121/bin/server;C:/Program Files/Java/jre1.8.0_121/bin;C:/Program Files/Java/jre1.8.0_121/lib/amd64;C:\ProgramData\Oracle\Java\javapath;C:\WINDOWS\system32;C:\WINDOWS;C:\WINDOWS\System32\Wbem;C:\WINDOWS\System32\WindowsPowerShell\v1.0\;C:\Program Files\Git\cmd;C:\Program Files (x86)\Windows Kits\10\Windows Performance Toolkit\;C:\Program Files (x86)\GNU\GnuPG\pub;C:\Program Files (x86)\PuTTY\;C:\Users\Owen\AppData\Local\Microsoft\WindowsApps;;C:\Users\Owen\Downloads\eclipse-java-luna-R-win32-x86_64\eclipse;
USERNAME=Owen
OS=Windows_NT
PROCESSOR_IDENTIFIER=Intel64 Family 6 Model 61 Stepping 4, GenuineIntel



---------------  S Y S T E M  ---------------

OS: Windows 10.0 , 64 bit Build 14393 (10.0.14393.0)

CPU:total 4 (2 cores per cpu, 2 threads per core) family 6 model 61 stepping 4, cmov, cx8, fxsr, mmx, sse, sse2, sse3, ssse3, sse4.1, sse4.2, popcnt, avx, avx2, aes, clmul, erms, 3dnowpref, lzcnt, ht, tsc, tscinvbit, bmi1, bmi2, adx

Memory: 4k page, physical 8300384k(5336012k free), swap 9611104k(6178420k free)

vm_info: Java HotSpot(TM) 64-Bit Server VM (25.121-b13) for windows-amd64 JRE (1.8.0_121-b13), built on Dec 12 2016 18:21:36 by "java_re" with MS VC++ 10.0 (VS2010)

time: Thu Feb 09 18:30:34 2017
elapsed time: 0 seconds (0d 0h 0m 0s)

