#
# A fatal error has been detected by the Java Runtime Environment:
#
#  EXCEPTION_ACCESS_VIOLATION (0xc0000005) at pc=0x00007ff8f7eb862d, pid=8084, tid=0x0000000000001fb8
#
# JRE version: Java(TM) SE Runtime Environment (8.0_121-b13) (build 1.8.0_121-b13)
# Java VM: Java HotSpot(TM) 64-Bit Server VM (25.121-b13 mixed mode windows-amd64 compressed oops)
# Problematic frame:
# C  [lwjgl_opengl.dll+0x862d]
#
# Failed to write core dump. Minidumps are not enabled by default on client versions of Windows
#
# If you would like to submit a bug report, please visit:
#   http://bugreport.java.com/bugreport/crash.jsp
# The crash happened outside the Java Virtual Machine in native code.
# See problematic frame for where to report the bug.
#

---------------  T H R E A D  ---------------

Current thread (0x00000000021f4800):  JavaThread "main" [_thread_in_native, id=8120, stack(0x0000000002090000,0x0000000002190000)]

siginfo: ExceptionCode=0xc0000005, reading address 0x0000000000000f18

Registers:
RAX=0x0000000068b4fd50, RBX=0x000000001560e0c0, RCX=0x0000000000000001, RDX=0x0000000017b7a13c
RSP=0x000000000218f158, RBP=0x000000000218f1e0, RSI=0x0000000000000188, RDI=0x00000000022f7e70
R8 =0x0000000000000001, R9 =0x0000000017b7a13c, R10=0x0000000000000000, R11=0x00000000685db820
R12=0x0000000000000000, R13=0x000000001560e0c0, R14=0x000000000218f210, R15=0x00000000021f4800
RIP=0x00007ff8f7eb862d, EFLAGS=0x0000000000010206

Top of Stack: (sp=0x000000000218f158)
0x000000000218f158:   0000000002307f74 00000000022f7e70
0x000000000218f168:   0000000002307cdd 00000000021f4800
0x000000000218f178:   000000001560e0c0 0000000000000188
0x000000000218f188:   00000000021f4800 000000000218f288
0x000000000218f198:   0000000002307ca2 000000000218f1a0
0x000000000218f1a8:   000000001560e0c0 000000000218f210
0x000000000218f1b8:   00000000156107d0 0000000000000000
0x000000000218f1c8:   000000001560e0c0 0000000000000000
0x000000000218f1d8:   000000000218f200 000000000218f258
0x000000000218f1e8:   00000000022f835d 00000000e1d8acd8
0x000000000218f1f8:   00000000023019d8 0000000017b7a13c
0x000000000218f208:   00000000e1e0c778 0000000000000001
0x000000000218f218:   000000000218f218 000000001560e214
0x000000000218f228:   000000000218f288 00000000156107d0
0x000000000218f238:   0000000000000000 000000001560e278
0x000000000218f248:   000000000218f200 000000000218f290 

Instructions: (pc=0x00007ff8f7eb862d)
0x00007ff8f7eb860d:   49 ff a2 f0 09 00 00 cc cc cc cc cc cc cc cc cc
0x00007ff8f7eb861d:   cc cc cc 48 8b 01 49 8b d1 41 8b c8 4c 8b 50 18
0x00007ff8f7eb862d:   49 ff a2 18 0f 00 00 cc cc cc cc cc cc cc cc cc
0x00007ff8f7eb863d:   cc cc cc 48 8b 01 48 8b 48 18 48 8b 81 c0 1b 00 


Register to memory mapping:

RAX=0x0000000068b4fd50 is an unknown value
RBX={method} {0x000000001560e0c8} 'nglGenVertexArrays' '(IJ)V' in 'org/lwjgl/opengl/GL30'
RCX=0x0000000000000001 is an unknown value
RDX=0x0000000017b7a13c is an unknown value
RSP=0x000000000218f158 is pointing into the stack for thread: 0x00000000021f4800
RBP=0x000000000218f1e0 is pointing into the stack for thread: 0x00000000021f4800
RSI=0x0000000000000188 is an unknown value
RDI=0x00000000022f7e70 is at code_begin+1040 in an Interpreter codelet
invoke return entry points  [0x00000000022f7a60, 0x00000000022f8440]  2528 bytes
R8 =0x0000000000000001 is an unknown value
R9 =0x0000000017b7a13c is an unknown value
R10=0x0000000000000000 is an unknown value
R11=0x00000000685db820 is an unknown value
R12=0x0000000000000000 is an unknown value
R13={method} {0x000000001560e0c8} 'nglGenVertexArrays' '(IJ)V' in 'org/lwjgl/opengl/GL30'
R14=0x000000000218f210 is pointing into the stack for thread: 0x00000000021f4800
R15=0x00000000021f4800 is a thread


Stack: [0x0000000002090000,0x0000000002190000],  sp=0x000000000218f158,  free space=1020k
Native frames: (J=compiled Java code, j=interpreted, Vv=VM code, C=native code)
C  [lwjgl_opengl.dll+0x862d]

Java frames: (J=compiled Java code, j=interpreted, Vv=VM code)
j  org.lwjgl.opengl.GL30.nglGenVertexArrays(IJ)V+0
j  org.lwjgl.opengl.GL30.glGenVertexArrays()I+20
j  bomber.renderer.shaders.VertexArrayObject.<init>()V+5
j  bomber.renderer.shaders.Mesh.<init>(IIII[F)V+93
j  bomber.game.Player.makeMesh(IIII[F)V+12
j  bomber.game.Game.init()V+184
j  bomber.game.Game.<init>(Lbomber/game/Map;Ljava/lang/String;Ljava/util/HashMap;)V+25
j  bomber.game.main.main([Ljava/lang/String;)V+664
v  ~StubRoutines::call_stub

---------------  P R O C E S S  ---------------

Java Threads: ( => current thread )
  0x00000000172da000 JavaThread "Service Thread" daemon [_thread_blocked, id=4556, stack(0x00000000177b0000,0x00000000178b0000)]
  0x00000000172b8800 JavaThread "C1 CompilerThread2" daemon [_thread_blocked, id=9044, stack(0x00000000176b0000,0x00000000177b0000)]
  0x0000000015aa8800 JavaThread "C2 CompilerThread1" daemon [_thread_blocked, id=2964, stack(0x00000000171b0000,0x00000000172b0000)]
  0x0000000015a61800 JavaThread "C2 CompilerThread0" daemon [_thread_blocked, id=7192, stack(0x00000000170b0000,0x00000000171b0000)]
  0x0000000015a60000 JavaThread "Attach Listener" daemon [_thread_blocked, id=7928, stack(0x0000000016fb0000,0x00000000170b0000)]
  0x0000000015a5f000 JavaThread "Signal Dispatcher" daemon [_thread_blocked, id=3804, stack(0x0000000016eb0000,0x0000000016fb0000)]
  0x0000000015a4a000 JavaThread "Finalizer" daemon [_thread_blocked, id=8748, stack(0x0000000016cc0000,0x0000000016dc0000)]
  0x0000000015a29000 JavaThread "Reference Handler" daemon [_thread_blocked, id=8712, stack(0x0000000016bc0000,0x0000000016cc0000)]
=>0x00000000021f4800 JavaThread "main" [_thread_in_native, id=8120, stack(0x0000000002090000,0x0000000002190000)]

Other Threads:
  0x0000000015a26800 VMThread [stack: 0x0000000016ac0000,0x0000000016bc0000] [id=5232]
  0x0000000017307000 WatcherThread [stack: 0x00000000178b0000,0x00000000179b0000] [id=6196]

VM state:not at safepoint (normal execution)

VM Mutex/Monitor currently owned by a thread: None

Heap:
 PSYoungGen      total 28160K, used 11689K [0x00000000e1300000, 0x00000000e3200000, 0x0000000100000000)
  eden space 24576K, 47% used [0x00000000e1300000,0x00000000e1e6a480,0x00000000e2b00000)
  from space 3584K, 0% used [0x00000000e2e80000,0x00000000e2e80000,0x00000000e3200000)
  to   space 3584K, 0% used [0x00000000e2b00000,0x00000000e2b00000,0x00000000e2e80000)
 ParOldGen       total 64512K, used 0K [0x00000000a3800000, 0x00000000a7700000, 0x00000000e1300000)
  object space 64512K, 0% used [0x00000000a3800000,0x00000000a3800000,0x00000000a7700000)
 Metaspace       used 6077K, capacity 6216K, committed 6400K, reserved 1056768K
  class space    used 667K, capacity 732K, committed 768K, reserved 1048576K

Card table byte_map: [0x00000000116b0000,0x00000000119a0000] byte_map_base: 0x0000000011194000

Marking Bits: (ParMarkBitMap*) 0x0000000068bcb6d0
 Begin Bits: [0x0000000011f90000, 0x00000000136b0000)
 End Bits:   [0x00000000136b0000, 0x0000000014dd0000)

Polling page: 0x00000000001f0000

CodeCache: size=245760Kb used=2325Kb max_used=2337Kb free=243434Kb
 bounds [0x00000000022f0000, 0x0000000002560000, 0x00000000112f0000]
 total_blobs=869 nmethods=501 adapters=281
 compilation: enabled

Compilation events (10 events):
Event: 0.574 Thread 0x00000000172b8800  498   !   3       java.lang.ref.Finalizer::add (41 bytes)
Event: 0.575 Thread 0x00000000172b8800 nmethod 498 0x000000000252eb10 code [0x000000000252ec80, 0x000000000252f030]
Event: 0.575 Thread 0x00000000172b8800  496       3       java.lang.Character::codePointAt (51 bytes)
Event: 0.575 Thread 0x00000000172b8800 nmethod 496 0x000000000252f150 code [0x000000000252f300, 0x000000000252f9a8]
Event: 0.575 Thread 0x00000000172b8800  497       3       java.util.regex.Pattern$Node::match (27 bytes)
Event: 0.576 Thread 0x00000000172b8800 nmethod 497 0x000000000252fb50 code [0x000000000252fcc0, 0x000000000252fe70]
Event: 0.579 Thread 0x00000000172b8800  499       3       java.util.Stack::empty (13 bytes)
Event: 0.579 Thread 0x00000000172b8800 nmethod 499 0x000000000252ff90 code [0x0000000002530100, 0x00000000025304d0]
Event: 0.579 Thread 0x00000000172b8800  500   !   3       java.net.URL::<init> (543 bytes)
Event: 0.580 Thread 0x0000000015aa8800  501       4       java.lang.String::indexOf (166 bytes)

GC Heap History (0 events):
No events

Deoptimization events (2 events):
Event: 0.180 Thread 0x00000000021f4800 Uncommon trap: reason=unstable_if action=reinterpret pc=0x00000000023f03f8 method=java.lang.String.hashCode()I @ 14
Event: 0.366 Thread 0x00000000021f4800 Uncommon trap: reason=unstable_if action=reinterpret pc=0x00000000024914c4 method=java.lang.String.indexOf([CII[CIII)I @ 134

Internal exceptions (10 events):
Event: 0.391 Thread 0x00000000021f4800 Exception <a 'java/security/PrivilegedActionException'> (0x00000000e18d8ad8) thrown at [C:\re\workspace\8-2-build-windows-amd64-cygwin\jdk8u121\8372\hotspot\src\share\vm\prims\jvm.cpp, line 1390]
Event: 0.391 Thread 0x00000000021f4800 Exception <a 'java/security/PrivilegedActionException'> (0x00000000e18d8ce8) thrown at [C:\re\workspace\8-2-build-windows-amd64-cygwin\jdk8u121\8372\hotspot\src\share\vm\prims\jvm.cpp, line 1390]
Event: 0.392 Thread 0x00000000021f4800 Exception <a 'java/security/PrivilegedActionException'> (0x00000000e18dc958) thrown at [C:\re\workspace\8-2-build-windows-amd64-cygwin\jdk8u121\8372\hotspot\src\share\vm\prims\jvm.cpp, line 1390]
Event: 0.392 Thread 0x00000000021f4800 Exception <a 'java/security/PrivilegedActionException'> (0x00000000e18dcb68) thrown at [C:\re\workspace\8-2-build-windows-amd64-cygwin\jdk8u121\8372\hotspot\src\share\vm\prims\jvm.cpp, line 1390]
Event: 0.576 Thread 0x00000000021f4800 Exception <a 'sun/nio/fs/WindowsException'> (0x00000000e1de1898) thrown at [C:\re\workspace\8-2-build-windows-amd64-cygwin\jdk8u121\8372\hotspot\src\share\vm\prims\jni.cpp, line 709]
Event: 0.576 Thread 0x00000000021f4800 Exception <a 'sun/nio/fs/WindowsException'> (0x00000000e1de20c8) thrown at [C:\re\workspace\8-2-build-windows-amd64-cygwin\jdk8u121\8372\hotspot\src\share\vm\prims\jni.cpp, line 709]
Event: 0.577 Thread 0x00000000021f4800 Exception <a 'sun/nio/fs/WindowsException'> (0x00000000e1de49c0) thrown at [C:\re\workspace\8-2-build-windows-amd64-cygwin\jdk8u121\8372\hotspot\src\share\vm\prims\jni.cpp, line 709]
Event: 0.577 Thread 0x00000000021f4800 Exception <a 'sun/nio/fs/WindowsException'> (0x00000000e1de4ee8) thrown at [C:\re\workspace\8-2-build-windows-amd64-cygwin\jdk8u121\8372\hotspot\src\share\vm\prims\jni.cpp, line 709]
Event: 0.577 Thread 0x00000000021f4800 Exception <a 'sun/nio/fs/WindowsException'> (0x00000000e1de58c0) thrown at [C:\re\workspace\8-2-build-windows-amd64-cygwin\jdk8u121\8372\hotspot\src\share\vm\prims\jni.cpp, line 709]
Event: 0.577 Thread 0x00000000021f4800 Exception <a 'sun/nio/fs/WindowsException'> (0x00000000e1de5d50) thrown at [C:\re\workspace\8-2-build-windows-amd64-cygwin\jdk8u121\8372\hotspot\src\share\vm\prims\jni.cpp, line 709]

Events (10 events):
Event: 0.576 loading class java/nio/file/NoSuchFileException
Event: 0.576 loading class java/nio/file/FileSystemException
Event: 0.576 loading class java/nio/file/FileSystemException done
Event: 0.576 loading class java/nio/file/NoSuchFileException done
Event: 0.579 loading class org/lwjgl/opengl/GL$1
Event: 0.579 loading class org/lwjgl/opengl/GL$1 done
Event: 0.580 loading class org/lwjgl/opengl/GL$SharedLibraryGL
Event: 0.580 loading class org/lwjgl/opengl/GL$SharedLibraryGL done
Event: 0.580 loading class org/lwjgl/system/SharedLibrary$Delegate
Event: 0.580 loading class org/lwjgl/system/SharedLibrary$Delegate done


Dynamic libraries:
0x00007ff700c10000 - 0x00007ff700c47000 	C:\Program Files\Java\jre1.8.0_121\bin\javaw.exe
0x00007ff938900000 - 0x00007ff938ad1000 	C:\Windows\SYSTEM32\ntdll.dll
0x00007ff9368e0000 - 0x00007ff93698b000 	C:\Windows\System32\KERNEL32.DLL
0x00007ff934f40000 - 0x00007ff93515d000 	C:\Windows\System32\KERNELBASE.dll
0x00007ff936800000 - 0x00007ff9368a2000 	C:\Windows\System32\ADVAPI32.dll
0x00007ff936670000 - 0x00007ff93670e000 	C:\Windows\System32\msvcrt.dll
0x00007ff936060000 - 0x00007ff9360b9000 	C:\Windows\System32\sechost.dll
0x00007ff935e90000 - 0x00007ff935fb1000 	C:\Windows\System32\RPCRT4.dll
0x00007ff9363c0000 - 0x00007ff936525000 	C:\Windows\System32\USER32.dll
0x00007ff935e70000 - 0x00007ff935e8e000 	C:\Windows\System32\win32u.dll
0x00007ff938490000 - 0x00007ff9384c4000 	C:\Windows\System32\GDI32.dll
0x00007ff9351d0000 - 0x00007ff935352000 	C:\Windows\System32\gdi32full.dll
0x00007ff92a820000 - 0x00007ff92aa99000 	C:\Windows\WinSxS\amd64_microsoft.windows.common-controls_6595b64144ccf1df_6.0.14393.447_none_42191651c6827bb3\COMCTL32.dll
0x00007ff9381c0000 - 0x00007ff938488000 	C:\Windows\System32\combase.dll
0x00007ff935360000 - 0x00007ff935455000 	C:\Windows\System32\ucrtbase.dll
0x00007ff935160000 - 0x00007ff9351ca000 	C:\Windows\System32\bcryptPrimitives.dll
0x00007ff9368b0000 - 0x00007ff9368de000 	C:\Windows\System32\IMM32.DLL
0x00000000680f0000 - 0x00000000681c2000 	C:\Program Files\Java\jre1.8.0_121\bin\msvcr100.dll
0x00000000683b0000 - 0x0000000068c4b000 	C:\Program Files\Java\jre1.8.0_121\bin\server\jvm.dll
0x00007ff9367e0000 - 0x00007ff9367e8000 	C:\Windows\System32\PSAPI.DLL
0x00007ff923750000 - 0x00007ff923759000 	C:\Windows\SYSTEM32\WSOCK32.dll
0x00007ff936770000 - 0x00007ff9367da000 	C:\Windows\System32\WS2_32.dll
0x00007ff9328a0000 - 0x00007ff9328c3000 	C:\Windows\SYSTEM32\WINMM.dll
0x00007ff9268a0000 - 0x00007ff9268aa000 	C:\Windows\SYSTEM32\VERSION.dll
0x00007ff932840000 - 0x00007ff93286b000 	C:\Windows\SYSTEM32\WINMMBASE.dll
0x00007ff935510000 - 0x00007ff935552000 	C:\Windows\System32\cfgmgr32.dll
0x00000000682c0000 - 0x00000000682cf000 	C:\Program Files\Java\jre1.8.0_121\bin\verify.dll
0x0000000068290000 - 0x00000000682b9000 	C:\Program Files\Java\jre1.8.0_121\bin\java.dll
0x0000000068270000 - 0x0000000068286000 	C:\Program Files\Java\jre1.8.0_121\bin\zip.dll
0x00007ff9369f0000 - 0x00007ff937ef9000 	C:\Windows\System32\SHELL32.dll
0x00007ff935790000 - 0x00007ff935e6a000 	C:\Windows\System32\windows.storage.dll
0x00007ff934d90000 - 0x00007ff934ddc000 	C:\Windows\System32\powrprof.dll
0x00007ff936990000 - 0x00007ff9369e2000 	C:\Windows\System32\shlwapi.dll
0x00007ff934d60000 - 0x00007ff934d6f000 	C:\Windows\System32\kernel.appcore.dll
0x00007ff934df0000 - 0x00007ff934e99000 	C:\Windows\System32\shcore.dll
0x00007ff934d70000 - 0x00007ff934d84000 	C:\Windows\System32\profapi.dll
0x0000000068250000 - 0x000000006826a000 	C:\Program Files\Java\jre1.8.0_121\bin\net.dll
0x00007ff934690000 - 0x00007ff9346ec000 	C:\Windows\system32\mswsock.dll
0x0000000068230000 - 0x0000000068241000 	C:\Program Files\Java\jre1.8.0_121\bin\nio.dll
0x00007ff8fbe50000 - 0x00007ff8fbea7000 	C:\Users\Alexandru\AppData\Local\Temp\lwjglAlexandru\3.1.1-build-16\lwjgl.dll
0x00007ff934850000 - 0x00007ff93485b000 	C:\Windows\SYSTEM32\CRYPTBASE.DLL
0x00007ff8fb920000 - 0x00007ff8fb95e000 	C:\Users\ALEXAN~1\AppData\Local\Temp\lwjglAlexandru\3.1.1-build-16\jemalloc.dll
0x00007ff8fb8e0000 - 0x00007ff8fb91c000 	C:\Users\ALEXAN~1\AppData\Local\Temp\lwjglAlexandru\3.1.1-build-16\glfw.dll
0x00007ff8f7eb0000 - 0x00007ff8f7f0f000 	C:\Users\Alexandru\AppData\Local\Temp\lwjglAlexandru\3.1.1-build-16\lwjgl_opengl.dll
0x00007ff910e40000 - 0x00007ff910f63000 	C:\Windows\system32\opengl32.dll
0x00007ff910d10000 - 0x00007ff910e07000 	C:\Windows\SYSTEM32\DDRAW.dll
0x00007ff910e10000 - 0x00007ff910e3d000 	C:\Windows\SYSTEM32\GLU32.dll
0x00007ff90f390000 - 0x00007ff90f398000 	C:\Windows\SYSTEM32\DCIMAN32.dll
0x00007ff923b20000 - 0x00007ff923cb2000 	C:\Windows\SYSTEM32\dbghelp.dll

VM Arguments:
jvm_args: -Dfile.encoding=Cp1252 
java_command: bomber.game.main
java_class_path (initial): C:\Users\Alexandru\workspace\b1\bin;C:\Users\Alexandru\workspace\b1\lib\jars\joml-1.9.2-javadoc.jar;C:\Users\Alexandru\workspace\b1\lib\jars\joml-1.9.2-sources.jar;C:\Users\Alexandru\workspace\b1\lib\jars\joml-1.9.2.jar;C:\Users\Alexandru\workspace\b1\lib\jars\lwjgl_util.jar;C:\Users\Alexandru\workspace\b1\lib\jars\lwjgl-assimp-javadoc.jar;C:\Users\Alexandru\workspace\b1\lib\jars\lwjgl-assimp-natives-linux.jar;C:\Users\Alexandru\workspace\b1\lib\jars\lwjgl-assimp-natives-macos.jar;C:\Users\Alexandru\workspace\b1\lib\jars\lwjgl-assimp-natives-windows.jar;C:\Users\Alexandru\workspace\b1\lib\jars\lwjgl-assimp-sources.jar;C:\Users\Alexandru\workspace\b1\lib\jars\lwjgl-assimp.jar;C:\Users\Alexandru\workspace\b1\lib\jars\lwjgl-bgfx-javadoc.jar;C:\Users\Alexandru\workspace\b1\lib\jars\lwjgl-bgfx-natives-linux.jar;C:\Users\Alexandru\workspace\b1\lib\jars\lwjgl-bgfx-natives-macos.jar;C:\Users\Alexandru\workspace\b1\lib\jars\lwjgl-bgfx-natives-windows.jar;C:\Users\Alexandru\workspace\b1\lib\jars\lwjgl-bgfx-sources.jar;C:\Users\Alexandru\workspace\b1\lib\jars\lwjgl-bgfx.jar;C:\Users\Alexandru\workspace\b1\lib\jars\lwjgl-egl-javadoc.jar;C:\Users\Alexandru\workspace\b1\lib\jars\lwjgl-egl-sources.jar;C:\Users\Alexandru\workspace\b1\lib\jars\lwjgl-egl.jar;C:\Users\Alexandru\workspace\b1\lib\jars\lwjgl-glfw-javadoc.jar;C:\Users\Alexandru\workspace\b1\lib\jars\lwjgl-glfw-natives-linux.jar;C:\Users\Alexandru\workspace\b1\lib\jars\lwjgl-glfw-natives-macos.jar;C:\Users\Alexandru\workspace\b1\lib\jars\lwjgl-glfw-natives-windows.jar;C:\Users\Alexandru\workspace\b1\lib\jars\lwjgl-glfw-sources.jar;C:\Users\Alexandru\workspace\b1\lib\jars\lwjgl-glfw.jar;C:\Users\Alexandru\workspace\b1\lib\jars\lwjgl-javadoc.jar;C:\Users\Alexandru\workspace\b1\lib\jars\lwjgl-jawt-javadoc.jar;C:\Users\Alexandru\workspace\b1\lib\jars\lwjgl-jawt-sources.jar;C:\Users\Alexandru\workspace\b1\lib\jars\lwjgl-jawt.jar;C:\Users\Alexandru\workspace\b1\lib\jars\lwjgl-jemalloc-javadoc.jar;C:\
Launcher Type: SUN_STANDARD

Environment Variables:
PATH=C:/Program Files/Java/jre1.8.0_121/bin/server;C:/Program Files/Java/jre1.8.0_121/bin;C:/Program Files/Java/jre1.8.0_121/lib/amd64;C:\Program Files (x86)\Intel\iCLS Client\;C:\Program Files\Intel\iCLS Client\;C:\ProgramData\Oracle\Java\javapath;C:\Program Files\Haskell\bin;C:\Program Files\Haskell Platform\8.0.1\lib\extralibs\bin;C:\Program Files\Haskell Platform\8.0.1\bin;C:\Windows\system32;C:\Windows;C:\Windows\System32\Wbem;C:\Windows\System32\WindowsPowerShell\v1.0\;c:\Program Files\Intel\WiFi\bin\;c:\Program Files\Common Files\Intel\WirelessCommon\;C:\Program Files\Haskell Platform\8.0.1\mingw\bin;C:\Program Files\Intel\Intel(R) Management Engine Components\DAL;C:\Program Files\Intel\Intel(R) Management Engine Components\IPT;C:\Program Files (x86)\Intel\Intel(R) Management Engine Components\DAL;C:\Program Files (x86)\Intel\Intel(R) Management Engine Components\IPT;C:\Program Files\MiKTeX 2.9\miktex\bin\x64\;C:\Program Files (x86)\GNU\GnuPG\pub;C:\Users\Alexandru\AppData\Roaming\cabal\bin;C:\Users\Alexandru\AppData\Roaming\local\bin;C:\Users\Alexandru\AppData\Local\Microsoft\WindowsApps;c:\Program Files\Intel\WiFi\bin\;c:\Program Files\Common Files\Intel\WirelessCommon\;C:\Users\Alexandru\AppData\Local\atom\bin;C:\Users\Alexandru\Downloads\eclipse;
USERNAME=Alexandru
OS=Windows_NT
PROCESSOR_IDENTIFIER=Intel64 Family 6 Model 69 Stepping 1, GenuineIntel



---------------  S Y S T E M  ---------------

OS: Windows 10.0 , 64 bit Build 14393 (10.0.14393.0)

CPU:total 4 (2 cores per cpu, 2 threads per core) family 6 model 69 stepping 1, cmov, cx8, fxsr, mmx, sse, sse2, sse3, ssse3, sse4.1, sse4.2, popcnt, avx, avx2, aes, clmul, erms, lzcnt, ht, tsc, tscinvbit, bmi1, bmi2

Memory: 4k page, physical 6056088k(2599448k free), swap 7039128k(2606992k free)

vm_info: Java HotSpot(TM) 64-Bit Server VM (25.121-b13) for windows-amd64 JRE (1.8.0_121-b13), built on Dec 12 2016 18:21:36 by "java_re" with MS VC++ 10.0 (VS2010)

time: Thu Feb 09 20:21:33 2017
elapsed time: 0 seconds (0d 0h 0m 0s)

