#
# A fatal error has been detected by the Java Runtime Environment:
#
#  SIGSEGV (0xb) at pc=0x00007fe307979ccc, pid=12070, tid=140614866278144
#
# JRE version: Java(TM) SE Runtime Environment (8.0_91-b14) (build 1.8.0_91-b14)
# Java VM: Java HotSpot(TM) 64-Bit Server VM (25.91-b14 mixed mode linux-amd64 compressed oops)
# Problematic frame:
# C  [liblwjgl_opengl.so+0x46ccc]  Java_org_lwjgl_opengl_GL30_nglGenVertexArrays__IJ+0xc
#
# Failed to write core dump. Core dumps have been disabled. To enable core dumping, try "ulimit -c unlimited" before starting Java again
#
# If you would like to submit a bug report, please visit:
#   http://bugreport.java.com/bugreport/crash.jsp
# The crash happened outside the Java Virtual Machine in native code.
# See problematic frame for where to report the bug.
#

---------------  T H R E A D  ---------------

Current thread (0x00007fe36c00a800):  JavaThread "main" [_thread_in_native, id=12072, stack(0x00007fe373179000,0x00007fe37327a000)]

siginfo: si_signo: 11 (SIGSEGV), si_code: 1 (SEGV_MAPERR), si_addr: 0x0000000000000f18

Registers:
RAX=0x0000000000000000, RBX=0x00007fe357c357c8, RCX=0x00007fe36c3bf81c, RDX=0x0000000000000001
RSP=0x00007fe373277698, RBP=0x00007fe373277700, RSI=0x00007fe36c3bf81c, RDI=0x0000000000000001
R8 =0x0000000000000000, R9 =0x0000000000000009, R10=0x00007fe35d0179e8, R11=0x00007fe372059850
R12=0x0000000000000000, R13=0x00007fe357c357c8, R14=0x00007fe373277730, R15=0x00007fe36c00a800
RIP=0x00007fe307979ccc, EFLAGS=0x0000000000010283, CSGSFS=0x0000000000000033, ERR=0x0000000000000004
  TRAPNO=0x000000000000000e

Top of Stack: (sp=0x00007fe373277698)
0x00007fe373277698:   00007fe35d017a14 00007fe373277700
0x00007fe3732776a8:   00007fe35d017799 00007fe36c00a800
0x00007fe3732776b8:   00007fe35d017762 00007fe3732776c0
0x00007fe3732776c8:   00007fe357c357c8 00007fe373277730
0x00007fe3732776d8:   00007fe357c3df40 0000000000000000
0x00007fe3732776e8:   00007fe357c357c8 0000000000000000
0x00007fe3732776f8:   00007fe373277720 00007fe373277778
0x00007fe373277708:   00007fe35d0082bd 00000000d7789f40
0x00007fe373277718:   00007fe35d011538 00007fe36c3bf81c
0x00007fe373277728:   00000000d7a27560 0000000000000001
0x00007fe373277738:   00007fe373277738 00007fe357c3591c
0x00007fe373277748:   00007fe3732777a8 00007fe357c3df40
0x00007fe373277758:   0000000000000000 00007fe357c35980
0x00007fe373277768:   00007fe373277720 00007fe3732777b0
0x00007fe373277778:   00007fe3732777f8 00007fe35d007d00
0x00007fe373277788:   0000000000000000 0000000000000000
0x00007fe373277798:   00000000d7a27560 0000000000008000
0x00007fe3732777a8:   00000000d79dd390 00000000d7760b40
0x00007fe3732777b8:   00007fe3732777b8 00007fe357c27b25
0x00007fe3732777c8:   00007fe373277808 00007fe357c27e28
0x00007fe3732777d8:   0000000000000000 00007fe357c27b40
0x00007fe3732777e8:   00007fe3732777b0 00007fe373277808
0x00007fe3732777f8:   00007fe373277860 00007fe35d0082bd
0x00007fe373277808:   00000000d7760b40 00000000d7760b40
0x00007fe373277818:   00000000d775f168 00007fe373277820
0x00007fe373277828:   00007fe357be5b3d 00007fe3732778c8
0x00007fe373277838:   00007fe357c27510 0000000000000000
0x00007fe373277848:   00007fe357be5d20 00007fe373277808
0x00007fe373277858:   00007fe3732778a0 00007fe373277920
0x00007fe373277868:   00007fe35d0082bd 0000000000000000
0x00007fe373277878:   0000000000000000 0000000000000000
0x00007fe373277888:   0000000000000000 00000000d775f1b0 

Instructions: (pc=0x00007fe307979ccc)
0x00007fe307979cac:   c0 1b 00 00 ff e0 66 66 66 66 66 2e 0f 1f 84 00
0x00007fe307979cbc:   00 00 00 00 48 8b 07 48 89 ce 89 d7 48 8b 40 18
0x00007fe307979ccc:   48 8b 80 18 0f 00 00 ff e0 66 66 2e 0f 1f 84 00
0x00007fe307979cdc:   00 00 00 00 48 8b 07 48 89 ce 89 d7 48 8b 40 18 

Register to memory mapping:

RAX=0x0000000000000000 is an unknown value
RBX={method} {0x00007fe357c357c8} 'nglGenVertexArrays' '(IJ)V' in 'org/lwjgl/opengl/GL30'
RCX=0x00007fe36c3bf81c is an unknown value
RDX=0x0000000000000001 is an unknown value
RSP=0x00007fe373277698 is pointing into the stack for thread: 0x00007fe36c00a800
RBP=0x00007fe373277700 is pointing into the stack for thread: 0x00007fe36c00a800
RSI=0x00007fe36c3bf81c is an unknown value
RDI=0x0000000000000001 is an unknown value
R8 =0x0000000000000000 is an unknown value
R9 =0x0000000000000009 is an unknown value
R10=0x00007fe35d0179e8 is at code_begin+808 in an Interpreter codelet
method entry point (kind = native)  [0x00007fe35d0176c0, 0x00007fe35d017fc0]  2304 bytes
R11=0x00007fe372059850: <offset 0x9bb850> in /usr/lib/jvm/java-8-oracle/jre/lib/amd64/server/libjvm.so at 0x00007fe37169e000
R12=0x0000000000000000 is an unknown value
R13={method} {0x00007fe357c357c8} 'nglGenVertexArrays' '(IJ)V' in 'org/lwjgl/opengl/GL30'
R14=0x00007fe373277730 is pointing into the stack for thread: 0x00007fe36c00a800
R15=0x00007fe36c00a800 is a thread


Stack: [0x00007fe373179000,0x00007fe37327a000],  sp=0x00007fe373277698,  free space=1017k
Native frames: (J=compiled Java code, j=interpreted, Vv=VM code, C=native code)
C  [liblwjgl_opengl.so+0x46ccc]  Java_org_lwjgl_opengl_GL30_nglGenVertexArrays__IJ+0xc
j  org.lwjgl.opengl.GL30.glGenVertexArrays()I+20
j  bomber.renderer.shaders.VertexArrayObject.<init>()V+5
j  bomber.renderer.shaders.Mesh.<init>(IIII[F)V+93
j  bomber.game.Bomb.<init>(Ljava/lang/String;Ljava/awt/Point;II)V+124
j  bomber.AI.tests.MainTestTemplate.setUp()V+1266
v  ~StubRoutines::call_stub
V  [libjvm.so+0x68dbc6]  JavaCalls::call_helper(JavaValue*, methodHandle*, JavaCallArguments*, Thread*)+0x1056
V  [libjvm.so+0x994487]  Reflection::invoke(instanceKlassHandle, methodHandle, Handle, bool, objArrayHandle, BasicType, objArrayHandle, bool, Thread*)+0x5d7
V  [libjvm.so+0x997b97]  Reflection::invoke_method(oopDesc*, Handle, objArrayHandle, Thread*)+0x147
V  [libjvm.so+0x71c7db]  JVM_InvokeMethod+0x26b
j  sun.reflect.NativeMethodAccessorImpl.invoke0(Ljava/lang/reflect/Method;Ljava/lang/Object;[Ljava/lang/Object;)Ljava/lang/Object;+0
j  sun.reflect.NativeMethodAccessorImpl.invoke(Ljava/lang/Object;[Ljava/lang/Object;)Ljava/lang/Object;+100
j  sun.reflect.DelegatingMethodAccessorImpl.invoke(Ljava/lang/Object;[Ljava/lang/Object;)Ljava/lang/Object;+6
j  java.lang.reflect.Method.invoke(Ljava/lang/Object;[Ljava/lang/Object;)Ljava/lang/Object;+56
j  org.junit.runners.model.FrameworkMethod$1.runReflectiveCall()Ljava/lang/Object;+15
j  org.junit.internal.runners.model.ReflectiveCallable.run()Ljava/lang/Object;+1
j  org.junit.runners.model.FrameworkMethod.invokeExplosively(Ljava/lang/Object;[Ljava/lang/Object;)Ljava/lang/Object;+10
j  org.junit.internal.runners.statements.RunBefores.evaluate()V+38
j  org.junit.runners.ParentRunner.runLeaf(Lorg/junit/runners/model/Statement;Lorg/junit/runner/Description;Lorg/junit/runner/notification/RunNotifier;)V+17
j  org.junit.runners.BlockJUnit4ClassRunner.runChild(Lorg/junit/runners/model/FrameworkMethod;Lorg/junit/runner/notification/RunNotifier;)V+30
j  org.junit.runners.BlockJUnit4ClassRunner.runChild(Ljava/lang/Object;Lorg/junit/runner/notification/RunNotifier;)V+6
j  org.junit.runners.ParentRunner$3.run()V+12
j  org.junit.runners.ParentRunner$1.schedule(Ljava/lang/Runnable;)V+1
j  org.junit.runners.ParentRunner.runChildren(Lorg/junit/runner/notification/RunNotifier;)V+44
j  org.junit.runners.ParentRunner.access$000(Lorg/junit/runners/ParentRunner;Lorg/junit/runner/notification/RunNotifier;)V+2
j  org.junit.runners.ParentRunner$2.evaluate()V+8
j  org.junit.runners.ParentRunner.run(Lorg/junit/runner/notification/RunNotifier;)V+20
j  org.eclipse.jdt.internal.junit4.runner.JUnit4TestReference.run(Lorg/eclipse/jdt/internal/junit/runner/TestExecution;)V+72
j  org.eclipse.jdt.internal.junit.runner.TestExecution.run([Lorg/eclipse/jdt/internal/junit/runner/ITestReference;)V+17
j  org.eclipse.jdt.internal.junit.runner.RemoteTestRunner.runTests([Ljava/lang/String;Ljava/lang/String;Lorg/eclipse/jdt/internal/junit/runner/TestExecution;)V+61
j  org.eclipse.jdt.internal.junit.runner.RemoteTestRunner.runTests(Lorg/eclipse/jdt/internal/junit/runner/TestExecution;)V+10
j  org.eclipse.jdt.internal.junit.runner.RemoteTestRunner.run()V+70
j  org.eclipse.jdt.internal.junit.runner.RemoteTestRunner.main([Ljava/lang/String;)V+14
v  ~StubRoutines::call_stub
V  [libjvm.so+0x68dbc6]  JavaCalls::call_helper(JavaValue*, methodHandle*, JavaCallArguments*, Thread*)+0x1056
V  [libjvm.so+0x6cf232]  jni_invoke_static(JNIEnv_*, JavaValue*, _jobject*, JNICallType, _jmethodID*, JNI_ArgumentPusher*, Thread*)+0x362
V  [libjvm.so+0x6eba9a]  jni_CallStaticVoidMethod+0x17a
C  [libjli.so+0x7bcc]  JavaMain+0x80c
C  [libpthread.so.0+0x76ba]  start_thread+0xca

Java frames: (J=compiled Java code, j=interpreted, Vv=VM code)
j  org.lwjgl.opengl.GL30.nglGenVertexArrays(IJ)V+0
j  org.lwjgl.opengl.GL30.glGenVertexArrays()I+20
j  bomber.renderer.shaders.VertexArrayObject.<init>()V+5
j  bomber.renderer.shaders.Mesh.<init>(IIII[F)V+93
j  bomber.game.Bomb.<init>(Ljava/lang/String;Ljava/awt/Point;II)V+124
j  bomber.AI.tests.MainTestTemplate.setUp()V+1266
v  ~StubRoutines::call_stub
j  sun.reflect.NativeMethodAccessorImpl.invoke0(Ljava/lang/reflect/Method;Ljava/lang/Object;[Ljava/lang/Object;)Ljava/lang/Object;+0
j  sun.reflect.NativeMethodAccessorImpl.invoke(Ljava/lang/Object;[Ljava/lang/Object;)Ljava/lang/Object;+100
j  sun.reflect.DelegatingMethodAccessorImpl.invoke(Ljava/lang/Object;[Ljava/lang/Object;)Ljava/lang/Object;+6
j  java.lang.reflect.Method.invoke(Ljava/lang/Object;[Ljava/lang/Object;)Ljava/lang/Object;+56
j  org.junit.runners.model.FrameworkMethod$1.runReflectiveCall()Ljava/lang/Object;+15
j  org.junit.internal.runners.model.ReflectiveCallable.run()Ljava/lang/Object;+1
j  org.junit.runners.model.FrameworkMethod.invokeExplosively(Ljava/lang/Object;[Ljava/lang/Object;)Ljava/lang/Object;+10
j  org.junit.internal.runners.statements.RunBefores.evaluate()V+38
j  org.junit.runners.ParentRunner.runLeaf(Lorg/junit/runners/model/Statement;Lorg/junit/runner/Description;Lorg/junit/runner/notification/RunNotifier;)V+17
j  org.junit.runners.BlockJUnit4ClassRunner.runChild(Lorg/junit/runners/model/FrameworkMethod;Lorg/junit/runner/notification/RunNotifier;)V+30
j  org.junit.runners.BlockJUnit4ClassRunner.runChild(Ljava/lang/Object;Lorg/junit/runner/notification/RunNotifier;)V+6
j  org.junit.runners.ParentRunner$3.run()V+12
j  org.junit.runners.ParentRunner$1.schedule(Ljava/lang/Runnable;)V+1
j  org.junit.runners.ParentRunner.runChildren(Lorg/junit/runner/notification/RunNotifier;)V+44
j  org.junit.runners.ParentRunner.access$000(Lorg/junit/runners/ParentRunner;Lorg/junit/runner/notification/RunNotifier;)V+2
j  org.junit.runners.ParentRunner$2.evaluate()V+8
j  org.junit.runners.ParentRunner.run(Lorg/junit/runner/notification/RunNotifier;)V+20
j  org.eclipse.jdt.internal.junit4.runner.JUnit4TestReference.run(Lorg/eclipse/jdt/internal/junit/runner/TestExecution;)V+72
j  org.eclipse.jdt.internal.junit.runner.TestExecution.run([Lorg/eclipse/jdt/internal/junit/runner/ITestReference;)V+17
j  org.eclipse.jdt.internal.junit.runner.RemoteTestRunner.runTests([Ljava/lang/String;Ljava/lang/String;Lorg/eclipse/jdt/internal/junit/runner/TestExecution;)V+61
j  org.eclipse.jdt.internal.junit.runner.RemoteTestRunner.runTests(Lorg/eclipse/jdt/internal/junit/runner/TestExecution;)V+10
j  org.eclipse.jdt.internal.junit.runner.RemoteTestRunner.run()V+70
j  org.eclipse.jdt.internal.junit.runner.RemoteTestRunner.main([Ljava/lang/String;)V+14
v  ~StubRoutines::call_stub

---------------  P R O C E S S  ---------------

Java Threads: ( => current thread )
  0x00007fe36c1f5000 JavaThread "ReaderThread" [_thread_in_native, id=12096, stack(0x00007fe35440d000,0x00007fe35450e000)]
  0x00007fe36c0d3800 JavaThread "Service Thread" daemon [_thread_blocked, id=12094, stack(0x00007fe354b4d000,0x00007fe354c4e000)]
  0x00007fe36c0c8800 JavaThread "C1 CompilerThread3" daemon [_thread_blocked, id=12093, stack(0x00007fe354c4e000,0x00007fe354d4f000)]
  0x00007fe36c0c6800 JavaThread "C2 CompilerThread2" daemon [_thread_blocked, id=12092, stack(0x00007fe354d4f000,0x00007fe354e50000)]
  0x00007fe36c0c4800 JavaThread "C2 CompilerThread1" daemon [_thread_blocked, id=12091, stack(0x00007fe354e50000,0x00007fe354f51000)]
  0x00007fe36c0c1800 JavaThread "C2 CompilerThread0" daemon [_thread_blocked, id=12090, stack(0x00007fe354f51000,0x00007fe355052000)]
  0x00007fe36c0c0000 JavaThread "Signal Dispatcher" daemon [_thread_blocked, id=12089, stack(0x00007fe355052000,0x00007fe355153000)]
  0x00007fe36c08d000 JavaThread "Finalizer" daemon [_thread_blocked, id=12088, stack(0x00007fe35555c000,0x00007fe35565d000)]
  0x00007fe36c088800 JavaThread "Reference Handler" daemon [_thread_blocked, id=12087, stack(0x00007fe35565d000,0x00007fe35575e000)]
=>0x00007fe36c00a800 JavaThread "main" [_thread_in_native, id=12072, stack(0x00007fe373179000,0x00007fe37327a000)]

Other Threads:
  0x00007fe36c080800 VMThread [stack: 0x00007fe35575e000,0x00007fe35585f000] [id=12086]
  0x00007fe36c0d6800 WatcherThread [stack: 0x00007fe354a4c000,0x00007fe354b4d000] [id=12095]

VM state:not at safepoint (normal execution)

VM Mutex/Monitor currently owned by a thread: None

Heap:
 PSYoungGen      total 36864K, used 12742K [0x00000000d6e00000, 0x00000000d9700000, 0x0000000100000000)
  eden space 31744K, 40% used [0x00000000d6e00000,0x00000000d7a718d8,0x00000000d8d00000)
  from space 5120K, 0% used [0x00000000d9200000,0x00000000d9200000,0x00000000d9700000)
  to   space 5120K, 0% used [0x00000000d8d00000,0x00000000d8d00000,0x00000000d9200000)
 ParOldGen       total 84992K, used 0K [0x0000000084a00000, 0x0000000089d00000, 0x00000000d6e00000)
  object space 84992K, 0% used [0x0000000084a00000,0x0000000084a00000,0x0000000089d00000)
 Metaspace       used 7942K, capacity 8130K, committed 8192K, reserved 1056768K
  class space    used 897K, capacity 987K, committed 1024K, reserved 1048576K

Card table byte_map: [0x00007fe35c864000,0x00007fe35cc40000] byte_map_base: 0x00007fe35c43f000

Marking Bits: (ParMarkBitMap*) 0x00007fe372654d60
 Begin Bits: [0x00007fe3582ac000, 0x00007fe35a184000)
 End Bits:   [0x00007fe35a184000, 0x00007fe35c05c000)

Polling page: 0x00007fe3732a3000

CodeCache: size=245760Kb used=2399Kb max_used=2399Kb free=243360Kb
 bounds [0x00007fe35d000000, 0x00007fe35d270000, 0x00007fe36c000000]
 total_blobs=898 nmethods=553 adapters=259
 compilation: enabled

Compilation events (10 events):
Event: 0.347 Thread 0x00007fe36c0c8800  548       3       java.lang.StringCoding::safeTrim (24 bytes)
Event: 0.347 Thread 0x00007fe36c0c8800 nmethod 548 0x00007fe35d253fd0 code [0x00007fe35d254160, 0x00007fe35d254608]
Event: 0.347 Thread 0x00007fe36c0c8800  549   !   3       java.lang.ClassLoader::getPackage (118 bytes)
Event: 0.348 Thread 0x00007fe36c0c8800 nmethod 549 0x00007fe35d2547d0 code [0x00007fe35d2549e0, 0x00007fe35d255718]
Event: 0.349 Thread 0x00007fe36c0c8800  550       3       java.io.File::<init> (113 bytes)
Event: 0.350 Thread 0x00007fe36c0c8800 nmethod 550 0x00007fe35d256490 code [0x00007fe35d2566c0, 0x00007fe35d257158]
Event: 0.350 Thread 0x00007fe36c0c8800  551       3       jdk.internal.org.objectweb.asm.ByteVector::enlarge (51 bytes)
Event: 0.350 Thread 0x00007fe36c0c8800 nmethod 551 0x00007fe35d257610 code [0x00007fe35d257780, 0x00007fe35d257a88]
Event: 0.354 Thread 0x00007fe36c0c8800  553       3       sun.misc.URLClassPath::getResource (83 bytes)
Event: 0.354 Thread 0x00007fe36c0c8800 nmethod 553 0x00007fe35d257f10 code [0x00007fe35d2580c0, 0x00007fe35d258488]

GC Heap History (0 events):
No events

Deoptimization events (2 events):
Event: 0.101 Thread 0x00007fe36c00a800 Uncommon trap: reason=unstable_if action=reinterpret pc=0x00007fe35d128dc4 method=java.lang.String.indexOf(II)I @ 49
Event: 0.260 Thread 0x00007fe36c00a800 Uncommon trap: reason=unstable_if action=reinterpret pc=0x00007fe35d1eb81c method=bomber.game.Map.convertToPixel([[Lbomber/game/Block;)[[Lbomber/game/Block; @ 80

Internal exceptions (10 events):
Event: 0.222 Thread 0x00007fe36c00a800 Exception <a 'java/security/PrivilegedActionException'> (0x00000000d7416ef8) thrown at [/HUDSON/workspace/8-2-build-linux-amd64/jdk8u91/6644/hotspot/src/share/vm/prims/jvm.cpp, line 1386]
Event: 0.222 Thread 0x00007fe36c00a800 Exception <a 'java/security/PrivilegedActionException'> (0x00000000d74172f0) thrown at [/HUDSON/workspace/8-2-build-linux-amd64/jdk8u91/6644/hotspot/src/share/vm/prims/jvm.cpp, line 1386]
Event: 0.315 Thread 0x00007fe36c00a800 Exception <a 'java/lang/NoSuchFieldError': method resolution failed> (0x00000000d78f49b8) thrown at [/HUDSON/workspace/8-2-build-linux-amd64/jdk8u91/6644/hotspot/src/share/vm/prims/methodHandles.cpp, line 1146]
Event: 0.317 Thread 0x00007fe36c00a800 Exception <a 'java/lang/NoSuchFieldError': method resolution failed> (0x00000000d79020a8) thrown at [/HUDSON/workspace/8-2-build-linux-amd64/jdk8u91/6644/hotspot/src/share/vm/prims/methodHandles.cpp, line 1146]
Event: 0.346 Thread 0x00007fe36c00a800 Exception <a 'sun/nio/fs/UnixException'> (0x00000000d79ab618) thrown at [/HUDSON/workspace/8-2-build-linux-amd64/jdk8u91/6644/hotspot/src/share/vm/prims/jni.cpp, line 709]
Event: 0.346 Thread 0x00007fe36c00a800 Exception <a 'sun/nio/fs/UnixException'> (0x00000000d79acee0) thrown at [/HUDSON/workspace/8-2-build-linux-amd64/jdk8u91/6644/hotspot/src/share/vm/prims/jni.cpp, line 709]
Event: 0.346 Thread 0x00007fe36c00a800 Exception <a 'sun/nio/fs/UnixException'> (0x00000000d79ad9d0) thrown at [/HUDSON/workspace/8-2-build-linux-amd64/jdk8u91/6644/hotspot/src/share/vm/prims/jni.cpp, line 709]
Event: 0.346 Thread 0x00007fe36c00a800 Exception <a 'sun/nio/fs/UnixException'> (0x00000000d79ae488) thrown at [/HUDSON/workspace/8-2-build-linux-amd64/jdk8u91/6644/hotspot/src/share/vm/prims/jni.cpp, line 709]
Event: 0.346 Thread 0x00007fe36c00a800 Exception <a 'sun/nio/fs/UnixException'> (0x00000000d79aeec0) thrown at [/HUDSON/workspace/8-2-build-linux-amd64/jdk8u91/6644/hotspot/src/share/vm/prims/jni.cpp, line 709]
Event: 0.347 Thread 0x00007fe36c00a800 Exception <a 'sun/nio/fs/UnixException'> (0x00000000d79af970) thrown at [/HUDSON/workspace/8-2-build-linux-amd64/jdk8u91/6644/hotspot/src/share/vm/prims/jni.cpp, line 709]

Events (10 events):
Event: 0.356 loading class java/nio/DirectDoubleBufferU
Event: 0.356 loading class java/nio/DirectDoubleBufferU done
Event: 0.357 loading class org/lwjgl/system/linux/DynamicLinkLoader
Event: 0.357 loading class org/lwjgl/system/linux/DynamicLinkLoader done
Event: 0.358 loading class org/lwjgl/opengl/GL$2
Event: 0.358 loading class org/lwjgl/opengl/GL$2 done
Event: 0.358 loading class org/lwjgl/opengl/GL$SharedLibraryGL
Event: 0.358 loading class org/lwjgl/opengl/GL$SharedLibraryGL done
Event: 0.358 loading class org/lwjgl/system/SharedLibrary$Delegate
Event: 0.358 loading class org/lwjgl/system/SharedLibrary$Delegate done


Dynamic libraries:
00400000-00401000 r-xp 00000000 08:02 30280100                           /usr/lib/jvm/java-8-oracle/bin/java
00600000-00601000 rw-p 00000000 08:02 30280100                           /usr/lib/jvm/java-8-oracle/bin/java
01221000-01242000 rw-p 00000000 00:00 0                                  [heap]
84a00000-89d00000 rw-p 00000000 00:00 0 
89d00000-d6e00000 ---p 00000000 00:00 0 
d6e00000-d9700000 rw-p 00000000 00:00 0 
d9700000-100000000 ---p 00000000 00:00 0 
100000000-100100000 rw-p 00000000 00:00 0 
100100000-140000000 ---p 00000000 00:00 0 
7fe3050a2000-7fe3050a7000 r-xp 00000000 08:02 29361085                   /usr/lib/x86_64-linux-gnu/libXdmcp.so.6.0.0
7fe3050a7000-7fe3052a6000 ---p 00005000 08:02 29361085                   /usr/lib/x86_64-linux-gnu/libXdmcp.so.6.0.0
7fe3052a6000-7fe3052a7000 r--p 00004000 08:02 29361085                   /usr/lib/x86_64-linux-gnu/libXdmcp.so.6.0.0
7fe3052a7000-7fe3052a8000 rw-p 00005000 08:02 29361085                   /usr/lib/x86_64-linux-gnu/libXdmcp.so.6.0.0
7fe3052a8000-7fe3052aa000 r-xp 00000000 08:02 29367690                   /usr/lib/x86_64-linux-gnu/libXau.so.6.0.0
7fe3052aa000-7fe3054aa000 ---p 00002000 08:02 29367690                   /usr/lib/x86_64-linux-gnu/libXau.so.6.0.0
7fe3054aa000-7fe3054ab000 r--p 00002000 08:02 29367690                   /usr/lib/x86_64-linux-gnu/libXau.so.6.0.0
7fe3054ab000-7fe3054ac000 rw-p 00003000 08:02 29367690                   /usr/lib/x86_64-linux-gnu/libXau.so.6.0.0
7fe3054ac000-7fe3054bc000 r-xp 00000000 08:02 29363311                   /usr/lib/x86_64-linux-gnu/libdrm.so.2.4.0
7fe3054bc000-7fe3056bb000 ---p 00010000 08:02 29363311                   /usr/lib/x86_64-linux-gnu/libdrm.so.2.4.0
7fe3056bb000-7fe3056bc000 r--p 0000f000 08:02 29363311                   /usr/lib/x86_64-linux-gnu/libdrm.so.2.4.0
7fe3056bc000-7fe3056bd000 rw-p 00010000 08:02 29363311                   /usr/lib/x86_64-linux-gnu/libdrm.so.2.4.0
7fe3056bd000-7fe3056c2000 r-xp 00000000 08:02 29369388                   /usr/lib/x86_64-linux-gnu/libXxf86vm.so.1.0.0
7fe3056c2000-7fe3058c1000 ---p 00005000 08:02 29369388                   /usr/lib/x86_64-linux-gnu/libXxf86vm.so.1.0.0
7fe3058c1000-7fe3058c2000 r--p 00004000 08:02 29369388                   /usr/lib/x86_64-linux-gnu/libXxf86vm.so.1.0.0
7fe3058c2000-7fe3058c3000 rw-p 00005000 08:02 29369388                   /usr/lib/x86_64-linux-gnu/libXxf86vm.so.1.0.0
7fe3058c3000-7fe3058e4000 r-xp 00000000 08:02 29362315                   /usr/lib/x86_64-linux-gnu/libxcb.so.1.1.0
7fe3058e4000-7fe305ae3000 ---p 00021000 08:02 29362315                   /usr/lib/x86_64-linux-gnu/libxcb.so.1.1.0
7fe305ae3000-7fe305ae4000 r--p 00020000 08:02 29362315                   /usr/lib/x86_64-linux-gnu/libxcb.so.1.1.0
7fe305ae4000-7fe305ae5000 rw-p 00021000 08:02 29362315                   /usr/lib/x86_64-linux-gnu/libxcb.so.1.1.0
7fe305ae5000-7fe305ae9000 r-xp 00000000 08:02 29369373                   /usr/lib/x86_64-linux-gnu/libxcb-dri2.so.0.0.0
7fe305ae9000-7fe305ce8000 ---p 00004000 08:02 29369373                   /usr/lib/x86_64-linux-gnu/libxcb-dri2.so.0.0.0
7fe305ce8000-7fe305ce9000 r--p 00003000 08:02 29369373                   /usr/lib/x86_64-linux-gnu/libxcb-dri2.so.0.0.0
7fe305ce9000-7fe305cea000 rw-p 00004000 08:02 29369373                   /usr/lib/x86_64-linux-gnu/libxcb-dri2.so.0.0.0
7fe305cea000-7fe305d01000 r-xp 00000000 08:02 29369376                   /usr/lib/x86_64-linux-gnu/libxcb-glx.so.0.0.0
7fe305d01000-7fe305f00000 ---p 00017000 08:02 29369376                   /usr/lib/x86_64-linux-gnu/libxcb-glx.so.0.0.0
7fe305f00000-7fe305f02000 r--p 00016000 08:02 29369376                   /usr/lib/x86_64-linux-gnu/libxcb-glx.so.0.0.0
7fe305f02000-7fe305f03000 rw-p 00018000 08:02 29369376                   /usr/lib/x86_64-linux-gnu/libxcb-glx.so.0.0.0
7fe305f03000-7fe306038000 r-xp 00000000 08:02 29362333                   /usr/lib/x86_64-linux-gnu/libX11.so.6.3.0
7fe306038000-7fe306238000 ---p 00135000 08:02 29362333                   /usr/lib/x86_64-linux-gnu/libX11.so.6.3.0
7fe306238000-7fe306239000 r--p 00135000 08:02 29362333                   /usr/lib/x86_64-linux-gnu/libX11.so.6.3.0
7fe306239000-7fe30623d000 rw-p 00136000 08:02 29362333                   /usr/lib/x86_64-linux-gnu/libX11.so.6.3.0
7fe30623d000-7fe30623e000 r-xp 00000000 08:02 29369344                   /usr/lib/x86_64-linux-gnu/libX11-xcb.so.1.0.0
7fe30623e000-7fe30643d000 ---p 00001000 08:02 29369344                   /usr/lib/x86_64-linux-gnu/libX11-xcb.so.1.0.0
7fe30643d000-7fe30643e000 r--p 00000000 08:02 29369344                   /usr/lib/x86_64-linux-gnu/libX11-xcb.so.1.0.0
7fe30643e000-7fe30643f000 rw-p 00001000 08:02 29369344                   /usr/lib/x86_64-linux-gnu/libX11-xcb.so.1.0.0
7fe30643f000-7fe306444000 r-xp 00000000 08:02 29364516                   /usr/lib/x86_64-linux-gnu/libXfixes.so.3.1.0
7fe306444000-7fe306643000 ---p 00005000 08:02 29364516                   /usr/lib/x86_64-linux-gnu/libXfixes.so.3.1.0
7fe306643000-7fe306644000 r--p 00004000 08:02 29364516                   /usr/lib/x86_64-linux-gnu/libXfixes.so.3.1.0
7fe306644000-7fe306645000 rw-p 00005000 08:02 29364516                   /usr/lib/x86_64-linux-gnu/libXfixes.so.3.1.0
7fe306645000-7fe306647000 r-xp 00000000 08:02 29362374                   /usr/lib/x86_64-linux-gnu/libXdamage.so.1.1.0
7fe306647000-7fe306846000 ---p 00002000 08:02 29362374                   /usr/lib/x86_64-linux-gnu/libXdamage.so.1.1.0
7fe306846000-7fe306847000 r--p 00001000 08:02 29362374                   /usr/lib/x86_64-linux-gnu/libXdamage.so.1.1.0
7fe306847000-7fe306848000 rw-p 00002000 08:02 29362374                   /usr/lib/x86_64-linux-gnu/libXdamage.so.1.1.0
7fe306848000-7fe306859000 r-xp 00000000 08:02 29362034                   /usr/lib/x86_64-linux-gnu/libXext.so.6.4.0
7fe306859000-7fe306a58000 ---p 00011000 08:02 29362034                   /usr/lib/x86_64-linux-gnu/libXext.so.6.4.0
7fe306a58000-7fe306a59000 r--p 00010000 08:02 29362034                   /usr/lib/x86_64-linux-gnu/libXext.so.6.4.0
7fe306a59000-7fe306a5a000 rw-p 00011000 08:02 29362034                   /usr/lib/x86_64-linux-gnu/libXext.so.6.4.0
7fe306a5a000-7fe306a85000 r-xp 00000000 08:02 29366680                   /usr/lib/x86_64-linux-gnu/libglapi.so.0.0.0
7fe306a85000-7fe306c84000 ---p 0002b000 08:02 29366680                   /usr/lib/x86_64-linux-gnu/libglapi.so.0.0.0
7fe306c84000-7fe306c88000 r--p 0002a000 08:02 29366680                   /usr/lib/x86_64-linux-gnu/libglapi.so.0.0.0
7fe306c88000-7fe306c89000 rw-p 0002e000 08:02 29366680                   /usr/lib/x86_64-linux-gnu/libglapi.so.0.0.0
7fe306c89000-7fe306c8a000 rw-p 00000000 00:00 0 
7fe306c8a000-7fe306c8b000 r-xp 00000000 08:02 29369369                   /usr/lib/x86_64-linux-gnu/libxshmfence.so.1.0.0
7fe306c8b000-7fe306e8b000 ---p 00001000 08:02 29369369                   /usr/lib/x86_64-linux-gnu/libxshmfence.so.1.0.0
7fe306e8b000-7fe306e8c000 r--p 00001000 08:02 29369369                   /usr/lib/x86_64-linux-gnu/libxshmfence.so.1.0.0
7fe306e8c000-7fe306e8d000 rw-p 00002000 08:02 29369369                   /usr/lib/x86_64-linux-gnu/libxshmfence.so.1.0.0
7fe306e8d000-7fe306e92000 r-xp 00000000 08:02 29369363                   /usr/lib/x86_64-linux-gnu/libxcb-sync.so.1.0.0
7fe306e92000-7fe307092000 ---p 00005000 08:02 29369363                   /usr/lib/x86_64-linux-gnu/libxcb-sync.so.1.0.0
7fe307092000-7fe307093000 r--p 00005000 08:02 29369363                   /usr/lib/x86_64-linux-gnu/libxcb-sync.so.1.0.0
7fe307093000-7fe307094000 rw-p 00006000 08:02 29369363                   /usr/lib/x86_64-linux-gnu/libxcb-sync.so.1.0.0
7fe307094000-7fe307096000 r-xp 00000000 08:02 29369366                   /usr/lib/x86_64-linux-gnu/libxcb-present.so.0.0.0
7fe307096000-7fe307295000 ---p 00002000 08:02 29369366                   /usr/lib/x86_64-linux-gnu/libxcb-present.so.0.0.0
7fe307295000-7fe307296000 r--p 00001000 08:02 29369366                   /usr/lib/x86_64-linux-gnu/libxcb-present.so.0.0.0
7fe307296000-7fe307297000 rw-p 00002000 08:02 29369366                   /usr/lib/x86_64-linux-gnu/libxcb-present.so.0.0.0
7fe307297000-7fe307299000 r-xp 00000000 08:02 29369348                   /usr/lib/x86_64-linux-gnu/libxcb-dri3.so.0.0.0
7fe307299000-7fe307498000 ---p 00002000 08:02 29369348                   /usr/lib/x86_64-linux-gnu/libxcb-dri3.so.0.0.0
7fe307498000-7fe307499000 r--p 00001000 08:02 29369348                   /usr/lib/x86_64-linux-gnu/libxcb-dri3.so.0.0.0
7fe307499000-7fe30749a000 rw-p 00002000 08:02 29369348                   /usr/lib/x86_64-linux-gnu/libxcb-dri3.so.0.0.0
7fe30749a000-7fe3074c0000 r-xp 00000000 08:02 30670951                   /lib/x86_64-linux-gnu/libexpat.so.1.6.0
7fe3074c0000-7fe3076c0000 ---p 00026000 08:02 30670951                   /lib/x86_64-linux-gnu/libexpat.so.1.6.0
7fe3076c0000-7fe3076c2000 r--p 00026000 08:02 30670951                   /lib/x86_64-linux-gnu/libexpat.so.1.6.0
7fe3076c2000-7fe3076c3000 rw-p 00028000 08:02 30670951                   /lib/x86_64-linux-gnu/libexpat.so.1.6.0
7fe3076c3000-7fe30772f000 r-xp 00000000 08:02 29753609                   /usr/lib/x86_64-linux-gnu/mesa/libGL.so.1.2.0
7fe30772f000-7fe30792e000 ---p 0006c000 08:02 29753609                   /usr/lib/x86_64-linux-gnu/mesa/libGL.so.1.2.0
7fe30792e000-7fe307931000 r--p 0006b000 08:02 29753609                   /usr/lib/x86_64-linux-gnu/mesa/libGL.so.1.2.0
7fe307931000-7fe307932000 rw-p 0006e000 08:02 29753609                   /usr/lib/x86_64-linux-gnu/mesa/libGL.so.1.2.0
7fe307932000-7fe307933000 rw-p 00000000 00:00 0 
7fe307933000-7fe30799c000 r-xp 00000000 08:02 40108664                   /tmp/lwjgljokl/3.1.1-build-16/liblwjgl_opengl.so
7fe30799c000-7fe307b9b000 ---p 00069000 08:02 40108664                   /tmp/lwjgljokl/3.1.1-build-16/liblwjgl_opengl.so
7fe307b9b000-7fe307b9c000 r--p 00068000 08:02 40108664                   /tmp/lwjgljokl/3.1.1-build-16/liblwjgl_opengl.so
7fe307b9c000-7fe307b9d000 rw-p 00069000 08:02 40108664                   /tmp/lwjgljokl/3.1.1-build-16/liblwjgl_opengl.so
7fe307b9d000-7fe307bb3000 r-xp 00000000 08:02 30675021                   /lib/x86_64-linux-gnu/libgcc_s.so.1
7fe307bb3000-7fe307db2000 ---p 00016000 08:02 30675021                   /lib/x86_64-linux-gnu/libgcc_s.so.1
7fe307db2000-7fe307db3000 rw-p 00015000 08:02 30675021                   /lib/x86_64-linux-gnu/libgcc_s.so.1
7fe307db3000-7fe307dfe000 r-xp 00000000 08:02 40108661                   /tmp/lwjgljokl/3.1.1-build-16/liblwjgl.so
7fe307dfe000-7fe307ffe000 ---p 0004b000 08:02 40108661                   /tmp/lwjgljokl/3.1.1-build-16/liblwjgl.so
7fe307ffe000-7fe307fff000 r--p 0004b000 08:02 40108661                   /tmp/lwjgljokl/3.1.1-build-16/liblwjgl.so
7fe307fff000-7fe308000000 rw-p 0004c000 08:02 40108661                   /tmp/lwjgljokl/3.1.1-build-16/liblwjgl.so
7fe308000000-7fe308021000 rw-p 00000000 00:00 0 
7fe308021000-7fe30c000000 ---p 00000000 00:00 0 
7fe30c000000-7fe30c021000 rw-p 00000000 00:00 0 
7fe30c021000-7fe310000000 ---p 00000000 00:00 0 
7fe310000000-7fe3101f2000 rw-p 00000000 00:00 0 
7fe3101f2000-7fe314000000 ---p 00000000 00:00 0 
7fe314000000-7fe314021000 rw-p 00000000 00:00 0 
7fe314021000-7fe318000000 ---p 00000000 00:00 0 
7fe318000000-7fe31808a000 rw-p 00000000 00:00 0 
7fe31808a000-7fe31c000000 ---p 00000000 00:00 0 
7fe31c000000-7fe31c066000 rw-p 00000000 00:00 0 
7fe31c066000-7fe320000000 ---p 00000000 00:00 0 
7fe320000000-7fe320021000 rw-p 00000000 00:00 0 
7fe320021000-7fe324000000 ---p 00000000 00:00 0 
7fe324000000-7fe324060000 rw-p 00000000 00:00 0 
7fe324060000-7fe328000000 ---p 00000000 00:00 0 
7fe328000000-7fe328021000 rw-p 00000000 00:00 0 
7fe328021000-7fe32c000000 ---p 00000000 00:00 0 
7fe32c000000-7fe32c021000 rw-p 00000000 00:00 0 
7fe32c021000-7fe330000000 ---p 00000000 00:00 0 
7fe330000000-7fe330021000 rw-p 00000000 00:00 0 
7fe330021000-7fe334000000 ---p 00000000 00:00 0 
7fe334000000-7fe334021000 rw-p 00000000 00:00 0 
7fe334021000-7fe338000000 ---p 00000000 00:00 0 
7fe338000000-7fe338021000 rw-p 00000000 00:00 0 
7fe338021000-7fe33c000000 ---p 00000000 00:00 0 
7fe33c000000-7fe33c021000 rw-p 00000000 00:00 0 
7fe33c021000-7fe340000000 ---p 00000000 00:00 0 
7fe340000000-7fe340021000 rw-p 00000000 00:00 0 
7fe340021000-7fe344000000 ---p 00000000 00:00 0 
7fe344000000-7fe344021000 rw-p 00000000 00:00 0 
7fe344021000-7fe348000000 ---p 00000000 00:00 0 
7fe348000000-7fe348021000 rw-p 00000000 00:00 0 
7fe348021000-7fe34c000000 ---p 00000000 00:00 0 
7fe34c000000-7fe34c021000 rw-p 00000000 00:00 0 
7fe34c021000-7fe350000000 ---p 00000000 00:00 0 
7fe350000000-7fe350021000 rw-p 00000000 00:00 0 
7fe350021000-7fe354000000 ---p 00000000 00:00 0 
7fe3541f5000-7fe354206000 r-xp 00000000 08:02 30671266                   /usr/lib/jvm/java-8-oracle/jre/lib/amd64/libnio.so
7fe354206000-7fe354405000 ---p 00011000 08:02 30671266                   /usr/lib/jvm/java-8-oracle/jre/lib/amd64/libnio.so
7fe354405000-7fe354406000 rw-p 00010000 08:02 30671266                   /usr/lib/jvm/java-8-oracle/jre/lib/amd64/libnio.so
7fe354406000-7fe354409000 r--s 0001a000 08:02 30280401                   /usr/lib/jvm/java-8-oracle/jre/lib/jce.jar
7fe354409000-7fe35440d000 r--s 00097000 08:02 30280400                   /usr/lib/jvm/java-8-oracle/jre/lib/jsse.jar
7fe35440d000-7fe354410000 ---p 00000000 00:00 0 
7fe354410000-7fe35480f000 rw-p 00000000 00:00 0 
7fe35480f000-7fe354825000 r-xp 00000000 08:02 30671319                   /usr/lib/jvm/java-8-oracle/jre/lib/amd64/libnet.so
7fe354825000-7fe354a25000 ---p 00016000 08:02 30671319                   /usr/lib/jvm/java-8-oracle/jre/lib/amd64/libnet.so
7fe354a25000-7fe354a26000 rw-p 00016000 08:02 30671319                   /usr/lib/jvm/java-8-oracle/jre/lib/amd64/libnet.so
7fe354a26000-7fe354a2a000 r--s 0002a000 08:02 4066773                    /home/jokl/lwjgl3/lwjgl-assimp.jar
7fe354a2a000-7fe354a2d000 r--s 0001f000 08:02 4066780                    /home/jokl/lwjgl3/lwjgl-bgfx.jar
7fe354a2d000-7fe354a31000 r--s 0001b000 08:02 4066791                    /home/jokl/lwjgl3/lwjgl-egl.jar
7fe354a31000-7fe354a34000 r--s 00015000 08:02 4066802                    /home/jokl/lwjgl3/lwjgl-glfw.jar
7fe354a34000-7fe354a35000 r--s 002ae000 08:02 4066805                    /home/jokl/lwjgl3/lwjgl-assimp-natives-linux.jar
7fe354a35000-7fe354a36000 r--s 00042000 08:02 4066806                    /home/jokl/lwjgl3/lwjgl-bgfx-natives-linux.jar
7fe354a36000-7fe354a37000 r--s 0000e000 08:02 4066808                    /home/jokl/lwjgl3/lwjgl-glfw-natives-linux.jar
7fe354a37000-7fe354a38000 r--s 00005000 08:02 4066811                    /home/jokl/lwjgl3/lwjgl-jawt.jar
7fe354a38000-7fe354a3a000 r--s 00007000 08:02 4066815                    /home/jokl/lwjgl3/lwjgl-jemalloc.jar
7fe354a3a000-7fe354a3b000 r--s 00019000 08:02 4066819                    /home/jokl/lwjgl3/lwjgl-jemalloc-natives-linux.jar
7fe354a3b000-7fe354a3d000 r--s 00005000 08:02 4066820                    /home/jokl/lwjgl3/lwjgl-lmdb.jar
7fe354a3d000-7fe354a3f000 r--s 00008000 08:02 4066823                    /home/jokl/lwjgl3/lwjgl-nanovg.jar
7fe354a3f000-7fe354a40000 r--s 0000d000 08:02 4066825                    /home/jokl/lwjgl3/lwjgl-lmdb-natives-linux.jar
7fe354a40000-7fe354a41000 r--s 00001000 08:02 4066828                    /home/jokl/lwjgl3/lwjgl-nfd.jar
7fe354a41000-7fe354a42000 r--s 0001f000 08:02 4066831                    /home/jokl/lwjgl3/lwjgl-nanovg-natives-linux.jar
7fe354a42000-7fe354a47000 r--s 00054000 08:02 4066833                    /home/jokl/lwjgl3/lwjgl-nuklear.jar
7fe354a47000-7fe354a48000 r--s 00001000 08:02 4066835                    /home/jokl/lwjgl3/lwjgl-nfd-natives-linux.jar
7fe354a48000-7fe354a4a000 r--s 00010000 08:02 4066837                    /home/jokl/lwjgl3/lwjgl-openal.jar
7fe354a4a000-7fe354a4b000 r--s 0001f000 08:02 4066838                    /home/jokl/lwjgl3/lwjgl-nuklear-natives-linux.jar
7fe354a4b000-7fe354a4c000 r--s 0004a000 08:02 4066840                    /home/jokl/lwjgl3/lwjgl-openal-natives-linux.jar
7fe354a4c000-7fe354a4d000 ---p 00000000 00:00 0 
7fe354a4d000-7fe354b4d000 rw-p 00000000 00:00 0 
7fe354b4d000-7fe354b50000 ---p 00000000 00:00 0 
7fe354b50000-7fe354c4e000 rw-p 00000000 00:00 0 
7fe354c4e000-7fe354c51000 ---p 00000000 00:00 0 
7fe354c51000-7fe354d4f000 rw-p 00000000 00:00 0 
7fe354d4f000-7fe354d52000 ---p 00000000 00:00 0 
7fe354d52000-7fe354e50000 rw-p 00000000 00:00 0 
7fe354e50000-7fe354e53000 ---p 00000000 00:00 0 
7fe354e53000-7fe354f51000 rw-p 00000000 00:00 0 
7fe354f51000-7fe354f54000 ---p 00000000 00:00 0 
7fe354f54000-7fe355052000 rw-p 00000000 00:00 0 
7fe355052000-7fe355055000 ---p 00000000 00:00 0 
7fe355055000-7fe355153000 rw-p 00000000 00:00 0 
7fe355153000-7fe35555c000 r--p 00000000 08:02 29361958                   /usr/lib/locale/locale-archive
7fe35555c000-7fe35555f000 ---p 00000000 00:00 0 
7fe35555f000-7fe35565d000 rw-p 00000000 00:00 0 
7fe35565d000-7fe355660000 ---p 00000000 00:00 0 
7fe355660000-7fe35575e000 rw-p 00000000 00:00 0 
7fe35575e000-7fe35575f000 ---p 00000000 00:00 0 
7fe35575f000-7fe357482000 rw-p 00000000 00:00 0 
7fe357482000-7fe35765b000 r--s 03d1f000 08:02 30280120                   /usr/lib/jvm/java-8-oracle/jre/lib/rt.jar
7fe35765b000-7fe357dd1000 rw-p 00000000 00:00 0 
7fe357dd1000-7fe357ed1000 ---p 00000000 00:00 0 
7fe357ed1000-7fe35c05c000 rw-p 00000000 00:00 0 
7fe35c05c000-7fe35c05d000 ---p 00000000 00:00 0 
7fe35c05d000-7fe35c15d000 rw-p 00000000 00:00 0 
7fe35c15d000-7fe35c15e000 ---p 00000000 00:00 0 
7fe35c15e000-7fe35c25e000 rw-p 00000000 00:00 0 
7fe35c25e000-7fe35c25f000 ---p 00000000 00:00 0 
7fe35c25f000-7fe35c35f000 rw-p 00000000 00:00 0 
7fe35c35f000-7fe35c360000 ---p 00000000 00:00 0 
7fe35c360000-7fe35c460000 rw-p 00000000 00:00 0 
7fe35c460000-7fe35c461000 ---p 00000000 00:00 0 
7fe35c461000-7fe35c561000 rw-p 00000000 00:00 0 
7fe35c561000-7fe35c562000 ---p 00000000 00:00 0 
7fe35c562000-7fe35c662000 rw-p 00000000 00:00 0 
7fe35c662000-7fe35c663000 ---p 00000000 00:00 0 
7fe35c663000-7fe35c763000 rw-p 00000000 00:00 0 
7fe35c763000-7fe35c764000 ---p 00000000 00:00 0 
7fe35c764000-7fe35c88e000 rw-p 00000000 00:00 0 
7fe35c88e000-7fe35caf6000 ---p 00000000 00:00 0 
7fe35caf6000-7fe35cb0b000 rw-p 00000000 00:00 0 
7fe35cb0b000-7fe35cc3f000 ---p 00000000 00:00 0 
7fe35cc3f000-7fe35cc4a000 rw-p 00000000 00:00 0 
7fe35cc4a000-7fe35d000000 ---p 00000000 00:00 0 
7fe35d000000-7fe35d270000 rwxp 00000000 00:00 0 
7fe35d270000-7fe36c000000 ---p 00000000 00:00 0 
7fe36c000000-7fe36c666000 rw-p 00000000 00:00 0 
7fe36c666000-7fe370000000 ---p 00000000 00:00 0 
7fe370000000-7fe370003000 r--s 00023000 08:02 4066843                    /home/jokl/lwjgl3/lwjgl-opencl.jar
7fe370003000-7fe370004000 r--s 00015000 08:02 4066846                    /home/jokl/lwjgl3/lwjgl-opengl-natives-linux.jar
7fe370004000-7fe370005000 r--s 00007000 08:02 4066848                    /home/jokl/lwjgl3/lwjgl-opengles-natives-linux.jar
7fe370005000-7fe37000e000 r--s 000ba000 08:02 4066849                    /home/jokl/lwjgl3/lwjgl-opengl.jar
7fe37000e000-7fe370014000 r--s 00048000 08:02 4066851                    /home/jokl/lwjgl3/lwjgl-opengles.jar
7fe370014000-7fe370016000 r--s 00001000 08:02 4066854                    /home/jokl/lwjgl3/lwjgl-par.jar
7fe370016000-7fe37008f000 rw-p 00000000 00:00 0 
7fe37008f000-7fe3702f7000 ---p 00000000 00:00 0 
7fe3702f7000-7fe370311000 r-xp 00000000 08:02 30671331                   /usr/lib/jvm/java-8-oracle/jre/lib/amd64/libzip.so
7fe370311000-7fe370511000 ---p 0001a000 08:02 30671331                   /usr/lib/jvm/java-8-oracle/jre/lib/amd64/libzip.so
7fe370511000-7fe370512000 rw-p 0001a000 08:02 30671331                   /usr/lib/jvm/java-8-oracle/jre/lib/amd64/libzip.so
7fe370512000-7fe37051d000 r-xp 00000000 08:02 30679080                   /lib/x86_64-linux-gnu/libnss_files-2.23.so
7fe37051d000-7fe37071c000 ---p 0000b000 08:02 30679080                   /lib/x86_64-linux-gnu/libnss_files-2.23.so
7fe37071c000-7fe37071d000 r--p 0000a000 08:02 30679080                   /lib/x86_64-linux-gnu/libnss_files-2.23.so
7fe37071d000-7fe37071e000 rw-p 0000b000 08:02 30679080                   /lib/x86_64-linux-gnu/libnss_files-2.23.so
7fe37071e000-7fe370724000 rw-p 00000000 00:00 0 
7fe370724000-7fe37072f000 r-xp 00000000 08:02 30679053                   /lib/x86_64-linux-gnu/libnss_nis-2.23.so
7fe37072f000-7fe37092e000 ---p 0000b000 08:02 30679053                   /lib/x86_64-linux-gnu/libnss_nis-2.23.so
7fe37092e000-7fe37092f000 r--p 0000a000 08:02 30679053                   /lib/x86_64-linux-gnu/libnss_nis-2.23.so
7fe37092f000-7fe370930000 rw-p 0000b000 08:02 30679053                   /lib/x86_64-linux-gnu/libnss_nis-2.23.so
7fe370930000-7fe370946000 r-xp 00000000 08:02 30679073                   /lib/x86_64-linux-gnu/libnsl-2.23.so
7fe370946000-7fe370b45000 ---p 00016000 08:02 30679073                   /lib/x86_64-linux-gnu/libnsl-2.23.so
7fe370b45000-7fe370b46000 r--p 00015000 08:02 30679073                   /lib/x86_64-linux-gnu/libnsl-2.23.so
7fe370b46000-7fe370b47000 rw-p 00016000 08:02 30679073                   /lib/x86_64-linux-gnu/libnsl-2.23.so
7fe370b47000-7fe370b49000 rw-p 00000000 00:00 0 
7fe370b49000-7fe370b51000 r-xp 00000000 08:02 30679075                   /lib/x86_64-linux-gnu/libnss_compat-2.23.so
7fe370b51000-7fe370d50000 ---p 00008000 08:02 30679075                   /lib/x86_64-linux-gnu/libnss_compat-2.23.so
7fe370d50000-7fe370d51000 r--p 00007000 08:02 30679075                   /lib/x86_64-linux-gnu/libnss_compat-2.23.so
7fe370d51000-7fe370d52000 rw-p 00008000 08:02 30679075                   /lib/x86_64-linux-gnu/libnss_compat-2.23.so
7fe370d52000-7fe370d7c000 r-xp 00000000 08:02 30671299                   /usr/lib/jvm/java-8-oracle/jre/lib/amd64/libjava.so
7fe370d7c000-7fe370f7c000 ---p 0002a000 08:02 30671299                   /usr/lib/jvm/java-8-oracle/jre/lib/amd64/libjava.so
7fe370f7c000-7fe370f7e000 rw-p 0002a000 08:02 30671299                   /usr/lib/jvm/java-8-oracle/jre/lib/amd64/libjava.so
7fe370f7e000-7fe370f8b000 r-xp 00000000 08:02 30671316                   /usr/lib/jvm/java-8-oracle/jre/lib/amd64/libverify.so
7fe370f8b000-7fe37118b000 ---p 0000d000 08:02 30671316                   /usr/lib/jvm/java-8-oracle/jre/lib/amd64/libverify.so
7fe37118b000-7fe37118d000 rw-p 0000d000 08:02 30671316                   /usr/lib/jvm/java-8-oracle/jre/lib/amd64/libverify.so
7fe37118d000-7fe371194000 r-xp 00000000 08:02 30679052                   /lib/x86_64-linux-gnu/librt-2.23.so
7fe371194000-7fe371393000 ---p 00007000 08:02 30679052                   /lib/x86_64-linux-gnu/librt-2.23.so
7fe371393000-7fe371394000 r--p 00006000 08:02 30679052                   /lib/x86_64-linux-gnu/librt-2.23.so
7fe371394000-7fe371395000 rw-p 00007000 08:02 30679052                   /lib/x86_64-linux-gnu/librt-2.23.so
7fe371395000-7fe37149d000 r-xp 00000000 08:02 30679069                   /lib/x86_64-linux-gnu/libm-2.23.so
7fe37149d000-7fe37169c000 ---p 00108000 08:02 30679069                   /lib/x86_64-linux-gnu/libm-2.23.so
7fe37169c000-7fe37169d000 r--p 00107000 08:02 30679069                   /lib/x86_64-linux-gnu/libm-2.23.so
7fe37169d000-7fe37169e000 rw-p 00108000 08:02 30679069                   /lib/x86_64-linux-gnu/libm-2.23.so
7fe37169e000-7fe37235e000 r-xp 00000000 08:02 30671329                   /usr/lib/jvm/java-8-oracle/jre/lib/amd64/server/libjvm.so
7fe37235e000-7fe37255e000 ---p 00cc0000 08:02 30671329                   /usr/lib/jvm/java-8-oracle/jre/lib/amd64/server/libjvm.so
7fe37255e000-7fe372636000 rw-p 00cc0000 08:02 30671329                   /usr/lib/jvm/java-8-oracle/jre/lib/amd64/server/libjvm.so
7fe372636000-7fe372681000 rw-p 00000000 00:00 0 
7fe372681000-7fe372840000 r-xp 00000000 08:02 30679059                   /lib/x86_64-linux-gnu/libc-2.23.so
7fe372840000-7fe372a40000 ---p 001bf000 08:02 30679059                   /lib/x86_64-linux-gnu/libc-2.23.so
7fe372a40000-7fe372a44000 r--p 001bf000 08:02 30679059                   /lib/x86_64-linux-gnu/libc-2.23.so
7fe372a44000-7fe372a46000 rw-p 001c3000 08:02 30679059                   /lib/x86_64-linux-gnu/libc-2.23.so
7fe372a46000-7fe372a4a000 rw-p 00000000 00:00 0 
7fe372a4a000-7fe372a4d000 r-xp 00000000 08:02 30679057                   /lib/x86_64-linux-gnu/libdl-2.23.so
7fe372a4d000-7fe372c4c000 ---p 00003000 08:02 30679057                   /lib/x86_64-linux-gnu/libdl-2.23.so
7fe372c4c000-7fe372c4d000 r--p 00002000 08:02 30679057                   /lib/x86_64-linux-gnu/libdl-2.23.so
7fe372c4d000-7fe372c4e000 rw-p 00003000 08:02 30679057                   /lib/x86_64-linux-gnu/libdl-2.23.so
7fe372c4e000-7fe372c63000 r-xp 00000000 08:02 30148990                   /usr/lib/jvm/java-8-oracle/lib/amd64/jli/libjli.so
7fe372c63000-7fe372e63000 ---p 00015000 08:02 30148990                   /usr/lib/jvm/java-8-oracle/lib/amd64/jli/libjli.so
7fe372e63000-7fe372e64000 rw-p 00015000 08:02 30148990                   /usr/lib/jvm/java-8-oracle/lib/amd64/jli/libjli.so
7fe372e64000-7fe372e7c000 r-xp 00000000 08:02 30679071                   /lib/x86_64-linux-gnu/libpthread-2.23.so
7fe372e7c000-7fe37307b000 ---p 00018000 08:02 30679071                   /lib/x86_64-linux-gnu/libpthread-2.23.so
7fe37307b000-7fe37307c000 r--p 00017000 08:02 30679071                   /lib/x86_64-linux-gnu/libpthread-2.23.so
7fe37307c000-7fe37307d000 rw-p 00018000 08:02 30679071                   /lib/x86_64-linux-gnu/libpthread-2.23.so
7fe37307d000-7fe373081000 rw-p 00000000 00:00 0 
7fe373081000-7fe3730a7000 r-xp 00000000 08:02 30676128                   /lib/x86_64-linux-gnu/ld-2.23.so
7fe3730a7000-7fe3730a8000 r--s 00005000 08:02 4066856                    /home/jokl/lwjgl3/lwjgl-par-natives-linux.jar
7fe3730a8000-7fe3730a9000 r--s 00000000 08:02 4066858                    /home/jokl/lwjgl3/lwjgl-sse.jar
7fe3730a9000-7fe3730aa000 r--s 00000000 08:02 4066859                    /home/jokl/lwjgl3/lwjgl-sse-natives-linux.jar
7fe3730aa000-7fe3730ad000 r--s 00012000 08:02 4066862                    /home/jokl/lwjgl3/lwjgl-stb.jar
7fe3730ad000-7fe3730ae000 r--s 00001000 08:02 4066865                    /home/jokl/lwjgl3/lwjgl-tinyfd.jar
7fe3730ae000-7fe373179000 rw-p 00000000 00:00 0 
7fe373179000-7fe37317c000 ---p 00000000 00:00 0 
7fe37317c000-7fe37327e000 rw-p 00000000 00:00 0 
7fe37327e000-7fe37327f000 r--s 00007000 08:02 4066866                    /home/jokl/lwjgl3/lwjgl-tinyfd-natives-linux.jar
7fe37327f000-7fe373280000 r--s 0002c000 08:02 4066867                    /home/jokl/lwjgl3/lwjgl-stb-natives-linux.jar
7fe373280000-7fe373289000 r--s 000a6000 08:02 4066871                    /home/jokl/lwjgl3/lwjgl-vulkan.jar
7fe373289000-7fe37328a000 r--s 00004000 08:02 4066874                    /home/jokl/lwjgl3/lwjgl-xxhash.jar
7fe37328a000-7fe37328b000 r--s 00001000 08:02 4066876                    /home/jokl/lwjgl3/lwjgl-xxhash-natives-linux.jar
7fe37328b000-7fe37328f000 r--s 0003d000 08:02 4066880                    /home/jokl/lwjgl3/lwjgl.jar
7fe37328f000-7fe373290000 r--s 00011000 08:02 4066881                    /home/jokl/lwjgl3/lwjgl-natives-linux.jar
7fe373290000-7fe373292000 r--s 0000c000 08:02 3801877                    /home/jokl/.p2/pool/plugins/org.hamcrest.core_1.3.0.v201303031735.jar
7fe373292000-7fe37329a000 r--s 00045000 08:02 3802761                    /home/jokl/.p2/pool/plugins/org.junit_4.12.0.v201504281640/junit.jar
7fe37329a000-7fe3732a2000 rw-s 00000000 08:02 32508614                   /tmp/hsperfdata_jokl/12070
7fe3732a2000-7fe3732a3000 rw-p 00000000 00:00 0 
7fe3732a3000-7fe3732a4000 r--p 00000000 00:00 0 
7fe3732a4000-7fe3732a6000 rw-p 00000000 00:00 0 
7fe3732a6000-7fe3732a7000 r--p 00025000 08:02 30676128                   /lib/x86_64-linux-gnu/ld-2.23.so
7fe3732a7000-7fe3732a8000 rw-p 00026000 08:02 30676128                   /lib/x86_64-linux-gnu/ld-2.23.so
7fe3732a8000-7fe3732a9000 rw-p 00000000 00:00 0 
7ffdba56e000-7ffdba590000 rw-p 00000000 00:00 0                          [stack]
7ffdba5bf000-7ffdba5c1000 r--p 00000000 00:00 0                          [vvar]
7ffdba5c1000-7ffdba5c3000 r-xp 00000000 00:00 0                          [vdso]
ffffffffff600000-ffffffffff601000 r-xp 00000000 00:00 0                  [vsyscall]

VM Arguments:
jvm_args: -ea -Dfile.encoding=UTF-8 
java_command: org.eclipse.jdt.internal.junit.runner.RemoteTestRunner -version 3 -port 33345 -testLoaderClass org.eclipse.jdt.internal.junit4.runner.JUnit4TestLoader -loaderpluginname org.eclipse.jdt.junit4.runtime -classNames bomber.AI.tests.MoveSafetyTest
java_class_path (initial): /home/jokl/newWorkspace/b1/bin:/home/jokl/.p2/pool/plugins/org.junit_4.12.0.v201504281640/junit.jar:/home/jokl/.p2/pool/plugins/org.hamcrest.core_1.3.0.v201303031735.jar:/home/jokl/lwjgl3/lwjgl-natives-linux.jar:/home/jokl/lwjgl3/lwjgl.jar:/home/jokl/lwjgl3/lwjgl-xxhash-natives-linux.jar:/home/jokl/lwjgl3/lwjgl-xxhash.jar:/home/jokl/lwjgl3/lwjgl-vulkan.jar:/home/jokl/lwjgl3/lwjgl-stb-natives-linux.jar:/home/jokl/lwjgl3/lwjgl-tinyfd-natives-linux.jar:/home/jokl/lwjgl3/lwjgl-tinyfd.jar:/home/jokl/lwjgl3/lwjgl-stb.jar:/home/jokl/lwjgl3/lwjgl-sse-natives-linux.jar:/home/jokl/lwjgl3/lwjgl-sse.jar:/home/jokl/lwjgl3/lwjgl-par-natives-linux.jar:/home/jokl/lwjgl3/lwjgl-par.jar:/home/jokl/lwjgl3/lwjgl-opengles.jar:/home/jokl/lwjgl3/lwjgl-opengl.jar:/home/jokl/lwjgl3/lwjgl-opengles-natives-linux.jar:/home/jokl/lwjgl3/lwjgl-opengl-natives-linux.jar:/home/jokl/lwjgl3/lwjgl-opencl.jar:/home/jokl/lwjgl3/lwjgl-openal-natives-linux.jar:/home/jokl/lwjgl3/lwjgl-nuklear-natives-linux.jar:/home/jokl/lwjgl3/lwjgl-openal.jar:/home/jokl/lwjgl3/lwjgl-nfd-natives-linux.jar:/home/jokl/lwjgl3/lwjgl-nuklear.jar:/home/jokl/lwjgl3/lwjgl-nanovg-natives-linux.jar:/home/jokl/lwjgl3/lwjgl-nfd.jar:/home/jokl/lwjgl3/lwjgl-lmdb-natives-linux.jar:/home/jokl/lwjgl3/lwjgl-nanovg.jar:/home/jokl/lwjgl3/lwjgl-lmdb.jar:/home/jokl/lwjgl3/lwjgl-jemalloc-natives-linux.jar:/home/jokl/lwjgl3/lwjgl-jemalloc.jar:/home/jokl/lwjgl3/lwjgl-jawt.jar:/home/jokl/lwjgl3/lwjgl-glfw-natives-linux.jar:/home/jokl/lwjgl3/lwjgl-bgfx-natives-linux.jar:/home/jokl/lwjgl3/lwjgl-assimp-natives-linux.jar:/home/jokl/lwjgl3/lwjgl-glfw.jar:/home/jokl/lwjgl3/lwjgl-egl.jar:/home/jokl/lwjgl3/lwjgl-bgfx.jar:/home/jokl/lwjgl3/lwjgl-assimp.jar:/home/jokl/eclipse/java-neon/eclipse/configuration/org.eclipse.osgi/212/0/.cp/:/home/jokl/eclipse/java-neon/eclipse/configuration/org.eclipse.osgi/211/0/.cp/
Launcher Type: SUN_STANDARD

Environment Variables:
PATH=/home/jokl/.opam/4.01.0/bin:/usr/local/sbin:/usr/local/bin:/usr/sbin:/usr/bin:/sbin:/bin:/usr/games:/usr/local/games:/snap/bin:/opt/clion-2016.3.2/bin:/opt/idea-IU-163.10154.41/bin:/home/jokl/eclipse/java-neon/eclipse
SHELL=/bin/bash
DISPLAY=:0

Signal Handlers:
SIGSEGV: [libjvm.so+0xabca10], sa_mask[0]=11111111011111111101111111111110, sa_flags=SA_RESTART|SA_SIGINFO
SIGBUS: [libjvm.so+0xabca10], sa_mask[0]=11111111011111111101111111111110, sa_flags=SA_RESTART|SA_SIGINFO
SIGFPE: [libjvm.so+0x919a20], sa_mask[0]=11111111011111111101111111111110, sa_flags=SA_RESTART|SA_SIGINFO
SIGPIPE: [libjvm.so+0x919a20], sa_mask[0]=11111111011111111101111111111110, sa_flags=SA_RESTART|SA_SIGINFO
SIGXFSZ: [libjvm.so+0x919a20], sa_mask[0]=11111111011111111101111111111110, sa_flags=SA_RESTART|SA_SIGINFO
SIGILL: [libjvm.so+0x919a20], sa_mask[0]=11111111011111111101111111111110, sa_flags=SA_RESTART|SA_SIGINFO
SIGUSR1: SIG_DFL, sa_mask[0]=00000000000000000000000000000000, sa_flags=none
SIGUSR2: [libjvm.so+0x91b050], sa_mask[0]=00100000000000000000000000000000, sa_flags=SA_RESTART|SA_SIGINFO
SIGHUP: [libjvm.so+0x91c450], sa_mask[0]=11111111011111111101111111111110, sa_flags=SA_RESTART|SA_SIGINFO
SIGINT: [libjvm.so+0x91c450], sa_mask[0]=11111111011111111101111111111110, sa_flags=SA_RESTART|SA_SIGINFO
SIGTERM: [libjvm.so+0x91c450], sa_mask[0]=11111111011111111101111111111110, sa_flags=SA_RESTART|SA_SIGINFO
SIGQUIT: [libjvm.so+0x91c450], sa_mask[0]=11111111011111111101111111111110, sa_flags=SA_RESTART|SA_SIGINFO


---------------  S Y S T E M  ---------------

OS:DISTRIB_ID=Ubuntu
DISTRIB_RELEASE=16.04
DISTRIB_CODENAME=xenial
DISTRIB_DESCRIPTION="Ubuntu 16.04.1 LTS"

uname:Linux 4.4.0-62-generic #83-Ubuntu SMP Wed Jan 18 14:10:15 UTC 2017 x86_64
libc:glibc 2.23 NPTL 2.23 
rlimit: STACK 8192k, CORE 0k, NPROC 31026, NOFILE 65536, AS infinity
load average:1.68 1.72 1.33

/proc/meminfo:
MemTotal:        8084940 kB
MemFree:          855296 kB
MemAvailable:    2162976 kB
Buffers:          125596 kB
Cached:          1884292 kB
SwapCached:         1284 kB
Active:          5268644 kB
Inactive:        1677732 kB
Active(anon):    4365048 kB
Inactive(anon):  1105308 kB
Active(file):     903596 kB
Inactive(file):   572424 kB
Unevictable:           0 kB
Mlocked:               0 kB
SwapTotal:       8298492 kB
SwapFree:        8280972 kB
Dirty:               476 kB
Writeback:             0 kB
AnonPages:       4935432 kB
Mapped:           463620 kB
Shmem:            533864 kB
Slab:             155216 kB
SReclaimable:     110164 kB
SUnreclaim:        45052 kB
KernelStack:       11600 kB
PageTables:        42684 kB
NFS_Unstable:          0 kB
Bounce:                0 kB
WritebackTmp:          0 kB
CommitLimit:    12340960 kB
Committed_AS:    7842768 kB
VmallocTotal:   34359738367 kB
VmallocUsed:           0 kB
VmallocChunk:          0 kB
HardwareCorrupted:     0 kB
AnonHugePages:   3665920 kB
CmaTotal:              0 kB
CmaFree:               0 kB
HugePages_Total:       0
HugePages_Free:        0
HugePages_Rsvd:        0
HugePages_Surp:        0
Hugepagesize:       2048 kB
DirectMap4k:      166656 kB
DirectMap2M:     4986880 kB
DirectMap1G:     4194304 kB


CPU:total 8 (4 cores per cpu, 2 threads per core) family 6 model 60 stepping 3, cmov, cx8, fxsr, mmx, sse, sse2, sse3, ssse3, sse4.1, sse4.2, popcnt, avx, avx2, aes, clmul, erms, lzcnt, ht, tsc, tscinvbit, bmi1, bmi2

/proc/cpuinfo:
processor	: 0
vendor_id	: GenuineIntel
cpu family	: 6
model		: 60
model name	: Intel(R) Core(TM) i7-4710HQ CPU @ 2.50GHz
stepping	: 3
microcode	: 0x1c
cpu MHz		: 3301.171
cache size	: 6144 KB
physical id	: 0
siblings	: 8
core id		: 0
cpu cores	: 4
apicid		: 0
initial apicid	: 0
fpu		: yes
fpu_exception	: yes
cpuid level	: 13
wp		: yes
flags		: fpu vme de pse tsc msr pae mce cx8 apic sep mtrr pge mca cmov pat pse36 clflush dts acpi mmx fxsr sse sse2 ss ht tm pbe syscall nx pdpe1gb rdtscp lm constant_tsc arch_perfmon pebs bts rep_good nopl xtopology nonstop_tsc aperfmperf eagerfpu pni pclmulqdq dtes64 monitor ds_cpl vmx est tm2 ssse3 sdbg fma cx16 xtpr pdcm pcid sse4_1 sse4_2 x2apic movbe popcnt tsc_deadline_timer aes xsave avx f16c rdrand lahf_lm abm epb tpr_shadow vnmi flexpriority ept vpid fsgsbase tsc_adjust bmi1 avx2 smep bmi2 erms invpcid xsaveopt dtherm ida arat pln pts
bugs		:
bogomips	: 4988.73
clflush size	: 64
cache_alignment	: 64
address sizes	: 39 bits physical, 48 bits virtual
power management:

processor	: 1
vendor_id	: GenuineIntel
cpu family	: 6
model		: 60
model name	: Intel(R) Core(TM) i7-4710HQ CPU @ 2.50GHz
stepping	: 3
microcode	: 0x1c
cpu MHz		: 3315.039
cache size	: 6144 KB
physical id	: 0
siblings	: 8
core id		: 0
cpu cores	: 4
apicid		: 1
initial apicid	: 1
fpu		: yes
fpu_exception	: yes
cpuid level	: 13
wp		: yes
flags		: fpu vme de pse tsc msr pae mce cx8 apic sep mtrr pge mca cmov pat pse36 clflush dts acpi mmx fxsr sse sse2 ss ht tm pbe syscall nx pdpe1gb rdtscp lm constant_tsc arch_perfmon pebs bts rep_good nopl xtopology nonstop_tsc aperfmperf eagerfpu pni pclmulqdq dtes64 monitor ds_cpl vmx est tm2 ssse3 sdbg fma cx16 xtpr pdcm pcid sse4_1 sse4_2 x2apic movbe popcnt tsc_deadline_timer aes xsave avx f16c rdrand lahf_lm abm epb tpr_shadow vnmi flexpriority ept vpid fsgsbase tsc_adjust bmi1 avx2 smep bmi2 erms invpcid xsaveopt dtherm ida arat pln pts
bugs		:
bogomips	: 4988.73
clflush size	: 64
cache_alignment	: 64
address sizes	: 39 bits physical, 48 bits virtual
power management:

processor	: 2
vendor_id	: GenuineIntel
cpu family	: 6
model		: 60
model name	: Intel(R) Core(TM) i7-4710HQ CPU @ 2.50GHz
stepping	: 3
microcode	: 0x1c
cpu MHz		: 3393.066
cache size	: 6144 KB
physical id	: 0
siblings	: 8
core id		: 1
cpu cores	: 4
apicid		: 2
initial apicid	: 2
fpu		: yes
fpu_exception	: yes
cpuid level	: 13
wp		: yes
flags		: fpu vme de pse tsc msr pae mce cx8 apic sep mtrr pge mca cmov pat pse36 clflush dts acpi mmx fxsr sse sse2 ss ht tm pbe syscall nx pdpe1gb rdtscp lm constant_tsc arch_perfmon pebs bts rep_good nopl xtopology nonstop_tsc aperfmperf eagerfpu pni pclmulqdq dtes64 monitor ds_cpl vmx est tm2 ssse3 sdbg fma cx16 xtpr pdcm pcid sse4_1 sse4_2 x2apic movbe popcnt tsc_deadline_timer aes xsave avx f16c rdrand lahf_lm abm epb tpr_shadow vnmi flexpriority ept vpid fsgsbase tsc_adjust bmi1 avx2 smep bmi2 erms invpcid xsaveopt dtherm ida arat pln pts
bugs		:
bogomips	: 4988.73
clflush size	: 64
cache_alignment	: 64
address sizes	: 39 bits physical, 48 bits virtual
power management:

processor	: 3
vendor_id	: GenuineIntel
cpu family	: 6
model		: 60
model name	: Intel(R) Core(TM) i7-4710HQ CPU @ 2.50GHz
stepping	: 3
microcode	: 0x1c
cpu MHz		: 3395.214
cache size	: 6144 KB
physical id	: 0
siblings	: 8
core id		: 1
cpu cores	: 4
apicid		: 3
initial apicid	: 3
fpu		: yes
fpu_exception	: yes
cpuid level	: 13
wp		: yes
flags		: fpu vme de pse tsc msr pae mce cx8 apic sep mtrr pge mca cmov pat pse36 clflush dts acpi mmx fxsr sse sse2 ss ht tm pbe syscall nx pdpe1gb rdtscp lm constant_tsc arch_perfmon pebs bts rep_good nopl xtopology nonstop_tsc aperfmperf eagerfpu pni pclmulqdq dtes64 monitor ds_cpl vmx est tm2 ssse3 sdbg fma cx16 xtpr pdcm pcid sse4_1 sse4_2 x2apic movbe popcnt tsc_deadline_timer aes xsave avx f16c rdrand lahf_lm abm epb tpr_shadow vnmi flexpriority ept vpid fsgsbase tsc_adjust bmi1 avx2 smep bmi2 erms invpcid xsaveopt dtherm ida arat pln pts
bugs		:
bogomips	: 4988.73
clflush size	: 64
cache_alignment	: 64
address sizes	: 39 bits physical, 48 bits virtual
power management:

processor	: 4
vendor_id	: GenuineIntel
cpu family	: 6
model		: 60
model name	: Intel(R) Core(TM) i7-4710HQ CPU @ 2.50GHz
stepping	: 3
microcode	: 0x1c
cpu MHz		: 3348.144
cache size	: 6144 KB
physical id	: 0
siblings	: 8
core id		: 2
cpu cores	: 4
apicid		: 4
initial apicid	: 4
fpu		: yes
fpu_exception	: yes
cpuid level	: 13
wp		: yes
flags		: fpu vme de pse tsc msr pae mce cx8 apic sep mtrr pge mca cmov pat pse36 clflush dts acpi mmx fxsr sse sse2 ss ht tm pbe syscall nx pdpe1gb rdtscp lm constant_tsc arch_perfmon pebs bts rep_good nopl xtopology nonstop_tsc aperfmperf eagerfpu pni pclmulqdq dtes64 monitor ds_cpl vmx est tm2 ssse3 sdbg fma cx16 xtpr pdcm pcid sse4_1 sse4_2 x2apic movbe popcnt tsc_deadline_timer aes xsave avx f16c rdrand lahf_lm abm epb tpr_shadow vnmi flexpriority ept vpid fsgsbase tsc_adjust bmi1 avx2 smep bmi2 erms invpcid xsaveopt dtherm ida arat pln pts
bugs		:
bogomips	: 4988.73
clflush size	: 64
cache_alignment	: 64
address sizes	: 39 bits physical, 48 bits virtual
power management:

processor	: 5
vendor_id	: GenuineIntel
cpu family	: 6
model		: 60
model name	: Intel(R) Core(TM) i7-4710HQ CPU @ 2.50GHz
stepping	: 3
microcode	: 0x1c
cpu MHz		: 3300.000
cache size	: 6144 KB
physical id	: 0
siblings	: 8
core id		: 2
cpu cores	: 4
apicid		: 5
initial apicid	: 5
fpu		: yes
fpu_exception	: yes
cpuid level	: 13
wp		: yes
flags		: fpu vme de pse tsc msr pae mce cx8 apic sep mtrr pge mca cmov pat pse36 clflush dts acpi mmx fxsr sse sse2 ss ht tm pbe syscall nx pdpe1gb rdtscp lm constant_tsc arch_perfmon pebs bts rep_good nopl xtopology nonstop_tsc aperfmperf eagerfpu pni pclmulqdq dtes64 monitor ds_cpl vmx est tm2 ssse3 sdbg fma cx16 xtpr pdcm pcid sse4_1 sse4_2 x2apic movbe popcnt tsc_deadline_timer aes xsave avx f16c rdrand lahf_lm abm epb tpr_shadow vnmi flexpriority ept vpid fsgsbase tsc_adjust bmi1 avx2 smep bmi2 erms invpcid xsaveopt dtherm ida arat pln pts
bugs		:
bogomips	: 4988.73
clflush size	: 64
cache_alignment	: 64
address sizes	: 39 bits physical, 48 bits virtual
power management:

processor	: 6
vendor_id	: GenuineIntel
cpu family	: 6
model		: 60
model name	: Intel(R) Core(TM) i7-4710HQ CPU @ 2.50GHz
stepping	: 3
microcode	: 0x1c
cpu MHz		: 3348.828
cache size	: 6144 KB
physical id	: 0
siblings	: 8
core id		: 3
cpu cores	: 4
apicid		: 6
initial apicid	: 6
fpu		: yes
fpu_exception	: yes
cpuid level	: 13
wp		: yes
flags		: fpu vme de pse tsc msr pae mce cx8 apic sep mtrr pge mca cmov pat pse36 clflush dts acpi mmx fxsr sse sse2 ss ht tm pbe syscall nx pdpe1gb rdtscp lm constant_tsc arch_perfmon pebs bts rep_good nopl xtopology nonstop_tsc aperfmperf eagerfpu pni pclmulqdq dtes64 monitor ds_cpl vmx est tm2 ssse3 sdbg fma cx16 xtpr pdcm pcid sse4_1 sse4_2 x2apic movbe popcnt tsc_deadline_timer aes xsave avx f16c rdrand lahf_lm abm epb tpr_shadow vnmi flexpriority ept vpid fsgsbase tsc_adjust bmi1 avx2 smep bmi2 erms invpcid xsaveopt dtherm ida arat pln pts
bugs		:
bogomips	: 4988.73
clflush size	: 64
cache_alignment	: 64
address sizes	: 39 bits physical, 48 bits virtual
power management:

processor	: 7
vendor_id	: GenuineIntel
cpu family	: 6
model		: 60
model name	: Intel(R) Core(TM) i7-4710HQ CPU @ 2.50GHz
stepping	: 3
microcode	: 0x1c
cpu MHz		: 3331.738
cache size	: 6144 KB
physical id	: 0
siblings	: 8
core id		: 3
cpu cores	: 4
apicid		: 7
initial apicid	: 7
fpu		: yes
fpu_exception	: yes
cpuid level	: 13
wp		: yes
flags		: fpu vme de pse tsc msr pae mce cx8 apic sep mtrr pge mca cmov pat pse36 clflush dts acpi mmx fxsr sse sse2 ss ht tm pbe syscall nx pdpe1gb rdtscp lm constant_tsc arch_perfmon pebs bts rep_good nopl xtopology nonstop_tsc aperfmperf eagerfpu pni pclmulqdq dtes64 monitor ds_cpl vmx est tm2 ssse3 sdbg fma cx16 xtpr pdcm pcid sse4_1 sse4_2 x2apic movbe popcnt tsc_deadline_timer aes xsave avx f16c rdrand lahf_lm abm epb tpr_shadow vnmi flexpriority ept vpid fsgsbase tsc_adjust bmi1 avx2 smep bmi2 erms invpcid xsaveopt dtherm ida arat pln pts
bugs		:
bogomips	: 4988.73
clflush size	: 64
cache_alignment	: 64
address sizes	: 39 bits physical, 48 bits virtual
power management:



Memory: 4k page, physical 8084940k(855296k free), swap 8298492k(8280972k free)

vm_info: Java HotSpot(TM) 64-Bit Server VM (25.91-b14) for linux-amd64 JRE (1.8.0_91-b14), built on Apr  1 2016 00:57:21 by "java_re" with gcc 4.3.0 20080428 (Red Hat 4.3.0-8)

time: Thu Feb  9 21:28:27 2017
elapsed time: 0 seconds (0d 0h 0m 0s)

