#
# A fatal error has been detected by the Java Runtime Environment:
#
#  SIGSEGV (0xb) at pc=0x00007f71c542dccc, pid=12108, tid=140127682819840
#
# JRE version: Java(TM) SE Runtime Environment (8.0_91-b14) (build 1.8.0_91-b14)
# Java VM: Java HotSpot(TM) 64-Bit Server VM (25.91-b14 mixed mode linux-amd64 compressed oops)
# Problematic frame:
# C  [liblwjgl_opengl.so+0x46ccc]  Java_org_lwjgl_opengl_GL30_nglGenVertexArrays__IJ+0xc
#
# Failed to write core dump. Core dumps have been disabled. To enable core dumping, try "ulimit -c unlimited" before starting Java again
#
# If you would like to submit a bug report, please visit:
#   http://bugreport.java.com/bugreport/crash.jsp
# The crash happened outside the Java Virtual Machine in native code.
# See problematic frame for where to report the bug.
#

---------------  T H R E A D  ---------------

Current thread (0x00007f71fc00a800):  JavaThread "main" [_thread_in_native, id=12114, stack(0x00007f7204b1f000,0x00007f7204c20000)]

siginfo: si_signo: 11 (SIGSEGV), si_code: 1 (SEGV_MAPERR), si_addr: 0x0000000000000f18

Registers:
RAX=0x0000000000000000, RBX=0x00007f71ecd79838, RCX=0x00007f71fc39236c, RDX=0x0000000000000001
RSP=0x00007f7204c1d368, RBP=0x00007f7204c1d3d0, RSI=0x00007f71fc39236c, RDI=0x0000000000000001
R8 =0x0000000000000000, R9 =0x0000000000000009, R10=0x00007f71ed0179e8, R11=0x00007f72039ff850
R12=0x0000000000000000, R13=0x00007f71ecd79838, R14=0x00007f7204c1d400, R15=0x00007f71fc00a800
RIP=0x00007f71c542dccc, EFLAGS=0x0000000000010283, CSGSFS=0x0000000000000033, ERR=0x0000000000000004
  TRAPNO=0x000000000000000e

Top of Stack: (sp=0x00007f7204c1d368)
0x00007f7204c1d368:   00007f71ed017a14 00007f7204c1d3d0
0x00007f7204c1d378:   00007f71ed017799 00007f71fc00a800
0x00007f7204c1d388:   00007f71ed017762 00007f7204c1d390
0x00007f7204c1d398:   00007f71ecd79838 00007f7204c1d400
0x00007f7204c1d3a8:   00007f71ecd81f88 0000000000000000
0x00007f7204c1d3b8:   00007f71ecd79838 0000000000000000
0x00007f7204c1d3c8:   00007f7204c1d3f0 00007f7204c1d448
0x00007f7204c1d3d8:   00007f71ed0082bd 00000000d77ed7e8
0x00007f7204c1d3e8:   00007f71ed011538 00007f71fc39236c
0x00007f7204c1d3f8:   00000000d7a8c418 0000000000000001
0x00007f7204c1d408:   00007f7204c1d408 00007f71ecd7998c
0x00007f7204c1d418:   00007f7204c1d478 00007f71ecd81f88
0x00007f7204c1d428:   0000000000000000 00007f71ecd799f0
0x00007f7204c1d438:   00007f7204c1d3f0 00007f7204c1d480
0x00007f7204c1d448:   00007f7204c1d4c8 00007f71ed007d00
0x00007f7204c1d458:   0000000000000000 0000000000000000
0x00007f7204c1d468:   00000000d7a8c418 0000000000008000
0x00007f7204c1d478:   00000000d7a41f98 00000000d77c4200
0x00007f7204c1d488:   00007f7204c1d488 00007f71ecd5bb4d
0x00007f7204c1d498:   00007f7204c1d4d8 00007f71ecd5be50
0x00007f7204c1d4a8:   0000000000000000 00007f71ecd5bb68
0x00007f7204c1d4b8:   00007f7204c1d480 00007f7204c1d4d8
0x00007f7204c1d4c8:   00007f7204c1d530 00007f71ed0082bd
0x00007f7204c1d4d8:   00000000d77c4200 00000000d77c4200
0x00007f7204c1d4e8:   00000000d77c2640 00007f7204c1d4f0
0x00007f7204c1d4f8:   00007f71ecd5afbd 00007f7204c1d598
0x00007f7204c1d508:   00007f71ecd5b538 0000000000000000
0x00007f7204c1d518:   00007f71ecd5b1a0 00007f7204c1d4d8
0x00007f7204c1d528:   00007f7204c1d570 00007f7204c1d5f0
0x00007f7204c1d538:   00007f71ed0082bd 0000000000000000
0x00007f7204c1d548:   0000000000000000 0000000000000000
0x00007f7204c1d558:   0000000000000000 00000000d77c2688 

Instructions: (pc=0x00007f71c542dccc)
0x00007f71c542dcac:   c0 1b 00 00 ff e0 66 66 66 66 66 2e 0f 1f 84 00
0x00007f71c542dcbc:   00 00 00 00 48 8b 07 48 89 ce 89 d7 48 8b 40 18
0x00007f71c542dccc:   48 8b 80 18 0f 00 00 ff e0 66 66 2e 0f 1f 84 00
0x00007f71c542dcdc:   00 00 00 00 48 8b 07 48 89 ce 89 d7 48 8b 40 18 

Register to memory mapping:

RAX=0x0000000000000000 is an unknown value
RBX={method} {0x00007f71ecd79838} 'nglGenVertexArrays' '(IJ)V' in 'org/lwjgl/opengl/GL30'
RCX=0x00007f71fc39236c is an unknown value
RDX=0x0000000000000001 is an unknown value
RSP=0x00007f7204c1d368 is pointing into the stack for thread: 0x00007f71fc00a800
RBP=0x00007f7204c1d3d0 is pointing into the stack for thread: 0x00007f71fc00a800
RSI=0x00007f71fc39236c is an unknown value
RDI=0x0000000000000001 is an unknown value
R8 =0x0000000000000000 is an unknown value
R9 =0x0000000000000009 is an unknown value
R10=0x00007f71ed0179e8 is at code_begin+808 in an Interpreter codelet
method entry point (kind = native)  [0x00007f71ed0176c0, 0x00007f71ed017fc0]  2304 bytes
R11=0x00007f72039ff850: <offset 0x9bb850> in /usr/lib/jvm/java-8-oracle/jre/lib/amd64/server/libjvm.so at 0x00007f7203044000
R12=0x0000000000000000 is an unknown value
R13={method} {0x00007f71ecd79838} 'nglGenVertexArrays' '(IJ)V' in 'org/lwjgl/opengl/GL30'
R14=0x00007f7204c1d400 is pointing into the stack for thread: 0x00007f71fc00a800
R15=0x00007f71fc00a800 is a thread


Stack: [0x00007f7204b1f000,0x00007f7204c20000],  sp=0x00007f7204c1d368,  free space=1016k
Native frames: (J=compiled Java code, j=interpreted, Vv=VM code, C=native code)
C  [liblwjgl_opengl.so+0x46ccc]  Java_org_lwjgl_opengl_GL30_nglGenVertexArrays__IJ+0xc
j  org.lwjgl.opengl.GL30.glGenVertexArrays()I+20
j  bomber.renderer.shaders.VertexArrayObject.<init>()V+5
j  bomber.renderer.shaders.Mesh.<init>(IIII[F)V+93
j  bomber.game.Bomb.<init>(Ljava/lang/String;Ljava/awt/Point;II)V+124
j  bomber.AI.tests.MainTestTemplate.setUp()V+1266
v  ~StubRoutines::call_stub
V  [libjvm.so+0x68dbc6]  JavaCalls::call_helper(JavaValue*, methodHandle*, JavaCallArguments*, Thread*)+0x1056
V  [libjvm.so+0x994487]  Reflection::invoke(instanceKlassHandle, methodHandle, Handle, bool, objArrayHandle, BasicType, objArrayHandle, bool, Thread*)+0x5d7
V  [libjvm.so+0x997b97]  Reflection::invoke_method(oopDesc*, Handle, objArrayHandle, Thread*)+0x147
V  [libjvm.so+0x71c7db]  JVM_InvokeMethod+0x26b
j  sun.reflect.NativeMethodAccessorImpl.invoke0(Ljava/lang/reflect/Method;Ljava/lang/Object;[Ljava/lang/Object;)Ljava/lang/Object;+0
j  sun.reflect.NativeMethodAccessorImpl.invoke(Ljava/lang/Object;[Ljava/lang/Object;)Ljava/lang/Object;+100
j  sun.reflect.DelegatingMethodAccessorImpl.invoke(Ljava/lang/Object;[Ljava/lang/Object;)Ljava/lang/Object;+6
j  java.lang.reflect.Method.invoke(Ljava/lang/Object;[Ljava/lang/Object;)Ljava/lang/Object;+56
j  org.junit.runners.model.FrameworkMethod$1.runReflectiveCall()Ljava/lang/Object;+15
j  org.junit.internal.runners.model.ReflectiveCallable.run()Ljava/lang/Object;+1
j  org.junit.runners.model.FrameworkMethod.invokeExplosively(Ljava/lang/Object;[Ljava/lang/Object;)Ljava/lang/Object;+10
j  org.junit.internal.runners.statements.RunBefores.evaluate()V+38
j  org.junit.runners.ParentRunner.runLeaf(Lorg/junit/runners/model/Statement;Lorg/junit/runner/Description;Lorg/junit/runner/notification/RunNotifier;)V+17
j  org.junit.runners.BlockJUnit4ClassRunner.runChild(Lorg/junit/runners/model/FrameworkMethod;Lorg/junit/runner/notification/RunNotifier;)V+30
j  org.junit.runners.BlockJUnit4ClassRunner.runChild(Ljava/lang/Object;Lorg/junit/runner/notification/RunNotifier;)V+6
j  org.junit.runners.ParentRunner$3.run()V+12
j  org.junit.runners.ParentRunner$1.schedule(Ljava/lang/Runnable;)V+1
j  org.junit.runners.ParentRunner.runChildren(Lorg/junit/runner/notification/RunNotifier;)V+44
j  org.junit.runners.ParentRunner.access$000(Lorg/junit/runners/ParentRunner;Lorg/junit/runner/notification/RunNotifier;)V+2
j  org.junit.runners.ParentRunner$2.evaluate()V+8
j  org.junit.runners.ParentRunner.run(Lorg/junit/runner/notification/RunNotifier;)V+20
j  org.junit.runners.Suite.runChild(Lorg/junit/runner/Runner;Lorg/junit/runner/notification/RunNotifier;)V+2
j  org.junit.runners.Suite.runChild(Ljava/lang/Object;Lorg/junit/runner/notification/RunNotifier;)V+6
j  org.junit.runners.ParentRunner$3.run()V+12
j  org.junit.runners.ParentRunner$1.schedule(Ljava/lang/Runnable;)V+1
j  org.junit.runners.ParentRunner.runChildren(Lorg/junit/runner/notification/RunNotifier;)V+44
j  org.junit.runners.ParentRunner.access$000(Lorg/junit/runners/ParentRunner;Lorg/junit/runner/notification/RunNotifier;)V+2
j  org.junit.runners.ParentRunner$2.evaluate()V+8
j  org.junit.runners.ParentRunner.run(Lorg/junit/runner/notification/RunNotifier;)V+20
j  org.eclipse.jdt.internal.junit4.runner.JUnit4TestReference.run(Lorg/eclipse/jdt/internal/junit/runner/TestExecution;)V+72
j  org.eclipse.jdt.internal.junit.runner.TestExecution.run([Lorg/eclipse/jdt/internal/junit/runner/ITestReference;)V+17
j  org.eclipse.jdt.internal.junit.runner.RemoteTestRunner.runTests([Ljava/lang/String;Ljava/lang/String;Lorg/eclipse/jdt/internal/junit/runner/TestExecution;)V+61
j  org.eclipse.jdt.internal.junit.runner.RemoteTestRunner.runTests(Lorg/eclipse/jdt/internal/junit/runner/TestExecution;)V+10
j  org.eclipse.jdt.internal.junit.runner.RemoteTestRunner.run()V+70
j  org.eclipse.jdt.internal.junit.runner.RemoteTestRunner.main([Ljava/lang/String;)V+14
v  ~StubRoutines::call_stub
V  [libjvm.so+0x68dbc6]  JavaCalls::call_helper(JavaValue*, methodHandle*, JavaCallArguments*, Thread*)+0x1056
V  [libjvm.so+0x6cf232]  jni_invoke_static(JNIEnv_*, JavaValue*, _jobject*, JNICallType, _jmethodID*, JNI_ArgumentPusher*, Thread*)+0x362
V  [libjvm.so+0x6eba9a]  jni_CallStaticVoidMethod+0x17a
C  [libjli.so+0x7bcc]  JavaMain+0x80c
C  [libpthread.so.0+0x76ba]  start_thread+0xca

Java frames: (J=compiled Java code, j=interpreted, Vv=VM code)
j  org.lwjgl.opengl.GL30.nglGenVertexArrays(IJ)V+0
j  org.lwjgl.opengl.GL30.glGenVertexArrays()I+20
j  bomber.renderer.shaders.VertexArrayObject.<init>()V+5
j  bomber.renderer.shaders.Mesh.<init>(IIII[F)V+93
j  bomber.game.Bomb.<init>(Ljava/lang/String;Ljava/awt/Point;II)V+124
j  bomber.AI.tests.MainTestTemplate.setUp()V+1266
v  ~StubRoutines::call_stub
j  sun.reflect.NativeMethodAccessorImpl.invoke0(Ljava/lang/reflect/Method;Ljava/lang/Object;[Ljava/lang/Object;)Ljava/lang/Object;+0
j  sun.reflect.NativeMethodAccessorImpl.invoke(Ljava/lang/Object;[Ljava/lang/Object;)Ljava/lang/Object;+100
j  sun.reflect.DelegatingMethodAccessorImpl.invoke(Ljava/lang/Object;[Ljava/lang/Object;)Ljava/lang/Object;+6
j  java.lang.reflect.Method.invoke(Ljava/lang/Object;[Ljava/lang/Object;)Ljava/lang/Object;+56
j  org.junit.runners.model.FrameworkMethod$1.runReflectiveCall()Ljava/lang/Object;+15
j  org.junit.internal.runners.model.ReflectiveCallable.run()Ljava/lang/Object;+1
j  org.junit.runners.model.FrameworkMethod.invokeExplosively(Ljava/lang/Object;[Ljava/lang/Object;)Ljava/lang/Object;+10
j  org.junit.internal.runners.statements.RunBefores.evaluate()V+38
j  org.junit.runners.ParentRunner.runLeaf(Lorg/junit/runners/model/Statement;Lorg/junit/runner/Description;Lorg/junit/runner/notification/RunNotifier;)V+17
j  org.junit.runners.BlockJUnit4ClassRunner.runChild(Lorg/junit/runners/model/FrameworkMethod;Lorg/junit/runner/notification/RunNotifier;)V+30
j  org.junit.runners.BlockJUnit4ClassRunner.runChild(Ljava/lang/Object;Lorg/junit/runner/notification/RunNotifier;)V+6
j  org.junit.runners.ParentRunner$3.run()V+12
j  org.junit.runners.ParentRunner$1.schedule(Ljava/lang/Runnable;)V+1
j  org.junit.runners.ParentRunner.runChildren(Lorg/junit/runner/notification/RunNotifier;)V+44
j  org.junit.runners.ParentRunner.access$000(Lorg/junit/runners/ParentRunner;Lorg/junit/runner/notification/RunNotifier;)V+2
j  org.junit.runners.ParentRunner$2.evaluate()V+8
j  org.junit.runners.ParentRunner.run(Lorg/junit/runner/notification/RunNotifier;)V+20
j  org.junit.runners.Suite.runChild(Lorg/junit/runner/Runner;Lorg/junit/runner/notification/RunNotifier;)V+2
j  org.junit.runners.Suite.runChild(Ljava/lang/Object;Lorg/junit/runner/notification/RunNotifier;)V+6
j  org.junit.runners.ParentRunner$3.run()V+12
j  org.junit.runners.ParentRunner$1.schedule(Ljava/lang/Runnable;)V+1
j  org.junit.runners.ParentRunner.runChildren(Lorg/junit/runner/notification/RunNotifier;)V+44
j  org.junit.runners.ParentRunner.access$000(Lorg/junit/runners/ParentRunner;Lorg/junit/runner/notification/RunNotifier;)V+2
j  org.junit.runners.ParentRunner$2.evaluate()V+8
j  org.junit.runners.ParentRunner.run(Lorg/junit/runner/notification/RunNotifier;)V+20
j  org.eclipse.jdt.internal.junit4.runner.JUnit4TestReference.run(Lorg/eclipse/jdt/internal/junit/runner/TestExecution;)V+72
j  org.eclipse.jdt.internal.junit.runner.TestExecution.run([Lorg/eclipse/jdt/internal/junit/runner/ITestReference;)V+17
j  org.eclipse.jdt.internal.junit.runner.RemoteTestRunner.runTests([Ljava/lang/String;Ljava/lang/String;Lorg/eclipse/jdt/internal/junit/runner/TestExecution;)V+61
j  org.eclipse.jdt.internal.junit.runner.RemoteTestRunner.runTests(Lorg/eclipse/jdt/internal/junit/runner/TestExecution;)V+10
j  org.eclipse.jdt.internal.junit.runner.RemoteTestRunner.run()V+70
j  org.eclipse.jdt.internal.junit.runner.RemoteTestRunner.main([Ljava/lang/String;)V+14
v  ~StubRoutines::call_stub

---------------  P R O C E S S  ---------------

Java Threads: ( => current thread )
  0x00007f71fc1f5000 JavaThread "ReaderThread" [_thread_in_native, id=12133, stack(0x00007f71c5cc5000,0x00007f71c5dc6000)]
  0x00007f71fc0cb000 JavaThread "Service Thread" daemon [_thread_blocked, id=12131, stack(0x00007f71c63df000,0x00007f71c64e0000)]
  0x00007f71fc0c8800 JavaThread "C1 CompilerThread3" daemon [_thread_blocked, id=12130, stack(0x00007f71c64e0000,0x00007f71c65e1000)]
  0x00007f71fc0c6800 JavaThread "C2 CompilerThread2" daemon [_thread_blocked, id=12129, stack(0x00007f71c65e1000,0x00007f71c66e2000)]
  0x00007f71fc0c4800 JavaThread "C2 CompilerThread1" daemon [_thread_blocked, id=12128, stack(0x00007f71c66e2000,0x00007f71c67e3000)]
  0x00007f71fc0c1800 JavaThread "C2 CompilerThread0" daemon [_thread_blocked, id=12127, stack(0x00007f71c67e3000,0x00007f71c68e4000)]
  0x00007f71fc0c0000 JavaThread "Signal Dispatcher" daemon [_thread_blocked, id=12126, stack(0x00007f71c68e4000,0x00007f71c69e5000)]
  0x00007f71fc08d000 JavaThread "Finalizer" daemon [_thread_blocked, id=12125, stack(0x00007f71c6dee000,0x00007f71c6eef000)]
  0x00007f71fc088800 JavaThread "Reference Handler" daemon [_thread_blocked, id=12124, stack(0x00007f71c6eef000,0x00007f71c6ff0000)]
=>0x00007f71fc00a800 JavaThread "main" [_thread_in_native, id=12114, stack(0x00007f7204b1f000,0x00007f7204c20000)]

Other Threads:
  0x00007f71fc080800 VMThread [stack: 0x00007f71c6ff0000,0x00007f71c70f1000] [id=12123]
  0x00007f71fc0ce000 WatcherThread [stack: 0x00007f71c62de000,0x00007f71c63df000] [id=12132]

VM state:not at safepoint (normal execution)

VM Mutex/Monitor currently owned by a thread: None

Heap:
 PSYoungGen      total 36864K, used 13365K [0x00000000d6e00000, 0x00000000d9700000, 0x0000000100000000)
  eden space 31744K, 42% used [0x00000000d6e00000,0x00000000d7b0d520,0x00000000d8d00000)
  from space 5120K, 0% used [0x00000000d9200000,0x00000000d9200000,0x00000000d9700000)
  to   space 5120K, 0% used [0x00000000d8d00000,0x00000000d8d00000,0x00000000d9200000)
 ParOldGen       total 84992K, used 0K [0x0000000084a00000, 0x0000000089d00000, 0x00000000d6e00000)
  object space 84992K, 0% used [0x0000000084a00000,0x0000000084a00000,0x0000000089d00000)
 Metaspace       used 7958K, capacity 8194K, committed 8448K, reserved 1056768K
  class space    used 902K, capacity 987K, committed 1024K, reserved 1048576K

Card table byte_map: [0x00007f7201501000,0x00007f72018dd000] byte_map_base: 0x00007f72010dc000

Marking Bits: (ParMarkBitMap*) 0x00007f7203ffad60
 Begin Bits: [0x00007f71d4250000, 0x00007f71d6128000)
 End Bits:   [0x00007f71d6128000, 0x00007f71d8000000)

Polling page: 0x00007f7204c49000

CodeCache: size=245760Kb used=2374Kb max_used=2374Kb free=243385Kb
 bounds [0x00007f71ed000000, 0x00007f71ed270000, 0x00007f71fc000000]
 total_blobs=898 nmethods=553 adapters=259
 compilation: enabled

Compilation events (10 events):
Event: 0.303 Thread 0x00007f71fc0c1800 nmethod 543 0x00007f71ed250750 code [0x00007f71ed2508a0, 0x00007f71ed250b38]
Event: 0.306 Thread 0x00007f71fc0c8800  546       3       java.nio.Buffer::limit (62 bytes)
Event: 0.306 Thread 0x00007f71fc0c8800 nmethod 546 0x00007f71ed24fc90 code [0x00007f71ed24fe00, 0x00007f71ed250108]
Event: 0.306 Thread 0x00007f71fc0c8800  547   !   3       java.lang.ref.Finalizer::add (41 bytes)
Event: 0.307 Thread 0x00007f71fc0c8800 nmethod 547 0x00007f71ed24f650 code [0x00007f71ed24f7c0, 0x00007f71ed24fb70]
Event: 0.308 Thread 0x00007f71fc0c8800  549       3       java.net.URLClassLoader$1::run (5 bytes)
Event: 0.308 Thread 0x00007f71fc0c8800 nmethod 549 0x00007f71ed24eed0 code [0x00007f71ed24f040, 0x00007f71ed24f1e8]
Event: 0.308 Thread 0x00007f71fc0c8800  550   !   3       java.net.URLClassLoader$1::run (63 bytes)
Event: 0.308 Thread 0x00007f71fc0c8800 nmethod 550 0x00007f71ed24e510 code [0x00007f71ed24e6e0, 0x00007f71ed24ec08]
Event: 0.308 Thread 0x00007f71fc0c8800  553       3       java.security.CodeSource::getCertificates (98 bytes)

GC Heap History (0 events):
No events

Deoptimization events (2 events):
Event: 0.080 Thread 0x00007f71fc00a800 Uncommon trap: reason=unstable_if action=reinterpret pc=0x00007f71ed126644 method=java.lang.String.indexOf(II)I @ 49
Event: 0.195 Thread 0x00007f71fc00a800 Uncommon trap: reason=unstable_if action=reinterpret pc=0x00007f71ed1b8734 method=java.lang.String.replace(CC)Ljava/lang/String; @ 26

Internal exceptions (10 events):
Event: 0.191 Thread 0x00007f71fc00a800 Exception <a 'java/security/PrivilegedActionException'> (0x00000000d7474a20) thrown at [/HUDSON/workspace/8-2-build-linux-amd64/jdk8u91/6644/hotspot/src/share/vm/prims/jvm.cpp, line 1386]
Event: 0.191 Thread 0x00007f71fc00a800 Exception <a 'java/security/PrivilegedActionException'> (0x00000000d7474e18) thrown at [/HUDSON/workspace/8-2-build-linux-amd64/jdk8u91/6644/hotspot/src/share/vm/prims/jvm.cpp, line 1386]
Event: 0.270 Thread 0x00007f71fc00a800 Exception <a 'java/lang/NoSuchFieldError': method resolution failed> (0x00000000d7958348) thrown at [/HUDSON/workspace/8-2-build-linux-amd64/jdk8u91/6644/hotspot/src/share/vm/prims/methodHandles.cpp, line 1146]
Event: 0.271 Thread 0x00007f71fc00a800 Exception <a 'java/lang/NoSuchFieldError': method resolution failed> (0x00000000d7965e08) thrown at [/HUDSON/workspace/8-2-build-linux-amd64/jdk8u91/6644/hotspot/src/share/vm/prims/methodHandles.cpp, line 1146]
Event: 0.296 Thread 0x00007f71fc00a800 Exception <a 'sun/nio/fs/UnixException'> (0x00000000d7a101c0) thrown at [/HUDSON/workspace/8-2-build-linux-amd64/jdk8u91/6644/hotspot/src/share/vm/prims/jni.cpp, line 709]
Event: 0.297 Thread 0x00007f71fc00a800 Exception <a 'sun/nio/fs/UnixException'> (0x00000000d7a11a88) thrown at [/HUDSON/workspace/8-2-build-linux-amd64/jdk8u91/6644/hotspot/src/share/vm/prims/jni.cpp, line 709]
Event: 0.297 Thread 0x00007f71fc00a800 Exception <a 'sun/nio/fs/UnixException'> (0x00000000d7a12578) thrown at [/HUDSON/workspace/8-2-build-linux-amd64/jdk8u91/6644/hotspot/src/share/vm/prims/jni.cpp, line 709]
Event: 0.297 Thread 0x00007f71fc00a800 Exception <a 'sun/nio/fs/UnixException'> (0x00000000d7a13030) thrown at [/HUDSON/workspace/8-2-build-linux-amd64/jdk8u91/6644/hotspot/src/share/vm/prims/jni.cpp, line 709]
Event: 0.297 Thread 0x00007f71fc00a800 Exception <a 'sun/nio/fs/UnixException'> (0x00000000d7a13a68) thrown at [/HUDSON/workspace/8-2-build-linux-amd64/jdk8u91/6644/hotspot/src/share/vm/prims/jni.cpp, line 709]
Event: 0.297 Thread 0x00007f71fc00a800 Exception <a 'sun/nio/fs/UnixException'> (0x00000000d7a14518) thrown at [/HUDSON/workspace/8-2-build-linux-amd64/jdk8u91/6644/hotspot/src/share/vm/prims/jni.cpp, line 709]

Events (10 events):
Event: 0.306 loading class java/nio/DirectDoubleBufferU
Event: 0.306 loading class java/nio/DirectDoubleBufferU done
Event: 0.306 loading class org/lwjgl/system/linux/DynamicLinkLoader
Event: 0.306 loading class org/lwjgl/system/linux/DynamicLinkLoader done
Event: 0.307 loading class org/lwjgl/opengl/GL$2
Event: 0.307 loading class org/lwjgl/opengl/GL$2 done
Event: 0.308 loading class org/lwjgl/opengl/GL$SharedLibraryGL
Event: 0.308 loading class org/lwjgl/opengl/GL$SharedLibraryGL done
Event: 0.308 loading class org/lwjgl/system/SharedLibrary$Delegate
Event: 0.308 loading class org/lwjgl/system/SharedLibrary$Delegate done


Dynamic libraries:
00400000-00401000 r-xp 00000000 08:02 30280100                           /usr/lib/jvm/java-8-oracle/bin/java
00600000-00601000 rw-p 00000000 08:02 30280100                           /usr/lib/jvm/java-8-oracle/bin/java
01fe8000-02009000 rw-p 00000000 00:00 0                                  [heap]
84a00000-89d00000 rw-p 00000000 00:00 0 
89d00000-d6e00000 ---p 00000000 00:00 0 
d6e00000-d9700000 rw-p 00000000 00:00 0 
d9700000-100000000 ---p 00000000 00:00 0 
100000000-100100000 rw-p 00000000 00:00 0 
100100000-140000000 ---p 00000000 00:00 0 
7f7196a5d000-7f7196a62000 r-xp 00000000 08:02 29361085                   /usr/lib/x86_64-linux-gnu/libXdmcp.so.6.0.0
7f7196a62000-7f7196c61000 ---p 00005000 08:02 29361085                   /usr/lib/x86_64-linux-gnu/libXdmcp.so.6.0.0
7f7196c61000-7f7196c62000 r--p 00004000 08:02 29361085                   /usr/lib/x86_64-linux-gnu/libXdmcp.so.6.0.0
7f7196c62000-7f7196c63000 rw-p 00005000 08:02 29361085                   /usr/lib/x86_64-linux-gnu/libXdmcp.so.6.0.0
7f7196c63000-7f7196c65000 r-xp 00000000 08:02 29367690                   /usr/lib/x86_64-linux-gnu/libXau.so.6.0.0
7f7196c65000-7f7196e65000 ---p 00002000 08:02 29367690                   /usr/lib/x86_64-linux-gnu/libXau.so.6.0.0
7f7196e65000-7f7196e66000 r--p 00002000 08:02 29367690                   /usr/lib/x86_64-linux-gnu/libXau.so.6.0.0
7f7196e66000-7f7196e67000 rw-p 00003000 08:02 29367690                   /usr/lib/x86_64-linux-gnu/libXau.so.6.0.0
7f7196e67000-7f7196e77000 r-xp 00000000 08:02 29363311                   /usr/lib/x86_64-linux-gnu/libdrm.so.2.4.0
7f7196e77000-7f7197076000 ---p 00010000 08:02 29363311                   /usr/lib/x86_64-linux-gnu/libdrm.so.2.4.0
7f7197076000-7f7197077000 r--p 0000f000 08:02 29363311                   /usr/lib/x86_64-linux-gnu/libdrm.so.2.4.0
7f7197077000-7f7197078000 rw-p 00010000 08:02 29363311                   /usr/lib/x86_64-linux-gnu/libdrm.so.2.4.0
7f7197078000-7f719707d000 r-xp 00000000 08:02 29369388                   /usr/lib/x86_64-linux-gnu/libXxf86vm.so.1.0.0
7f719707d000-7f719727c000 ---p 00005000 08:02 29369388                   /usr/lib/x86_64-linux-gnu/libXxf86vm.so.1.0.0
7f719727c000-7f719727d000 r--p 00004000 08:02 29369388                   /usr/lib/x86_64-linux-gnu/libXxf86vm.so.1.0.0
7f719727d000-7f719727e000 rw-p 00005000 08:02 29369388                   /usr/lib/x86_64-linux-gnu/libXxf86vm.so.1.0.0
7f719727e000-7f719729f000 r-xp 00000000 08:02 29362315                   /usr/lib/x86_64-linux-gnu/libxcb.so.1.1.0
7f719729f000-7f719749e000 ---p 00021000 08:02 29362315                   /usr/lib/x86_64-linux-gnu/libxcb.so.1.1.0
7f719749e000-7f719749f000 r--p 00020000 08:02 29362315                   /usr/lib/x86_64-linux-gnu/libxcb.so.1.1.0
7f719749f000-7f71974a0000 rw-p 00021000 08:02 29362315                   /usr/lib/x86_64-linux-gnu/libxcb.so.1.1.0
7f71974a0000-7f71974a4000 r-xp 00000000 08:02 29369373                   /usr/lib/x86_64-linux-gnu/libxcb-dri2.so.0.0.0
7f71974a4000-7f71976a3000 ---p 00004000 08:02 29369373                   /usr/lib/x86_64-linux-gnu/libxcb-dri2.so.0.0.0
7f71976a3000-7f71976a4000 r--p 00003000 08:02 29369373                   /usr/lib/x86_64-linux-gnu/libxcb-dri2.so.0.0.0
7f71976a4000-7f71976a5000 rw-p 00004000 08:02 29369373                   /usr/lib/x86_64-linux-gnu/libxcb-dri2.so.0.0.0
7f71976a5000-7f71976bc000 r-xp 00000000 08:02 29369376                   /usr/lib/x86_64-linux-gnu/libxcb-glx.so.0.0.0
7f71976bc000-7f71978bb000 ---p 00017000 08:02 29369376                   /usr/lib/x86_64-linux-gnu/libxcb-glx.so.0.0.0
7f71978bb000-7f71978bd000 r--p 00016000 08:02 29369376                   /usr/lib/x86_64-linux-gnu/libxcb-glx.so.0.0.0
7f71978bd000-7f71978be000 rw-p 00018000 08:02 29369376                   /usr/lib/x86_64-linux-gnu/libxcb-glx.so.0.0.0
7f71978be000-7f71979f3000 r-xp 00000000 08:02 29362333                   /usr/lib/x86_64-linux-gnu/libX11.so.6.3.0
7f71979f3000-7f7197bf3000 ---p 00135000 08:02 29362333                   /usr/lib/x86_64-linux-gnu/libX11.so.6.3.0
7f7197bf3000-7f7197bf4000 r--p 00135000 08:02 29362333                   /usr/lib/x86_64-linux-gnu/libX11.so.6.3.0
7f7197bf4000-7f7197bf8000 rw-p 00136000 08:02 29362333                   /usr/lib/x86_64-linux-gnu/libX11.so.6.3.0
7f7197bf8000-7f7197bf9000 r-xp 00000000 08:02 29369344                   /usr/lib/x86_64-linux-gnu/libX11-xcb.so.1.0.0
7f7197bf9000-7f7197df8000 ---p 00001000 08:02 29369344                   /usr/lib/x86_64-linux-gnu/libX11-xcb.so.1.0.0
7f7197df8000-7f7197df9000 r--p 00000000 08:02 29369344                   /usr/lib/x86_64-linux-gnu/libX11-xcb.so.1.0.0
7f7197df9000-7f7197dfa000 rw-p 00001000 08:02 29369344                   /usr/lib/x86_64-linux-gnu/libX11-xcb.so.1.0.0
7f7197dfa000-7f7197dff000 r-xp 00000000 08:02 29364516                   /usr/lib/x86_64-linux-gnu/libXfixes.so.3.1.0
7f7197dff000-7f7197ffe000 ---p 00005000 08:02 29364516                   /usr/lib/x86_64-linux-gnu/libXfixes.so.3.1.0
7f7197ffe000-7f7197fff000 r--p 00004000 08:02 29364516                   /usr/lib/x86_64-linux-gnu/libXfixes.so.3.1.0
7f7197fff000-7f7198000000 rw-p 00005000 08:02 29364516                   /usr/lib/x86_64-linux-gnu/libXfixes.so.3.1.0
7f7198000000-7f7198021000 rw-p 00000000 00:00 0 
7f7198021000-7f719c000000 ---p 00000000 00:00 0 
7f719c000000-7f719c021000 rw-p 00000000 00:00 0 
7f719c021000-7f71a0000000 ---p 00000000 00:00 0 
7f71a0000000-7f71a02be000 rw-p 00000000 00:00 0 
7f71a02be000-7f71a4000000 ---p 00000000 00:00 0 
7f71a4000000-7f71a4021000 rw-p 00000000 00:00 0 
7f71a4021000-7f71a8000000 ---p 00000000 00:00 0 
7f71a8000000-7f71a802b000 rw-p 00000000 00:00 0 
7f71a802b000-7f71ac000000 ---p 00000000 00:00 0 
7f71ac000000-7f71ac0ba000 rw-p 00000000 00:00 0 
7f71ac0ba000-7f71b0000000 ---p 00000000 00:00 0 
7f71b0000000-7f71b0021000 rw-p 00000000 00:00 0 
7f71b0021000-7f71b4000000 ---p 00000000 00:00 0 
7f71b4000000-7f71b40e9000 rw-p 00000000 00:00 0 
7f71b40e9000-7f71b8000000 ---p 00000000 00:00 0 
7f71b8000000-7f71b8021000 rw-p 00000000 00:00 0 
7f71b8021000-7f71bc000000 ---p 00000000 00:00 0 
7f71bc000000-7f71bc021000 rw-p 00000000 00:00 0 
7f71bc021000-7f71c0000000 ---p 00000000 00:00 0 
7f71c0000000-7f71c0021000 rw-p 00000000 00:00 0 
7f71c0021000-7f71c4000000 ---p 00000000 00:00 0 
7f71c40f9000-7f71c40fb000 r-xp 00000000 08:02 29362374                   /usr/lib/x86_64-linux-gnu/libXdamage.so.1.1.0
7f71c40fb000-7f71c42fa000 ---p 00002000 08:02 29362374                   /usr/lib/x86_64-linux-gnu/libXdamage.so.1.1.0
7f71c42fa000-7f71c42fb000 r--p 00001000 08:02 29362374                   /usr/lib/x86_64-linux-gnu/libXdamage.so.1.1.0
7f71c42fb000-7f71c42fc000 rw-p 00002000 08:02 29362374                   /usr/lib/x86_64-linux-gnu/libXdamage.so.1.1.0
7f71c42fc000-7f71c430d000 r-xp 00000000 08:02 29362034                   /usr/lib/x86_64-linux-gnu/libXext.so.6.4.0
7f71c430d000-7f71c450c000 ---p 00011000 08:02 29362034                   /usr/lib/x86_64-linux-gnu/libXext.so.6.4.0
7f71c450c000-7f71c450d000 r--p 00010000 08:02 29362034                   /usr/lib/x86_64-linux-gnu/libXext.so.6.4.0
7f71c450d000-7f71c450e000 rw-p 00011000 08:02 29362034                   /usr/lib/x86_64-linux-gnu/libXext.so.6.4.0
7f71c450e000-7f71c4539000 r-xp 00000000 08:02 29366680                   /usr/lib/x86_64-linux-gnu/libglapi.so.0.0.0
7f71c4539000-7f71c4738000 ---p 0002b000 08:02 29366680                   /usr/lib/x86_64-linux-gnu/libglapi.so.0.0.0
7f71c4738000-7f71c473c000 r--p 0002a000 08:02 29366680                   /usr/lib/x86_64-linux-gnu/libglapi.so.0.0.0
7f71c473c000-7f71c473d000 rw-p 0002e000 08:02 29366680                   /usr/lib/x86_64-linux-gnu/libglapi.so.0.0.0
7f71c473d000-7f71c473e000 rw-p 00000000 00:00 0 
7f71c473e000-7f71c473f000 r-xp 00000000 08:02 29369369                   /usr/lib/x86_64-linux-gnu/libxshmfence.so.1.0.0
7f71c473f000-7f71c493f000 ---p 00001000 08:02 29369369                   /usr/lib/x86_64-linux-gnu/libxshmfence.so.1.0.0
7f71c493f000-7f71c4940000 r--p 00001000 08:02 29369369                   /usr/lib/x86_64-linux-gnu/libxshmfence.so.1.0.0
7f71c4940000-7f71c4941000 rw-p 00002000 08:02 29369369                   /usr/lib/x86_64-linux-gnu/libxshmfence.so.1.0.0
7f71c4941000-7f71c4946000 r-xp 00000000 08:02 29369363                   /usr/lib/x86_64-linux-gnu/libxcb-sync.so.1.0.0
7f71c4946000-7f71c4b46000 ---p 00005000 08:02 29369363                   /usr/lib/x86_64-linux-gnu/libxcb-sync.so.1.0.0
7f71c4b46000-7f71c4b47000 r--p 00005000 08:02 29369363                   /usr/lib/x86_64-linux-gnu/libxcb-sync.so.1.0.0
7f71c4b47000-7f71c4b48000 rw-p 00006000 08:02 29369363                   /usr/lib/x86_64-linux-gnu/libxcb-sync.so.1.0.0
7f71c4b48000-7f71c4b4a000 r-xp 00000000 08:02 29369366                   /usr/lib/x86_64-linux-gnu/libxcb-present.so.0.0.0
7f71c4b4a000-7f71c4d49000 ---p 00002000 08:02 29369366                   /usr/lib/x86_64-linux-gnu/libxcb-present.so.0.0.0
7f71c4d49000-7f71c4d4a000 r--p 00001000 08:02 29369366                   /usr/lib/x86_64-linux-gnu/libxcb-present.so.0.0.0
7f71c4d4a000-7f71c4d4b000 rw-p 00002000 08:02 29369366                   /usr/lib/x86_64-linux-gnu/libxcb-present.so.0.0.0
7f71c4d4b000-7f71c4d4d000 r-xp 00000000 08:02 29369348                   /usr/lib/x86_64-linux-gnu/libxcb-dri3.so.0.0.0
7f71c4d4d000-7f71c4f4c000 ---p 00002000 08:02 29369348                   /usr/lib/x86_64-linux-gnu/libxcb-dri3.so.0.0.0
7f71c4f4c000-7f71c4f4d000 r--p 00001000 08:02 29369348                   /usr/lib/x86_64-linux-gnu/libxcb-dri3.so.0.0.0
7f71c4f4d000-7f71c4f4e000 rw-p 00002000 08:02 29369348                   /usr/lib/x86_64-linux-gnu/libxcb-dri3.so.0.0.0
7f71c4f4e000-7f71c4f74000 r-xp 00000000 08:02 30670951                   /lib/x86_64-linux-gnu/libexpat.so.1.6.0
7f71c4f74000-7f71c5174000 ---p 00026000 08:02 30670951                   /lib/x86_64-linux-gnu/libexpat.so.1.6.0
7f71c5174000-7f71c5176000 r--p 00026000 08:02 30670951                   /lib/x86_64-linux-gnu/libexpat.so.1.6.0
7f71c5176000-7f71c5177000 rw-p 00028000 08:02 30670951                   /lib/x86_64-linux-gnu/libexpat.so.1.6.0
7f71c5177000-7f71c51e3000 r-xp 00000000 08:02 29753609                   /usr/lib/x86_64-linux-gnu/mesa/libGL.so.1.2.0
7f71c51e3000-7f71c53e2000 ---p 0006c000 08:02 29753609                   /usr/lib/x86_64-linux-gnu/mesa/libGL.so.1.2.0
7f71c53e2000-7f71c53e5000 r--p 0006b000 08:02 29753609                   /usr/lib/x86_64-linux-gnu/mesa/libGL.so.1.2.0
7f71c53e5000-7f71c53e6000 rw-p 0006e000 08:02 29753609                   /usr/lib/x86_64-linux-gnu/mesa/libGL.so.1.2.0
7f71c53e6000-7f71c53e7000 rw-p 00000000 00:00 0 
7f71c53e7000-7f71c5450000 r-xp 00000000 08:02 40108664                   /tmp/lwjgljokl/3.1.1-build-16/liblwjgl_opengl.so
7f71c5450000-7f71c564f000 ---p 00069000 08:02 40108664                   /tmp/lwjgljokl/3.1.1-build-16/liblwjgl_opengl.so
7f71c564f000-7f71c5650000 r--p 00068000 08:02 40108664                   /tmp/lwjgljokl/3.1.1-build-16/liblwjgl_opengl.so
7f71c5650000-7f71c5651000 rw-p 00069000 08:02 40108664                   /tmp/lwjgljokl/3.1.1-build-16/liblwjgl_opengl.so
7f71c5651000-7f71c5667000 r-xp 00000000 08:02 30675021                   /lib/x86_64-linux-gnu/libgcc_s.so.1
7f71c5667000-7f71c5866000 ---p 00016000 08:02 30675021                   /lib/x86_64-linux-gnu/libgcc_s.so.1
7f71c5866000-7f71c5867000 rw-p 00015000 08:02 30675021                   /lib/x86_64-linux-gnu/libgcc_s.so.1
7f71c5867000-7f71c58b2000 r-xp 00000000 08:02 40108661                   /tmp/lwjgljokl/3.1.1-build-16/liblwjgl.so
7f71c58b2000-7f71c5ab2000 ---p 0004b000 08:02 40108661                   /tmp/lwjgljokl/3.1.1-build-16/liblwjgl.so
7f71c5ab2000-7f71c5ab3000 r--p 0004b000 08:02 40108661                   /tmp/lwjgljokl/3.1.1-build-16/liblwjgl.so
7f71c5ab3000-7f71c5ab4000 rw-p 0004c000 08:02 40108661                   /tmp/lwjgljokl/3.1.1-build-16/liblwjgl.so
7f71c5ab4000-7f71c5ac5000 r-xp 00000000 08:02 30671266                   /usr/lib/jvm/java-8-oracle/jre/lib/amd64/libnio.so
7f71c5ac5000-7f71c5cc4000 ---p 00011000 08:02 30671266                   /usr/lib/jvm/java-8-oracle/jre/lib/amd64/libnio.so
7f71c5cc4000-7f71c5cc5000 rw-p 00010000 08:02 30671266                   /usr/lib/jvm/java-8-oracle/jre/lib/amd64/libnio.so
7f71c5cc5000-7f71c5cc8000 ---p 00000000 00:00 0 
7f71c5cc8000-7f71c60c7000 rw-p 00000000 00:00 0 
7f71c60c7000-7f71c60dd000 r-xp 00000000 08:02 30671319                   /usr/lib/jvm/java-8-oracle/jre/lib/amd64/libnet.so
7f71c60dd000-7f71c62dd000 ---p 00016000 08:02 30671319                   /usr/lib/jvm/java-8-oracle/jre/lib/amd64/libnet.so
7f71c62dd000-7f71c62de000 rw-p 00016000 08:02 30671319                   /usr/lib/jvm/java-8-oracle/jre/lib/amd64/libnet.so
7f71c62de000-7f71c62df000 ---p 00000000 00:00 0 
7f71c62df000-7f71c63df000 rw-p 00000000 00:00 0 
7f71c63df000-7f71c63e2000 ---p 00000000 00:00 0 
7f71c63e2000-7f71c64e0000 rw-p 00000000 00:00 0 
7f71c64e0000-7f71c64e3000 ---p 00000000 00:00 0 
7f71c64e3000-7f71c65e1000 rw-p 00000000 00:00 0 
7f71c65e1000-7f71c65e4000 ---p 00000000 00:00 0 
7f71c65e4000-7f71c66e2000 rw-p 00000000 00:00 0 
7f71c66e2000-7f71c66e5000 ---p 00000000 00:00 0 
7f71c66e5000-7f71c67e3000 rw-p 00000000 00:00 0 
7f71c67e3000-7f71c67e6000 ---p 00000000 00:00 0 
7f71c67e6000-7f71c68e4000 rw-p 00000000 00:00 0 
7f71c68e4000-7f71c68e7000 ---p 00000000 00:00 0 
7f71c68e7000-7f71c69e5000 rw-p 00000000 00:00 0 
7f71c69e5000-7f71c6dee000 r--p 00000000 08:02 29361958                   /usr/lib/locale/locale-archive
7f71c6dee000-7f71c6df1000 ---p 00000000 00:00 0 
7f71c6df1000-7f71c6eef000 rw-p 00000000 00:00 0 
7f71c6eef000-7f71c6ef2000 ---p 00000000 00:00 0 
7f71c6ef2000-7f71c6ff0000 rw-p 00000000 00:00 0 
7f71c6ff0000-7f71c6ff1000 ---p 00000000 00:00 0 
7f71c6ff1000-7f71c8000000 rw-p 00000000 00:00 0 
7f71c8000000-7f71c8021000 rw-p 00000000 00:00 0 
7f71c8021000-7f71cc000000 ---p 00000000 00:00 0 
7f71cc000000-7f71cc021000 rw-p 00000000 00:00 0 
7f71cc021000-7f71d0000000 ---p 00000000 00:00 0 
7f71d0000000-7f71d0021000 rw-p 00000000 00:00 0 
7f71d0021000-7f71d4000000 ---p 00000000 00:00 0 
7f71d404e000-7f71d8000000 rw-p 00000000 00:00 0 
7f71d8000000-7f71d8021000 rw-p 00000000 00:00 0 
7f71d8021000-7f71dc000000 ---p 00000000 00:00 0 
7f71dc000000-7f71dc021000 rw-p 00000000 00:00 0 
7f71dc021000-7f71e0000000 ---p 00000000 00:00 0 
7f71e0000000-7f71e0021000 rw-p 00000000 00:00 0 
7f71e0021000-7f71e4000000 ---p 00000000 00:00 0 
7f71e4000000-7f71e4021000 rw-p 00000000 00:00 0 
7f71e4021000-7f71e8000000 ---p 00000000 00:00 0 
7f71e8000000-7f71e8021000 rw-p 00000000 00:00 0 
7f71e8021000-7f71ec000000 ---p 00000000 00:00 0 
7f71ec099000-7f71ec09c000 r--s 0001a000 08:02 30280401                   /usr/lib/jvm/java-8-oracle/jre/lib/jce.jar
7f71ec09c000-7f71ec0a0000 r--s 00097000 08:02 30280400                   /usr/lib/jvm/java-8-oracle/jre/lib/jsse.jar
7f71ec0a0000-7f71ec0a4000 r--s 0002a000 08:02 4066773                    /home/jokl/lwjgl3/lwjgl-assimp.jar
7f71ec0a4000-7f71ec0a7000 r--s 0001f000 08:02 4066780                    /home/jokl/lwjgl3/lwjgl-bgfx.jar
7f71ec0a7000-7f71ec0ab000 r--s 0001b000 08:02 4066791                    /home/jokl/lwjgl3/lwjgl-egl.jar
7f71ec0ab000-7f71ec0ae000 r--s 00015000 08:02 4066802                    /home/jokl/lwjgl3/lwjgl-glfw.jar
7f71ec0ae000-7f71ec0af000 r--s 002ae000 08:02 4066805                    /home/jokl/lwjgl3/lwjgl-assimp-natives-linux.jar
7f71ec0af000-7f71ec0b0000 r--s 00042000 08:02 4066806                    /home/jokl/lwjgl3/lwjgl-bgfx-natives-linux.jar
7f71ec0b0000-7f71ec0b1000 r--s 0000e000 08:02 4066808                    /home/jokl/lwjgl3/lwjgl-glfw-natives-linux.jar
7f71ec0b1000-7f71ec0b2000 r--s 00005000 08:02 4066811                    /home/jokl/lwjgl3/lwjgl-jawt.jar
7f71ec0b2000-7f71ec0b4000 r--s 00007000 08:02 4066815                    /home/jokl/lwjgl3/lwjgl-jemalloc.jar
7f71ec0b4000-7f71ec0b5000 r--s 00019000 08:02 4066819                    /home/jokl/lwjgl3/lwjgl-jemalloc-natives-linux.jar
7f71ec0b5000-7f71ec0b7000 r--s 00005000 08:02 4066820                    /home/jokl/lwjgl3/lwjgl-lmdb.jar
7f71ec0b7000-7f71ec0b9000 r--s 00008000 08:02 4066823                    /home/jokl/lwjgl3/lwjgl-nanovg.jar
7f71ec0b9000-7f71ec0ba000 r--s 0000d000 08:02 4066825                    /home/jokl/lwjgl3/lwjgl-lmdb-natives-linux.jar
7f71ec0ba000-7f71ec0bb000 r--s 00001000 08:02 4066828                    /home/jokl/lwjgl3/lwjgl-nfd.jar
7f71ec0bb000-7f71ec0bc000 r--s 0001f000 08:02 4066831                    /home/jokl/lwjgl3/lwjgl-nanovg-natives-linux.jar
7f71ec0bc000-7f71ec0c1000 r--s 00054000 08:02 4066833                    /home/jokl/lwjgl3/lwjgl-nuklear.jar
7f71ec0c1000-7f71ec0c2000 r--s 00001000 08:02 4066835                    /home/jokl/lwjgl3/lwjgl-nfd-natives-linux.jar
7f71ec0c2000-7f71ec0c4000 r--s 00010000 08:02 4066837                    /home/jokl/lwjgl3/lwjgl-openal.jar
7f71ec0c4000-7f71ec0c5000 r--s 0001f000 08:02 4066838                    /home/jokl/lwjgl3/lwjgl-nuklear-natives-linux.jar
7f71ec0c5000-7f71ec0c6000 r--s 0004a000 08:02 4066840                    /home/jokl/lwjgl3/lwjgl-openal-natives-linux.jar
7f71ec0c6000-7f71ec0c9000 r--s 00023000 08:02 4066843                    /home/jokl/lwjgl3/lwjgl-opencl.jar
7f71ec0c9000-7f71ec0d2000 r--s 000ba000 08:02 4066849                    /home/jokl/lwjgl3/lwjgl-opengl.jar
7f71ec0d2000-7f71ec0d8000 r--s 00048000 08:02 4066851                    /home/jokl/lwjgl3/lwjgl-opengles.jar
7f71ec0d8000-7f71ecf40000 rw-p 00000000 00:00 0 
7f71ecf40000-7f71ed000000 ---p 00000000 00:00 0 
7f71ed000000-7f71ed270000 rwxp 00000000 00:00 0 
7f71ed270000-7f71fc000000 ---p 00000000 00:00 0 
7f71fc000000-7f71fc63a000 rw-p 00000000 00:00 0 
7f71fc63a000-7f7200000000 ---p 00000000 00:00 0 
7f7200000000-7f7200001000 r--s 00015000 08:02 4066846                    /home/jokl/lwjgl3/lwjgl-opengl-natives-linux.jar
7f7200001000-7f7200002000 r--s 00007000 08:02 4066848                    /home/jokl/lwjgl3/lwjgl-opengles-natives-linux.jar
7f7200002000-7f7200004000 r--s 00001000 08:02 4066854                    /home/jokl/lwjgl3/lwjgl-par.jar
7f7200004000-7f720043d000 rw-p 00000000 00:00 0 
7f720043d000-7f7200616000 r--s 03d1f000 08:02 30280120                   /usr/lib/jvm/java-8-oracle/jre/lib/rt.jar
7f7200616000-7f7200a67000 rw-p 00000000 00:00 0 
7f7200a67000-7f7200a68000 ---p 00000000 00:00 0 
7f7200a68000-7f7200b68000 rw-p 00000000 00:00 0 
7f7200b68000-7f7200b69000 ---p 00000000 00:00 0 
7f7200b69000-7f7200c69000 rw-p 00000000 00:00 0 
7f7200c69000-7f7200c6a000 ---p 00000000 00:00 0 
7f7200c6a000-7f7200d6a000 rw-p 00000000 00:00 0 
7f7200d6a000-7f7200d6b000 ---p 00000000 00:00 0 
7f7200d6b000-7f7200e6b000 rw-p 00000000 00:00 0 
7f7200e6b000-7f7200e6c000 ---p 00000000 00:00 0 
7f7200e6c000-7f7200f6c000 rw-p 00000000 00:00 0 
7f7200f6c000-7f7200f6d000 ---p 00000000 00:00 0 
7f7200f6d000-7f720106d000 rw-p 00000000 00:00 0 
7f720106d000-7f720106e000 ---p 00000000 00:00 0 
7f720106e000-7f720116e000 rw-p 00000000 00:00 0 
7f720116e000-7f720116f000 ---p 00000000 00:00 0 
7f720116f000-7f7201299000 rw-p 00000000 00:00 0 
7f7201299000-7f7201501000 ---p 00000000 00:00 0 
7f7201501000-7f720152b000 rw-p 00000000 00:00 0 
7f720152b000-7f7201793000 ---p 00000000 00:00 0 
7f7201793000-7f72017a8000 rw-p 00000000 00:00 0 
7f72017a8000-7f72018dc000 ---p 00000000 00:00 0 
7f72018dc000-7f72018e7000 rw-p 00000000 00:00 0 
7f72018e7000-7f7201c9d000 ---p 00000000 00:00 0 
7f7201c9d000-7f7201cb7000 r-xp 00000000 08:02 30671331                   /usr/lib/jvm/java-8-oracle/jre/lib/amd64/libzip.so
7f7201cb7000-7f7201eb7000 ---p 0001a000 08:02 30671331                   /usr/lib/jvm/java-8-oracle/jre/lib/amd64/libzip.so
7f7201eb7000-7f7201eb8000 rw-p 0001a000 08:02 30671331                   /usr/lib/jvm/java-8-oracle/jre/lib/amd64/libzip.so
7f7201eb8000-7f7201ec3000 r-xp 00000000 08:02 30679080                   /lib/x86_64-linux-gnu/libnss_files-2.23.so
7f7201ec3000-7f72020c2000 ---p 0000b000 08:02 30679080                   /lib/x86_64-linux-gnu/libnss_files-2.23.so
7f72020c2000-7f72020c3000 r--p 0000a000 08:02 30679080                   /lib/x86_64-linux-gnu/libnss_files-2.23.so
7f72020c3000-7f72020c4000 rw-p 0000b000 08:02 30679080                   /lib/x86_64-linux-gnu/libnss_files-2.23.so
7f72020c4000-7f72020ca000 rw-p 00000000 00:00 0 
7f72020ca000-7f72020d5000 r-xp 00000000 08:02 30679053                   /lib/x86_64-linux-gnu/libnss_nis-2.23.so
7f72020d5000-7f72022d4000 ---p 0000b000 08:02 30679053                   /lib/x86_64-linux-gnu/libnss_nis-2.23.so
7f72022d4000-7f72022d5000 r--p 0000a000 08:02 30679053                   /lib/x86_64-linux-gnu/libnss_nis-2.23.so
7f72022d5000-7f72022d6000 rw-p 0000b000 08:02 30679053                   /lib/x86_64-linux-gnu/libnss_nis-2.23.so
7f72022d6000-7f72022ec000 r-xp 00000000 08:02 30679073                   /lib/x86_64-linux-gnu/libnsl-2.23.so
7f72022ec000-7f72024eb000 ---p 00016000 08:02 30679073                   /lib/x86_64-linux-gnu/libnsl-2.23.so
7f72024eb000-7f72024ec000 r--p 00015000 08:02 30679073                   /lib/x86_64-linux-gnu/libnsl-2.23.so
7f72024ec000-7f72024ed000 rw-p 00016000 08:02 30679073                   /lib/x86_64-linux-gnu/libnsl-2.23.so
7f72024ed000-7f72024ef000 rw-p 00000000 00:00 0 
7f72024ef000-7f72024f7000 r-xp 00000000 08:02 30679075                   /lib/x86_64-linux-gnu/libnss_compat-2.23.so
7f72024f7000-7f72026f6000 ---p 00008000 08:02 30679075                   /lib/x86_64-linux-gnu/libnss_compat-2.23.so
7f72026f6000-7f72026f7000 r--p 00007000 08:02 30679075                   /lib/x86_64-linux-gnu/libnss_compat-2.23.so
7f72026f7000-7f72026f8000 rw-p 00008000 08:02 30679075                   /lib/x86_64-linux-gnu/libnss_compat-2.23.so
7f72026f8000-7f7202722000 r-xp 00000000 08:02 30671299                   /usr/lib/jvm/java-8-oracle/jre/lib/amd64/libjava.so
7f7202722000-7f7202922000 ---p 0002a000 08:02 30671299                   /usr/lib/jvm/java-8-oracle/jre/lib/amd64/libjava.so
7f7202922000-7f7202924000 rw-p 0002a000 08:02 30671299                   /usr/lib/jvm/java-8-oracle/jre/lib/amd64/libjava.so
7f7202924000-7f7202931000 r-xp 00000000 08:02 30671316                   /usr/lib/jvm/java-8-oracle/jre/lib/amd64/libverify.so
7f7202931000-7f7202b31000 ---p 0000d000 08:02 30671316                   /usr/lib/jvm/java-8-oracle/jre/lib/amd64/libverify.so
7f7202b31000-7f7202b33000 rw-p 0000d000 08:02 30671316                   /usr/lib/jvm/java-8-oracle/jre/lib/amd64/libverify.so
7f7202b33000-7f7202b3a000 r-xp 00000000 08:02 30679052                   /lib/x86_64-linux-gnu/librt-2.23.so
7f7202b3a000-7f7202d39000 ---p 00007000 08:02 30679052                   /lib/x86_64-linux-gnu/librt-2.23.so
7f7202d39000-7f7202d3a000 r--p 00006000 08:02 30679052                   /lib/x86_64-linux-gnu/librt-2.23.so
7f7202d3a000-7f7202d3b000 rw-p 00007000 08:02 30679052                   /lib/x86_64-linux-gnu/librt-2.23.so
7f7202d3b000-7f7202e43000 r-xp 00000000 08:02 30679069                   /lib/x86_64-linux-gnu/libm-2.23.so
7f7202e43000-7f7203042000 ---p 00108000 08:02 30679069                   /lib/x86_64-linux-gnu/libm-2.23.so
7f7203042000-7f7203043000 r--p 00107000 08:02 30679069                   /lib/x86_64-linux-gnu/libm-2.23.so
7f7203043000-7f7203044000 rw-p 00108000 08:02 30679069                   /lib/x86_64-linux-gnu/libm-2.23.so
7f7203044000-7f7203d04000 r-xp 00000000 08:02 30671329                   /usr/lib/jvm/java-8-oracle/jre/lib/amd64/server/libjvm.so
7f7203d04000-7f7203f04000 ---p 00cc0000 08:02 30671329                   /usr/lib/jvm/java-8-oracle/jre/lib/amd64/server/libjvm.so
7f7203f04000-7f7203fdc000 rw-p 00cc0000 08:02 30671329                   /usr/lib/jvm/java-8-oracle/jre/lib/amd64/server/libjvm.so
7f7203fdc000-7f7204027000 rw-p 00000000 00:00 0 
7f7204027000-7f72041e6000 r-xp 00000000 08:02 30679059                   /lib/x86_64-linux-gnu/libc-2.23.so
7f72041e6000-7f72043e6000 ---p 001bf000 08:02 30679059                   /lib/x86_64-linux-gnu/libc-2.23.so
7f72043e6000-7f72043ea000 r--p 001bf000 08:02 30679059                   /lib/x86_64-linux-gnu/libc-2.23.so
7f72043ea000-7f72043ec000 rw-p 001c3000 08:02 30679059                   /lib/x86_64-linux-gnu/libc-2.23.so
7f72043ec000-7f72043f0000 rw-p 00000000 00:00 0 
7f72043f0000-7f72043f3000 r-xp 00000000 08:02 30679057                   /lib/x86_64-linux-gnu/libdl-2.23.so
7f72043f3000-7f72045f2000 ---p 00003000 08:02 30679057                   /lib/x86_64-linux-gnu/libdl-2.23.so
7f72045f2000-7f72045f3000 r--p 00002000 08:02 30679057                   /lib/x86_64-linux-gnu/libdl-2.23.so
7f72045f3000-7f72045f4000 rw-p 00003000 08:02 30679057                   /lib/x86_64-linux-gnu/libdl-2.23.so
7f72045f4000-7f7204609000 r-xp 00000000 08:02 30148990                   /usr/lib/jvm/java-8-oracle/lib/amd64/jli/libjli.so
7f7204609000-7f7204809000 ---p 00015000 08:02 30148990                   /usr/lib/jvm/java-8-oracle/lib/amd64/jli/libjli.so
7f7204809000-7f720480a000 rw-p 00015000 08:02 30148990                   /usr/lib/jvm/java-8-oracle/lib/amd64/jli/libjli.so
7f720480a000-7f7204822000 r-xp 00000000 08:02 30679071                   /lib/x86_64-linux-gnu/libpthread-2.23.so
7f7204822000-7f7204a21000 ---p 00018000 08:02 30679071                   /lib/x86_64-linux-gnu/libpthread-2.23.so
7f7204a21000-7f7204a22000 r--p 00017000 08:02 30679071                   /lib/x86_64-linux-gnu/libpthread-2.23.so
7f7204a22000-7f7204a23000 rw-p 00018000 08:02 30679071                   /lib/x86_64-linux-gnu/libpthread-2.23.so
7f7204a23000-7f7204a27000 rw-p 00000000 00:00 0 
7f7204a27000-7f7204a4d000 r-xp 00000000 08:02 30676128                   /lib/x86_64-linux-gnu/ld-2.23.so
7f7204a4d000-7f7204a4e000 r--s 00005000 08:02 4066856                    /home/jokl/lwjgl3/lwjgl-par-natives-linux.jar
7f7204a4e000-7f7204a4f000 r--s 00000000 08:02 4066858                    /home/jokl/lwjgl3/lwjgl-sse.jar
7f7204a4f000-7f7204a50000 r--s 00000000 08:02 4066859                    /home/jokl/lwjgl3/lwjgl-sse-natives-linux.jar
7f7204a50000-7f7204a53000 r--s 00012000 08:02 4066862                    /home/jokl/lwjgl3/lwjgl-stb.jar
7f7204a53000-7f7204a54000 r--s 00001000 08:02 4066865                    /home/jokl/lwjgl3/lwjgl-tinyfd.jar
7f7204a54000-7f7204b1f000 rw-p 00000000 00:00 0 
7f7204b1f000-7f7204b22000 ---p 00000000 00:00 0 
7f7204b22000-7f7204c24000 rw-p 00000000 00:00 0 
7f7204c24000-7f7204c25000 r--s 00007000 08:02 4066866                    /home/jokl/lwjgl3/lwjgl-tinyfd-natives-linux.jar
7f7204c25000-7f7204c26000 r--s 0002c000 08:02 4066867                    /home/jokl/lwjgl3/lwjgl-stb-natives-linux.jar
7f7204c26000-7f7204c2f000 r--s 000a6000 08:02 4066871                    /home/jokl/lwjgl3/lwjgl-vulkan.jar
7f7204c2f000-7f7204c30000 r--s 00004000 08:02 4066874                    /home/jokl/lwjgl3/lwjgl-xxhash.jar
7f7204c30000-7f7204c31000 r--s 00001000 08:02 4066876                    /home/jokl/lwjgl3/lwjgl-xxhash-natives-linux.jar
7f7204c31000-7f7204c35000 r--s 0003d000 08:02 4066880                    /home/jokl/lwjgl3/lwjgl.jar
7f7204c35000-7f7204c36000 r--s 00011000 08:02 4066881                    /home/jokl/lwjgl3/lwjgl-natives-linux.jar
7f7204c36000-7f7204c38000 r--s 0000c000 08:02 3801877                    /home/jokl/.p2/pool/plugins/org.hamcrest.core_1.3.0.v201303031735.jar
7f7204c38000-7f7204c40000 r--s 00045000 08:02 3802761                    /home/jokl/.p2/pool/plugins/org.junit_4.12.0.v201504281640/junit.jar
7f7204c40000-7f7204c48000 rw-s 00000000 08:02 32508614                   /tmp/hsperfdata_jokl/12108
7f7204c48000-7f7204c49000 rw-p 00000000 00:00 0 
7f7204c49000-7f7204c4a000 r--p 00000000 00:00 0 
7f7204c4a000-7f7204c4c000 rw-p 00000000 00:00 0 
7f7204c4c000-7f7204c4d000 r--p 00025000 08:02 30676128                   /lib/x86_64-linux-gnu/ld-2.23.so
7f7204c4d000-7f7204c4e000 rw-p 00026000 08:02 30676128                   /lib/x86_64-linux-gnu/ld-2.23.so
7f7204c4e000-7f7204c4f000 rw-p 00000000 00:00 0 
7ffe81e77000-7ffe81e99000 rw-p 00000000 00:00 0                          [stack]
7ffe81f0d000-7ffe81f0f000 r--p 00000000 00:00 0                          [vvar]
7ffe81f0f000-7ffe81f11000 r-xp 00000000 00:00 0                          [vdso]
ffffffffff600000-ffffffffff601000 r-xp 00000000 00:00 0                  [vsyscall]

VM Arguments:
jvm_args: -ea -Dfile.encoding=UTF-8 
java_command: org.eclipse.jdt.internal.junit.runner.RemoteTestRunner -version 3 -port 37078 -testLoaderClass org.eclipse.jdt.internal.junit4.runner.JUnit4TestLoader -loaderpluginname org.eclipse.jdt.junit4.runtime -classNames bomber.AI.tests.AITestSuite
java_class_path (initial): /home/jokl/newWorkspace/b1/bin:/home/jokl/.p2/pool/plugins/org.junit_4.12.0.v201504281640/junit.jar:/home/jokl/.p2/pool/plugins/org.hamcrest.core_1.3.0.v201303031735.jar:/home/jokl/lwjgl3/lwjgl-natives-linux.jar:/home/jokl/lwjgl3/lwjgl.jar:/home/jokl/lwjgl3/lwjgl-xxhash-natives-linux.jar:/home/jokl/lwjgl3/lwjgl-xxhash.jar:/home/jokl/lwjgl3/lwjgl-vulkan.jar:/home/jokl/lwjgl3/lwjgl-stb-natives-linux.jar:/home/jokl/lwjgl3/lwjgl-tinyfd-natives-linux.jar:/home/jokl/lwjgl3/lwjgl-tinyfd.jar:/home/jokl/lwjgl3/lwjgl-stb.jar:/home/jokl/lwjgl3/lwjgl-sse-natives-linux.jar:/home/jokl/lwjgl3/lwjgl-sse.jar:/home/jokl/lwjgl3/lwjgl-par-natives-linux.jar:/home/jokl/lwjgl3/lwjgl-par.jar:/home/jokl/lwjgl3/lwjgl-opengles.jar:/home/jokl/lwjgl3/lwjgl-opengl.jar:/home/jokl/lwjgl3/lwjgl-opengles-natives-linux.jar:/home/jokl/lwjgl3/lwjgl-opengl-natives-linux.jar:/home/jokl/lwjgl3/lwjgl-opencl.jar:/home/jokl/lwjgl3/lwjgl-openal-natives-linux.jar:/home/jokl/lwjgl3/lwjgl-nuklear-natives-linux.jar:/home/jokl/lwjgl3/lwjgl-openal.jar:/home/jokl/lwjgl3/lwjgl-nfd-natives-linux.jar:/home/jokl/lwjgl3/lwjgl-nuklear.jar:/home/jokl/lwjgl3/lwjgl-nanovg-natives-linux.jar:/home/jokl/lwjgl3/lwjgl-nfd.jar:/home/jokl/lwjgl3/lwjgl-lmdb-natives-linux.jar:/home/jokl/lwjgl3/lwjgl-nanovg.jar:/home/jokl/lwjgl3/lwjgl-lmdb.jar:/home/jokl/lwjgl3/lwjgl-jemalloc-natives-linux.jar:/home/jokl/lwjgl3/lwjgl-jemalloc.jar:/home/jokl/lwjgl3/lwjgl-jawt.jar:/home/jokl/lwjgl3/lwjgl-glfw-natives-linux.jar:/home/jokl/lwjgl3/lwjgl-bgfx-natives-linux.jar:/home/jokl/lwjgl3/lwjgl-assimp-natives-linux.jar:/home/jokl/lwjgl3/lwjgl-glfw.jar:/home/jokl/lwjgl3/lwjgl-egl.jar:/home/jokl/lwjgl3/lwjgl-bgfx.jar:/home/jokl/lwjgl3/lwjgl-assimp.jar:/home/jokl/eclipse/java-neon/eclipse/configuration/org.eclipse.osgi/212/0/.cp/:/home/jokl/eclipse/java-neon/eclipse/configuration/org.eclipse.osgi/211/0/.cp/
Launcher Type: SUN_STANDARD

Environment Variables:
PATH=/home/jokl/.opam/4.01.0/bin:/usr/local/sbin:/usr/local/bin:/usr/sbin:/usr/bin:/sbin:/bin:/usr/games:/usr/local/games:/snap/bin:/opt/clion-2016.3.2/bin:/opt/idea-IU-163.10154.41/bin:/home/jokl/eclipse/java-neon/eclipse
SHELL=/bin/bash
DISPLAY=:0

Signal Handlers:
SIGSEGV: [libjvm.so+0xabca10], sa_mask[0]=11111111011111111101111111111110, sa_flags=SA_RESTART|SA_SIGINFO
SIGBUS: [libjvm.so+0xabca10], sa_mask[0]=11111111011111111101111111111110, sa_flags=SA_RESTART|SA_SIGINFO
SIGFPE: [libjvm.so+0x919a20], sa_mask[0]=11111111011111111101111111111110, sa_flags=SA_RESTART|SA_SIGINFO
SIGPIPE: [libjvm.so+0x919a20], sa_mask[0]=11111111011111111101111111111110, sa_flags=SA_RESTART|SA_SIGINFO
SIGXFSZ: [libjvm.so+0x919a20], sa_mask[0]=11111111011111111101111111111110, sa_flags=SA_RESTART|SA_SIGINFO
SIGILL: [libjvm.so+0x919a20], sa_mask[0]=11111111011111111101111111111110, sa_flags=SA_RESTART|SA_SIGINFO
SIGUSR1: SIG_DFL, sa_mask[0]=00000000000000000000000000000000, sa_flags=none
SIGUSR2: [libjvm.so+0x91b050], sa_mask[0]=00100000000000000000000000000000, sa_flags=SA_RESTART|SA_SIGINFO
SIGHUP: [libjvm.so+0x91c450], sa_mask[0]=11111111011111111101111111111110, sa_flags=SA_RESTART|SA_SIGINFO
SIGINT: [libjvm.so+0x91c450], sa_mask[0]=11111111011111111101111111111110, sa_flags=SA_RESTART|SA_SIGINFO
SIGTERM: [libjvm.so+0x91c450], sa_mask[0]=11111111011111111101111111111110, sa_flags=SA_RESTART|SA_SIGINFO
SIGQUIT: [libjvm.so+0x91c450], sa_mask[0]=11111111011111111101111111111110, sa_flags=SA_RESTART|SA_SIGINFO


---------------  S Y S T E M  ---------------

OS:DISTRIB_ID=Ubuntu
DISTRIB_RELEASE=16.04
DISTRIB_CODENAME=xenial
DISTRIB_DESCRIPTION="Ubuntu 16.04.1 LTS"

uname:Linux 4.4.0-62-generic #83-Ubuntu SMP Wed Jan 18 14:10:15 UTC 2017 x86_64
libc:glibc 2.23 NPTL 2.23 
rlimit: STACK 8192k, CORE 0k, NPROC 31026, NOFILE 65536, AS infinity
load average:1.12 1.56 1.30

/proc/meminfo:
MemTotal:        8084940 kB
MemFree:          844000 kB
MemAvailable:    2151808 kB
Buffers:          125640 kB
Cached:          1888364 kB
SwapCached:         1308 kB
Active:          5274380 kB
Inactive:        1682068 kB
Active(anon):    4370640 kB
Inactive(anon):  1109680 kB
Active(file):     903740 kB
Inactive(file):   572388 kB
Unevictable:           0 kB
Mlocked:               0 kB
SwapTotal:       8298492 kB
SwapFree:        8280980 kB
Dirty:               260 kB
Writeback:             0 kB
AnonPages:       4940904 kB
Mapped:           460964 kB
Shmem:            537876 kB
Slab:             155520 kB
SReclaimable:     110204 kB
SUnreclaim:        45316 kB
KernelStack:       11536 kB
PageTables:        42688 kB
NFS_Unstable:          0 kB
Bounce:                0 kB
WritebackTmp:          0 kB
CommitLimit:    12340960 kB
Committed_AS:    7844456 kB
VmallocTotal:   34359738367 kB
VmallocUsed:           0 kB
VmallocChunk:          0 kB
HardwareCorrupted:     0 kB
AnonHugePages:   3665920 kB
CmaTotal:              0 kB
CmaFree:               0 kB
HugePages_Total:       0
HugePages_Free:        0
HugePages_Rsvd:        0
HugePages_Surp:        0
Hugepagesize:       2048 kB
DirectMap4k:      166656 kB
DirectMap2M:     4986880 kB
DirectMap1G:     4194304 kB


CPU:total 8 (4 cores per cpu, 2 threads per core) family 6 model 60 stepping 3, cmov, cx8, fxsr, mmx, sse, sse2, sse3, ssse3, sse4.1, sse4.2, popcnt, avx, avx2, aes, clmul, erms, lzcnt, ht, tsc, tscinvbit, bmi1, bmi2

/proc/cpuinfo:
processor	: 0
vendor_id	: GenuineIntel
cpu family	: 6
model		: 60
model name	: Intel(R) Core(TM) i7-4710HQ CPU @ 2.50GHz
stepping	: 3
microcode	: 0x1c
cpu MHz		: 3332.812
cache size	: 6144 KB
physical id	: 0
siblings	: 8
core id		: 0
cpu cores	: 4
apicid		: 0
initial apicid	: 0
fpu		: yes
fpu_exception	: yes
cpuid level	: 13
wp		: yes
flags		: fpu vme de pse tsc msr pae mce cx8 apic sep mtrr pge mca cmov pat pse36 clflush dts acpi mmx fxsr sse sse2 ss ht tm pbe syscall nx pdpe1gb rdtscp lm constant_tsc arch_perfmon pebs bts rep_good nopl xtopology nonstop_tsc aperfmperf eagerfpu pni pclmulqdq dtes64 monitor ds_cpl vmx est tm2 ssse3 sdbg fma cx16 xtpr pdcm pcid sse4_1 sse4_2 x2apic movbe popcnt tsc_deadline_timer aes xsave avx f16c rdrand lahf_lm abm epb tpr_shadow vnmi flexpriority ept vpid fsgsbase tsc_adjust bmi1 avx2 smep bmi2 erms invpcid xsaveopt dtherm ida arat pln pts
bugs		:
bogomips	: 4988.73
clflush size	: 64
cache_alignment	: 64
address sizes	: 39 bits physical, 48 bits virtual
power management:

processor	: 1
vendor_id	: GenuineIntel
cpu family	: 6
model		: 60
model name	: Intel(R) Core(TM) i7-4710HQ CPU @ 2.50GHz
stepping	: 3
microcode	: 0x1c
cpu MHz		: 3333.691
cache size	: 6144 KB
physical id	: 0
siblings	: 8
core id		: 0
cpu cores	: 4
apicid		: 1
initial apicid	: 1
fpu		: yes
fpu_exception	: yes
cpuid level	: 13
wp		: yes
flags		: fpu vme de pse tsc msr pae mce cx8 apic sep mtrr pge mca cmov pat pse36 clflush dts acpi mmx fxsr sse sse2 ss ht tm pbe syscall nx pdpe1gb rdtscp lm constant_tsc arch_perfmon pebs bts rep_good nopl xtopology nonstop_tsc aperfmperf eagerfpu pni pclmulqdq dtes64 monitor ds_cpl vmx est tm2 ssse3 sdbg fma cx16 xtpr pdcm pcid sse4_1 sse4_2 x2apic movbe popcnt tsc_deadline_timer aes xsave avx f16c rdrand lahf_lm abm epb tpr_shadow vnmi flexpriority ept vpid fsgsbase tsc_adjust bmi1 avx2 smep bmi2 erms invpcid xsaveopt dtherm ida arat pln pts
bugs		:
bogomips	: 4988.73
clflush size	: 64
cache_alignment	: 64
address sizes	: 39 bits physical, 48 bits virtual
power management:

processor	: 2
vendor_id	: GenuineIntel
cpu family	: 6
model		: 60
model name	: Intel(R) Core(TM) i7-4710HQ CPU @ 2.50GHz
stepping	: 3
microcode	: 0x1c
cpu MHz		: 3299.902
cache size	: 6144 KB
physical id	: 0
siblings	: 8
core id		: 1
cpu cores	: 4
apicid		: 2
initial apicid	: 2
fpu		: yes
fpu_exception	: yes
cpuid level	: 13
wp		: yes
flags		: fpu vme de pse tsc msr pae mce cx8 apic sep mtrr pge mca cmov pat pse36 clflush dts acpi mmx fxsr sse sse2 ss ht tm pbe syscall nx pdpe1gb rdtscp lm constant_tsc arch_perfmon pebs bts rep_good nopl xtopology nonstop_tsc aperfmperf eagerfpu pni pclmulqdq dtes64 monitor ds_cpl vmx est tm2 ssse3 sdbg fma cx16 xtpr pdcm pcid sse4_1 sse4_2 x2apic movbe popcnt tsc_deadline_timer aes xsave avx f16c rdrand lahf_lm abm epb tpr_shadow vnmi flexpriority ept vpid fsgsbase tsc_adjust bmi1 avx2 smep bmi2 erms invpcid xsaveopt dtherm ida arat pln pts
bugs		:
bogomips	: 4988.73
clflush size	: 64
cache_alignment	: 64
address sizes	: 39 bits physical, 48 bits virtual
power management:

processor	: 3
vendor_id	: GenuineIntel
cpu family	: 6
model		: 60
model name	: Intel(R) Core(TM) i7-4710HQ CPU @ 2.50GHz
stepping	: 3
microcode	: 0x1c
cpu MHz		: 3300.097
cache size	: 6144 KB
physical id	: 0
siblings	: 8
core id		: 1
cpu cores	: 4
apicid		: 3
initial apicid	: 3
fpu		: yes
fpu_exception	: yes
cpuid level	: 13
wp		: yes
flags		: fpu vme de pse tsc msr pae mce cx8 apic sep mtrr pge mca cmov pat pse36 clflush dts acpi mmx fxsr sse sse2 ss ht tm pbe syscall nx pdpe1gb rdtscp lm constant_tsc arch_perfmon pebs bts rep_good nopl xtopology nonstop_tsc aperfmperf eagerfpu pni pclmulqdq dtes64 monitor ds_cpl vmx est tm2 ssse3 sdbg fma cx16 xtpr pdcm pcid sse4_1 sse4_2 x2apic movbe popcnt tsc_deadline_timer aes xsave avx f16c rdrand lahf_lm abm epb tpr_shadow vnmi flexpriority ept vpid fsgsbase tsc_adjust bmi1 avx2 smep bmi2 erms invpcid xsaveopt dtherm ida arat pln pts
bugs		:
bogomips	: 4988.73
clflush size	: 64
cache_alignment	: 64
address sizes	: 39 bits physical, 48 bits virtual
power management:

processor	: 4
vendor_id	: GenuineIntel
cpu family	: 6
model		: 60
model name	: Intel(R) Core(TM) i7-4710HQ CPU @ 2.50GHz
stepping	: 3
microcode	: 0x1c
cpu MHz		: 3300.000
cache size	: 6144 KB
physical id	: 0
siblings	: 8
core id		: 2
cpu cores	: 4
apicid		: 4
initial apicid	: 4
fpu		: yes
fpu_exception	: yes
cpuid level	: 13
wp		: yes
flags		: fpu vme de pse tsc msr pae mce cx8 apic sep mtrr pge mca cmov pat pse36 clflush dts acpi mmx fxsr sse sse2 ss ht tm pbe syscall nx pdpe1gb rdtscp lm constant_tsc arch_perfmon pebs bts rep_good nopl xtopology nonstop_tsc aperfmperf eagerfpu pni pclmulqdq dtes64 monitor ds_cpl vmx est tm2 ssse3 sdbg fma cx16 xtpr pdcm pcid sse4_1 sse4_2 x2apic movbe popcnt tsc_deadline_timer aes xsave avx f16c rdrand lahf_lm abm epb tpr_shadow vnmi flexpriority ept vpid fsgsbase tsc_adjust bmi1 avx2 smep bmi2 erms invpcid xsaveopt dtherm ida arat pln pts
bugs		:
bogomips	: 4988.73
clflush size	: 64
cache_alignment	: 64
address sizes	: 39 bits physical, 48 bits virtual
power management:

processor	: 5
vendor_id	: GenuineIntel
cpu family	: 6
model		: 60
model name	: Intel(R) Core(TM) i7-4710HQ CPU @ 2.50GHz
stepping	: 3
microcode	: 0x1c
cpu MHz		: 3300.000
cache size	: 6144 KB
physical id	: 0
siblings	: 8
core id		: 2
cpu cores	: 4
apicid		: 5
initial apicid	: 5
fpu		: yes
fpu_exception	: yes
cpuid level	: 13
wp		: yes
flags		: fpu vme de pse tsc msr pae mce cx8 apic sep mtrr pge mca cmov pat pse36 clflush dts acpi mmx fxsr sse sse2 ss ht tm pbe syscall nx pdpe1gb rdtscp lm constant_tsc arch_perfmon pebs bts rep_good nopl xtopology nonstop_tsc aperfmperf eagerfpu pni pclmulqdq dtes64 monitor ds_cpl vmx est tm2 ssse3 sdbg fma cx16 xtpr pdcm pcid sse4_1 sse4_2 x2apic movbe popcnt tsc_deadline_timer aes xsave avx f16c rdrand lahf_lm abm epb tpr_shadow vnmi flexpriority ept vpid fsgsbase tsc_adjust bmi1 avx2 smep bmi2 erms invpcid xsaveopt dtherm ida arat pln pts
bugs		:
bogomips	: 4988.73
clflush size	: 64
cache_alignment	: 64
address sizes	: 39 bits physical, 48 bits virtual
power management:

processor	: 6
vendor_id	: GenuineIntel
cpu family	: 6
model		: 60
model name	: Intel(R) Core(TM) i7-4710HQ CPU @ 2.50GHz
stepping	: 3
microcode	: 0x1c
cpu MHz		: 3304.101
cache size	: 6144 KB
physical id	: 0
siblings	: 8
core id		: 3
cpu cores	: 4
apicid		: 6
initial apicid	: 6
fpu		: yes
fpu_exception	: yes
cpuid level	: 13
wp		: yes
flags		: fpu vme de pse tsc msr pae mce cx8 apic sep mtrr pge mca cmov pat pse36 clflush dts acpi mmx fxsr sse sse2 ss ht tm pbe syscall nx pdpe1gb rdtscp lm constant_tsc arch_perfmon pebs bts rep_good nopl xtopology nonstop_tsc aperfmperf eagerfpu pni pclmulqdq dtes64 monitor ds_cpl vmx est tm2 ssse3 sdbg fma cx16 xtpr pdcm pcid sse4_1 sse4_2 x2apic movbe popcnt tsc_deadline_timer aes xsave avx f16c rdrand lahf_lm abm epb tpr_shadow vnmi flexpriority ept vpid fsgsbase tsc_adjust bmi1 avx2 smep bmi2 erms invpcid xsaveopt dtherm ida arat pln pts
bugs		:
bogomips	: 4988.73
clflush size	: 64
cache_alignment	: 64
address sizes	: 39 bits physical, 48 bits virtual
power management:

processor	: 7
vendor_id	: GenuineIntel
cpu family	: 6
model		: 60
model name	: Intel(R) Core(TM) i7-4710HQ CPU @ 2.50GHz
stepping	: 3
microcode	: 0x1c
cpu MHz		: 3332.812
cache size	: 6144 KB
physical id	: 0
siblings	: 8
core id		: 3
cpu cores	: 4
apicid		: 7
initial apicid	: 7
fpu		: yes
fpu_exception	: yes
cpuid level	: 13
wp		: yes
flags		: fpu vme de pse tsc msr pae mce cx8 apic sep mtrr pge mca cmov pat pse36 clflush dts acpi mmx fxsr sse sse2 ss ht tm pbe syscall nx pdpe1gb rdtscp lm constant_tsc arch_perfmon pebs bts rep_good nopl xtopology nonstop_tsc aperfmperf eagerfpu pni pclmulqdq dtes64 monitor ds_cpl vmx est tm2 ssse3 sdbg fma cx16 xtpr pdcm pcid sse4_1 sse4_2 x2apic movbe popcnt tsc_deadline_timer aes xsave avx f16c rdrand lahf_lm abm epb tpr_shadow vnmi flexpriority ept vpid fsgsbase tsc_adjust bmi1 avx2 smep bmi2 erms invpcid xsaveopt dtherm ida arat pln pts
bugs		:
bogomips	: 4988.73
clflush size	: 64
cache_alignment	: 64
address sizes	: 39 bits physical, 48 bits virtual
power management:



Memory: 4k page, physical 8084940k(844000k free), swap 8298492k(8280980k free)

vm_info: Java HotSpot(TM) 64-Bit Server VM (25.91-b14) for linux-amd64 JRE (1.8.0_91-b14), built on Apr  1 2016 00:57:21 by "java_re" with gcc 4.3.0 20080428 (Red Hat 4.3.0-8)

time: Thu Feb  9 21:29:13 2017
elapsed time: 0 seconds (0d 0h 0m 0s)

