#
# A fatal error has been detected by the Java Runtime Environment:
#
#  EXCEPTION_ACCESS_VIOLATION (0xc0000005) at pc=0x00007fff6e86862d, pid=6224, tid=0x000000000000136c
#
# JRE version: Java(TM) SE Runtime Environment (8.0_121-b13) (build 1.8.0_121-b13)
# Java VM: Java HotSpot(TM) 64-Bit Server VM (25.121-b13 mixed mode windows-amd64 compressed oops)
# Problematic frame:
# C  [lwjgl_opengl.dll+0x862d]
#
# Failed to write core dump. Minidumps are not enabled by default on client versions of Windows
#
# If you would like to submit a bug report, please visit:
#   http://bugreport.java.com/bugreport/crash.jsp
# The crash happened outside the Java Virtual Machine in native code.
# See problematic frame for where to report the bug.
#

---------------  T H R E A D  ---------------

Current thread (0x0000000000dfe000):  JavaThread "main" [_thread_in_native, id=4972, stack(0x0000000002c90000,0x0000000002d90000)]

siginfo: ExceptionCode=0xc0000005, reading address 0x0000000000000f18

Registers:
RAX=0x000000007529fd50, RBX=0x0000000017511a18, RCX=0x0000000000000001, RDX=0x000000001982bccc
RSP=0x0000000002d8f2b8, RBP=0x0000000002d8f340, RSI=0x0000000000000188, RDI=0x0000000002e97e70
R8 =0x0000000000000001, R9 =0x000000001982bccc, R10=0x0000000000000000, R11=0x0000000074d2b820
R12=0x0000000000000000, R13=0x0000000017511a18, R14=0x0000000002d8f370, R15=0x0000000000dfe000
RIP=0x00007fff6e86862d, EFLAGS=0x0000000000010206

Top of Stack: (sp=0x0000000002d8f2b8)
0x0000000002d8f2b8:   0000000002ea7f74 0000000002e97e70
0x0000000002d8f2c8:   0000000002ea7cdd 0000000000dfe000
0x0000000002d8f2d8:   0000000017511a18 0000000000000188
0x0000000002d8f2e8:   0000000000dfe000 0000000002d8f3e8
0x0000000002d8f2f8:   0000000002ea7ca2 0000000002d8f300
0x0000000002d8f308:   0000000017511a18 0000000002d8f370
0x0000000002d8f318:   0000000017514128 0000000000000000
0x0000000002d8f328:   0000000017511a18 0000000000000000
0x0000000002d8f338:   0000000002d8f360 0000000002d8f3b8
0x0000000002d8f348:   0000000002e9835d 00000000d62acf30
0x0000000002d8f358:   0000000002ea19d8 000000001982bccc
0x0000000002d8f368:   00000000d62f9918 0000000000000001
0x0000000002d8f378:   0000000002d8f378 0000000017511b6c
0x0000000002d8f388:   0000000002d8f3e8 0000000017514128
0x0000000002d8f398:   0000000000000000 0000000017511bd0
0x0000000002d8f3a8:   0000000002d8f360 0000000002d8f3f0 

Instructions: (pc=0x00007fff6e86862d)
0x00007fff6e86860d:   49 ff a2 f0 09 00 00 cc cc cc cc cc cc cc cc cc
0x00007fff6e86861d:   cc cc cc 48 8b 01 49 8b d1 41 8b c8 4c 8b 50 18
0x00007fff6e86862d:   49 ff a2 18 0f 00 00 cc cc cc cc cc cc cc cc cc
0x00007fff6e86863d:   cc cc cc 48 8b 01 48 8b 48 18 48 8b 81 c0 1b 00 


Register to memory mapping:

RAX=0x000000007529fd50 is an unknown value
RBX={method} {0x0000000017511a20} 'nglGenVertexArrays' '(IJ)V' in 'org/lwjgl/opengl/GL30'
RCX=0x0000000000000001 is an unknown value
RDX=0x000000001982bccc is an unknown value
RSP=0x0000000002d8f2b8 is pointing into the stack for thread: 0x0000000000dfe000
RBP=0x0000000002d8f340 is pointing into the stack for thread: 0x0000000000dfe000
RSI=0x0000000000000188 is an unknown value
RDI=0x0000000002e97e70 is at code_begin+1040 in an Interpreter codelet
invoke return entry points  [0x0000000002e97a60, 0x0000000002e98440]  2528 bytes
R8 =0x0000000000000001 is an unknown value
R9 =0x000000001982bccc is an unknown value
R10=0x0000000000000000 is an unknown value
R11=0x0000000074d2b820 is an unknown value
R12=0x0000000000000000 is an unknown value
R13={method} {0x0000000017511a20} 'nglGenVertexArrays' '(IJ)V' in 'org/lwjgl/opengl/GL30'
R14=0x0000000002d8f370 is pointing into the stack for thread: 0x0000000000dfe000
R15=0x0000000000dfe000 is a thread


Stack: [0x0000000002c90000,0x0000000002d90000],  sp=0x0000000002d8f2b8,  free space=1020k
Native frames: (J=compiled Java code, j=interpreted, Vv=VM code, C=native code)
C  [lwjgl_opengl.dll+0x862d]

Java frames: (J=compiled Java code, j=interpreted, Vv=VM code)
j  org.lwjgl.opengl.GL30.nglGenVertexArrays(IJ)V+0
j  org.lwjgl.opengl.GL30.glGenVertexArrays()I+20
j  bomber.renderer.shaders.VertexArrayObject.<init>()V+5
j  bomber.renderer.shaders.Mesh.<init>(IIII[F)V+93
j  bomber.game.Game.init()V+100
j  bomber.game.Game.<init>(Lbomber/game/Map;Ljava/lang/String;Ljava/util/HashMap;)V+25
j  bomber.game.main.main([Ljava/lang/String;)V+664
v  ~StubRoutines::call_stub

---------------  P R O C E S S  ---------------

Java Threads: ( => current thread )
  0x0000000019478800 JavaThread "Service Thread" daemon [_thread_blocked, id=10184, stack(0x0000000019840000,0x0000000019940000)]
  0x0000000017a05800 JavaThread "C1 CompilerThread2" daemon [_thread_blocked, id=7920, stack(0x0000000019340000,0x0000000019440000)]
  0x0000000017a03000 JavaThread "C2 CompilerThread1" daemon [_thread_blocked, id=1752, stack(0x0000000019240000,0x0000000019340000)]
  0x00000000179ff000 JavaThread "C2 CompilerThread0" daemon [_thread_blocked, id=1808, stack(0x0000000019140000,0x0000000019240000)]
  0x00000000179fb800 JavaThread "Attach Listener" daemon [_thread_blocked, id=10480, stack(0x0000000019040000,0x0000000019140000)]
  0x00000000179fa800 JavaThread "Signal Dispatcher" daemon [_thread_blocked, id=9624, stack(0x0000000018f40000,0x0000000019040000)]
  0x00000000179ea800 JavaThread "Finalizer" daemon [_thread_blocked, id=11248, stack(0x0000000018c50000,0x0000000018d50000)]
  0x0000000002e80000 JavaThread "Reference Handler" daemon [_thread_blocked, id=4320, stack(0x0000000018b50000,0x0000000018c50000)]
=>0x0000000000dfe000 JavaThread "main" [_thread_in_native, id=4972, stack(0x0000000002c90000,0x0000000002d90000)]

Other Threads:
  0x00000000179c7800 VMThread [stack: 0x0000000018a50000,0x0000000018b50000] [id=6440]
  0x0000000019494000 WatcherThread [stack: 0x0000000019940000,0x0000000019a40000] [id=10548]

VM state:not at safepoint (normal execution)

VM Mutex/Monitor currently owned by a thread: None

Heap:
 PSYoungGen      total 38400K, used 7341K [0x00000000d5c00000, 0x00000000d8680000, 0x0000000100000000)
  eden space 33280K, 22% used [0x00000000d5c00000,0x00000000d632b4c0,0x00000000d7c80000)
  from space 5120K, 0% used [0x00000000d8180000,0x00000000d8180000,0x00000000d8680000)
  to   space 5120K, 0% used [0x00000000d7c80000,0x00000000d7c80000,0x00000000d8180000)
 ParOldGen       total 87552K, used 0K [0x0000000081400000, 0x0000000086980000, 0x00000000d5c00000)
  object space 87552K, 0% used [0x0000000081400000,0x0000000081400000,0x0000000086980000)
 Metaspace       used 5487K, capacity 5676K, committed 5888K, reserved 1056768K
  class space    used 631K, capacity 700K, committed 768K, reserved 1048576K

Card table byte_map: [0x0000000012250000,0x0000000012650000] byte_map_base: 0x0000000011e46000

Marking Bits: (ParMarkBitMap*) 0x000000007531b6d0
 Begin Bits: [0x0000000012d00000, 0x0000000014cb0000)
 End Bits:   [0x0000000014cb0000, 0x0000000016c60000)

Polling page: 0x00000000014e0000

CodeCache: size=245760Kb used=1862Kb max_used=1862Kb free=243897Kb
 bounds [0x0000000002e90000, 0x0000000003100000, 0x0000000011e90000]
 total_blobs=721 nmethods=385 adapters=249
 compilation: enabled

Compilation events (10 events):
Event: 0.290 Thread 0x0000000017a05800  381       3       sun.misc.URLClassPath$JarLoader::findResource (18 bytes)
Event: 0.290 Thread 0x0000000017a05800 nmethod 381 0x000000000305f2d0 code [0x000000000305f440, 0x000000000305f6d8]
Event: 0.291 Thread 0x0000000017a05800  382       1       java.lang.System::getSecurityManager (4 bytes)
Event: 0.291 Thread 0x0000000017a05800 nmethod 382 0x000000000305f9d0 code [0x000000000305fb20, 0x000000000305fc10]
Event: 0.292 Thread 0x0000000017a05800  383       3       sun.misc.JarIndex::get (49 bytes)
Event: 0.293 Thread 0x0000000017a05800 nmethod 383 0x000000000305fc50 code [0x000000000305fe20, 0x0000000003060698]
Event: 0.293 Thread 0x0000000017a05800  384       3       java.lang.ClassLoader::loadClass (7 bytes)
Event: 0.293 Thread 0x0000000017a05800 nmethod 384 0x00000000030609d0 code [0x0000000003060b40, 0x0000000003060d68]
Event: 0.293 Thread 0x0000000017a05800  385       3       sun.misc.Launcher$AppClassLoader::loadClass (85 bytes)
Event: 0.293 Thread 0x0000000017a05800 nmethod 385 0x0000000003060e10 code [0x0000000003061040, 0x0000000003061d68]

GC Heap History (0 events):
No events

Deoptimization events (0 events):
No events

Internal exceptions (10 events):
Event: 0.190 Thread 0x0000000000dfe000 Exception <a 'java/security/PrivilegedActionException'> (0x00000000d5f777b8) thrown at [C:\re\workspace\8-2-build-windows-amd64-cygwin\jdk8u121\8372\hotspot\src\share\vm\prims\jvm.cpp, line 1390]
Event: 0.190 Thread 0x0000000000dfe000 Exception <a 'java/security/PrivilegedActionException'> (0x00000000d5f779c8) thrown at [C:\re\workspace\8-2-build-windows-amd64-cygwin\jdk8u121\8372\hotspot\src\share\vm\prims\jvm.cpp, line 1390]
Event: 0.191 Thread 0x0000000000dfe000 Exception <a 'java/security/PrivilegedActionException'> (0x00000000d5f7b638) thrown at [C:\re\workspace\8-2-build-windows-amd64-cygwin\jdk8u121\8372\hotspot\src\share\vm\prims\jvm.cpp, line 1390]
Event: 0.191 Thread 0x0000000000dfe000 Exception <a 'java/security/PrivilegedActionException'> (0x00000000d5f7b848) thrown at [C:\re\workspace\8-2-build-windows-amd64-cygwin\jdk8u121\8372\hotspot\src\share\vm\prims\jvm.cpp, line 1390]
Event: 0.290 Thread 0x0000000000dfe000 Exception <a 'sun/nio/fs/WindowsException'> (0x00000000d62e5d30) thrown at [C:\re\workspace\8-2-build-windows-amd64-cygwin\jdk8u121\8372\hotspot\src\share\vm\prims\jni.cpp, line 709]
Event: 0.290 Thread 0x0000000000dfe000 Exception <a 'sun/nio/fs/WindowsException'> (0x00000000d62e6500) thrown at [C:\re\workspace\8-2-build-windows-amd64-cygwin\jdk8u121\8372\hotspot\src\share\vm\prims\jni.cpp, line 709]
Event: 0.291 Thread 0x0000000000dfe000 Exception <a 'sun/nio/fs/WindowsException'> (0x00000000d62e8550) thrown at [C:\re\workspace\8-2-build-windows-amd64-cygwin\jdk8u121\8372\hotspot\src\share\vm\prims\jni.cpp, line 709]
Event: 0.291 Thread 0x0000000000dfe000 Exception <a 'sun/nio/fs/WindowsException'> (0x00000000d62e8a78) thrown at [C:\re\workspace\8-2-build-windows-amd64-cygwin\jdk8u121\8372\hotspot\src\share\vm\prims\jni.cpp, line 709]
Event: 0.291 Thread 0x0000000000dfe000 Exception <a 'sun/nio/fs/WindowsException'> (0x00000000d62e9450) thrown at [C:\re\workspace\8-2-build-windows-amd64-cygwin\jdk8u121\8372\hotspot\src\share\vm\prims\jni.cpp, line 709]
Event: 0.291 Thread 0x0000000000dfe000 Exception <a 'sun/nio/fs/WindowsException'> (0x00000000d62e98e0) thrown at [C:\re\workspace\8-2-build-windows-amd64-cygwin\jdk8u121\8372\hotspot\src\share\vm\prims\jni.cpp, line 709]

Events (10 events):
Event: 0.290 loading class java/util/ArrayList$SubList
Event: 0.291 loading class java/util/ArrayList$SubList done
Event: 0.291 loading class java/util/ArrayList$SubList$1
Event: 0.291 loading class java/util/ArrayList$SubList$1 done
Event: 0.292 loading class org/lwjgl/opengl/GL$1
Event: 0.292 loading class org/lwjgl/opengl/GL$1 done
Event: 0.293 loading class org/lwjgl/opengl/GL$SharedLibraryGL
Event: 0.293 loading class org/lwjgl/opengl/GL$SharedLibraryGL done
Event: 0.293 loading class org/lwjgl/system/SharedLibrary$Delegate
Event: 0.293 loading class org/lwjgl/system/SharedLibrary$Delegate done


Dynamic libraries:
0x00007ff68d8d0000 - 0x00007ff68d907000 	C:\Program Files\Java\jre1.8.0_121\bin\javaw.exe
0x00007fff8b880000 - 0x00007fff8ba51000 	C:\WINDOWS\SYSTEM32\ntdll.dll
0x00007fff8b380000 - 0x00007fff8b42b000 	C:\WINDOWS\System32\KERNEL32.DLL
0x00007fff88890000 - 0x00007fff88aad000 	C:\WINDOWS\System32\KERNELBASE.dll
0x00007fff88e20000 - 0x00007fff88ec2000 	C:\WINDOWS\System32\ADVAPI32.dll
0x00007fff897c0000 - 0x00007fff8985e000 	C:\WINDOWS\System32\msvcrt.dll
0x00007fff8b460000 - 0x00007fff8b4b9000 	C:\WINDOWS\System32\sechost.dll
0x00007fff8b040000 - 0x00007fff8b161000 	C:\WINDOWS\System32\RPCRT4.dll
0x00007fff8b5c0000 - 0x00007fff8b725000 	C:\WINDOWS\System32\USER32.dll
0x00007fff88df0000 - 0x00007fff88e0e000 	C:\WINDOWS\System32\win32u.dll
0x00007fff88fa0000 - 0x00007fff88fd4000 	C:\WINDOWS\System32\GDI32.dll
0x00007fff884f0000 - 0x00007fff88672000 	C:\WINDOWS\System32\gdi32full.dll
0x00007fff7ba30000 - 0x00007fff7bca9000 	C:\WINDOWS\WinSxS\amd64_microsoft.windows.common-controls_6595b64144ccf1df_6.0.14393.447_none_42191651c6827bb3\COMCTL32.dll
0x00007fff8ad70000 - 0x00007fff8b038000 	C:\WINDOWS\System32\combase.dll
0x00007fff88b20000 - 0x00007fff88c15000 	C:\WINDOWS\System32\ucrtbase.dll
0x00007fff88ab0000 - 0x00007fff88b1a000 	C:\WINDOWS\System32\bcryptPrimitives.dll
0x00007fff8b430000 - 0x00007fff8b45e000 	C:\WINDOWS\System32\IMM32.DLL
0x0000000074a20000 - 0x0000000074af2000 	C:\Program Files\Java\jre1.8.0_121\bin\msvcr100.dll
0x0000000074b00000 - 0x000000007539b000 	C:\Program Files\Java\jre1.8.0_121\bin\server\jvm.dll
0x00007fff88ed0000 - 0x00007fff88ed8000 	C:\WINDOWS\System32\PSAPI.DLL
0x00007fff850a0000 - 0x00007fff850a9000 	C:\WINDOWS\SYSTEM32\WSOCK32.dll
0x00007fff8b170000 - 0x00007fff8b1da000 	C:\WINDOWS\System32\WS2_32.dll
0x00007fff86190000 - 0x00007fff861b3000 	C:\WINDOWS\SYSTEM32\WINMM.dll
0x00007fff76c00000 - 0x00007fff76c0a000 	C:\WINDOWS\SYSTEM32\VERSION.dll
0x00007fff86160000 - 0x00007fff8618b000 	C:\WINDOWS\SYSTEM32\WINMMBASE.dll
0x00007fff88730000 - 0x00007fff88772000 	C:\WINDOWS\System32\cfgmgr32.dll
0x0000000074a10000 - 0x0000000074a1f000 	C:\Program Files\Java\jre1.8.0_121\bin\verify.dll
0x00000000749e0000 - 0x0000000074a09000 	C:\Program Files\Java\jre1.8.0_121\bin\java.dll
0x00000000749c0000 - 0x00000000749d6000 	C:\Program Files\Java\jre1.8.0_121\bin\zip.dll
0x00007fff89860000 - 0x00007fff8ad69000 	C:\WINDOWS\System32\SHELL32.dll
0x00007fff87d70000 - 0x00007fff8844a000 	C:\WINDOWS\System32\windows.storage.dll
0x00007fff87d10000 - 0x00007fff87d5c000 	C:\WINDOWS\System32\powrprof.dll
0x00007fff89590000 - 0x00007fff895e2000 	C:\WINDOWS\System32\shlwapi.dll
0x00007fff87d00000 - 0x00007fff87d0f000 	C:\WINDOWS\System32\kernel.appcore.dll
0x00007fff88780000 - 0x00007fff88829000 	C:\WINDOWS\System32\shcore.dll
0x00007fff87ce0000 - 0x00007fff87cf4000 	C:\WINDOWS\System32\profapi.dll
0x00000000749a0000 - 0x00000000749ba000 	C:\Program Files\Java\jre1.8.0_121\bin\net.dll
0x00007fff875b0000 - 0x00007fff8760c000 	C:\WINDOWS\system32\mswsock.dll
0x0000000074980000 - 0x0000000074991000 	C:\Program Files\Java\jre1.8.0_121\bin\nio.dll
0x00007fff746e0000 - 0x00007fff74737000 	C:\Users\Owen\AppData\Local\Temp\lwjglOwen\3.1.1-build-16\lwjgl.dll
0x00007fff87770000 - 0x00007fff8777b000 	C:\WINDOWS\SYSTEM32\CRYPTBASE.DLL
0x00007fff7c1f0000 - 0x00007fff7c22e000 	C:\Users\Owen\AppData\Local\Temp\lwjglOwen\3.1.1-build-16\jemalloc.dll
0x00007fff7b6f0000 - 0x00007fff7b72c000 	C:\Users\Owen\AppData\Local\Temp\lwjglOwen\3.1.1-build-16\glfw.dll
0x00007fff6e860000 - 0x00007fff6e8bf000 	C:\Users\Owen\AppData\Local\Temp\lwjglOwen\3.1.1-build-16\lwjgl_opengl.dll
0x00007fff7b5b0000 - 0x00007fff7b6d3000 	C:\WINDOWS\system32\opengl32.dll
0x00007fff7d5e0000 - 0x00007fff7d60d000 	C:\WINDOWS\SYSTEM32\GLU32.dll
0x00007fff78070000 - 0x00007fff78167000 	C:\WINDOWS\SYSTEM32\DDRAW.dll
0x00007fff80980000 - 0x00007fff80988000 	C:\WINDOWS\SYSTEM32\DCIMAN32.dll
0x00007fff7a040000 - 0x00007fff7a1d2000 	C:\WINDOWS\SYSTEM32\dbghelp.dll

VM Arguments:
jvm_args: -Dfile.encoding=Cp1252 
java_command: bomber.game.main
java_class_path (initial): C:\Users\Owen\Dropbox\CompSci\year_2\teamproject\Git\b1\bin;C:\Users\Owen\Dropbox\lwjgl3\lwjgl.jar;C:\Users\Owen\Dropbox\lwjgl3\lwjgl-assimp.jar;C:\Users\Owen\Dropbox\lwjgl3\lwjgl-assimp-natives-windows.jar;C:\Users\Owen\Dropbox\lwjgl3\lwjgl-bgfx.jar;C:\Users\Owen\Dropbox\lwjgl3\lwjgl-bgfx-natives-windows.jar;C:\Users\Owen\Dropbox\lwjgl3\lwjgl-egl.jar;C:\Users\Owen\Dropbox\lwjgl3\lwjgl-glfw.jar;C:\Users\Owen\Dropbox\lwjgl3\lwjgl-glfw-natives-windows.jar;C:\Users\Owen\Dropbox\lwjgl3\lwjgl-jawt.jar;C:\Users\Owen\Dropbox\lwjgl3\lwjgl-jemalloc.jar;C:\Users\Owen\Dropbox\lwjgl3\lwjgl-jemalloc-natives-windows.jar;C:\Users\Owen\Dropbox\lwjgl3\lwjgl-lmdb.jar;C:\Users\Owen\Dropbox\lwjgl3\lwjgl-lmdb-natives-windows.jar;C:\Users\Owen\Dropbox\lwjgl3\lwjgl-nanovg.jar;C:\Users\Owen\Dropbox\lwjgl3\lwjgl-nanovg-natives-windows.jar;C:\Users\Owen\Dropbox\lwjgl3\lwjgl-natives-windows.jar;C:\Users\Owen\Dropbox\lwjgl3\lwjgl-nfd.jar;C:\Users\Owen\Dropbox\lwjgl3\lwjgl-nfd-natives-windows.jar;C:\Users\Owen\Dropbox\lwjgl3\lwjgl-nuklear.jar;C:\Users\Owen\Dropbox\lwjgl3\lwjgl-nuklear-natives-windows.jar;C:\Users\Owen\Dropbox\lwjgl3\lwjgl-openal.jar;C:\Users\Owen\Dropbox\lwjgl3\lwjgl-openal-natives-windows.jar;C:\Users\Owen\Dropbox\lwjgl3\lwjgl-opencl.jar;C:\Users\Owen\Dropbox\lwjgl3\lwjgl-opengl.jar;C:\Users\Owen\Dropbox\lwjgl3\lwjgl-opengles.jar;C:\Users\Owen\Dropbox\lwjgl3\lwjgl-opengles-natives-windows.jar;C:\Users\Owen\Dropbox\lwjgl3\lwjgl-opengl-natives-windows.jar;C:\Users\Owen\Dropbox\lwjgl3\lwjgl-ovr.jar;C:\Users\Owen\Dropbox\lwjgl3\lwjgl-ovr-natives-windows.jar;C:\Users\Owen\Dropbox\lwjgl3\lwjgl-par.jar;C:\Users\Owen\Dropbox\lwjgl3\lwjgl-par-natives-windows.jar;C:\Users\Owen\Dropbox\lwjgl3\lwjgl-sse.jar;C:\Users\Owen\Dropbox\lwjgl3\lwjgl-sse-natives-windows.jar;C:\Users\Owen\Dropbox\lwjgl3\lwjgl-stb.jar;C:\Users\Owen\Dropbox\lwjgl3\lwjgl-stb-natives-windows.jar;C:\Users\Owen\Dropbox\lwjgl3\lwjgl-tinyfd.jar;C:\Users\Owen\Dropbox\lwjgl3\lwjgl-tinyfd-natives-
Launcher Type: SUN_STANDARD

Environment Variables:
PATH=C:/Program Files/Java/jre1.8.0_121/bin/server;C:/Program Files/Java/jre1.8.0_121/bin;C:/Program Files/Java/jre1.8.0_121/lib/amd64;C:\ProgramData\Oracle\Java\javapath;C:\WINDOWS\system32;C:\WINDOWS;C:\WINDOWS\System32\Wbem;C:\WINDOWS\System32\WindowsPowerShell\v1.0\;C:\Program Files\Git\cmd;C:\Program Files (x86)\Windows Kits\10\Windows Performance Toolkit\;C:\Program Files (x86)\GNU\GnuPG\pub;C:\Program Files (x86)\PuTTY\;C:\Users\Owen\AppData\Local\Microsoft\WindowsApps;;C:\Users\Owen\Downloads\eclipse-java-luna-R-win32-x86_64\eclipse;
USERNAME=Owen
OS=Windows_NT
PROCESSOR_IDENTIFIER=Intel64 Family 6 Model 61 Stepping 4, GenuineIntel



---------------  S Y S T E M  ---------------

OS: Windows 10.0 , 64 bit Build 14393 (10.0.14393.0)

CPU:total 4 (2 cores per cpu, 2 threads per core) family 6 model 61 stepping 4, cmov, cx8, fxsr, mmx, sse, sse2, sse3, ssse3, sse4.1, sse4.2, popcnt, avx, avx2, aes, clmul, erms, 3dnowpref, lzcnt, ht, tsc, tscinvbit, bmi1, bmi2, adx

Memory: 4k page, physical 8300384k(5213356k free), swap 9611104k(6062076k free)

vm_info: Java HotSpot(TM) 64-Bit Server VM (25.121-b13) for windows-amd64 JRE (1.8.0_121-b13), built on Dec 12 2016 18:21:36 by "java_re" with MS VC++ 10.0 (VS2010)

time: Thu Feb 09 19:35:38 2017
elapsed time: 0 seconds (0d 0h 0m 0s)

