#
# A fatal error has been detected by the Java Runtime Environment:
#
#  SIGSEGV (0xb) at pc=0x00007f8a65831ccc, pid=11921, tid=140233450022656
#
# JRE version: Java(TM) SE Runtime Environment (8.0_91-b14) (build 1.8.0_91-b14)
# Java VM: Java HotSpot(TM) 64-Bit Server VM (25.91-b14 mixed mode linux-amd64 compressed oops)
# Problematic frame:
# C  [liblwjgl_opengl.so+0x46ccc]  Java_org_lwjgl_opengl_GL30_nglGenVertexArrays__IJ+0xc
#
# Failed to write core dump. Core dumps have been disabled. To enable core dumping, try "ulimit -c unlimited" before starting Java again
#
# If you would like to submit a bug report, please visit:
#   http://bugreport.java.com/bugreport/crash.jsp
# The crash happened outside the Java Virtual Machine in native code.
# See problematic frame for where to report the bug.
#

---------------  T H R E A D  ---------------

Current thread (0x00007f8a9c00a800):  JavaThread "main" [_thread_in_native, id=11927, stack(0x00007f8aa4e96000,0x00007f8aa4f97000)]

siginfo: si_signo: 11 (SIGSEGV), si_code: 1 (SEGV_MAPERR), si_addr: 0x0000000000000f18

Registers:
RAX=0x0000000000000000, RBX=0x00007f8aa077c838, RCX=0x00007f8a9c3ba71c, RDX=0x0000000000000001
RSP=0x00007f8aa4f94368, RBP=0x00007f8aa4f943d0, RSI=0x00007f8a9c3ba71c, RDI=0x0000000000000001
R8 =0x0000000000000000, R9 =0x0000000000000009, R10=0x00007f8a8d0179e8, R11=0x00007f8aa3d76850
R12=0x0000000000000000, R13=0x00007f8aa077c838, R14=0x00007f8aa4f94400, R15=0x00007f8a9c00a800
RIP=0x00007f8a65831ccc, EFLAGS=0x0000000000010283, CSGSFS=0x0000000000000033, ERR=0x0000000000000004
  TRAPNO=0x000000000000000e

Top of Stack: (sp=0x00007f8aa4f94368)
0x00007f8aa4f94368:   00007f8a8d017a14 00007f8aa4f943d0
0x00007f8aa4f94378:   00007f8a8d017799 00007f8a9c00a800
0x00007f8aa4f94388:   00007f8a8d017762 00007f8aa4f94390
0x00007f8aa4f94398:   00007f8aa077c838 00007f8aa4f94400
0x00007f8aa4f943a8:   00007f8aa0784f88 0000000000000000
0x00007f8aa4f943b8:   00007f8aa077c838 0000000000000000
0x00007f8aa4f943c8:   00007f8aa4f943f0 00007f8aa4f94448
0x00007f8aa4f943d8:   00007f8a8d0082bd 00000000d77ed848
0x00007f8aa4f943e8:   00007f8a8d011538 00007f8a9c3ba71c
0x00007f8aa4f943f8:   00000000d7a8c478 0000000000000001
0x00007f8aa4f94408:   00007f8aa4f94408 00007f8aa077c98c
0x00007f8aa4f94418:   00007f8aa4f94478 00007f8aa0784f88
0x00007f8aa4f94428:   0000000000000000 00007f8aa077c9f0
0x00007f8aa4f94438:   00007f8aa4f943f0 00007f8aa4f94480
0x00007f8aa4f94448:   00007f8aa4f944c8 00007f8a8d007d00
0x00007f8aa4f94458:   0000000000000000 0000000000000000
0x00007f8aa4f94468:   00000000d7a8c478 0000000000008000
0x00007f8aa4f94478:   00000000d7a41ff8 00000000d77c4260
0x00007f8aa4f94488:   00007f8aa4f94488 00007f8aa075eb4d
0x00007f8aa4f94498:   00007f8aa4f944d8 00007f8aa075ee50
0x00007f8aa4f944a8:   0000000000000000 00007f8aa075eb68
0x00007f8aa4f944b8:   00007f8aa4f94480 00007f8aa4f944d8
0x00007f8aa4f944c8:   00007f8aa4f94530 00007f8a8d0082bd
0x00007f8aa4f944d8:   00000000d77c4260 00000000d77c4260
0x00007f8aa4f944e8:   00000000d77c26a0 00007f8aa4f944f0
0x00007f8aa4f944f8:   00007f8aa075dfbd 00007f8aa4f94598
0x00007f8aa4f94508:   00007f8aa075e538 0000000000000000
0x00007f8aa4f94518:   00007f8aa075e1a0 00007f8aa4f944d8
0x00007f8aa4f94528:   00007f8aa4f94570 00007f8aa4f945f0
0x00007f8aa4f94538:   00007f8a8d0082bd 0000000000000000
0x00007f8aa4f94548:   0000000000000000 0000000000000000
0x00007f8aa4f94558:   0000000000000000 00000000d77c26e8 

Instructions: (pc=0x00007f8a65831ccc)
0x00007f8a65831cac:   c0 1b 00 00 ff e0 66 66 66 66 66 2e 0f 1f 84 00
0x00007f8a65831cbc:   00 00 00 00 48 8b 07 48 89 ce 89 d7 48 8b 40 18
0x00007f8a65831ccc:   48 8b 80 18 0f 00 00 ff e0 66 66 2e 0f 1f 84 00
0x00007f8a65831cdc:   00 00 00 00 48 8b 07 48 89 ce 89 d7 48 8b 40 18 

Register to memory mapping:

RAX=0x0000000000000000 is an unknown value
RBX={method} {0x00007f8aa077c838} 'nglGenVertexArrays' '(IJ)V' in 'org/lwjgl/opengl/GL30'
RCX=0x00007f8a9c3ba71c is an unknown value
RDX=0x0000000000000001 is an unknown value
RSP=0x00007f8aa4f94368 is pointing into the stack for thread: 0x00007f8a9c00a800
RBP=0x00007f8aa4f943d0 is pointing into the stack for thread: 0x00007f8a9c00a800
RSI=0x00007f8a9c3ba71c is an unknown value
RDI=0x0000000000000001 is an unknown value
R8 =0x0000000000000000 is an unknown value
R9 =0x0000000000000009 is an unknown value
R10=0x00007f8a8d0179e8 is at code_begin+808 in an Interpreter codelet
method entry point (kind = native)  [0x00007f8a8d0176c0, 0x00007f8a8d017fc0]  2304 bytes
R11=0x00007f8aa3d76850: <offset 0x9bb850> in /usr/lib/jvm/java-8-oracle/jre/lib/amd64/server/libjvm.so at 0x00007f8aa33bb000
R12=0x0000000000000000 is an unknown value
R13={method} {0x00007f8aa077c838} 'nglGenVertexArrays' '(IJ)V' in 'org/lwjgl/opengl/GL30'
R14=0x00007f8aa4f94400 is pointing into the stack for thread: 0x00007f8a9c00a800
R15=0x00007f8a9c00a800 is a thread


Stack: [0x00007f8aa4e96000,0x00007f8aa4f97000],  sp=0x00007f8aa4f94368,  free space=1016k
Native frames: (J=compiled Java code, j=interpreted, Vv=VM code, C=native code)
C  [liblwjgl_opengl.so+0x46ccc]  Java_org_lwjgl_opengl_GL30_nglGenVertexArrays__IJ+0xc
j  org.lwjgl.opengl.GL30.glGenVertexArrays()I+20
j  bomber.renderer.shaders.VertexArrayObject.<init>()V+5
j  bomber.renderer.shaders.Mesh.<init>(IIII[F)V+93
j  bomber.game.Bomb.<init>(Ljava/lang/String;Ljava/awt/Point;II)V+124
j  bomber.AI.tests.MainTestTemplate.setUp()V+1266
v  ~StubRoutines::call_stub
V  [libjvm.so+0x68dbc6]  JavaCalls::call_helper(JavaValue*, methodHandle*, JavaCallArguments*, Thread*)+0x1056
V  [libjvm.so+0x994487]  Reflection::invoke(instanceKlassHandle, methodHandle, Handle, bool, objArrayHandle, BasicType, objArrayHandle, bool, Thread*)+0x5d7
V  [libjvm.so+0x997b97]  Reflection::invoke_method(oopDesc*, Handle, objArrayHandle, Thread*)+0x147
V  [libjvm.so+0x71c7db]  JVM_InvokeMethod+0x26b
j  sun.reflect.NativeMethodAccessorImpl.invoke0(Ljava/lang/reflect/Method;Ljava/lang/Object;[Ljava/lang/Object;)Ljava/lang/Object;+0
j  sun.reflect.NativeMethodAccessorImpl.invoke(Ljava/lang/Object;[Ljava/lang/Object;)Ljava/lang/Object;+100
j  sun.reflect.DelegatingMethodAccessorImpl.invoke(Ljava/lang/Object;[Ljava/lang/Object;)Ljava/lang/Object;+6
j  java.lang.reflect.Method.invoke(Ljava/lang/Object;[Ljava/lang/Object;)Ljava/lang/Object;+56
j  org.junit.runners.model.FrameworkMethod$1.runReflectiveCall()Ljava/lang/Object;+15
j  org.junit.internal.runners.model.ReflectiveCallable.run()Ljava/lang/Object;+1
j  org.junit.runners.model.FrameworkMethod.invokeExplosively(Ljava/lang/Object;[Ljava/lang/Object;)Ljava/lang/Object;+10
j  org.junit.internal.runners.statements.RunBefores.evaluate()V+38
j  org.junit.runners.ParentRunner.runLeaf(Lorg/junit/runners/model/Statement;Lorg/junit/runner/Description;Lorg/junit/runner/notification/RunNotifier;)V+17
j  org.junit.runners.BlockJUnit4ClassRunner.runChild(Lorg/junit/runners/model/FrameworkMethod;Lorg/junit/runner/notification/RunNotifier;)V+30
j  org.junit.runners.BlockJUnit4ClassRunner.runChild(Ljava/lang/Object;Lorg/junit/runner/notification/RunNotifier;)V+6
j  org.junit.runners.ParentRunner$3.run()V+12
j  org.junit.runners.ParentRunner$1.schedule(Ljava/lang/Runnable;)V+1
j  org.junit.runners.ParentRunner.runChildren(Lorg/junit/runner/notification/RunNotifier;)V+44
j  org.junit.runners.ParentRunner.access$000(Lorg/junit/runners/ParentRunner;Lorg/junit/runner/notification/RunNotifier;)V+2
j  org.junit.runners.ParentRunner$2.evaluate()V+8
j  org.junit.runners.ParentRunner.run(Lorg/junit/runner/notification/RunNotifier;)V+20
j  org.junit.runners.Suite.runChild(Lorg/junit/runner/Runner;Lorg/junit/runner/notification/RunNotifier;)V+2
j  org.junit.runners.Suite.runChild(Ljava/lang/Object;Lorg/junit/runner/notification/RunNotifier;)V+6
j  org.junit.runners.ParentRunner$3.run()V+12
j  org.junit.runners.ParentRunner$1.schedule(Ljava/lang/Runnable;)V+1
j  org.junit.runners.ParentRunner.runChildren(Lorg/junit/runner/notification/RunNotifier;)V+44
j  org.junit.runners.ParentRunner.access$000(Lorg/junit/runners/ParentRunner;Lorg/junit/runner/notification/RunNotifier;)V+2
j  org.junit.runners.ParentRunner$2.evaluate()V+8
j  org.junit.runners.ParentRunner.run(Lorg/junit/runner/notification/RunNotifier;)V+20
j  org.eclipse.jdt.internal.junit4.runner.JUnit4TestReference.run(Lorg/eclipse/jdt/internal/junit/runner/TestExecution;)V+72
j  org.eclipse.jdt.internal.junit.runner.TestExecution.run([Lorg/eclipse/jdt/internal/junit/runner/ITestReference;)V+17
j  org.eclipse.jdt.internal.junit.runner.RemoteTestRunner.runTests([Ljava/lang/String;Ljava/lang/String;Lorg/eclipse/jdt/internal/junit/runner/TestExecution;)V+61
j  org.eclipse.jdt.internal.junit.runner.RemoteTestRunner.runTests(Lorg/eclipse/jdt/internal/junit/runner/TestExecution;)V+10
j  org.eclipse.jdt.internal.junit.runner.RemoteTestRunner.run()V+70
j  org.eclipse.jdt.internal.junit.runner.RemoteTestRunner.main([Ljava/lang/String;)V+14
v  ~StubRoutines::call_stub
V  [libjvm.so+0x68dbc6]  JavaCalls::call_helper(JavaValue*, methodHandle*, JavaCallArguments*, Thread*)+0x1056
V  [libjvm.so+0x6cf232]  jni_invoke_static(JNIEnv_*, JavaValue*, _jobject*, JNICallType, _jmethodID*, JNI_ArgumentPusher*, Thread*)+0x362
V  [libjvm.so+0x6eba9a]  jni_CallStaticVoidMethod+0x17a
C  [libjli.so+0x7bcc]  JavaMain+0x80c
C  [libpthread.so.0+0x76ba]  start_thread+0xca

Java frames: (J=compiled Java code, j=interpreted, Vv=VM code)
j  org.lwjgl.opengl.GL30.nglGenVertexArrays(IJ)V+0
j  org.lwjgl.opengl.GL30.glGenVertexArrays()I+20
j  bomber.renderer.shaders.VertexArrayObject.<init>()V+5
j  bomber.renderer.shaders.Mesh.<init>(IIII[F)V+93
j  bomber.game.Bomb.<init>(Ljava/lang/String;Ljava/awt/Point;II)V+124
j  bomber.AI.tests.MainTestTemplate.setUp()V+1266
v  ~StubRoutines::call_stub
j  sun.reflect.NativeMethodAccessorImpl.invoke0(Ljava/lang/reflect/Method;Ljava/lang/Object;[Ljava/lang/Object;)Ljava/lang/Object;+0
j  sun.reflect.NativeMethodAccessorImpl.invoke(Ljava/lang/Object;[Ljava/lang/Object;)Ljava/lang/Object;+100
j  sun.reflect.DelegatingMethodAccessorImpl.invoke(Ljava/lang/Object;[Ljava/lang/Object;)Ljava/lang/Object;+6
j  java.lang.reflect.Method.invoke(Ljava/lang/Object;[Ljava/lang/Object;)Ljava/lang/Object;+56
j  org.junit.runners.model.FrameworkMethod$1.runReflectiveCall()Ljava/lang/Object;+15
j  org.junit.internal.runners.model.ReflectiveCallable.run()Ljava/lang/Object;+1
j  org.junit.runners.model.FrameworkMethod.invokeExplosively(Ljava/lang/Object;[Ljava/lang/Object;)Ljava/lang/Object;+10
j  org.junit.internal.runners.statements.RunBefores.evaluate()V+38
j  org.junit.runners.ParentRunner.runLeaf(Lorg/junit/runners/model/Statement;Lorg/junit/runner/Description;Lorg/junit/runner/notification/RunNotifier;)V+17
j  org.junit.runners.BlockJUnit4ClassRunner.runChild(Lorg/junit/runners/model/FrameworkMethod;Lorg/junit/runner/notification/RunNotifier;)V+30
j  org.junit.runners.BlockJUnit4ClassRunner.runChild(Ljava/lang/Object;Lorg/junit/runner/notification/RunNotifier;)V+6
j  org.junit.runners.ParentRunner$3.run()V+12
j  org.junit.runners.ParentRunner$1.schedule(Ljava/lang/Runnable;)V+1
j  org.junit.runners.ParentRunner.runChildren(Lorg/junit/runner/notification/RunNotifier;)V+44
j  org.junit.runners.ParentRunner.access$000(Lorg/junit/runners/ParentRunner;Lorg/junit/runner/notification/RunNotifier;)V+2
j  org.junit.runners.ParentRunner$2.evaluate()V+8
j  org.junit.runners.ParentRunner.run(Lorg/junit/runner/notification/RunNotifier;)V+20
j  org.junit.runners.Suite.runChild(Lorg/junit/runner/Runner;Lorg/junit/runner/notification/RunNotifier;)V+2
j  org.junit.runners.Suite.runChild(Ljava/lang/Object;Lorg/junit/runner/notification/RunNotifier;)V+6
j  org.junit.runners.ParentRunner$3.run()V+12
j  org.junit.runners.ParentRunner$1.schedule(Ljava/lang/Runnable;)V+1
j  org.junit.runners.ParentRunner.runChildren(Lorg/junit/runner/notification/RunNotifier;)V+44
j  org.junit.runners.ParentRunner.access$000(Lorg/junit/runners/ParentRunner;Lorg/junit/runner/notification/RunNotifier;)V+2
j  org.junit.runners.ParentRunner$2.evaluate()V+8
j  org.junit.runners.ParentRunner.run(Lorg/junit/runner/notification/RunNotifier;)V+20
j  org.eclipse.jdt.internal.junit4.runner.JUnit4TestReference.run(Lorg/eclipse/jdt/internal/junit/runner/TestExecution;)V+72
j  org.eclipse.jdt.internal.junit.runner.TestExecution.run([Lorg/eclipse/jdt/internal/junit/runner/ITestReference;)V+17
j  org.eclipse.jdt.internal.junit.runner.RemoteTestRunner.runTests([Ljava/lang/String;Ljava/lang/String;Lorg/eclipse/jdt/internal/junit/runner/TestExecution;)V+61
j  org.eclipse.jdt.internal.junit.runner.RemoteTestRunner.runTests(Lorg/eclipse/jdt/internal/junit/runner/TestExecution;)V+10
j  org.eclipse.jdt.internal.junit.runner.RemoteTestRunner.run()V+70
j  org.eclipse.jdt.internal.junit.runner.RemoteTestRunner.main([Ljava/lang/String;)V+14
v  ~StubRoutines::call_stub

---------------  P R O C E S S  ---------------

Java Threads: ( => current thread )
  0x00007f8a9c1f4000 JavaThread "ReaderThread" [_thread_in_native, id=11947, stack(0x00007f8a660c9000,0x00007f8a661ca000)]
  0x00007f8a9c0de000 JavaThread "Service Thread" daemon [_thread_blocked, id=11945, stack(0x00007f8a667e3000,0x00007f8a668e4000)]
  0x00007f8a9c0c8800 JavaThread "C1 CompilerThread3" daemon [_thread_blocked, id=11944, stack(0x00007f8a668e4000,0x00007f8a669e5000)]
  0x00007f8a9c0c6800 JavaThread "C2 CompilerThread2" daemon [_thread_blocked, id=11943, stack(0x00007f8a669e5000,0x00007f8a66ae6000)]
  0x00007f8a9c0c4800 JavaThread "C2 CompilerThread1" daemon [_thread_blocked, id=11942, stack(0x00007f8a66ae6000,0x00007f8a66be7000)]
  0x00007f8a9c0c1800 JavaThread "C2 CompilerThread0" daemon [_thread_blocked, id=11941, stack(0x00007f8a66be7000,0x00007f8a66ce8000)]
  0x00007f8a9c0c0000 JavaThread "Signal Dispatcher" daemon [_thread_blocked, id=11940, stack(0x00007f8a66ce8000,0x00007f8a66de9000)]
  0x00007f8a9c08d000 JavaThread "Finalizer" daemon [_thread_blocked, id=11939, stack(0x00007f8a671f2000,0x00007f8a672f3000)]
  0x00007f8a9c088800 JavaThread "Reference Handler" daemon [_thread_blocked, id=11938, stack(0x00007f8a672f3000,0x00007f8a673f4000)]
=>0x00007f8a9c00a800 JavaThread "main" [_thread_in_native, id=11927, stack(0x00007f8aa4e96000,0x00007f8aa4f97000)]

Other Threads:
  0x00007f8a9c080800 VMThread [stack: 0x00007f8a673f4000,0x00007f8a674f5000] [id=11937]
  0x00007f8a9c0e0800 WatcherThread [stack: 0x00007f8a666e2000,0x00007f8a667e3000] [id=11946]

VM state:not at safepoint (normal execution)

VM Mutex/Monitor currently owned by a thread: None

Heap:
 PSYoungGen      total 36864K, used 13365K [0x00000000d6e00000, 0x00000000d9700000, 0x0000000100000000)
  eden space 31744K, 42% used [0x00000000d6e00000,0x00000000d7b0d580,0x00000000d8d00000)
  from space 5120K, 0% used [0x00000000d9200000,0x00000000d9200000,0x00000000d9700000)
  to   space 5120K, 0% used [0x00000000d8d00000,0x00000000d8d00000,0x00000000d9200000)
 ParOldGen       total 84992K, used 0K [0x0000000084a00000, 0x0000000089d00000, 0x00000000d6e00000)
  object space 84992K, 0% used [0x0000000084a00000,0x0000000084a00000,0x0000000089d00000)
 Metaspace       used 7969K, capacity 8194K, committed 8448K, reserved 1056768K
  class space    used 902K, capacity 987K, committed 1024K, reserved 1048576K

Card table byte_map: [0x00007f8aa1878000,0x00007f8aa1c54000] byte_map_base: 0x00007f8aa1453000

Marking Bits: (ParMarkBitMap*) 0x00007f8aa4371d60
 Begin Bits: [0x00007f8a6c250000, 0x00007f8a6e128000)
 End Bits:   [0x00007f8a6e128000, 0x00007f8a70000000)

Polling page: 0x00007f8aa4fc0000

CodeCache: size=245760Kb used=2417Kb max_used=2417Kb free=243342Kb
 bounds [0x00007f8a8d000000, 0x00007f8a8d270000, 0x00007f8a9c000000]
 total_blobs=902 nmethods=557 adapters=259
 compilation: enabled

Compilation events (10 events):
Event: 1.901 Thread 0x00007f8a9c0c8800 nmethod 551 0x00007f8a8d256250 code [0x00007f8a8d2563c0, 0x00007f8a8d2566c8]
Event: 1.929 Thread 0x00007f8a9c0c8800  553       3       java.net.URLClassLoader$1::run (5 bytes)
Event: 1.929 Thread 0x00007f8a9c0c8800 nmethod 553 0x00007f8a8d256b50 code [0x00007f8a8d256cc0, 0x00007f8a8d256e68]
Event: 1.929 Thread 0x00007f8a9c0c8800  554   !   3       java.net.URLClassLoader$1::run (63 bytes)
Event: 1.930 Thread 0x00007f8a9c0c8800 nmethod 554 0x00007f8a8d256f10 code [0x00007f8a8d2570e0, 0x00007f8a8d257608]
Event: 1.930 Thread 0x00007f8a9c0c8800  555       3       java.net.URL::toExternalForm (9 bytes)
Event: 1.930 Thread 0x00007f8a9c0c8800 nmethod 555 0x00007f8a8d2578d0 code [0x00007f8a8d257a40, 0x00007f8a8d257c68]
Event: 1.930 Thread 0x00007f8a9c0c8800  557       3       java.security.CodeSource::getCertificates (98 bytes)
Event: 1.930 Thread 0x00007f8a9c0c8800 nmethod 557 0x00007f8a8d257d10 code [0x00007f8a8d257f20, 0x00007f8a8d258ac8]
Event: 1.930 Thread 0x00007f8a9c0c8800  556       3       java.net.URLStreamHandler::toExternalForm (219 bytes)

GC Heap History (0 events):
No events

Deoptimization events (2 events):
Event: 0.706 Thread 0x00007f8a9c00a800 Uncommon trap: reason=unstable_if action=reinterpret pc=0x00007f8a8d13d344 method=java.lang.String.indexOf(II)I @ 49
Event: 1.746 Thread 0x00007f8a9c00a800 Uncommon trap: reason=unstable_if action=reinterpret pc=0x00007f8a8d1c5eb4 method=java.lang.String.replace(CC)Ljava/lang/String; @ 26

Internal exceptions (10 events):
Event: 1.742 Thread 0x00007f8a9c00a800 Exception <a 'java/security/PrivilegedActionException'> (0x00000000d7474a10) thrown at [/HUDSON/workspace/8-2-build-linux-amd64/jdk8u91/6644/hotspot/src/share/vm/prims/jvm.cpp, line 1386]
Event: 1.742 Thread 0x00007f8a9c00a800 Exception <a 'java/security/PrivilegedActionException'> (0x00000000d7474e08) thrown at [/HUDSON/workspace/8-2-build-linux-amd64/jdk8u91/6644/hotspot/src/share/vm/prims/jvm.cpp, line 1386]
Event: 1.869 Thread 0x00007f8a9c00a800 Exception <a 'java/lang/NoSuchFieldError': method resolution failed> (0x00000000d79583a8) thrown at [/HUDSON/workspace/8-2-build-linux-amd64/jdk8u91/6644/hotspot/src/share/vm/prims/methodHandles.cpp, line 1146]
Event: 1.870 Thread 0x00007f8a9c00a800 Exception <a 'java/lang/NoSuchFieldError': method resolution failed> (0x00000000d7965e68) thrown at [/HUDSON/workspace/8-2-build-linux-amd64/jdk8u91/6644/hotspot/src/share/vm/prims/methodHandles.cpp, line 1146]
Event: 1.891 Thread 0x00007f8a9c00a800 Exception <a 'sun/nio/fs/UnixException'> (0x00000000d7a10220) thrown at [/HUDSON/workspace/8-2-build-linux-amd64/jdk8u91/6644/hotspot/src/share/vm/prims/jni.cpp, line 709]
Event: 1.892 Thread 0x00007f8a9c00a800 Exception <a 'sun/nio/fs/UnixException'> (0x00000000d7a11ae8) thrown at [/HUDSON/workspace/8-2-build-linux-amd64/jdk8u91/6644/hotspot/src/share/vm/prims/jni.cpp, line 709]
Event: 1.892 Thread 0x00007f8a9c00a800 Exception <a 'sun/nio/fs/UnixException'> (0x00000000d7a125d8) thrown at [/HUDSON/workspace/8-2-build-linux-amd64/jdk8u91/6644/hotspot/src/share/vm/prims/jni.cpp, line 709]
Event: 1.892 Thread 0x00007f8a9c00a800 Exception <a 'sun/nio/fs/UnixException'> (0x00000000d7a13090) thrown at [/HUDSON/workspace/8-2-build-linux-amd64/jdk8u91/6644/hotspot/src/share/vm/prims/jni.cpp, line 709]
Event: 1.892 Thread 0x00007f8a9c00a800 Exception <a 'sun/nio/fs/UnixException'> (0x00000000d7a13ac8) thrown at [/HUDSON/workspace/8-2-build-linux-amd64/jdk8u91/6644/hotspot/src/share/vm/prims/jni.cpp, line 709]
Event: 1.892 Thread 0x00007f8a9c00a800 Exception <a 'sun/nio/fs/UnixException'> (0x00000000d7a14578) thrown at [/HUDSON/workspace/8-2-build-linux-amd64/jdk8u91/6644/hotspot/src/share/vm/prims/jni.cpp, line 709]

Events (10 events):
Event: 1.900 loading class java/nio/DirectDoubleBufferU
Event: 1.900 loading class java/nio/DirectDoubleBufferU done
Event: 1.901 loading class org/lwjgl/system/linux/DynamicLinkLoader
Event: 1.901 loading class org/lwjgl/system/linux/DynamicLinkLoader done
Event: 1.929 loading class org/lwjgl/opengl/GL$2
Event: 1.929 loading class org/lwjgl/opengl/GL$2 done
Event: 1.929 loading class org/lwjgl/opengl/GL$SharedLibraryGL
Event: 1.929 loading class org/lwjgl/opengl/GL$SharedLibraryGL done
Event: 1.930 loading class org/lwjgl/system/SharedLibrary$Delegate
Event: 1.930 loading class org/lwjgl/system/SharedLibrary$Delegate done


Dynamic libraries:
00400000-00401000 r-xp 00000000 08:02 30280100                           /usr/lib/jvm/java-8-oracle/bin/java
00600000-00601000 rw-p 00000000 08:02 30280100                           /usr/lib/jvm/java-8-oracle/bin/java
025a9000-025ca000 rw-p 00000000 00:00 0                                  [heap]
84a00000-89d00000 rw-p 00000000 00:00 0 
89d00000-d6e00000 ---p 00000000 00:00 0 
d6e00000-d9700000 rw-p 00000000 00:00 0 
d9700000-100000000 ---p 00000000 00:00 0 
100000000-100100000 rw-p 00000000 00:00 0 
100100000-140000000 ---p 00000000 00:00 0 
7f8a36e65000-7f8a36e6a000 r-xp 00000000 08:02 29361085                   /usr/lib/x86_64-linux-gnu/libXdmcp.so.6.0.0
7f8a36e6a000-7f8a37069000 ---p 00005000 08:02 29361085                   /usr/lib/x86_64-linux-gnu/libXdmcp.so.6.0.0
7f8a37069000-7f8a3706a000 r--p 00004000 08:02 29361085                   /usr/lib/x86_64-linux-gnu/libXdmcp.so.6.0.0
7f8a3706a000-7f8a3706b000 rw-p 00005000 08:02 29361085                   /usr/lib/x86_64-linux-gnu/libXdmcp.so.6.0.0
7f8a3706b000-7f8a3706d000 r-xp 00000000 08:02 29367690                   /usr/lib/x86_64-linux-gnu/libXau.so.6.0.0
7f8a3706d000-7f8a3726d000 ---p 00002000 08:02 29367690                   /usr/lib/x86_64-linux-gnu/libXau.so.6.0.0
7f8a3726d000-7f8a3726e000 r--p 00002000 08:02 29367690                   /usr/lib/x86_64-linux-gnu/libXau.so.6.0.0
7f8a3726e000-7f8a3726f000 rw-p 00003000 08:02 29367690                   /usr/lib/x86_64-linux-gnu/libXau.so.6.0.0
7f8a3726f000-7f8a3727f000 r-xp 00000000 08:02 29363311                   /usr/lib/x86_64-linux-gnu/libdrm.so.2.4.0
7f8a3727f000-7f8a3747e000 ---p 00010000 08:02 29363311                   /usr/lib/x86_64-linux-gnu/libdrm.so.2.4.0
7f8a3747e000-7f8a3747f000 r--p 0000f000 08:02 29363311                   /usr/lib/x86_64-linux-gnu/libdrm.so.2.4.0
7f8a3747f000-7f8a37480000 rw-p 00010000 08:02 29363311                   /usr/lib/x86_64-linux-gnu/libdrm.so.2.4.0
7f8a37480000-7f8a37485000 r-xp 00000000 08:02 29369388                   /usr/lib/x86_64-linux-gnu/libXxf86vm.so.1.0.0
7f8a37485000-7f8a37684000 ---p 00005000 08:02 29369388                   /usr/lib/x86_64-linux-gnu/libXxf86vm.so.1.0.0
7f8a37684000-7f8a37685000 r--p 00004000 08:02 29369388                   /usr/lib/x86_64-linux-gnu/libXxf86vm.so.1.0.0
7f8a37685000-7f8a37686000 rw-p 00005000 08:02 29369388                   /usr/lib/x86_64-linux-gnu/libXxf86vm.so.1.0.0
7f8a37686000-7f8a376a7000 r-xp 00000000 08:02 29362315                   /usr/lib/x86_64-linux-gnu/libxcb.so.1.1.0
7f8a376a7000-7f8a378a6000 ---p 00021000 08:02 29362315                   /usr/lib/x86_64-linux-gnu/libxcb.so.1.1.0
7f8a378a6000-7f8a378a7000 r--p 00020000 08:02 29362315                   /usr/lib/x86_64-linux-gnu/libxcb.so.1.1.0
7f8a378a7000-7f8a378a8000 rw-p 00021000 08:02 29362315                   /usr/lib/x86_64-linux-gnu/libxcb.so.1.1.0
7f8a378a8000-7f8a378ac000 r-xp 00000000 08:02 29369373                   /usr/lib/x86_64-linux-gnu/libxcb-dri2.so.0.0.0
7f8a378ac000-7f8a37aab000 ---p 00004000 08:02 29369373                   /usr/lib/x86_64-linux-gnu/libxcb-dri2.so.0.0.0
7f8a37aab000-7f8a37aac000 r--p 00003000 08:02 29369373                   /usr/lib/x86_64-linux-gnu/libxcb-dri2.so.0.0.0
7f8a37aac000-7f8a37aad000 rw-p 00004000 08:02 29369373                   /usr/lib/x86_64-linux-gnu/libxcb-dri2.so.0.0.0
7f8a37aad000-7f8a37ac4000 r-xp 00000000 08:02 29369376                   /usr/lib/x86_64-linux-gnu/libxcb-glx.so.0.0.0
7f8a37ac4000-7f8a37cc3000 ---p 00017000 08:02 29369376                   /usr/lib/x86_64-linux-gnu/libxcb-glx.so.0.0.0
7f8a37cc3000-7f8a37cc5000 r--p 00016000 08:02 29369376                   /usr/lib/x86_64-linux-gnu/libxcb-glx.so.0.0.0
7f8a37cc5000-7f8a37cc6000 rw-p 00018000 08:02 29369376                   /usr/lib/x86_64-linux-gnu/libxcb-glx.so.0.0.0
7f8a37cc6000-7f8a37dfb000 r-xp 00000000 08:02 29362333                   /usr/lib/x86_64-linux-gnu/libX11.so.6.3.0
7f8a37dfb000-7f8a37ffb000 ---p 00135000 08:02 29362333                   /usr/lib/x86_64-linux-gnu/libX11.so.6.3.0
7f8a37ffb000-7f8a37ffc000 r--p 00135000 08:02 29362333                   /usr/lib/x86_64-linux-gnu/libX11.so.6.3.0
7f8a37ffc000-7f8a38000000 rw-p 00136000 08:02 29362333                   /usr/lib/x86_64-linux-gnu/libX11.so.6.3.0
7f8a38000000-7f8a38021000 rw-p 00000000 00:00 0 
7f8a38021000-7f8a3c000000 ---p 00000000 00:00 0 
7f8a3c000000-7f8a3c021000 rw-p 00000000 00:00 0 
7f8a3c021000-7f8a40000000 ---p 00000000 00:00 0 
7f8a40000000-7f8a40231000 rw-p 00000000 00:00 0 
7f8a40231000-7f8a44000000 ---p 00000000 00:00 0 
7f8a44000000-7f8a44021000 rw-p 00000000 00:00 0 
7f8a44021000-7f8a48000000 ---p 00000000 00:00 0 
7f8a48000000-7f8a48029000 rw-p 00000000 00:00 0 
7f8a48029000-7f8a4c000000 ---p 00000000 00:00 0 
7f8a4c000000-7f8a4c15b000 rw-p 00000000 00:00 0 
7f8a4c15b000-7f8a50000000 ---p 00000000 00:00 0 
7f8a50000000-7f8a50021000 rw-p 00000000 00:00 0 
7f8a50021000-7f8a54000000 ---p 00000000 00:00 0 
7f8a54000000-7f8a54094000 rw-p 00000000 00:00 0 
7f8a54094000-7f8a58000000 ---p 00000000 00:00 0 
7f8a58000000-7f8a58021000 rw-p 00000000 00:00 0 
7f8a58021000-7f8a5c000000 ---p 00000000 00:00 0 
7f8a5c000000-7f8a5c021000 rw-p 00000000 00:00 0 
7f8a5c021000-7f8a60000000 ---p 00000000 00:00 0 
7f8a60000000-7f8a60021000 rw-p 00000000 00:00 0 
7f8a60021000-7f8a64000000 ---p 00000000 00:00 0 
7f8a640f5000-7f8a640f6000 r-xp 00000000 08:02 29369344                   /usr/lib/x86_64-linux-gnu/libX11-xcb.so.1.0.0
7f8a640f6000-7f8a642f5000 ---p 00001000 08:02 29369344                   /usr/lib/x86_64-linux-gnu/libX11-xcb.so.1.0.0
7f8a642f5000-7f8a642f6000 r--p 00000000 08:02 29369344                   /usr/lib/x86_64-linux-gnu/libX11-xcb.so.1.0.0
7f8a642f6000-7f8a642f7000 rw-p 00001000 08:02 29369344                   /usr/lib/x86_64-linux-gnu/libX11-xcb.so.1.0.0
7f8a642f7000-7f8a642fc000 r-xp 00000000 08:02 29364516                   /usr/lib/x86_64-linux-gnu/libXfixes.so.3.1.0
7f8a642fc000-7f8a644fb000 ---p 00005000 08:02 29364516                   /usr/lib/x86_64-linux-gnu/libXfixes.so.3.1.0
7f8a644fb000-7f8a644fc000 r--p 00004000 08:02 29364516                   /usr/lib/x86_64-linux-gnu/libXfixes.so.3.1.0
7f8a644fc000-7f8a644fd000 rw-p 00005000 08:02 29364516                   /usr/lib/x86_64-linux-gnu/libXfixes.so.3.1.0
7f8a644fd000-7f8a644ff000 r-xp 00000000 08:02 29362374                   /usr/lib/x86_64-linux-gnu/libXdamage.so.1.1.0
7f8a644ff000-7f8a646fe000 ---p 00002000 08:02 29362374                   /usr/lib/x86_64-linux-gnu/libXdamage.so.1.1.0
7f8a646fe000-7f8a646ff000 r--p 00001000 08:02 29362374                   /usr/lib/x86_64-linux-gnu/libXdamage.so.1.1.0
7f8a646ff000-7f8a64700000 rw-p 00002000 08:02 29362374                   /usr/lib/x86_64-linux-gnu/libXdamage.so.1.1.0
7f8a64700000-7f8a64711000 r-xp 00000000 08:02 29362034                   /usr/lib/x86_64-linux-gnu/libXext.so.6.4.0
7f8a64711000-7f8a64910000 ---p 00011000 08:02 29362034                   /usr/lib/x86_64-linux-gnu/libXext.so.6.4.0
7f8a64910000-7f8a64911000 r--p 00010000 08:02 29362034                   /usr/lib/x86_64-linux-gnu/libXext.so.6.4.0
7f8a64911000-7f8a64912000 rw-p 00011000 08:02 29362034                   /usr/lib/x86_64-linux-gnu/libXext.so.6.4.0
7f8a64912000-7f8a6493d000 r-xp 00000000 08:02 29366680                   /usr/lib/x86_64-linux-gnu/libglapi.so.0.0.0
7f8a6493d000-7f8a64b3c000 ---p 0002b000 08:02 29366680                   /usr/lib/x86_64-linux-gnu/libglapi.so.0.0.0
7f8a64b3c000-7f8a64b40000 r--p 0002a000 08:02 29366680                   /usr/lib/x86_64-linux-gnu/libglapi.so.0.0.0
7f8a64b40000-7f8a64b41000 rw-p 0002e000 08:02 29366680                   /usr/lib/x86_64-linux-gnu/libglapi.so.0.0.0
7f8a64b41000-7f8a64b42000 rw-p 00000000 00:00 0 
7f8a64b42000-7f8a64b43000 r-xp 00000000 08:02 29369369                   /usr/lib/x86_64-linux-gnu/libxshmfence.so.1.0.0
7f8a64b43000-7f8a64d43000 ---p 00001000 08:02 29369369                   /usr/lib/x86_64-linux-gnu/libxshmfence.so.1.0.0
7f8a64d43000-7f8a64d44000 r--p 00001000 08:02 29369369                   /usr/lib/x86_64-linux-gnu/libxshmfence.so.1.0.0
7f8a64d44000-7f8a64d45000 rw-p 00002000 08:02 29369369                   /usr/lib/x86_64-linux-gnu/libxshmfence.so.1.0.0
7f8a64d45000-7f8a64d4a000 r-xp 00000000 08:02 29369363                   /usr/lib/x86_64-linux-gnu/libxcb-sync.so.1.0.0
7f8a64d4a000-7f8a64f4a000 ---p 00005000 08:02 29369363                   /usr/lib/x86_64-linux-gnu/libxcb-sync.so.1.0.0
7f8a64f4a000-7f8a64f4b000 r--p 00005000 08:02 29369363                   /usr/lib/x86_64-linux-gnu/libxcb-sync.so.1.0.0
7f8a64f4b000-7f8a64f4c000 rw-p 00006000 08:02 29369363                   /usr/lib/x86_64-linux-gnu/libxcb-sync.so.1.0.0
7f8a64f4c000-7f8a64f4e000 r-xp 00000000 08:02 29369366                   /usr/lib/x86_64-linux-gnu/libxcb-present.so.0.0.0
7f8a64f4e000-7f8a6514d000 ---p 00002000 08:02 29369366                   /usr/lib/x86_64-linux-gnu/libxcb-present.so.0.0.0
7f8a6514d000-7f8a6514e000 r--p 00001000 08:02 29369366                   /usr/lib/x86_64-linux-gnu/libxcb-present.so.0.0.0
7f8a6514e000-7f8a6514f000 rw-p 00002000 08:02 29369366                   /usr/lib/x86_64-linux-gnu/libxcb-present.so.0.0.0
7f8a6514f000-7f8a65151000 r-xp 00000000 08:02 29369348                   /usr/lib/x86_64-linux-gnu/libxcb-dri3.so.0.0.0
7f8a65151000-7f8a65350000 ---p 00002000 08:02 29369348                   /usr/lib/x86_64-linux-gnu/libxcb-dri3.so.0.0.0
7f8a65350000-7f8a65351000 r--p 00001000 08:02 29369348                   /usr/lib/x86_64-linux-gnu/libxcb-dri3.so.0.0.0
7f8a65351000-7f8a65352000 rw-p 00002000 08:02 29369348                   /usr/lib/x86_64-linux-gnu/libxcb-dri3.so.0.0.0
7f8a65352000-7f8a65378000 r-xp 00000000 08:02 30670951                   /lib/x86_64-linux-gnu/libexpat.so.1.6.0
7f8a65378000-7f8a65578000 ---p 00026000 08:02 30670951                   /lib/x86_64-linux-gnu/libexpat.so.1.6.0
7f8a65578000-7f8a6557a000 r--p 00026000 08:02 30670951                   /lib/x86_64-linux-gnu/libexpat.so.1.6.0
7f8a6557a000-7f8a6557b000 rw-p 00028000 08:02 30670951                   /lib/x86_64-linux-gnu/libexpat.so.1.6.0
7f8a6557b000-7f8a655e7000 r-xp 00000000 08:02 29753609                   /usr/lib/x86_64-linux-gnu/mesa/libGL.so.1.2.0
7f8a655e7000-7f8a657e6000 ---p 0006c000 08:02 29753609                   /usr/lib/x86_64-linux-gnu/mesa/libGL.so.1.2.0
7f8a657e6000-7f8a657e9000 r--p 0006b000 08:02 29753609                   /usr/lib/x86_64-linux-gnu/mesa/libGL.so.1.2.0
7f8a657e9000-7f8a657ea000 rw-p 0006e000 08:02 29753609                   /usr/lib/x86_64-linux-gnu/mesa/libGL.so.1.2.0
7f8a657ea000-7f8a657eb000 rw-p 00000000 00:00 0 
7f8a657eb000-7f8a65854000 r-xp 00000000 08:02 40108664                   /tmp/lwjgljokl/3.1.1-build-16/liblwjgl_opengl.so
7f8a65854000-7f8a65a53000 ---p 00069000 08:02 40108664                   /tmp/lwjgljokl/3.1.1-build-16/liblwjgl_opengl.so
7f8a65a53000-7f8a65a54000 r--p 00068000 08:02 40108664                   /tmp/lwjgljokl/3.1.1-build-16/liblwjgl_opengl.so
7f8a65a54000-7f8a65a55000 rw-p 00069000 08:02 40108664                   /tmp/lwjgljokl/3.1.1-build-16/liblwjgl_opengl.so
7f8a65a55000-7f8a65a6b000 r-xp 00000000 08:02 30675021                   /lib/x86_64-linux-gnu/libgcc_s.so.1
7f8a65a6b000-7f8a65c6a000 ---p 00016000 08:02 30675021                   /lib/x86_64-linux-gnu/libgcc_s.so.1
7f8a65c6a000-7f8a65c6b000 rw-p 00015000 08:02 30675021                   /lib/x86_64-linux-gnu/libgcc_s.so.1
7f8a65c6b000-7f8a65cb6000 r-xp 00000000 08:02 40108661                   /tmp/lwjgljokl/3.1.1-build-16/liblwjgl.so
7f8a65cb6000-7f8a65eb6000 ---p 0004b000 08:02 40108661                   /tmp/lwjgljokl/3.1.1-build-16/liblwjgl.so
7f8a65eb6000-7f8a65eb7000 r--p 0004b000 08:02 40108661                   /tmp/lwjgljokl/3.1.1-build-16/liblwjgl.so
7f8a65eb7000-7f8a65eb8000 rw-p 0004c000 08:02 40108661                   /tmp/lwjgljokl/3.1.1-build-16/liblwjgl.so
7f8a65eb8000-7f8a65ec9000 r-xp 00000000 08:02 30671266                   /usr/lib/jvm/java-8-oracle/jre/lib/amd64/libnio.so
7f8a65ec9000-7f8a660c8000 ---p 00011000 08:02 30671266                   /usr/lib/jvm/java-8-oracle/jre/lib/amd64/libnio.so
7f8a660c8000-7f8a660c9000 rw-p 00010000 08:02 30671266                   /usr/lib/jvm/java-8-oracle/jre/lib/amd64/libnio.so
7f8a660c9000-7f8a660cc000 ---p 00000000 00:00 0 
7f8a660cc000-7f8a664cb000 rw-p 00000000 00:00 0 
7f8a664cb000-7f8a664e1000 r-xp 00000000 08:02 30671319                   /usr/lib/jvm/java-8-oracle/jre/lib/amd64/libnet.so
7f8a664e1000-7f8a666e1000 ---p 00016000 08:02 30671319                   /usr/lib/jvm/java-8-oracle/jre/lib/amd64/libnet.so
7f8a666e1000-7f8a666e2000 rw-p 00016000 08:02 30671319                   /usr/lib/jvm/java-8-oracle/jre/lib/amd64/libnet.so
7f8a666e2000-7f8a666e3000 ---p 00000000 00:00 0 
7f8a666e3000-7f8a667e3000 rw-p 00000000 00:00 0 
7f8a667e3000-7f8a667e6000 ---p 00000000 00:00 0 
7f8a667e6000-7f8a668e4000 rw-p 00000000 00:00 0 
7f8a668e4000-7f8a668e7000 ---p 00000000 00:00 0 
7f8a668e7000-7f8a669e5000 rw-p 00000000 00:00 0 
7f8a669e5000-7f8a669e8000 ---p 00000000 00:00 0 
7f8a669e8000-7f8a66ae6000 rw-p 00000000 00:00 0 
7f8a66ae6000-7f8a66ae9000 ---p 00000000 00:00 0 
7f8a66ae9000-7f8a66be7000 rw-p 00000000 00:00 0 
7f8a66be7000-7f8a66bea000 ---p 00000000 00:00 0 
7f8a66bea000-7f8a66ce8000 rw-p 00000000 00:00 0 
7f8a66ce8000-7f8a66ceb000 ---p 00000000 00:00 0 
7f8a66ceb000-7f8a66de9000 rw-p 00000000 00:00 0 
7f8a66de9000-7f8a671f2000 r--p 00000000 08:02 29361958                   /usr/lib/locale/locale-archive
7f8a671f2000-7f8a671f5000 ---p 00000000 00:00 0 
7f8a671f5000-7f8a672f3000 rw-p 00000000 00:00 0 
7f8a672f3000-7f8a672f6000 ---p 00000000 00:00 0 
7f8a672f6000-7f8a673f4000 rw-p 00000000 00:00 0 
7f8a673f4000-7f8a673f5000 ---p 00000000 00:00 0 
7f8a673f5000-7f8a68000000 rw-p 00000000 00:00 0 
7f8a68000000-7f8a68021000 rw-p 00000000 00:00 0 
7f8a68021000-7f8a6c000000 ---p 00000000 00:00 0 
7f8a6c04e000-7f8a70000000 rw-p 00000000 00:00 0 
7f8a70000000-7f8a70021000 rw-p 00000000 00:00 0 
7f8a70021000-7f8a74000000 ---p 00000000 00:00 0 
7f8a74000000-7f8a74021000 rw-p 00000000 00:00 0 
7f8a74021000-7f8a78000000 ---p 00000000 00:00 0 
7f8a78000000-7f8a78021000 rw-p 00000000 00:00 0 
7f8a78021000-7f8a7c000000 ---p 00000000 00:00 0 
7f8a7c000000-7f8a7c021000 rw-p 00000000 00:00 0 
7f8a7c021000-7f8a80000000 ---p 00000000 00:00 0 
7f8a80000000-7f8a80021000 rw-p 00000000 00:00 0 
7f8a80021000-7f8a84000000 ---p 00000000 00:00 0 
7f8a84000000-7f8a84021000 rw-p 00000000 00:00 0 
7f8a84021000-7f8a88000000 ---p 00000000 00:00 0 
7f8a88000000-7f8a88021000 rw-p 00000000 00:00 0 
7f8a88021000-7f8a8c000000 ---p 00000000 00:00 0 
7f8a8c00c000-7f8a8c00f000 r--s 0001a000 08:02 30280401                   /usr/lib/jvm/java-8-oracle/jre/lib/jce.jar
7f8a8c00f000-7f8a8c013000 r--s 00097000 08:02 30280400                   /usr/lib/jvm/java-8-oracle/jre/lib/jsse.jar
7f8a8c013000-7f8a8c017000 r--s 0002a000 08:02 4066773                    /home/jokl/lwjgl3/lwjgl-assimp.jar
7f8a8c017000-7f8a8c01a000 r--s 0001f000 08:02 4066780                    /home/jokl/lwjgl3/lwjgl-bgfx.jar
7f8a8c01a000-7f8a8c01e000 r--s 0001b000 08:02 4066791                    /home/jokl/lwjgl3/lwjgl-egl.jar
7f8a8c01e000-7f8a8c021000 r--s 00015000 08:02 4066802                    /home/jokl/lwjgl3/lwjgl-glfw.jar
7f8a8c021000-7f8a8c022000 r--s 002ae000 08:02 4066805                    /home/jokl/lwjgl3/lwjgl-assimp-natives-linux.jar
7f8a8c022000-7f8a8c023000 r--s 00042000 08:02 4066806                    /home/jokl/lwjgl3/lwjgl-bgfx-natives-linux.jar
7f8a8c023000-7f8a8c024000 r--s 0000e000 08:02 4066808                    /home/jokl/lwjgl3/lwjgl-glfw-natives-linux.jar
7f8a8c024000-7f8a8c025000 r--s 00005000 08:02 4066811                    /home/jokl/lwjgl3/lwjgl-jawt.jar
7f8a8c025000-7f8a8c027000 r--s 00007000 08:02 4066815                    /home/jokl/lwjgl3/lwjgl-jemalloc.jar
7f8a8c027000-7f8a8c028000 r--s 00019000 08:02 4066819                    /home/jokl/lwjgl3/lwjgl-jemalloc-natives-linux.jar
7f8a8c028000-7f8a8c02a000 r--s 00005000 08:02 4066820                    /home/jokl/lwjgl3/lwjgl-lmdb.jar
7f8a8c02a000-7f8a8c02c000 r--s 00008000 08:02 4066823                    /home/jokl/lwjgl3/lwjgl-nanovg.jar
7f8a8c02c000-7f8a8c02d000 r--s 0000d000 08:02 4066825                    /home/jokl/lwjgl3/lwjgl-lmdb-natives-linux.jar
7f8a8c02d000-7f8a8c02e000 r--s 00001000 08:02 4066828                    /home/jokl/lwjgl3/lwjgl-nfd.jar
7f8a8c02e000-7f8a8c033000 r--s 00054000 08:02 4066833                    /home/jokl/lwjgl3/lwjgl-nuklear.jar
7f8a8c033000-7f8a8ce27000 rw-p 00000000 00:00 0 
7f8a8ce27000-7f8a8d000000 r--s 03d1f000 08:02 30280120                   /usr/lib/jvm/java-8-oracle/jre/lib/rt.jar
7f8a8d000000-7f8a8d270000 rwxp 00000000 00:00 0 
7f8a8d270000-7f8a9c000000 ---p 00000000 00:00 0 
7f8a9c000000-7f8a9c663000 rw-p 00000000 00:00 0 
7f8a9c663000-7f8aa0000000 ---p 00000000 00:00 0 
7f8aa0000000-7f8aa0001000 r--s 0001f000 08:02 4066831                    /home/jokl/lwjgl3/lwjgl-nanovg-natives-linux.jar
7f8aa0001000-7f8aa0002000 r--s 00001000 08:02 4066835                    /home/jokl/lwjgl3/lwjgl-nfd-natives-linux.jar
7f8aa0002000-7f8aa0004000 r--s 00010000 08:02 4066837                    /home/jokl/lwjgl3/lwjgl-openal.jar
7f8aa0004000-7f8aa0005000 r--s 0001f000 08:02 4066838                    /home/jokl/lwjgl3/lwjgl-nuklear-natives-linux.jar
7f8aa0005000-7f8aa0006000 r--s 0004a000 08:02 4066840                    /home/jokl/lwjgl3/lwjgl-openal-natives-linux.jar
7f8aa0006000-7f8aa0009000 r--s 00023000 08:02 4066843                    /home/jokl/lwjgl3/lwjgl-opencl.jar
7f8aa0009000-7f8aa000a000 r--s 00015000 08:02 4066846                    /home/jokl/lwjgl3/lwjgl-opengl-natives-linux.jar
7f8aa000a000-7f8aa000b000 r--s 00007000 08:02 4066848                    /home/jokl/lwjgl3/lwjgl-opengles-natives-linux.jar
7f8aa000b000-7f8aa0014000 r--s 000ba000 08:02 4066849                    /home/jokl/lwjgl3/lwjgl-opengl.jar
7f8aa0014000-7f8aa001a000 r--s 00048000 08:02 4066851                    /home/jokl/lwjgl3/lwjgl-opengles.jar
7f8aa001a000-7f8aa001c000 r--s 00001000 08:02 4066854                    /home/jokl/lwjgl3/lwjgl-par.jar
7f8aa001c000-7f8aa0943000 rw-p 00000000 00:00 0 
7f8aa0943000-7f8aa0a03000 ---p 00000000 00:00 0 
7f8aa0a03000-7f8aa0dde000 rw-p 00000000 00:00 0 
7f8aa0dde000-7f8aa0ddf000 ---p 00000000 00:00 0 
7f8aa0ddf000-7f8aa0edf000 rw-p 00000000 00:00 0 
7f8aa0edf000-7f8aa0ee0000 ---p 00000000 00:00 0 
7f8aa0ee0000-7f8aa0fe0000 rw-p 00000000 00:00 0 
7f8aa0fe0000-7f8aa0fe1000 ---p 00000000 00:00 0 
7f8aa0fe1000-7f8aa10e1000 rw-p 00000000 00:00 0 
7f8aa10e1000-7f8aa10e2000 ---p 00000000 00:00 0 
7f8aa10e2000-7f8aa11e2000 rw-p 00000000 00:00 0 
7f8aa11e2000-7f8aa11e3000 ---p 00000000 00:00 0 
7f8aa11e3000-7f8aa12e3000 rw-p 00000000 00:00 0 
7f8aa12e3000-7f8aa12e4000 ---p 00000000 00:00 0 
7f8aa12e4000-7f8aa13e4000 rw-p 00000000 00:00 0 
7f8aa13e4000-7f8aa13e5000 ---p 00000000 00:00 0 
7f8aa13e5000-7f8aa14e5000 rw-p 00000000 00:00 0 
7f8aa14e5000-7f8aa14e6000 ---p 00000000 00:00 0 
7f8aa14e6000-7f8aa1610000 rw-p 00000000 00:00 0 
7f8aa1610000-7f8aa1878000 ---p 00000000 00:00 0 
7f8aa1878000-7f8aa18a2000 rw-p 00000000 00:00 0 
7f8aa18a2000-7f8aa1b0a000 ---p 00000000 00:00 0 
7f8aa1b0a000-7f8aa1b1f000 rw-p 00000000 00:00 0 
7f8aa1b1f000-7f8aa1c53000 ---p 00000000 00:00 0 
7f8aa1c53000-7f8aa1c5e000 rw-p 00000000 00:00 0 
7f8aa1c5e000-7f8aa2014000 ---p 00000000 00:00 0 
7f8aa2014000-7f8aa202e000 r-xp 00000000 08:02 30671331                   /usr/lib/jvm/java-8-oracle/jre/lib/amd64/libzip.so
7f8aa202e000-7f8aa222e000 ---p 0001a000 08:02 30671331                   /usr/lib/jvm/java-8-oracle/jre/lib/amd64/libzip.so
7f8aa222e000-7f8aa222f000 rw-p 0001a000 08:02 30671331                   /usr/lib/jvm/java-8-oracle/jre/lib/amd64/libzip.so
7f8aa222f000-7f8aa223a000 r-xp 00000000 08:02 30679080                   /lib/x86_64-linux-gnu/libnss_files-2.23.so
7f8aa223a000-7f8aa2439000 ---p 0000b000 08:02 30679080                   /lib/x86_64-linux-gnu/libnss_files-2.23.so
7f8aa2439000-7f8aa243a000 r--p 0000a000 08:02 30679080                   /lib/x86_64-linux-gnu/libnss_files-2.23.so
7f8aa243a000-7f8aa243b000 rw-p 0000b000 08:02 30679080                   /lib/x86_64-linux-gnu/libnss_files-2.23.so
7f8aa243b000-7f8aa2441000 rw-p 00000000 00:00 0 
7f8aa2441000-7f8aa244c000 r-xp 00000000 08:02 30679053                   /lib/x86_64-linux-gnu/libnss_nis-2.23.so
7f8aa244c000-7f8aa264b000 ---p 0000b000 08:02 30679053                   /lib/x86_64-linux-gnu/libnss_nis-2.23.so
7f8aa264b000-7f8aa264c000 r--p 0000a000 08:02 30679053                   /lib/x86_64-linux-gnu/libnss_nis-2.23.so
7f8aa264c000-7f8aa264d000 rw-p 0000b000 08:02 30679053                   /lib/x86_64-linux-gnu/libnss_nis-2.23.so
7f8aa264d000-7f8aa2663000 r-xp 00000000 08:02 30679073                   /lib/x86_64-linux-gnu/libnsl-2.23.so
7f8aa2663000-7f8aa2862000 ---p 00016000 08:02 30679073                   /lib/x86_64-linux-gnu/libnsl-2.23.so
7f8aa2862000-7f8aa2863000 r--p 00015000 08:02 30679073                   /lib/x86_64-linux-gnu/libnsl-2.23.so
7f8aa2863000-7f8aa2864000 rw-p 00016000 08:02 30679073                   /lib/x86_64-linux-gnu/libnsl-2.23.so
7f8aa2864000-7f8aa2866000 rw-p 00000000 00:00 0 
7f8aa2866000-7f8aa286e000 r-xp 00000000 08:02 30679075                   /lib/x86_64-linux-gnu/libnss_compat-2.23.so
7f8aa286e000-7f8aa2a6d000 ---p 00008000 08:02 30679075                   /lib/x86_64-linux-gnu/libnss_compat-2.23.so
7f8aa2a6d000-7f8aa2a6e000 r--p 00007000 08:02 30679075                   /lib/x86_64-linux-gnu/libnss_compat-2.23.so
7f8aa2a6e000-7f8aa2a6f000 rw-p 00008000 08:02 30679075                   /lib/x86_64-linux-gnu/libnss_compat-2.23.so
7f8aa2a6f000-7f8aa2a99000 r-xp 00000000 08:02 30671299                   /usr/lib/jvm/java-8-oracle/jre/lib/amd64/libjava.so
7f8aa2a99000-7f8aa2c99000 ---p 0002a000 08:02 30671299                   /usr/lib/jvm/java-8-oracle/jre/lib/amd64/libjava.so
7f8aa2c99000-7f8aa2c9b000 rw-p 0002a000 08:02 30671299                   /usr/lib/jvm/java-8-oracle/jre/lib/amd64/libjava.so
7f8aa2c9b000-7f8aa2ca8000 r-xp 00000000 08:02 30671316                   /usr/lib/jvm/java-8-oracle/jre/lib/amd64/libverify.so
7f8aa2ca8000-7f8aa2ea8000 ---p 0000d000 08:02 30671316                   /usr/lib/jvm/java-8-oracle/jre/lib/amd64/libverify.so
7f8aa2ea8000-7f8aa2eaa000 rw-p 0000d000 08:02 30671316                   /usr/lib/jvm/java-8-oracle/jre/lib/amd64/libverify.so
7f8aa2eaa000-7f8aa2eb1000 r-xp 00000000 08:02 30679052                   /lib/x86_64-linux-gnu/librt-2.23.so
7f8aa2eb1000-7f8aa30b0000 ---p 00007000 08:02 30679052                   /lib/x86_64-linux-gnu/librt-2.23.so
7f8aa30b0000-7f8aa30b1000 r--p 00006000 08:02 30679052                   /lib/x86_64-linux-gnu/librt-2.23.so
7f8aa30b1000-7f8aa30b2000 rw-p 00007000 08:02 30679052                   /lib/x86_64-linux-gnu/librt-2.23.so
7f8aa30b2000-7f8aa31ba000 r-xp 00000000 08:02 30679069                   /lib/x86_64-linux-gnu/libm-2.23.so
7f8aa31ba000-7f8aa33b9000 ---p 00108000 08:02 30679069                   /lib/x86_64-linux-gnu/libm-2.23.so
7f8aa33b9000-7f8aa33ba000 r--p 00107000 08:02 30679069                   /lib/x86_64-linux-gnu/libm-2.23.so
7f8aa33ba000-7f8aa33bb000 rw-p 00108000 08:02 30679069                   /lib/x86_64-linux-gnu/libm-2.23.so
7f8aa33bb000-7f8aa407b000 r-xp 00000000 08:02 30671329                   /usr/lib/jvm/java-8-oracle/jre/lib/amd64/server/libjvm.so
7f8aa407b000-7f8aa427b000 ---p 00cc0000 08:02 30671329                   /usr/lib/jvm/java-8-oracle/jre/lib/amd64/server/libjvm.so
7f8aa427b000-7f8aa4353000 rw-p 00cc0000 08:02 30671329                   /usr/lib/jvm/java-8-oracle/jre/lib/amd64/server/libjvm.so
7f8aa4353000-7f8aa439e000 rw-p 00000000 00:00 0 
7f8aa439e000-7f8aa455d000 r-xp 00000000 08:02 30679059                   /lib/x86_64-linux-gnu/libc-2.23.so
7f8aa455d000-7f8aa475d000 ---p 001bf000 08:02 30679059                   /lib/x86_64-linux-gnu/libc-2.23.so
7f8aa475d000-7f8aa4761000 r--p 001bf000 08:02 30679059                   /lib/x86_64-linux-gnu/libc-2.23.so
7f8aa4761000-7f8aa4763000 rw-p 001c3000 08:02 30679059                   /lib/x86_64-linux-gnu/libc-2.23.so
7f8aa4763000-7f8aa4767000 rw-p 00000000 00:00 0 
7f8aa4767000-7f8aa476a000 r-xp 00000000 08:02 30679057                   /lib/x86_64-linux-gnu/libdl-2.23.so
7f8aa476a000-7f8aa4969000 ---p 00003000 08:02 30679057                   /lib/x86_64-linux-gnu/libdl-2.23.so
7f8aa4969000-7f8aa496a000 r--p 00002000 08:02 30679057                   /lib/x86_64-linux-gnu/libdl-2.23.so
7f8aa496a000-7f8aa496b000 rw-p 00003000 08:02 30679057                   /lib/x86_64-linux-gnu/libdl-2.23.so
7f8aa496b000-7f8aa4980000 r-xp 00000000 08:02 30148990                   /usr/lib/jvm/java-8-oracle/lib/amd64/jli/libjli.so
7f8aa4980000-7f8aa4b80000 ---p 00015000 08:02 30148990                   /usr/lib/jvm/java-8-oracle/lib/amd64/jli/libjli.so
7f8aa4b80000-7f8aa4b81000 rw-p 00015000 08:02 30148990                   /usr/lib/jvm/java-8-oracle/lib/amd64/jli/libjli.so
7f8aa4b81000-7f8aa4b99000 r-xp 00000000 08:02 30679071                   /lib/x86_64-linux-gnu/libpthread-2.23.so
7f8aa4b99000-7f8aa4d98000 ---p 00018000 08:02 30679071                   /lib/x86_64-linux-gnu/libpthread-2.23.so
7f8aa4d98000-7f8aa4d99000 r--p 00017000 08:02 30679071                   /lib/x86_64-linux-gnu/libpthread-2.23.so
7f8aa4d99000-7f8aa4d9a000 rw-p 00018000 08:02 30679071                   /lib/x86_64-linux-gnu/libpthread-2.23.so
7f8aa4d9a000-7f8aa4d9e000 rw-p 00000000 00:00 0 
7f8aa4d9e000-7f8aa4dc4000 r-xp 00000000 08:02 30676128                   /lib/x86_64-linux-gnu/ld-2.23.so
7f8aa4dc4000-7f8aa4dc5000 r--s 00005000 08:02 4066856                    /home/jokl/lwjgl3/lwjgl-par-natives-linux.jar
7f8aa4dc5000-7f8aa4dc6000 r--s 00000000 08:02 4066858                    /home/jokl/lwjgl3/lwjgl-sse.jar
7f8aa4dc6000-7f8aa4dc7000 r--s 00000000 08:02 4066859                    /home/jokl/lwjgl3/lwjgl-sse-natives-linux.jar
7f8aa4dc7000-7f8aa4dca000 r--s 00012000 08:02 4066862                    /home/jokl/lwjgl3/lwjgl-stb.jar
7f8aa4dca000-7f8aa4dcb000 r--s 00001000 08:02 4066865                    /home/jokl/lwjgl3/lwjgl-tinyfd.jar
7f8aa4dcb000-7f8aa4e96000 rw-p 00000000 00:00 0 
7f8aa4e96000-7f8aa4e99000 ---p 00000000 00:00 0 
7f8aa4e99000-7f8aa4f9b000 rw-p 00000000 00:00 0 
7f8aa4f9b000-7f8aa4f9c000 r--s 00007000 08:02 4066866                    /home/jokl/lwjgl3/lwjgl-tinyfd-natives-linux.jar
7f8aa4f9c000-7f8aa4f9d000 r--s 0002c000 08:02 4066867                    /home/jokl/lwjgl3/lwjgl-stb-natives-linux.jar
7f8aa4f9d000-7f8aa4fa6000 r--s 000a6000 08:02 4066871                    /home/jokl/lwjgl3/lwjgl-vulkan.jar
7f8aa4fa6000-7f8aa4fa7000 r--s 00004000 08:02 4066874                    /home/jokl/lwjgl3/lwjgl-xxhash.jar
7f8aa4fa7000-7f8aa4fa8000 r--s 00001000 08:02 4066876                    /home/jokl/lwjgl3/lwjgl-xxhash-natives-linux.jar
7f8aa4fa8000-7f8aa4fac000 r--s 0003d000 08:02 4066880                    /home/jokl/lwjgl3/lwjgl.jar
7f8aa4fac000-7f8aa4fad000 r--s 00011000 08:02 4066881                    /home/jokl/lwjgl3/lwjgl-natives-linux.jar
7f8aa4fad000-7f8aa4faf000 r--s 0000c000 08:02 3801877                    /home/jokl/.p2/pool/plugins/org.hamcrest.core_1.3.0.v201303031735.jar
7f8aa4faf000-7f8aa4fb7000 r--s 00045000 08:02 3802761                    /home/jokl/.p2/pool/plugins/org.junit_4.12.0.v201504281640/junit.jar
7f8aa4fb7000-7f8aa4fbf000 rw-s 00000000 08:02 32508614                   /tmp/hsperfdata_jokl/11921
7f8aa4fbf000-7f8aa4fc0000 rw-p 00000000 00:00 0 
7f8aa4fc0000-7f8aa4fc1000 r--p 00000000 00:00 0 
7f8aa4fc1000-7f8aa4fc3000 rw-p 00000000 00:00 0 
7f8aa4fc3000-7f8aa4fc4000 r--p 00025000 08:02 30676128                   /lib/x86_64-linux-gnu/ld-2.23.so
7f8aa4fc4000-7f8aa4fc5000 rw-p 00026000 08:02 30676128                   /lib/x86_64-linux-gnu/ld-2.23.so
7f8aa4fc5000-7f8aa4fc6000 rw-p 00000000 00:00 0 
7ffe2378e000-7ffe237b0000 rw-p 00000000 00:00 0                          [stack]
7ffe237c9000-7ffe237cb000 r--p 00000000 00:00 0                          [vvar]
7ffe237cb000-7ffe237cd000 r-xp 00000000 00:00 0                          [vdso]
ffffffffff600000-ffffffffff601000 r-xp 00000000 00:00 0                  [vsyscall]

VM Arguments:
jvm_args: -ea -Dfile.encoding=UTF-8 
java_command: org.eclipse.jdt.internal.junit.runner.RemoteTestRunner -version 3 -port 36109 -testLoaderClass org.eclipse.jdt.internal.junit4.runner.JUnit4TestLoader -loaderpluginname org.eclipse.jdt.junit4.runtime -classNames bomber.AI.tests.AITestSuite
java_class_path (initial): /home/jokl/newWorkspace/b1/bin:/home/jokl/.p2/pool/plugins/org.junit_4.12.0.v201504281640/junit.jar:/home/jokl/.p2/pool/plugins/org.hamcrest.core_1.3.0.v201303031735.jar:/home/jokl/lwjgl3/lwjgl-natives-linux.jar:/home/jokl/lwjgl3/lwjgl.jar:/home/jokl/lwjgl3/lwjgl-xxhash-natives-linux.jar:/home/jokl/lwjgl3/lwjgl-xxhash.jar:/home/jokl/lwjgl3/lwjgl-vulkan.jar:/home/jokl/lwjgl3/lwjgl-stb-natives-linux.jar:/home/jokl/lwjgl3/lwjgl-tinyfd-natives-linux.jar:/home/jokl/lwjgl3/lwjgl-tinyfd.jar:/home/jokl/lwjgl3/lwjgl-stb.jar:/home/jokl/lwjgl3/lwjgl-sse-natives-linux.jar:/home/jokl/lwjgl3/lwjgl-sse.jar:/home/jokl/lwjgl3/lwjgl-par-natives-linux.jar:/home/jokl/lwjgl3/lwjgl-par.jar:/home/jokl/lwjgl3/lwjgl-opengles.jar:/home/jokl/lwjgl3/lwjgl-opengl.jar:/home/jokl/lwjgl3/lwjgl-opengles-natives-linux.jar:/home/jokl/lwjgl3/lwjgl-opengl-natives-linux.jar:/home/jokl/lwjgl3/lwjgl-opencl.jar:/home/jokl/lwjgl3/lwjgl-openal-natives-linux.jar:/home/jokl/lwjgl3/lwjgl-nuklear-natives-linux.jar:/home/jokl/lwjgl3/lwjgl-openal.jar:/home/jokl/lwjgl3/lwjgl-nfd-natives-linux.jar:/home/jokl/lwjgl3/lwjgl-nuklear.jar:/home/jokl/lwjgl3/lwjgl-nanovg-natives-linux.jar:/home/jokl/lwjgl3/lwjgl-nfd.jar:/home/jokl/lwjgl3/lwjgl-lmdb-natives-linux.jar:/home/jokl/lwjgl3/lwjgl-nanovg.jar:/home/jokl/lwjgl3/lwjgl-lmdb.jar:/home/jokl/lwjgl3/lwjgl-jemalloc-natives-linux.jar:/home/jokl/lwjgl3/lwjgl-jemalloc.jar:/home/jokl/lwjgl3/lwjgl-jawt.jar:/home/jokl/lwjgl3/lwjgl-glfw-natives-linux.jar:/home/jokl/lwjgl3/lwjgl-bgfx-natives-linux.jar:/home/jokl/lwjgl3/lwjgl-assimp-natives-linux.jar:/home/jokl/lwjgl3/lwjgl-glfw.jar:/home/jokl/lwjgl3/lwjgl-egl.jar:/home/jokl/lwjgl3/lwjgl-bgfx.jar:/home/jokl/lwjgl3/lwjgl-assimp.jar:/home/jokl/eclipse/java-neon/eclipse/configuration/org.eclipse.osgi/212/0/.cp/:/home/jokl/eclipse/java-neon/eclipse/configuration/org.eclipse.osgi/211/0/.cp/
Launcher Type: SUN_STANDARD

Environment Variables:
PATH=/home/jokl/.opam/4.01.0/bin:/usr/local/sbin:/usr/local/bin:/usr/sbin:/usr/bin:/sbin:/bin:/usr/games:/usr/local/games:/snap/bin:/opt/clion-2016.3.2/bin:/opt/idea-IU-163.10154.41/bin:/home/jokl/eclipse/java-neon/eclipse
SHELL=/bin/bash
DISPLAY=:0

Signal Handlers:
SIGSEGV: [libjvm.so+0xabca10], sa_mask[0]=11111111011111111101111111111110, sa_flags=SA_RESTART|SA_SIGINFO
SIGBUS: [libjvm.so+0xabca10], sa_mask[0]=11111111011111111101111111111110, sa_flags=SA_RESTART|SA_SIGINFO
SIGFPE: [libjvm.so+0x919a20], sa_mask[0]=11111111011111111101111111111110, sa_flags=SA_RESTART|SA_SIGINFO
SIGPIPE: [libjvm.so+0x919a20], sa_mask[0]=11111111011111111101111111111110, sa_flags=SA_RESTART|SA_SIGINFO
SIGXFSZ: [libjvm.so+0x919a20], sa_mask[0]=11111111011111111101111111111110, sa_flags=SA_RESTART|SA_SIGINFO
SIGILL: [libjvm.so+0x919a20], sa_mask[0]=11111111011111111101111111111110, sa_flags=SA_RESTART|SA_SIGINFO
SIGUSR1: SIG_DFL, sa_mask[0]=00000000000000000000000000000000, sa_flags=none
SIGUSR2: [libjvm.so+0x91b050], sa_mask[0]=00100000000000000000000000000000, sa_flags=SA_RESTART|SA_SIGINFO
SIGHUP: [libjvm.so+0x91c450], sa_mask[0]=11111111011111111101111111111110, sa_flags=SA_RESTART|SA_SIGINFO
SIGINT: [libjvm.so+0x91c450], sa_mask[0]=11111111011111111101111111111110, sa_flags=SA_RESTART|SA_SIGINFO
SIGTERM: [libjvm.so+0x91c450], sa_mask[0]=11111111011111111101111111111110, sa_flags=SA_RESTART|SA_SIGINFO
SIGQUIT: [libjvm.so+0x91c450], sa_mask[0]=11111111011111111101111111111110, sa_flags=SA_RESTART|SA_SIGINFO


---------------  S Y S T E M  ---------------

OS:DISTRIB_ID=Ubuntu
DISTRIB_RELEASE=16.04
DISTRIB_CODENAME=xenial
DISTRIB_DESCRIPTION="Ubuntu 16.04.1 LTS"

uname:Linux 4.4.0-62-generic #83-Ubuntu SMP Wed Jan 18 14:10:15 UTC 2017 x86_64
libc:glibc 2.23 NPTL 2.23 
rlimit: STACK 8192k, CORE 0k, NPROC 31026, NOFILE 65536, AS infinity
load average:1.26 1.08 1.04

/proc/meminfo:
MemTotal:        8084940 kB
MemFree:         1039668 kB
MemAvailable:    2293876 kB
Buffers:          124592 kB
Cached:          1829148 kB
SwapCached:         1184 kB
Active:          5135832 kB
Inactive:        1627916 kB
Active(anon):    4238332 kB
Inactive(anon):  1102420 kB
Active(file):     897500 kB
Inactive(file):   525496 kB
Unevictable:           0 kB
Mlocked:               0 kB
SwapTotal:       8298492 kB
SwapFree:        8280908 kB
Dirty:               252 kB
Writeback:             0 kB
AnonPages:       4809056 kB
Mapped:           461164 kB
Shmem:            530644 kB
Slab:             153464 kB
SReclaimable:     109272 kB
SUnreclaim:        44192 kB
KernelStack:       11904 kB
PageTables:        42312 kB
NFS_Unstable:          0 kB
Bounce:                0 kB
WritebackTmp:          0 kB
CommitLimit:    12340960 kB
Committed_AS:    7768392 kB
VmallocTotal:   34359738367 kB
VmallocUsed:           0 kB
VmallocChunk:          0 kB
HardwareCorrupted:     0 kB
AnonHugePages:   3665920 kB
CmaTotal:              0 kB
CmaFree:               0 kB
HugePages_Total:       0
HugePages_Free:        0
HugePages_Rsvd:        0
HugePages_Surp:        0
Hugepagesize:       2048 kB
DirectMap4k:      166656 kB
DirectMap2M:     4986880 kB
DirectMap1G:     4194304 kB


CPU:total 8 (4 cores per cpu, 2 threads per core) family 6 model 60 stepping 3, cmov, cx8, fxsr, mmx, sse, sse2, sse3, ssse3, sse4.1, sse4.2, popcnt, avx, avx2, aes, clmul, erms, lzcnt, ht, tsc, tscinvbit, bmi1, bmi2

/proc/cpuinfo:
processor	: 0
vendor_id	: GenuineIntel
cpu family	: 6
model		: 60
model name	: Intel(R) Core(TM) i7-4710HQ CPU @ 2.50GHz
stepping	: 3
microcode	: 0x1c
cpu MHz		: 3299.902
cache size	: 6144 KB
physical id	: 0
siblings	: 8
core id		: 0
cpu cores	: 4
apicid		: 0
initial apicid	: 0
fpu		: yes
fpu_exception	: yes
cpuid level	: 13
wp		: yes
flags		: fpu vme de pse tsc msr pae mce cx8 apic sep mtrr pge mca cmov pat pse36 clflush dts acpi mmx fxsr sse sse2 ss ht tm pbe syscall nx pdpe1gb rdtscp lm constant_tsc arch_perfmon pebs bts rep_good nopl xtopology nonstop_tsc aperfmperf eagerfpu pni pclmulqdq dtes64 monitor ds_cpl vmx est tm2 ssse3 sdbg fma cx16 xtpr pdcm pcid sse4_1 sse4_2 x2apic movbe popcnt tsc_deadline_timer aes xsave avx f16c rdrand lahf_lm abm epb tpr_shadow vnmi flexpriority ept vpid fsgsbase tsc_adjust bmi1 avx2 smep bmi2 erms invpcid xsaveopt dtherm ida arat pln pts
bugs		:
bogomips	: 4988.73
clflush size	: 64
cache_alignment	: 64
address sizes	: 39 bits physical, 48 bits virtual
power management:

processor	: 1
vendor_id	: GenuineIntel
cpu family	: 6
model		: 60
model name	: Intel(R) Core(TM) i7-4710HQ CPU @ 2.50GHz
stepping	: 3
microcode	: 0x1c
cpu MHz		: 3310.449
cache size	: 6144 KB
physical id	: 0
siblings	: 8
core id		: 0
cpu cores	: 4
apicid		: 1
initial apicid	: 1
fpu		: yes
fpu_exception	: yes
cpuid level	: 13
wp		: yes
flags		: fpu vme de pse tsc msr pae mce cx8 apic sep mtrr pge mca cmov pat pse36 clflush dts acpi mmx fxsr sse sse2 ss ht tm pbe syscall nx pdpe1gb rdtscp lm constant_tsc arch_perfmon pebs bts rep_good nopl xtopology nonstop_tsc aperfmperf eagerfpu pni pclmulqdq dtes64 monitor ds_cpl vmx est tm2 ssse3 sdbg fma cx16 xtpr pdcm pcid sse4_1 sse4_2 x2apic movbe popcnt tsc_deadline_timer aes xsave avx f16c rdrand lahf_lm abm epb tpr_shadow vnmi flexpriority ept vpid fsgsbase tsc_adjust bmi1 avx2 smep bmi2 erms invpcid xsaveopt dtherm ida arat pln pts
bugs		:
bogomips	: 4988.73
clflush size	: 64
cache_alignment	: 64
address sizes	: 39 bits physical, 48 bits virtual
power management:

processor	: 2
vendor_id	: GenuineIntel
cpu family	: 6
model		: 60
model name	: Intel(R) Core(TM) i7-4710HQ CPU @ 2.50GHz
stepping	: 3
microcode	: 0x1c
cpu MHz		: 3300.000
cache size	: 6144 KB
physical id	: 0
siblings	: 8
core id		: 1
cpu cores	: 4
apicid		: 2
initial apicid	: 2
fpu		: yes
fpu_exception	: yes
cpuid level	: 13
wp		: yes
flags		: fpu vme de pse tsc msr pae mce cx8 apic sep mtrr pge mca cmov pat pse36 clflush dts acpi mmx fxsr sse sse2 ss ht tm pbe syscall nx pdpe1gb rdtscp lm constant_tsc arch_perfmon pebs bts rep_good nopl xtopology nonstop_tsc aperfmperf eagerfpu pni pclmulqdq dtes64 monitor ds_cpl vmx est tm2 ssse3 sdbg fma cx16 xtpr pdcm pcid sse4_1 sse4_2 x2apic movbe popcnt tsc_deadline_timer aes xsave avx f16c rdrand lahf_lm abm epb tpr_shadow vnmi flexpriority ept vpid fsgsbase tsc_adjust bmi1 avx2 smep bmi2 erms invpcid xsaveopt dtherm ida arat pln pts
bugs		:
bogomips	: 4988.73
clflush size	: 64
cache_alignment	: 64
address sizes	: 39 bits physical, 48 bits virtual
power management:

processor	: 3
vendor_id	: GenuineIntel
cpu family	: 6
model		: 60
model name	: Intel(R) Core(TM) i7-4710HQ CPU @ 2.50GHz
stepping	: 3
microcode	: 0x1c
cpu MHz		: 3300.000
cache size	: 6144 KB
physical id	: 0
siblings	: 8
core id		: 1
cpu cores	: 4
apicid		: 3
initial apicid	: 3
fpu		: yes
fpu_exception	: yes
cpuid level	: 13
wp		: yes
flags		: fpu vme de pse tsc msr pae mce cx8 apic sep mtrr pge mca cmov pat pse36 clflush dts acpi mmx fxsr sse sse2 ss ht tm pbe syscall nx pdpe1gb rdtscp lm constant_tsc arch_perfmon pebs bts rep_good nopl xtopology nonstop_tsc aperfmperf eagerfpu pni pclmulqdq dtes64 monitor ds_cpl vmx est tm2 ssse3 sdbg fma cx16 xtpr pdcm pcid sse4_1 sse4_2 x2apic movbe popcnt tsc_deadline_timer aes xsave avx f16c rdrand lahf_lm abm epb tpr_shadow vnmi flexpriority ept vpid fsgsbase tsc_adjust bmi1 avx2 smep bmi2 erms invpcid xsaveopt dtherm ida arat pln pts
bugs		:
bogomips	: 4988.73
clflush size	: 64
cache_alignment	: 64
address sizes	: 39 bits physical, 48 bits virtual
power management:

processor	: 4
vendor_id	: GenuineIntel
cpu family	: 6
model		: 60
model name	: Intel(R) Core(TM) i7-4710HQ CPU @ 2.50GHz
stepping	: 3
microcode	: 0x1c
cpu MHz		: 3300.000
cache size	: 6144 KB
physical id	: 0
siblings	: 8
core id		: 2
cpu cores	: 4
apicid		: 4
initial apicid	: 4
fpu		: yes
fpu_exception	: yes
cpuid level	: 13
wp		: yes
flags		: fpu vme de pse tsc msr pae mce cx8 apic sep mtrr pge mca cmov pat pse36 clflush dts acpi mmx fxsr sse sse2 ss ht tm pbe syscall nx pdpe1gb rdtscp lm constant_tsc arch_perfmon pebs bts rep_good nopl xtopology nonstop_tsc aperfmperf eagerfpu pni pclmulqdq dtes64 monitor ds_cpl vmx est tm2 ssse3 sdbg fma cx16 xtpr pdcm pcid sse4_1 sse4_2 x2apic movbe popcnt tsc_deadline_timer aes xsave avx f16c rdrand lahf_lm abm epb tpr_shadow vnmi flexpriority ept vpid fsgsbase tsc_adjust bmi1 avx2 smep bmi2 erms invpcid xsaveopt dtherm ida arat pln pts
bugs		:
bogomips	: 4988.73
clflush size	: 64
cache_alignment	: 64
address sizes	: 39 bits physical, 48 bits virtual
power management:

processor	: 5
vendor_id	: GenuineIntel
cpu family	: 6
model		: 60
model name	: Intel(R) Core(TM) i7-4710HQ CPU @ 2.50GHz
stepping	: 3
microcode	: 0x1c
cpu MHz		: 3300.000
cache size	: 6144 KB
physical id	: 0
siblings	: 8
core id		: 2
cpu cores	: 4
apicid		: 5
initial apicid	: 5
fpu		: yes
fpu_exception	: yes
cpuid level	: 13
wp		: yes
flags		: fpu vme de pse tsc msr pae mce cx8 apic sep mtrr pge mca cmov pat pse36 clflush dts acpi mmx fxsr sse sse2 ss ht tm pbe syscall nx pdpe1gb rdtscp lm constant_tsc arch_perfmon pebs bts rep_good nopl xtopology nonstop_tsc aperfmperf eagerfpu pni pclmulqdq dtes64 monitor ds_cpl vmx est tm2 ssse3 sdbg fma cx16 xtpr pdcm pcid sse4_1 sse4_2 x2apic movbe popcnt tsc_deadline_timer aes xsave avx f16c rdrand lahf_lm abm epb tpr_shadow vnmi flexpriority ept vpid fsgsbase tsc_adjust bmi1 avx2 smep bmi2 erms invpcid xsaveopt dtherm ida arat pln pts
bugs		:
bogomips	: 4988.73
clflush size	: 64
cache_alignment	: 64
address sizes	: 39 bits physical, 48 bits virtual
power management:

processor	: 6
vendor_id	: GenuineIntel
cpu family	: 6
model		: 60
model name	: Intel(R) Core(TM) i7-4710HQ CPU @ 2.50GHz
stepping	: 3
microcode	: 0x1c
cpu MHz		: 3299.902
cache size	: 6144 KB
physical id	: 0
siblings	: 8
core id		: 3
cpu cores	: 4
apicid		: 6
initial apicid	: 6
fpu		: yes
fpu_exception	: yes
cpuid level	: 13
wp		: yes
flags		: fpu vme de pse tsc msr pae mce cx8 apic sep mtrr pge mca cmov pat pse36 clflush dts acpi mmx fxsr sse sse2 ss ht tm pbe syscall nx pdpe1gb rdtscp lm constant_tsc arch_perfmon pebs bts rep_good nopl xtopology nonstop_tsc aperfmperf eagerfpu pni pclmulqdq dtes64 monitor ds_cpl vmx est tm2 ssse3 sdbg fma cx16 xtpr pdcm pcid sse4_1 sse4_2 x2apic movbe popcnt tsc_deadline_timer aes xsave avx f16c rdrand lahf_lm abm epb tpr_shadow vnmi flexpriority ept vpid fsgsbase tsc_adjust bmi1 avx2 smep bmi2 erms invpcid xsaveopt dtherm ida arat pln pts
bugs		:
bogomips	: 4988.73
clflush size	: 64
cache_alignment	: 64
address sizes	: 39 bits physical, 48 bits virtual
power management:

processor	: 7
vendor_id	: GenuineIntel
cpu family	: 6
model		: 60
model name	: Intel(R) Core(TM) i7-4710HQ CPU @ 2.50GHz
stepping	: 3
microcode	: 0x1c
cpu MHz		: 3300.000
cache size	: 6144 KB
physical id	: 0
siblings	: 8
core id		: 3
cpu cores	: 4
apicid		: 7
initial apicid	: 7
fpu		: yes
fpu_exception	: yes
cpuid level	: 13
wp		: yes
flags		: fpu vme de pse tsc msr pae mce cx8 apic sep mtrr pge mca cmov pat pse36 clflush dts acpi mmx fxsr sse sse2 ss ht tm pbe syscall nx pdpe1gb rdtscp lm constant_tsc arch_perfmon pebs bts rep_good nopl xtopology nonstop_tsc aperfmperf eagerfpu pni pclmulqdq dtes64 monitor ds_cpl vmx est tm2 ssse3 sdbg fma cx16 xtpr pdcm pcid sse4_1 sse4_2 x2apic movbe popcnt tsc_deadline_timer aes xsave avx f16c rdrand lahf_lm abm epb tpr_shadow vnmi flexpriority ept vpid fsgsbase tsc_adjust bmi1 avx2 smep bmi2 erms invpcid xsaveopt dtherm ida arat pln pts
bugs		:
bogomips	: 4988.73
clflush size	: 64
cache_alignment	: 64
address sizes	: 39 bits physical, 48 bits virtual
power management:



Memory: 4k page, physical 8084940k(1039668k free), swap 8298492k(8280908k free)

vm_info: Java HotSpot(TM) 64-Bit Server VM (25.91-b14) for linux-amd64 JRE (1.8.0_91-b14), built on Apr  1 2016 00:57:21 by "java_re" with gcc 4.3.0 20080428 (Red Hat 4.3.0-8)

time: Thu Feb  9 21:25:03 2017
elapsed time: 1 seconds (0d 0h 0m 1s)

